iteration	likelihood	prior	σ²	 m 	 α 
100	15654.496542329747	-8.241997081808517	7.525232594215825	4.492204376328264	1.3249810577202614
200	15654.60803222392	-8.234709339956746	7.4523551756981785	4.492204376328264	1.3249810577202614
300	15654.621982796978	-8.233716976695016	7.442431543080932	4.492204376328264	1.3249810577202614
400	15653.80731096992	-8.274979222382214	7.855053999952937	4.492204376328264	1.3249810577202614
500	15654.912633051523	-8.196863490500675	7.073896681137422	4.492204376328264	1.3249810577202614
600	15654.580879619276	-8.152866998917455	6.633931765305248	4.492204376328264	1.3249810577202614
700	15654.176184436768	-8.134413461193546	6.44939638806606	4.492204376328264	1.3249810577202614
800	15654.440047748438	-8.145499220587945	6.560253982010035	4.492204376328264	1.3249810577202614
900	15654.66519276636	-8.230495524256229	7.410217018692774	4.492204376328264	1.3249810577202614
1000	15654.496942911039	-8.241972611178278	7.524987887913374	4.492204376328264	1.3249810577202614
1100	15654.91345016383	-8.189909050726886	7.004352283399414	4.492204376328264	1.3249810577202614
1200	15653.644659213553	-8.117503318310549	6.2802949592359605	4.492204376328264	1.3249810577202614
1300	15654.31284437771	-8.252291745331815	7.6281792294487	4.492204376328264	1.3249810577202614
1400	15654.437551641095	-8.245492017289509	7.560181949025651	4.492204376328264	1.3249810577202614
1500	15654.902470252247	-8.184921097236998	6.954472748500347	4.492204376328264	1.3249810577202614
1600	15652.627045275318	-8.094164898710405	6.046910763234303	4.492204376328264	1.3249810577202614
1700	15654.581109686087	-8.236567450496862	7.470936281098724	4.492204376328264	1.3249810577202614
1800	15654.82616357004	-8.1719129642603	6.824391418733111	4.492204376328264	1.3249810577202614
1900	15654.903032780538	-8.201158055979228	7.116842335922221	4.492204376328264	1.3249810577202614
2000	15654.693713168535	-8.16010587825617	6.706320558691527	4.492204376328264	1.3249810577202614
2100	15654.64581413301	-8.156836256517028	6.673624341300378	4.492204376328264	1.3249810577202614
2200	15654.870937467213	-8.208526796587293	7.190529742002914	4.492204376328264	1.3249810577202614
2300	15653.738992469807	-8.120159276030732	6.306854536437153	4.492204376328264	1.3249810577202614
2400	15652.449183846027	-8.090772633825024	6.012988114379997	4.492204376328264	1.3249810577202614
2500	15653.743242510867	-8.12028176067551	6.308079382884885	4.492204376328264	1.3249810577202614
2600	15654.068618719491	-8.13054041002618	6.410665876391879	4.492204376328264	1.3249810577202614
2700	15654.913185828176	-8.189699406276464	7.002255838894708	4.492204376328264	1.3249810577202614
2800	15654.55968514785	-8.151662867600074	6.621890452130951	4.492204376328264	1.3249810577202614
2900	15653.816121516047	-8.122422875932692	6.329490535457327	4.492204376328264	1.3249810577202614
3000	15654.517413070706	-8.14937205908848	6.598982367015539	4.492204376328264	1.3249810577202614
3100	15654.899408746061	-8.202279509540265	7.128056871533579	4.492204376328264	1.3249810577202614
3200	15654.91521345676	-8.192160779510724	7.026869571238183	4.492204376328264	1.3249810577202614
3300	15654.647472074741	-8.156943981195347	6.6747015880845	4.492204376328264	1.3249810577202614
3400	15654.218961342624	-8.136040867676362	6.465670452894878	4.492204376328264	1.3249810577202614
3500	15654.017067031044	-8.266268911930956	7.767950895440953	4.492204376328264	1.3249810577202614
3600	15654.849368440133	-8.174819688161245	6.853458657743722	4.492204376328264	1.3249810577202614
3700	15654.449293940264	-8.145943034121814	6.564692117349583	4.492204376328264	1.3249810577202614
3800	15653.629704239518	-8.281816140446043	7.923423180591845	4.492204376328264	1.3249810577202614
3900	15654.005004385597	-8.266792115807622	7.773182934207643	4.492204376328264	1.3249810577202614
4000	15653.50432301001	-8.286405278874238	7.969314564873783	4.492204376328264	1.3249810577202614
4100	15654.618100169155	-8.233995313534813	7.445214911479563	4.492204376328264	1.3249810577202614
4200	15653.701484231986	-8.279104301299178	7.896304789123411	4.492204376328264	1.3249810577202614
4300	15654.86582919341	-8.209404559109592	7.199307367227617	4.492204376328264	1.3249810577202614
4400	15654.768598311575	-8.166086948248017	6.76613125861196	4.492204376328264	1.3249810577202614
4500	15654.65208085076	-8.157245323232509	6.677715008456872	4.492204376328264	1.3249810577202614
4600	15653.588687796191	-8.283337187954007	7.938633655671884	4.492204376328264	1.3249810577202614
4700	15654.910878595068	-8.188244945506757	6.987711231199464	4.492204376328264	1.3249810577202614
4800	15652.903500431861	-8.306396778744466	8.169229563576645	4.492204376328264	1.3249810577202614
4900	15654.7677379397	-8.166010028610968	6.765362062241701	4.492204376328264	1.3249810577202614
5000	15654.500152054354	-8.24177618563529	7.5230236324851285	4.492204376328264	1.3249810577202614
5100	15654.880269713505	-8.20678557602286	7.173117536361029	4.492204376328264	1.3249810577202614
5200	15654.914381031222	-8.195346932628098	7.058731102413345	4.492204376328264	1.3249810577202614
5300	15654.63768152907	-8.232573790372514	7.430999679857467	4.492204376328264	1.3249810577202614
5400	15654.803806860356	-8.217773549740857	7.282997273540971	4.492204376328264	1.3249810577202614
5500	15654.398512848504	-8.143561562251167	6.540877398644021	4.492204376328264	1.3249810577202614
5600	15653.298807490775	-8.108634474339063	6.19160651952305	4.492204376328264	1.3249810577202614
5700	15654.91118110255	-8.188409413259805	6.989355908730461	4.492204376328264	1.3249810577202614
5800	15654.252059751303	-8.137338595984106	6.478647735973702	4.492204376328264	1.3249810577202614
5900	15654.910993053454	-8.197872066971476	7.083982445847384	4.492204376328264	1.3249810577202614
6000	15654.233539683304	-8.256290354999496	7.6681653261277205	4.492204376328264	1.3249810577202614
6100	15654.243975518002	-8.255776423134241	7.663026007475136	4.492204376328264	1.3249810577202614
6200	15654.573373199306	-8.237088533517	7.4761471113028435	4.492204376328264	1.3249810577202614
6300	15653.401957097964	-8.29002743323531	8.005536108485915	4.492204376328264	1.3249810577202614
6400	15654.90035498387	-8.184283935148862	6.94810112762162	4.492204376328264	1.3249810577202614
6500	15654.397122159151	-8.247775419275683	7.583015968889765	4.492204376328264	1.3249810577202614
6600	15654.576510541357	-8.152615481185546	6.631416587988318	4.492204376328264	1.3249810577202614
6700	15654.7938704041	-8.218876399784786	7.294025773980623	4.492204376328264	1.3249810577202614
6800	15654.15545268042	-8.133643611998773	6.441697896120242	4.492204376328264	1.3249810577202614
6900	15654.54354937717	-8.150771904098413	6.612980817116633	4.492204376328264	1.3249810577202614
7000	15654.449311476508	-8.244811623648681	7.55337801261932	4.492204376328264	1.3249810577202614
7100	15653.371563088931	-8.29108323672517	8.016094143383869	4.492204376328264	1.3249810577202614
7200	15654.914099850062	-8.19565113352994	7.061773111431802	4.492204376328264	1.3249810577202614
7300	15654.249789746278	-8.255488557527405	7.660147351406544	4.492204376328264	1.3249810577202614
7400	15654.460444436585	-8.244160307534775	7.54686485148033	4.492204376328264	1.3249810577202614
7500	15653.82899796187	-8.12280950948346	6.333356870967205	4.492204376328264	1.3249810577202614
7600	15654.16141664238	-8.259751498604654	7.702776762179222	4.492204376328264	1.3249810577202614
7700	15654.827660723859	-8.172087662005879	6.826138396191322	4.492204376328264	1.3249810577202614
7800	15654.912364600246	-8.197045906098204	7.075720837114677	4.492204376328264	1.3249810577202614
7900	15653.982556133416	-8.12763647941271	6.381626570259792	4.492204376328264	1.3249810577202614
8000	15654.86731305	-8.209154304745029	7.196804823583084	4.492204376328264	1.3249810577202614
8100	15653.97350715905	-8.268144317595432	7.786704952086992	4.492204376328264	1.3249810577202614
8200	15654.891186549617	-8.181945393269206	6.924715708824678	4.492204376328264	1.3249810577202614
8300	15654.64133036049	-8.232303828282992	7.428300058962506	4.492204376328264	1.3249810577202614
8400	15654.906353949384	-8.1999763310427	7.1050250865594275	4.492204376328264	1.3249810577202614
8500	15654.912269809693	-8.189057550770155	6.995837283834156	4.492204376328264	1.3249810577202614
8600	15654.56023922728	-8.237960920887229	7.484870985004924	4.492204376328264	1.3249810577202614
8700	15654.881768330886	-8.17998215028106	6.905083278943186	4.492204376328264	1.3249810577202614
8800	15654.1234866797	-8.261513247600936	7.7203942521422375	4.492204376328264	1.3249810577202614
8900	15654.845376018153	-8.174285635370863	6.848118129841434	4.492204376328264	1.3249810577202614
9000	15654.910167133572	-8.18787891368904	6.984050913023436	4.492204376328264	1.3249810577202614
9100	15654.634827094917	-8.156131166754085	6.666573443674014	4.492204376328264	1.3249810577202614
9200	15654.902366035238	-8.201375471021999	7.119016486353197	4.492204376328264	1.3249810577202614
9300	15654.38006436866	-8.142728321542055	6.5325449915535145	4.492204376328264	1.3249810577202614
9400	15654.915220623108	-8.192181610551971	7.027077881652637	4.492204376328264	1.3249810577202614
9500	15654.901563973814	-8.18464206191917	6.9516823953246405	4.492204376328264	1.3249810577202614
9600	15653.975156595674	-8.12739398342848	6.379201610417843	4.492204376328264	1.3249810577202614
9700	15654.447134629037	-8.244938150649874	7.5546432826317576	4.492204376328264	1.3249810577202614
9800	15654.840888632925	-8.173703880452944	6.842300580662302	4.492204376328264	1.3249810577202614
9900	15653.377486859341	-8.110547085920919	6.210732635342269	4.492204376328264	1.3249810577202614
10000	15654.394922886026	-8.247897287625557	7.584234652388682	4.492204376328264	1.3249810577202614
10100	15653.416872703072	-8.111525946180986	6.220521237942918	4.492204376328264	1.3249810577202614
10200	15654.889571199314	-8.204806732029777	7.153329096430978	4.492204376328264	1.3249810577202614
10300	15654.82662627324	-8.17196679154959	6.824929691628972	4.492204376328264	1.3249810577202614
10400	15654.81580223719	-8.17074363429946	6.812698119127687	4.492204376328264	1.3249810577202614
10500	15654.764798577135	-8.16574900519848	6.762751828117892	4.492204376328264	1.3249810577202614
10600	15654.915139089173	-8.194169805002115	7.046959826154156	4.492204376328264	1.3249810577202614
10700	15653.14023525653	-8.104938821976335	6.154649995896397	4.492204376328264	1.3249810577202614
10800	15654.550581066751	-8.151157547564871	6.616837251781818	4.492204376328264	1.3249810577202614
10900	15654.913840748743	-8.195902884851364	7.064290624646807	4.492204376328264	1.3249810577202614
11000	15654.105126123506	-8.131822292957075	6.423484705703979	4.492204376328264	1.3249810577202614
11100	15654.854952825923	-8.175595564677959	6.861217422912712	4.492204376328264	1.3249810577202614
11200	15654.906124834693	-8.200064128150531	7.105903057638228	4.492204376328264	1.3249810577202614
11300	15654.547293852429	-8.150976768968006	6.61502946581298	4.492204376328264	1.3249810577202614
11400	15649.38813550099	-8.047283836384604	5.57810013997901	4.492204376328264	1.3249810577202614
11500	15654.899809262957	-8.18412709436783	6.946532719811174	4.492204376328264	1.3249810577202614
11600	15653.391376000263	-8.110890592212467	6.214167698257435	4.492204376328264	1.3249810577202614
11700	15654.08502469443	-8.263262403402605	7.737885810158561	4.492204376328264	1.3249810577202614
11800	15651.94529572833	-8.08189969600111	5.924258736143816	4.492204376328264	1.3249810577202614
11900	15654.148102639114	-8.133373495450174	6.438996730634437	4.492204376328264	1.3249810577202614
12000	15653.019701595182	-8.302742988851477	8.132691664647329	4.492204376328264	1.3249810577202614
12100	15654.911730103931	-8.197447272568342	7.079734501815931	4.492204376328264	1.3249810577202614
12200	15653.532258245677	-8.285398046932231	7.959242245454855	4.492204376328264	1.3249810577202614
12300	15653.473666171218	-8.287501148872195	7.980273264854376	4.492204376328264	1.3249810577202614
12400	15654.876564812277	-8.207500979177283	7.180271567905105	4.492204376328264	1.3249810577202614
12500	15654.894439617983	-8.182712788028866	6.932389656420814	4.492204376328264	1.3249810577202614
12600	15654.872692141651	-8.178343750382748	6.888699279959634	4.492204376328264	1.3249810577202614
12700	15654.817873284544	-8.170972099983295	6.814982775965278	4.492204376328264	1.3249810577202614
12800	15654.855681511679	-8.211026804819689	7.215529824329185	4.492204376328264	1.3249810577202614
12900	15654.773982489593	-8.16657378782785	6.770999654410962	4.492204376328264	1.3249810577202614
13000	15654.877174648258	-8.179127856501866	6.8965403411511685	4.492204376328264	1.3249810577202614
13100	15654.460771702748	-8.244141052828496	7.546672304417562	4.492204376328264	1.3249810577202614
13200	15654.454113255968	-8.24453157644941	7.550577540626733	4.492204376328264	1.3249810577202614
13300	15654.57925255988	-8.152773127075706	6.632993046889703	4.492204376328264	1.3249810577202614
13400	15654.870210327124	-8.177927784529249	6.884539621425138	4.492204376328264	1.3249810577202614
13500	15652.769844643335	-8.310496933179623	8.210231107928976	4.492204376328264	1.3249810577202614
13600	15654.264019076078	-8.137816312116144	6.483424897294276	4.492204376328264	1.3249810577202614
13700	15654.663797672574	-8.23060339365897	7.411295712722678	4.492204376328264	1.3249810577202614
13800	15653.663133697655	-8.280561327198294	7.91087504811622	4.492204376328264	1.3249810577202614
13900	15654.914108596387	-8.19564220919462	7.061683868079391	4.492204376328264	1.3249810577202614
14000	15653.929884602978	-8.125933287686856	6.364594653001759	4.492204376328264	1.3249810577202614
14100	15654.797460287899	-8.168819931522739	6.793461091360493	4.492204376328264	1.3249810577202614
14200	15652.525752840602	-8.31773374589325	8.282599235065845	4.492204376328264	1.3249810577202614
14300	15654.636790486671	-8.232639464781633	7.431656423949665	4.492204376328264	1.3249810577202614
14400	15654.340744038522	-8.250829917108096	7.6135609472143315	4.492204376328264	1.3249810577202614
14500	15654.719445457467	-8.22605665746166	7.365828350750052	4.492204376328264	1.3249810577202614
14600	15654.571114521734	-8.237239640530296	7.47765818143653	4.492204376328264	1.3249810577202614
14700	15654.47604538777	-8.147254839587124	6.577810172004843	4.492204376328264	1.3249810577202614
14800	15654.913600385687	-8.190034704016497	7.0056088162987	4.492204376328264	1.3249810577202614
14900	15654.31092575045	-8.252391152275399	7.629173298887625	4.492204376328264	1.3249810577202614
15000	15653.675226555306	-8.28010394675468	7.906301243680486	4.492204376328264	1.3249810577202614
15100	15653.554590151218	-8.115071212557357	6.255973901707341	4.492204376328264	1.3249810577202614
15200	15654.893851834731	-8.182569847839739	6.930960254530995	4.492204376328264	1.3249810577202614
15300	15653.722019874283	-8.278316123915474	7.888423015288514	4.492204376328264	1.3249810577202614
15400	15654.588330736255	-8.153300060817113	6.638262384304958	4.492204376328264	1.3249810577202614
15500	15654.547299546026	-8.150977081324262	6.615032589376506	4.492204376328264	1.3249810577202614
15600	15654.742574739423	-8.223990137634875	7.345163152482652	4.492204376328264	1.3249810577202614
15700	15654.915252119681	-8.193856708804262	7.043828864176537	4.492204376328264	1.3249810577202614
15800	15654.367667132365	-8.249388867320002	7.599150449333891	4.492204376328264	1.3249810577202614
15900	15654.822349110129	-8.171474645644144	6.820008232575338	4.492204376328264	1.3249810577202614
16000	15654.180492673906	-8.13457494788519	6.451011254985903	4.492204376328264	1.3249810577202614
16100	15654.913440798067	-8.189901383272588	7.004275608859871	4.492204376328264	1.3249810577202614
16200	15654.91104763655	-8.1883361358737	6.988623134871138	4.492204376328264	1.3249810577202614
16300	15654.911108842776	-8.188369596371128	6.988957739845319	4.492204376328264	1.3249810577202614
16400	15654.910066173165	-8.1878290726753	6.983552502887119	4.492204376328264	1.3249810577202614
16500	15654.609158601024	-8.234629998428911	7.451561760423293	4.492204376328264	1.3249810577202614
16600	15654.898321631537	-8.202590805246247	7.131169828596718	4.492204376328264	1.3249810577202614
16700	15654.909561637793	-8.198605850229393	7.09132027842813	4.492204376328264	1.3249810577202614
16800	15653.711822997335	-8.278708199618816	7.892343772322275	4.492204376328264	1.3249810577202614
16900	15654.884450710095	-8.18050891834044	6.9103509595384915	4.492204376328264	1.3249810577202614
17000	15654.597937068736	-8.235414539666117	7.459407172795241	4.492204376328264	1.3249810577202614
17100	15654.904461798536	-8.185571575244737	6.960977528581384	4.492204376328264	1.3249810577202614
17200	15652.850976659256	-8.098668548216354	6.091947258297468	4.492204376328264	1.3249810577202614
17300	15654.78936017297	-8.168020504023609	6.785466816370031	4.492204376328264	1.3249810577202614
17400	15654.901726955257	-8.201578772074884	7.121049496882685	4.492204376328264	1.3249810577202614
17500	15652.989108867143	-8.101593237959749	6.121194155731502	4.492204376328264	1.3249810577202614
17600	15654.820188464768	-8.215847355038086	7.263735326514825	4.492204376328264	1.3249810577202614
17700	15654.456810343096	-8.244373699501338	7.548998771147301	4.492204376328264	1.3249810577202614
17800	15654.81606344663	-8.170772311960194	6.812984895735899	4.492204376328264	1.3249810577202614
17900	15654.831056917388	-8.172489791724486	6.830159693378773	4.492204376328264	1.3249810577202614
18000	15654.85565946462	-8.21103017732119	7.215563549345878	4.492204376328264	1.3249810577202614
18100	15654.795237703976	-8.218727261424457	7.292534390378609	4.492204376328264	1.3249810577202614
18200	15654.11457516009	-8.13215932487608	6.4268550248949055	4.492204376328264	1.3249810577202614
18300	15654.913030476633	-8.189582128528999	7.001083061424084	4.492204376328264	1.3249810577202614
18400	15654.899884601868	-8.202139976863899	7.126661544773372	4.492204376328264	1.3249810577202614
18500	15654.517742024662	-8.240687026418351	7.512132040317999	4.492204376328264	1.3249810577202614
18600	15654.913260018568	-8.196399224651117	7.0692540226454605	4.492204376328264	1.3249810577202614
18700	15654.79256972591	-8.168333950505614	6.7886012811902114	4.492204376328264	1.3249810577202614
18800	15654.698170179294	-8.227858466281477	7.3838464389487735	4.492204376328264	1.3249810577202614
18900	15654.914755759833	-8.191277579759104	7.0180375737252785	4.492204376328264	1.3249810577202614
19000	15654.750380215475	-8.16450586663646	6.750320442498813	4.492204376328264	1.3249810577202614
19100	15654.355255023434	-8.250057069528943	7.605832471423592	4.492204376328264	1.3249810577202614
19200	15654.912424685392	-8.18915858556156	6.996847631749582	4.492204376328264	1.3249810577202614
19300	15654.4679592595	-8.243716577563848	7.542427551772715	4.492204376328264	1.3249810577202614
19400	15654.739580895668	-8.224264665713985	7.347908433273956	4.492204376328264	1.3249810577202614
19500	15654.641181860627	-8.232314847587332	7.428410252007568	4.492204376328264	1.3249810577202614
19600	15654.706878594518	-8.161069259347295	6.715954369607049	4.492204376328264	1.3249810577202614
19700	15654.494857793392	-8.242099870164335	7.526260477777299	4.492204376328264	1.3249810577202614
19800	15653.961588425915	-8.268650891873243	7.791770694866349	4.492204376328264	1.3249810577202614
19900	15653.906613786507	-8.125197213658824	6.357233912722334	4.492204376328264	1.3249810577202614
20000	15654.761363888529	-8.222213313517136	7.327394911305352	4.492204376328264	1.3249810577202614
20100	15654.915276276113	-8.192364132161456	7.0289030977486116	4.492204376328264	1.3249810577202614
20200	15654.895393977698	-8.203383716612693	7.139098942260883	4.492204376328264	1.3249810577202614
20300	15654.905303693875	-8.200370291745761	7.108964693591503	4.492204376328264	1.3249810577202614
20400	15654.672655232585	-8.22991370527033	7.404398828837386	4.492204376328264	1.3249810577202614
20500	15654.620854409517	-8.15525551729585	6.6578169490924966	4.492204376328264	1.3249810577202614
20600	15654.091524478783	-8.262969332561283	7.734955101746658	4.492204376328264	1.3249810577202614
20700	15654.847178928765	-8.174524796996575	6.850509746099684	4.492204376328264	1.3249810577202614
20800	15653.634259130395	-8.11721752453198	6.277437021453701	4.492204376328264	1.3249810577202614
20900	15654.515443811986	-8.149268633372238	6.597948109856039	4.492204376328264	1.3249810577202614
21000	15654.85482618586	-8.211157204530853	7.216833821442317	4.492204376328264	1.3249810577202614
21100	15654.571140798258	-8.237237885228994	7.4776406284237185	4.492204376328264	1.3249810577202614
21200	15654.54002858739	-8.239274975187522	7.498011528008964	4.492204376328264	1.3249810577202614
21300	15653.836590884206	-8.123038721478698	6.335648990920793	4.492204376328264	1.3249810577202614
21400	15654.88953342716	-8.181575637026652	6.921018146400377	4.492204376328264	1.3249810577202614
21500	15654.90186023421	-8.184732225779978	6.952584033933449	4.492204376328264	1.3249810577202614
21600	15654.823971353095	-8.215380501765463	7.25906679378836	4.492204376328264	1.3249810577202614
21700	15654.055643902295	-8.264574878336129	7.75101055949502	4.492204376328264	1.3249810577202614
21800	15654.599151372302	-8.235330266740954	7.458564443543156	4.492204376328264	1.3249810577202614
21900	15653.57993791494	-8.283659106149003	7.941852837623721	4.492204376328264	1.3249810577202614
22000	15654.653420144743	-8.231397220492509	7.419233981058812	4.492204376328264	1.3249810577202614
22100	15652.416025556768	-8.09015666582993	6.00682843443313	4.492204376328264	1.3249810577202614
22200	15654.854308558048	-8.211235688155867	7.217618657692507	4.492204376328264	1.3249810577202614
22300	15654.908215396807	-8.186988391622826	6.97514569236205	4.492204376328264	1.3249810577202614
22400	15654.331933364967	-8.140626049522684	6.511522271360753	4.492204376328264	1.3249810577202614
22500	15654.886206406172	-8.180866476282084	6.913926538954767	4.492204376328264	1.3249810577202614
22600	15653.549643643079	-8.284766920022614	7.952930976360182	4.492204376328264	1.3249810577202614
22700	15654.9137783404	-8.190190711497387	7.0071688911078605	4.492204376328264	1.3249810577202614
22800	15654.912195051473	-8.197156971180512	7.076831487939405	4.492204376328264	1.3249810577202614
22900	15654.643355212142	-8.23215329877225	7.426794763856773	4.492204376328264	1.3249810577202614
23000	15654.78979899281	-8.168063110527626	6.785892881410461	4.492204376328264	1.3249810577202614
23100	15654.79441603929	-8.218816980830825	7.293431584442482	4.492204376328264	1.3249810577202614
23200	15654.155107341094	-8.260047198187616	7.7057337580103	4.492204376328264	1.3249810577202614
23300	15654.4378991387	-8.245472021202046	7.559981988154677	4.492204376328264	1.3249810577202614
23400	15654.893113790202	-8.182393157480195	6.929193350936289	4.492204376328264	1.3249810577202614
23500	15654.750905107912	-8.164550093906627	6.7507627152005165	4.492204376328264	1.3249810577202614
23600	15654.79808240449	-8.168882502855043	6.794086804684643	4.492204376328264	1.3249810577202614
23700	15654.677845984386	-8.229504076822135	7.400302544355509	4.492204376328264	1.3249810577202614
23800	15654.857355544882	-8.210768948013781	7.212951256271905	4.492204376328264	1.3249810577202614
23900	15654.914168851656	-8.190567247541587	7.010934251549957	4.492204376328264	1.3249810577202614
24000	15653.974538941115	-8.127373790583382	6.378999681968002	4.492204376328264	1.3249810577202614
24100	15654.876202780551	-8.20756906697513	7.1809524458853	4.492204376328264	1.3249810577202614
24200	15654.701338126555	-8.160660006777718	6.711861843911307	4.492204376328264	1.3249810577202614
24300	15653.82295219121	-8.274355593514699	7.848817711281253	4.492204376328264	1.3249810577202614
24400	15654.253541206162	-8.137397512322332	6.479236899357393	4.492204376328264	1.3249810577202614
24500	15654.801871275173	-8.217991941908682	7.285181195220704	4.492204376328264	1.3249810577202614
24600	15654.878986729216	-8.179458195383898	6.899843729972935	4.492204376328264	1.3249810577202614
24700	15654.913980021292	-8.195770456741593	7.0629663435499515	4.492204376328264	1.3249810577202614
24800	15654.896732174668	-8.183290868003226	6.938170456166246	4.492204376328264	1.3249810577202614
24900	15654.83308459274	-8.17273390433626	6.83260081949642	4.492204376328264	1.3249810577202614
25000	15654.852231831659	-8.211547381417914	7.220735590312706	4.492204376328264	1.3249810577202614
25100	15654.479554506348	-8.147430111442254	6.579562890556031	4.492204376328264	1.3249810577202614
25200	15654.889579975401	-8.204804713134155	7.153308907475029	4.492204376328264	1.3249810577202614
25300	15654.891018835702	-8.181907303758777	6.924334813721148	4.492204376328264	1.3249810577202614
25400	15654.401747219188	-8.143709316842955	6.542354944562972	4.492204376328264	1.3249810577202614
25500	15654.750717517736	-8.164534279080767	6.750604566940795	4.492204376328264	1.3249810577202614
25600	15654.440373376208	-8.245329455484697	7.558556330979953	4.492204376328264	1.3249810577202614
25700	15653.036441876297	-8.102623886419535	6.131500640328259	4.492204376328264	1.3249810577202614
25800	15654.385322910191	-8.248426562281994	7.589527398952693	4.492204376328264	1.3249810577202614
25900	15654.823655694443	-8.21541980744568	7.259459850589628	4.492204376328264	1.3249810577202614
26000	15654.744762009424	-8.164037052957676	6.745632305709646	4.492204376328264	1.3249810577202614
26100	15653.712263271009	-8.278691299899526	7.892174775128195	4.492204376328264	1.3249810577202614
26200	15654.7809536819	-8.220247740489862	7.3077391810314385	4.492204376328264	1.3249810577202614
26300	15652.380302999976	-8.321908898455568	8.324350760688368	4.492204376328264	1.3249810577202614
26400	15654.894052541027	-8.20372787451979	7.142540521330728	4.492204376328264	1.3249810577202614
26500	15654.834507868507	-8.214028897569419	7.245550751827289	4.492204376328264	1.3249810577202614
26600	15654.602929890994	-8.235067077998092	7.455932556113912	4.492204376328264	1.3249810577202614
26700	15652.336101355811	-8.323159231095907	8.336854087092057	4.492204376328264	1.3249810577202614
26800	15653.217114951862	-8.10670529240491	6.172314700182181	4.492204376328264	1.3249810577202614
26900	15654.800361651593	-8.169113241469274	6.796394190825634	4.492204376328264	1.3249810577202614
27000	15654.893361397884	-8.182452097767754	6.9297827538103745	4.492204376328264	1.3249810577202614
27100	15654.822303906984	-8.171469508034978	6.8199568564829836	4.492204376328264	1.3249810577202614
27200	15654.879837606175	-8.206870849197928	7.173970268112472	4.492204376328264	1.3249810577202614
27300	15654.862441815843	-8.209962577800617	7.20488755413932	4.492204376328264	1.3249810577202614
27400	15654.901831045121	-8.184723298080383	6.952494756936994	4.492204376328264	1.3249810577202614
27500	15653.340740214355	-8.292145234955512	8.026714125688283	4.492204376328264	1.3249810577202614
27600	15651.789021777211	-8.338014838084213	8.485410156975178	4.492204376328264	1.3249810577202614
27700	15654.172358052085	-8.259236116917412	7.697622945307117	4.492204376328264	1.3249810577202614
27800	15654.122837586061	-8.132455861051499	6.429820386647967	4.492204376328264	1.3249810577202614
27900	15654.437107263819	-8.145359068229954	6.5588524584324235	4.492204376328264	1.3249810577202614
28000	15652.97860798737	-8.304045106494474	8.145712841077588	4.492204376328264	1.3249810577202614
28100	15654.906370174536	-8.199970072012219	7.104962496255061	4.492204376328264	1.3249810577202614
28200	15654.9142407256	-8.190642962898917	7.011691405121965	4.492204376328264	1.3249810577202614
28300	15654.910960430978	-8.197890015019713	7.084161926330076	4.492204376328264	1.3249810577202614
28400	15653.816901332237	-8.1224462174192	6.329723950324889	4.492204376328264	1.3249810577202614
28500	15654.675563038949	-8.15882636154297	6.693525391562635	4.492204376328264	1.3249810577202614
28600	15654.90898002467	-8.187320541426784	6.978467190400634	4.492204376328264	1.3249810577202614
28700	15654.85668073328	-8.210873318486884	7.213994961001518	4.492204376328264	1.3249810577202614
28800	15654.537868627744	-8.150463223182989	6.6098940079626685	4.492204376328264	1.3249810577202614
28900	15654.915363461485	-8.192867601582428	7.033937791956999	4.492204376328264	1.3249810577202614
29000	15654.476954654343	-8.14730018183752	6.578263594507916	4.492204376328264	1.3249810577202614
29100	15654.882073139086	-8.180040896405032	6.90567074018305	4.492204376328264	1.3249810577202614
29200	15654.288488982986	-8.138809134896647	6.4933531250993966	4.492204376328264	1.3249810577202614
29300	15654.355201733728	-8.141629948471095	6.521561260843512	4.492204376328264	1.3249810577202614
29400	15654.504120641222	-8.148679231738713	6.592054093519743	4.492204376328264	1.3249810577202614
29500	15652.345909570215	-8.322882502631824	8.334086802450836	4.492204376328264	1.3249810577202614
29600	15654.914897890705	-8.19149752807714	7.02023705690384	4.492204376328264	1.3249810577202614
29700	15654.066173908173	-8.130455683012325	6.409818606255554	4.492204376328264	1.3249810577202614
29800	15654.406683080777	-8.143935786234886	6.544619638481086	4.492204376328264	1.3249810577202614
29900	15654.592495111121	-8.23579040184292	7.463165794561428	4.492204376328264	1.3249810577202614
30000	15654.870100229347	-8.208673893122363	7.192000707356061	4.492204376328264	1.3249810577202614
30100	15654.289487922872	-8.138850116793387	6.493762944066144	4.492204376328264	1.3249810577202614
30200	15654.863414329286	-8.20980418751031	7.203303651235314	4.492204376328264	1.3249810577202614
30300	15654.378172579896	-8.142643774114102	6.53169951727341	4.492204376328264	1.3249810577202614
30400	15654.25494609917	-8.255232330836694	7.657585084499328	4.492204376328264	1.3249810577202614
30500	15654.915245306925	-8.19387899929847	7.044051769117152	4.492204376328264	1.3249810577202614
30600	15654.720838627773	-8.162126760860781	6.726529384740245	4.492204376328264	1.3249810577202614
30700	15653.866856266095	-8.272584434620315	7.83110612233561	4.492204376328264	1.3249810577202614
30800	15654.397346898539	-8.24776295270928	7.582891303225044	4.492204376328264	1.3249810577202614
30900	15654.452255157026	-8.146086185997685	6.566123636109211	4.492204376328264	1.3249810577202614
31000	15652.562744024566	-8.316656313366202	8.271824909794272	4.492204376328264	1.3249810577202614
31100	15654.495139906161	-8.14821799919932	6.587441768125391	4.492204376328264	1.3249810577202614
31200	15653.897484560852	-8.124911078928427	6.354372565416341	4.492204376328264	1.3249810577202614
31300	15654.779739229341	-8.220373389163717	7.308995667769225	4.492204376328264	1.3249810577202614
31400	15654.886699174203	-8.205450321708724	7.15976499321918	4.492204376328264	1.3249810577202614
31500	15654.904494420462	-8.200660198591894	7.1118637620508665	4.492204376328264	1.3249810577202614
31600	15654.883376895015	-8.206156683505677	7.166828611188776	4.492204376328264	1.3249810577202614
31700	15653.919763122749	-8.270407362708012	7.809335403211869	4.492204376328264	1.3249810577202614
31800	15654.912280082473	-8.189064172483251	6.995903500964193	4.492204376328264	1.3249810577202614
31900	15654.83627299726	-8.2137943731818	7.243205507949584	4.492204376328264	1.3249810577202614
32000	15654.882321169383	-8.180088903303055	6.906150809161975	4.492204376328264	1.3249810577202614
32100	15654.894651034712	-8.203575677298366	7.141018549115172	4.492204376328264	1.3249810577202614
32200	15653.714435697972	-8.119456466998175	6.299826446113216	4.492204376328264	1.3249810577202614
32300	15654.55034104587	-8.238608641897494	7.491348195106578	4.492204376328264	1.3249810577202614
32400	15652.531639945155	-8.317562710623143	8.280888882363106	4.492204376328264	1.3249810577202614
32500	15654.912325535879	-8.189093605146722	6.996197827598898	4.492204376328264	1.3249810577202614
32600	15654.48988588743	-8.242402163192917	7.529283408060927	4.492204376328264	1.3249810577202614
32700	15654.859241163776	-8.17621689232544	6.867430699386119	4.492204376328264	1.3249810577202614
32800	15654.896558169728	-8.18324576353539	6.937719411485834	4.492204376328264	1.3249810577202614
32900	15654.726403301485	-8.162559480466273	6.7308565807945975	4.492204376328264	1.3249810577202614
33000	15654.90112830604	-8.184511237942406	6.950374155556038	4.492204376328264	1.3249810577202614
33100	15654.057213736565	-8.13014632587766	6.40672503490861	4.492204376328264	1.3249810577202614
33200	15654.324777236863	-8.140321753009012	6.508479306222064	4.492204376328264	1.3249810577202614
33300	15654.640506146468	-8.156493734688262	6.670199123014477	4.492204376328264	1.3249810577202614
33400	15654.864510947798	-8.209623852256282	7.201500298694513	4.492204376328264	1.3249810577202614
33500	15654.912035623196	-8.18890948848275	6.994356660959345	4.492204376328264	1.3249810577202614
33600	15654.749517939752	-8.164433372390969	6.749595500041537	4.492204376328264	1.3249810577202614
33700	15654.237508811131	-8.256095300721878	7.666214783350576	4.492204376328264	1.3249810577202614
33800	15654.907986516773	-8.199315834155124	7.098420117682725	4.492204376328264	1.3249810577202614
33900	15654.91040616327	-8.198185477154768	7.08711654767896	4.492204376328264	1.3249810577202614
34000	15654.784714775446	-8.16757415307206	6.7810033068518045	4.492204376328264	1.3249810577202614
34100	15654.226902596181	-8.256615402701431	7.671415803145716	4.492204376328264	1.3249810577202614
34200	15654.603456507786	-8.154195818869484	6.647219964826145	4.492204376328264	1.3249810577202614
34300	15653.760800882957	-8.120790496706732	6.313166743198718	4.492204376328264	1.3249810577202614
34400	15654.914142222688	-8.190539775013317	7.01065952626461	4.492204376328264	1.3249810577202614
34500	15654.814542715845	-8.216527893885477	7.270540714986169	4.492204376328264	1.3249810577202614
34600	15654.640123906676	-8.232393272194289	7.429194498074022	4.492204376328264	1.3249810577202614
34700	15654.861530166794	-8.176558595101966	6.870847727150663	4.492204376328264	1.3249810577202614
34800	15654.872772079983	-8.178357352546975	6.888835301600767	4.492204376328264	1.3249810577202614
34900	15654.894036252637	-8.18261447879559	6.93140656408682	4.492204376328264	1.3249810577202614
35000	15654.048149020737	-8.264906545095897	7.754327227089958	4.492204376328264	1.3249810577202614
35100	15654.860021674422	-8.2103507307857	7.208769083987971	4.492204376328264	1.3249810577202614
35200	15653.79417073059	-8.121769675751699	6.3229585336479825	4.492204376328264	1.3249810577202614
35300	15654.81900602572	-8.215991452219432	7.265176298325174	4.492204376328264	1.3249810577202614
35400	15654.142580299509	-8.13317149688577	6.436976744988518	4.492204376328264	1.3249810577202614
35500	15654.702192575558	-8.16072275150303	6.712489291161118	4.492204376328264	1.3249810577202614
35600	15654.15230678617	-8.133527821546899	6.440539991599662	4.492204376328264	1.3249810577202614
35700	15654.224746987331	-8.256720674332387	7.672468519454548	4.492204376328264	1.3249810577202614
35800	15654.49600174725	-8.242030087949788	7.525562655628511	4.492204376328264	1.3249810577202614
35900	15654.880646600068	-8.206710781845208	7.172369594582544	4.492204376328264	1.3249810577202614
36000	15654.835001945998	-8.213963501832612	7.24489679445653	4.492204376328264	1.3249810577202614
36100	15654.729354073123	-8.225186228005496	7.357124056185418	4.492204376328264	1.3249810577202614
36200	15653.616447764562	-8.28230993655291	7.928361141659523	4.492204376328264	1.3249810577202614
36300	15654.911614674122	-8.18865596506194	6.991821426749991	4.492204376328264	1.3249810577202614
36400	15654.891573872765	-8.18203387696312	6.925600545761594	4.492204376328264	1.3249810577202614
36500	15654.270077749115	-8.254475252783273	7.650014303963139	4.492204376328264	1.3249810577202614
36600	15653.635373003592	-8.117248069789728	6.277742474027674	4.492204376328264	1.3249810577202614
36700	15654.799799120647	-8.218223784543577	7.287499621566134	4.492204376328264	1.3249810577202614
36800	15654.659970122433	-8.230897921726541	7.414240993395664	4.492204376328264	1.3249810577202614
36900	15654.911973599705	-8.197297695719808	7.078238733328307	4.492204376328264	1.3249810577202614
37000	15654.862424710136	-8.176694165279295	6.872203428923244	4.492204376328264	1.3249810577202614
37100	15654.914391302797	-8.195335052988415	7.058612306014541	4.492204376328264	1.3249810577202614
37200	15654.84350008656	-8.174040150873374	6.845663284864115	4.492204376328264	1.3249810577202614
37300	15654.676404126807	-8.158884491354767	6.6941066896781125	4.492204376328264	1.3249810577202614
37400	15654.379971196615	-8.248719749212622	7.592459268256519	4.492204376328264	1.3249810577202614
37500	15654.91265556275	-8.189314304882068	6.998404824951224	4.492204376328264	1.3249810577202614
37600	15654.40986878003	-8.144082593720775	6.546087713338311	4.492204376328264	1.3249810577202614
37700	15653.819979091772	-8.27447442480084	7.850006024138752	4.492204376328264	1.3249810577202614
37800	15654.802402005931	-8.217932237411919	7.284584150249566	4.492204376328264	1.3249810577202614
37900	15654.914707437058	-8.19493304098524	7.054592185982859	4.492204376328264	1.3249810577202614
38000	15653.947120686904	-8.269262152556244	7.7978833016928775	4.492204376328264	1.3249810577202614
38100	15654.909775864131	-8.198502249195812	7.090284268088367	4.492204376328264	1.3249810577202614
38200	15653.325630862671	-8.109280298457554	6.1980647607059245	4.492204376328264	1.3249810577202614
38300	15654.797493432403	-8.218479440069629	7.290056176826737	4.492204376328264	1.3249810577202614
38400	15654.409071294735	-8.24710917502916	7.57635352642193	4.492204376328264	1.3249810577202614
38500	15654.911204961245	-8.188422635981278	6.989488135943319	4.492204376328264	1.3249810577202614
38600	15654.476345929872	-8.147269821019464	6.577959986325495	4.492204376328264	1.3249810577202614
38700	15654.566419372391	-8.152041160726958	6.625673383400555	4.492204376328264	1.3249810577202614
38800	15654.91535599841	-8.192786595567805	7.033127731809253	4.492204376328264	1.3249810577202614
38900	15654.59365795427	-8.235710333832982	7.462365114461012	4.492204376328264	1.3249810577202614
39000	15654.759431541705	-8.222400605172798	7.329267827859209	4.492204376328264	1.3249810577202614
39100	15654.852865614454	-8.175301401367578	6.858275789807047	4.492204376328264	1.3249810577202614
39200	15654.726165623228	-8.162540861272479	6.730670388856188	4.492204376328264	1.3249810577202614
39300	15653.768365152007	-8.121011025928318	6.315372035414456	4.492204376328264	1.3249810577202614
39400	15653.503848189073	-8.286422326947932	7.9694850456106545	4.492204376328264	1.3249810577202614
39500	15652.527674452063	-8.09225088421336	6.027770618264989	4.492204376328264	1.3249810577202614
39600	15654.44549672623	-8.145760192781067	6.562863703941942	4.492204376328264	1.3249810577202614
39700	15654.789532707622	-8.219344325559167	7.298705031723049	4.492204376328264	1.3249810577202614
39800	15654.674717758802	-8.229751434374744	7.402776119879006	4.492204376328264	1.3249810577202614
39900	15654.405073428194	-8.247332862689454	7.578590403026144	4.492204376328264	1.3249810577202614
40000	15654.57970932706	-8.23666217776997	7.471883553831432	4.492204376328264	1.3249810577202614
40100	15654.90881797118	-8.19895156451855	7.094777421317295	4.492204376328264	1.3249810577202614
40200	15654.75090229068	-8.22321449746341	7.3374067507658935	4.492204376328264	1.3249810577202614
40300	15654.21961023473	-8.256970950281417	7.6749712789459945	4.492204376328264	1.3249810577202614
40400	15654.835077664566	-8.172976915583932	6.83503093197111	4.492204376328264	1.3249810577202614
40500	15654.55716337213	-8.23816307580538	7.486892534185551	4.492204376328264	1.3249810577202614
40600	15654.774475985118	-8.166618893772302	6.771450713854507	4.492204376328264	1.3249810577202614
40700	15654.400650977872	-8.247579389837696	7.581055674508573	4.492204376328264	1.3249810577202614
40800	15650.730239856346	-8.06376982840474	5.742960060178962	4.492204376328264	1.3249810577202614
40900	15654.27240587408	-8.254358074488271	7.648842521014213	4.492204376328264	1.3249810577202614
41000	15654.357364967838	-8.249943952649605	7.604701302627529	4.492204376328264	1.3249810577202614
41100	15650.384673776374	-8.37231175705349	8.828379346666342	4.492204376328264	1.3249810577202614
41200	15652.953895830258	-8.304822821637332	8.153489992504719	4.492204376328264	1.3249810577202614
41300	15649.923921851976	-8.053518681605686	5.640448592188066	4.492204376328264	1.3249810577202614
41400	15654.89285031205	-8.20402740387415	7.145535814872616	4.492204376328264	1.3249810577202614
41500	15654.86245598289	-8.176698926019384	6.872251036324887	4.492204376328264	1.3249810577202614
41600	15654.744521113853	-8.164017134861133	6.745433124742439	4.492204376328264	1.3249810577202614
41700	15654.646869129347	-8.231890831803776	7.424170094168649	4.492204376328264	1.3249810577202614
41800	15654.682571304611	-8.15931409359606	6.698402712091619	4.492204376328264	1.3249810577202614
41900	15654.78966754443	-8.16805033958325	6.785765171963439	4.492204376328264	1.3249810577202614
42000	15654.752606895265	-8.164694000183477	6.752201777965794	4.492204376328264	1.3249810577202614
42100	15654.822705780687	-8.215537701011051	7.260638786241394	4.492204376328264	1.3249810577202614
42200	15654.613573824221	-8.154808076524604	6.653342541377054	4.492204376328264	1.3249810577202614
42300	15653.967823183133	-8.268386242755808	7.789124203689036	4.492204376328264	1.3249810577202614
42400	15654.908907256175	-8.198911121082645	7.094372986957471	4.492204376328264	1.3249810577202614
42500	15654.90070968548	-8.20189295027921	7.124191278923133	4.492204376328264	1.3249810577202614
42600	15654.913909978759	-8.195837842306274	7.063640199193921	4.492204376328264	1.3249810577202614
42700	15654.745855409185	-8.2236867219895	7.3421289960259974	4.492204376328264	1.3249810577202614
42800	15653.535092006603	-8.114557035421493	6.250832130345947	4.492204376328264	1.3249810577202614
42900	15654.635852341558	-8.232708505811324	7.432346834244489	4.492204376328264	1.3249810577202614
43000	15654.68858225574	-8.228643353364287	7.3916953097741604	4.492204376328264	1.3249810577202614
43100	15654.38895040588	-8.248227078146217	7.587532557593464	4.492204376328264	1.3249810577202614
43200	15654.907128378403	-8.18654572487291	6.970719024860297	4.492204376328264	1.3249810577202614
43300	15653.783921819006	-8.121467190627301	6.319933682404198	4.492204376328264	1.3249810577202614
43400	15654.8389455456	-8.213434442773076	7.2396062038618245	4.492204376328264	1.3249810577202614
43500	15654.148961971852	-8.133405001425176	6.439311790382649	4.492204376328264	1.3249810577202614
43600	15654.615876164447	-8.154948938084594	6.654751156976892	4.492204376328264	1.3249810577202614
43700	15653.084589402233	-8.103688113251552	6.14214290864628	4.492204376328264	1.3249810577202614
43800	15654.372370173985	-8.142385469276233	6.529116468893161	4.492204376328264	1.3249810577202614
43900	15654.803700016926	-8.217785651775444	7.283118293885373	4.492204376328264	1.3249810577202614
44000	15654.892828218753	-8.182325594177325	6.928517717904494	4.492204376328264	1.3249810577202614
44100	15654.893377642342	-8.203897011345694	7.144231889588058	4.492204376328264	1.3249810577202614
44200	15654.184171762989	-8.25867588774266	7.692020653557925	4.492204376328264	1.3249810577202614
44300	15654.914058286806	-8.190455083439067	7.009812610521862	4.492204376328264	1.3249810577202614
44400	15654.81514464508	-8.21645622057866	7.269823981917698	4.492204376328264	1.3249810577202614
44500	15654.215623813086	-8.257164617445508	7.676907950586296	4.492204376328264	1.3249810577202614
44600	15653.906368865299	-8.125189518045337	6.357156956584551	4.492204376328264	1.3249810577202614
44700	15654.179972977374	-8.258875455060508	7.694016326736349	4.492204376328264	1.3249810577202614
44800	15654.135005076872	-8.260982234146857	7.715084117599868	4.492204376328264	1.3249810577202614
44900	15654.90396080418	-8.185402624582897	6.959288021960342	4.492204376328264	1.3249810577202614
45000	15654.817473159008	-8.216177000533946	7.267031781470769	4.492204376328264	1.3249810577202614
45100	15654.600135454733	-8.153997175532954	6.645233531460848	4.492204376328264	1.3249810577202614
45200	15653.162005024506	-8.29814335061473	8.086695282278582	4.492204376328264	1.3249810577202614
45300	15654.406384676297	-8.247259583265684	7.577857608788077	4.492204376328264	1.3249810577202614
45400	15654.858902781032	-8.176166992955995	6.866931705691276	4.492204376328264	1.3249810577202614
45500	15654.808325827227	-8.217256526942244	7.277827045553628	4.492204376328264	1.3249810577202614
45600	15654.16501417262	-8.259582406004645	7.701085836177639	4.492204376328264	1.3249810577202614
45700	15654.112284728193	-8.132077425318215	6.426036029313448	4.492204376328264	1.3249810577202614
45800	15654.423158389161	-8.24631456361431	7.568407412274529	4.492204376328264	1.3249810577202614
45900	15654.22822569319	-8.25655071562594	7.6707689323909145	4.492204376328264	1.3249810577202614
46000	15652.761598270758	-8.096837645995052	6.073638236082004	4.492204376328264	1.3249810577202614
46100	15654.837281525757	-8.173249303496462	6.837754811096252	4.492204376328264	1.3249810577202614
46200	15654.825744543698	-8.171864343189593	6.823905208027733	4.492204376328264	1.3249810577202614
46300	15654.911219536947	-8.188430732710508	6.98956910323702	4.492204376328264	1.3249810577202614
46400	15654.91094371523	-8.197899186177219	7.084253637904068	4.492204376328264	1.3249810577202614
46500	15654.88422102827	-8.180462919221458	6.9098909683464065	4.492204376328264	1.3249810577202614
46600	15654.397401775655	-8.247759908235498	7.582860858486832	4.492204376328264	1.3249810577202614
46700	15654.78831608258	-8.167919441350845	6.784456189640376	4.492204376328264	1.3249810577202614
46800	15653.43095434592	-8.289011964640478	7.995381422536512	4.492204376328264	1.3249810577202614
46900	15654.651228375375	-8.231562999023392	7.420891766365779	4.492204376328264	1.3249810577202614
47000	15654.76094098778	-8.222254397467239	7.327805750803897	4.492204376328264	1.3249810577202614
47100	15653.076002800997	-8.103497121268719	6.140232988818492	4.492204376328264	1.3249810577202614
47200	15654.58807753377	-8.153285257871246	6.638114354843687	4.492204376328264	1.3249810577202614
47300	15654.87644246287	-8.178996667395243	6.895228450083755	4.492204376328264	1.3249810577202614
47400	15654.441762465225	-8.245249269024299	7.557754466374388	4.492204376328264	1.3249810577202614
47500	15654.914884463726	-8.191475443236653	7.0200162084979745	4.492204376328264	1.3249810577202614
47600	15654.907708691617	-8.19943298582999	7.099591634431214	4.492204376328264	1.3249810577202614
47700	15654.25083884229	-8.255436497843695	7.659626754568404	4.492204376328264	1.3249810577202614
47800	15654.793737202906	-8.218890885923944	7.294170635371044	4.492204376328264	1.3249810577202614
47900	15654.655452432942	-8.231242928107468	7.417691057206323	4.492204376328264	1.3249810577202614
48000	15654.853556361755	-8.21134916702691	7.218753446400614	4.492204376328264	1.3249810577202614
48100	15654.435166976746	-8.14526684596948	6.557930235826429	4.492204376328264	1.3249810577202614
48200	15654.904377581757	-8.20070116326755	7.112273408807153	4.492204376328264	1.3249810577202614
48300	15654.395954020585	-8.24784017824048	7.583663558536459	4.492204376328264	1.3249810577202614
48400	15653.167670085697	-8.105563944816957	6.160901224301429	4.492204376328264	1.3249810577202614
48500	15653.659981777655	-8.280680234471443	7.912064120846404	4.492204376328264	1.3249810577202614
48600	15654.270945522727	-8.138095214306786	6.486213919199835	4.492204376328264	1.3249810577202614
48700	15654.210944065253	-8.135731708063004	6.462578856762104	4.492204376328264	1.3249810577202614
48800	15652.188382676111	-8.327279352853878	8.378055304670838	4.492204376328264	1.3249810577202614
48900	15654.702067829208	-8.227534776732094	7.3806095434529775	4.492204376328264	1.3249810577202614
49000	15654.755999165145	-8.16498324287216	6.755094204853475	4.492204376328264	1.3249810577202614
49100	15654.81898187209	-8.215994386840968	7.265205644541553	4.492204376328264	1.3249810577202614
49200	15653.876427336896	-8.272194142933492	7.827203205466891	4.492204376328264	1.3249810577202614
49300	15654.82075337093	-8.171294060155214	6.818202377684228	4.492204376328264	1.3249810577202614
49400	15654.824243685436	-8.171691156981554	6.822173345947734	4.492204376328264	1.3249810577202614
49500	15654.817369535065	-8.216189493535968	7.26715671149175	4.492204376328264	1.3249810577202614
49600	15654.524536335524	-8.14974851035458	6.602746879677864	4.492204376328264	1.3249810577202614
49700	15653.938077930405	-8.269642211732267	7.801683893454718	4.492204376328264	1.3249810577202614
49800	15652.865270200795	-8.098965694960288	6.09491872573513	4.492204376328264	1.3249810577202614
49900	15654.696399332555	-8.228004632367517	7.385308099807399	4.492204376328264	1.3249810577202614
50000	15654.702278090357	-8.160729038452617	6.7125521606583956	4.492204376328264	1.3249810577202614
