iteration	likelihood	prior	σ²	 m 	 α 
10	3250.60888169563	-10.9506675240209	0.8607481391189519	0.3060103983719163	0.5
20	3248.378494682747	-11.15826024156187	0.8790820661558127	0.548544870095504	0.5
30	3249.0372304596053	-11.249736568417312	0.8894610764221625	0.42540711201472664	0.5
40	3250.471291423307	-11.567947952383673	0.9216462964576602	0.38899894812834945	0.5
50	3249.8355389128815	-11.073211694813958	0.8730150249449423	0.3047635237029573	0.5
60	3249.3498864444946	-10.972987848626762	0.8630793752082111	0.2960900355040134	0.5
70	3250.8815843759016	-11.172440554835271	0.8841762549661144	0.18092912179903242	0.5
80	3246.635541502316	-10.423000971894	0.8100716042476404	0.09699836423375857	0.5
90	3248.7804106500525	-11.700783023683709	0.9373043504188466	0.1515442650100008	0.5
100	3249.815985826784	-11.356339229126554	0.9032250642822339	0.11503493309957225	0.5
110	3249.6611760990086	-11.426339648704811	0.9101289138410175	0.1246541730041455	0.5
120	3249.8901790422174	-11.345447443844638	0.9007080200434711	0.257821504157283	0.5
130	3248.707182332242	-11.77933787241628	0.9449564226737442	0.17188552684636688	0.5
140	3249.384558163809	-11.223116492731432	0.8881217568513939	0.29313831223297493	0.5
150	3249.762735514316	-11.613584828391623	0.9271669321446248	0.2933041395115017	0.5
160	3248.895341795554	-10.936530661533224	0.858107807634903	0.4286749218995923	0.5
170	3249.6111613049384	-11.585179739871176	0.9255447906379916	0.1714674049699851	0.5
180	3248.4047527979046	-10.689644736020284	0.8346915368926896	0.301442740991409	0.5
190	3247.2871298347072	-10.582711017202886	0.8269915638975917	0.0021028523270599114	0.5
200	3250.3745242319314	-11.107202919852297	0.8754952253065408	0.3966557379257933	0.5
210	3253.3686044582873	-11.104565767317439	0.8738473720480086	0.5350695384303306	0.5
220	3245.3459641546374	-11.636558333363185	0.9242075629233769	0.8189761113508393	0.5
230	3248.383041209417	-11.85931391370045	0.9517972316186935	0.28756504519182136	0.5
240	3248.82415547833	-11.356582173074692	0.9002421918735378	0.415751613449739	0.5
250	3251.5255116779263	-11.32603743027643	0.897185998289692	0.4159235438517864	0.5
260	3247.7722666214586	-10.89815781525111	0.8580734202893523	0.04838519363279163	0.5
270	3249.3721066178996	-11.487540164329179	0.9162610722003895	0.12344349330981988	0.5
280	3250.2770539249022	-10.980973197111172	0.8641534633421226	0.2685347069565817	0.5
290	3249.9697498305063	-10.644779698085888	0.8296062018051044	0.3613258704055911	0.5
300	3247.2272968903976	-10.645042342976428	0.8329765438700316	0.026918112817965148	0.5
310	3246.195959700598	-10.596462554238155	0.8270649647954511	0.1322781328929054	0.5
320	3244.9399607894497	-11.349369549492833	0.898940405499959	0.47380401498905367	0.5
330	3248.829175751333	-11.05975148957768	0.873884675331809	0.08319643265244647	0.5
340	3249.281983231977	-11.209403984775735	0.8893008319575884	0.03810572205528137	0.5
350	3247.23168394343	-10.570742076295257	0.822761962161328	0.30537361687695597	0.5
360	3246.1257902424322	-10.959586425586096	0.8603758733221472	0.432425993703454	0.5
370	3247.501057122212	-12.006129903037412	0.9686752032674519	0.06792777368623575	0.5
380	3246.242198371878	-10.495224146092836	0.8125898643336325	0.5674040976225497	0.5
390	3249.37664848777	-11.633717731550362	0.9297383256564354	0.23749381991759053	0.5
400	3249.3673961071654	-10.84946457920379	0.852886116323144	0.08018322978119936	0.5
410	3249.4933740096476	-11.6552237723492	0.9316761884659323	0.2587679469567771	0.5
420	3250.43732433518	-11.164107606869967	0.8821762530528678	0.2975998334708889	0.5
430	3250.3065001662058	-11.115036582843882	0.877429661597444	0.2815487387524086	0.5
440	3248.7884046843465	-10.979655180807544	0.8591853536804395	0.7521655100896929	0.5
450	3247.082274335674	-10.431881489651195	0.8105798399347767	0.1349799730923814	0.5
460	3247.859405785069	-11.154434798198137	0.881708874545913	0.24760959744808175	0.5
470	3250.1125459914824	-11.400245288938956	0.9055632206018824	0.3202798992594868	0.5
480	3251.096034673621	-10.593104838752792	0.8248705714552289	0.31814031206290094	0.5
490	3239.041753969561	-11.72591335133206	0.935934470184873	0.5398355648913701	0.5
500	3247.0212584396254	-11.23493897344285	0.8863852966062391	0.5850091438625765	0.5
510	3250.209431420064	-11.29835497687334	0.8958445597235699	0.2732428664340574	0.5
520	3248.077232442232	-10.651488565604177	0.8322189139355053	0.16714333254871142	0.5
530	3251.312559605568	-11.088696307537546	0.8751151704802683	0.24959509740594477	0.5
540	3246.640799315614	-11.046699747278826	0.8690791918384483	0.4332273590009029	0.5
550	3249.7803422530437	-11.465537246541794	0.9131993457515291	0.20958696032248986	0.5
560	3248.9258580506053	-10.839567990537168	0.852314298586067	0.03839911682244179	0.5
570	3248.4204591046087	-10.859666038759253	0.8509972663210438	0.37108282554558736	0.5
580	3250.965433195815	-11.466424704694655	0.9135884590044427	0.17955021655965675	0.5
590	3246.6490445787636	-11.248691624590146	0.8887892841818209	0.4821368977765629	0.5
600	3249.106435776038	-11.08722860851412	0.8740137059156668	0.34506456363160753	0.5
610	3250.1158376687376	-11.035548519116391	0.87026883991614	0.20275026960716105	0.5
620	3248.6932857969646	-11.316902309535735	0.8959634010629135	0.4468320591233476	0.5
630	3248.9475120489124	-11.274823910016979	0.8929617817528206	0.326209994944817	0.5
640	3249.6623393232944	-11.323914999625753	0.8996792022407967	0.14537884223494552	0.5
650	3250.428931972412	-11.136076903134876	0.8800229024555933	0.23262785584604279	0.5
660	3248.8167156686955	-10.81305678037567	0.8397383100030429	1.0308858735093143	0.5
670	3252.535724706194	-11.155057674513735	0.8777778137455737	0.6469444406370111	0.5
680	3250.3331970145255	-11.010883874717464	0.86621910243951	0.3610775732810532	0.5
690	3247.9763524324817	-10.75303358157593	0.8399915977546346	0.4053251103533525	0.5
700	3250.16188912652	-11.179148543413733	0.8852081692336928	0.14481758082563498	0.5
710	3247.923415745787	-10.867030781736556	0.8541552967896497	0.12892720845791267	0.5
720	3248.842474558436	-10.783632409094738	0.8434251893736124	0.3679542236436281	0.5
730	3248.8931992803377	-10.909911692429393	0.8559445551969678	0.378810474654568	0.5
740	3248.0661854566983	-11.41014052449026	0.9085071740256566	0.12483691239449211	0.5
750	3249.260483828426	-11.55461972871036	0.9220364656783565	0.21669978932537323	0.5
760	3249.2010500927186	-10.819346949589812	0.8478540875993275	0.2822098060227416	0.5
770	3249.6634114566077	-11.13948384209274	0.8794065113488384	0.3283363561008228	0.5
780	3249.1468662708085	-11.70705572655344	0.9368541825966167	0.25928807593006675	0.5
790	3247.7008904966774	-10.673554332623914	0.8328609097685304	0.323601419443584	0.5
800	3245.848335850748	-11.437695292461296	0.9079693546875085	0.45416652591945206	0.5
810	3249.505085594075	-11.272376572960711	0.8903186626688142	0.5660485327829679	0.5
820	3251.156047359455	-11.1547483715689	0.880985473350065	0.32308545074003325	0.5
830	3246.443607891233	-10.826666732881023	0.8474125163145255	0.3995647674154078	0.5
840	3249.21556092077	-11.149153965540393	0.8829200912330384	0.07367960215787618	0.5
850	3243.1792937952423	-11.177653452239726	0.8807400277277954	0.576680819675911	0.5
860	3247.099605930191	-11.797252855476076	0.94730446032714	0.11623159210474802	0.5
870	3249.2937768132037	-10.930698650479485	0.858765590042007	0.3045765706521012	0.5
880	3249.20903088691	-11.126413291798993	0.8805407584067968	0.08420614736834249	0.5
890	3249.270876294896	-11.066537314599913	0.8745474242206537	0.08477979399166848	0.5
900	3249.810133495066	-11.552662095892938	0.9220344523942925	0.1973247895583011	0.5
910	3250.265933411479	-11.122881219298517	0.8788836336395799	0.21459789908527496	0.5
920	3247.7823846631163	-11.540224783854425	0.9181440773570151	0.4619891729007218	0.5
930	3249.3232800013852	-11.063427014451289	0.8747462773124641	0.03379148332430744	0.5
940	3249.571162155947	-10.632476086017682	0.8296721401782211	0.23169591241274204	0.5
950	3248.960074722608	-11.338153051591288	0.9019228039004911	0.06339919592209835	0.5
960	3249.2065661005117	-11.025798415635796	0.8708192821426464	0.05020501215153835	0.5
970	3251.2685892278278	-11.157824875989265	0.8787628070876476	0.5761171211859791	0.5
980	3247.0819549122384	-10.851109006977234	0.8529589771335399	0.08934142647660574	0.5
990	3248.01513896507	-10.752881389042043	0.8402962198578213	0.37334097469653915	0.5
1000	3248.022631362811	-10.908338697913907	0.8553892880868357	0.4186072405139316	0.5
1010	3248.8034849045243	-10.850177328433412	0.8503766935681458	0.3382529975780854	0.5
1020	3248.95380394035	-11.287426967737982	0.8973669738455963	0.011721362878849968	0.5
1030	3249.2658553546767	-11.224664334319097	0.8903543502339903	0.08535738985051843	0.5
1040	3248.985913187704	-11.515553757413196	0.9143259547760185	0.5970911665889487	0.5
1050	3245.4028248181853	-10.366426028624819	0.8049531686796264	0.043092488344661076	0.5
1060	3248.570982665445	-10.85197456435488	0.8532091310447619	0.07298160913144092	0.5
1070	3246.6304514353606	-10.861842037617564	0.8512586339205196	0.36670605418253527	0.5
1080	3251.7188695235754	-10.85131801114591	0.8467009630108554	0.7172328804323342	0.5
1090	3249.640068528536	-11.131664162184832	0.8814759118089291	0.04319951101419306	0.5
1100	3246.862088259002	-10.742242767883672	0.8429169142261058	0.004885326284915326	0.5
1110	3249.4749563553582	-11.066419471209633	0.8745844857783296	0.07989520432197762	0.5
1120	3249.308651238382	-10.855520033787608	0.8513738451856984	0.2919648893649453	0.5
1130	3248.866262988084	-11.653662729879672	0.9308905490697051	0.32172146188538453	0.5
1140	3250.3393462605386	-11.21830394221271	0.8870348144417817	0.35370704800837033	0.5
1150	3250.476216192746	-11.288136256484034	0.8959422083750994	0.16129079738970703	0.5
1160	3249.5408875851626	-11.160991485258513	0.883297232917258	0.1543406309184681	0.5
1170	3249.8586685763094	-11.059569198029287	0.8737203733785529	0.09780371249679073	0.5
1180	3248.6063129769273	-11.165374888647646	0.8827482148495558	0.2530764715799222	0.5
1190	3251.8241744948505	-11.338437094576516	0.8986382305154595	0.3946969642782844	0.5
1200	3246.4396618006194	-11.512245783922722	0.9160954987503636	0.3870570342494588	0.5
1210	3248.9017321665333	-10.717940768618893	0.838452346990687	0.20832205717892555	0.5
1220	3247.7771012435146	-11.719454333994138	0.940462564769426	0.02243593305770039	0.5
1230	3249.4398675609805	-11.617205800646236	0.9271877743216742	0.3274296443540501	0.5
1240	3248.5288202081133	-10.847957952670965	0.850009054863947	0.35282311037416425	0.5
1250	3251.03270276263	-11.279931637063246	0.8920491653894371	0.46854890174768615	0.5
1260	3248.998416547385	-10.80409553280103	0.846434050680703	0.27169932999865115	0.5
1270	3248.938319714197	-11.098116862045933	0.8770462543298053	0.15069225753755847	0.5
1280	3247.347231738263	-11.822618624572868	0.9466001929611246	0.4403160196752527	0.5
1290	3249.2552706367474	-10.80570644884103	0.8464392036919887	0.28729318927038316	0.5
1300	3251.0074390438135	-10.937282930183512	0.8607382600916974	0.17315236272457887	0.5
1310	3251.217250912655	-11.336115754969624	0.9002611436748037	0.2091922522752464	0.5
1320	3248.3798272212734	-11.773752248262916	0.9438676649142471	0.224905061263723	0.5
1330	3242.7701940064535	-10.993006009121304	0.8625339569284085	0.5508134684314049	0.5
1340	3249.6299478279775	-11.477062759707632	0.9130281738935636	0.3419592777790293	0.5
1350	3249.9769335137735	-11.316583857281548	0.8987758690802902	0.16240073484583156	0.5
1360	3249.0323488545623	-10.862182257839898	0.8531936907678715	0.17660257167140897	0.5
1370	3251.0013331279956	-10.797496474487158	0.8444053111656028	0.40858269837079614	0.5
1380	3251.0010435300564	-11.345990301093888	0.90045549384759	0.28850269623949554	0.5
1390	3251.5741014970868	-11.204500823224933	0.8852010662807479	0.3990506742343249	0.5
1400	3249.4320038961714	-11.172252605018306	0.8839571567531691	0.20095944492579074	0.5
1410	3248.0066086999577	-10.77799711739811	0.8428168281625198	0.37243742778846595	0.5
1420	3249.972059531514	-11.816570233198874	0.9486828881718564	0.17156258486206383	0.5
1430	3248.765337165204	-11.632453140817216	0.9317201663036508	0.026663847865907468	0.5
1440	3249.6256122134687	-11.070810525552677	0.8739156266955959	0.19069165602619143	0.5
1450	3240.035287440778	-11.099954456258674	0.8731018188436837	0.5635117482772398	0.5
1460	3249.993300646919	-10.804898522817007	0.845916739929543	0.33146030527454634	0.5
1470	3248.383113563853	-11.403017250945368	0.9028789298096956	0.6164285985433744	0.5
1480	3248.725183848545	-11.608600007712948	0.9269485404800938	0.2652950991794758	0.5
1490	3251.1517960197707	-10.982888463708631	0.86429103149728	0.2739305574174171	0.5
1500	3248.3029284934	-10.691302858020595	0.8366973017971627	0.11744747054876574	0.5
1510	3249.149992104319	-10.855307624875675	0.8512674968859396	0.30047563022149515	0.5
1520	3250.734270897357	-11.196314773726796	0.8871534881941116	0.12194798791581107	0.5
1530	3249.1704370276766	-10.831826329553806	0.8497191893409713	0.22049343150031533	0.5
1540	3250.479646140854	-10.813769317296147	0.8488140031836429	0.1304419246566407	0.5
1550	3249.4263263842854	-11.549993399881886	0.9220510923110252	0.16897383777549657	0.5
1560	3249.3427278965855	-11.536282954355173	0.9187046038673159	0.36651822687910834	0.5
1570	3250.3243978636315	-11.01843054589493	0.8665217759098317	0.4062769380254052	0.5
1580	3249.240152751735	-10.996067667141046	0.8666500921001632	0.16981653145334452	0.5
1590	3249.4499784990217	-11.381244994505511	0.9035539153505278	0.3312074800612485	0.5
1600	3250.3506532555157	-10.905710192674464	0.8553797663789874	0.3932743589049216	0.5
1610	3248.2732467071687	-10.635974721835174	0.8300012240931541	0.23377387909525188	0.5
1620	3249.1085745605983	-11.059099341908324	0.8745712075029883	0.008021738843587119	0.5
1630	3249.6516509898142	-11.349060959764028	0.9009591568006274	0.2688429876370902	0.5
1640	3248.6992584327895	-10.961540200581554	0.8640447370719674	0.08507736867861639	0.5
1650	3248.9997409376683	-11.546370579625323	0.9230699157291616	0.030863293396860746	0.5
1660	3250.1152966920235	-11.325478706341025	0.8994745891122798	0.1814772222421083	0.5
1670	3249.401588011581	-10.729799640996157	0.8386451279963734	0.3076326803840461	0.5
1680	3246.4292564437083	-11.343903164142457	0.8985465130907933	0.45852940240517504	0.5
1690	3248.727042002486	-10.675665358885544	0.8346229686234216	0.16850579657296588	0.5
1700	3250.163087329158	-11.236891203981289	0.8896503271999271	0.2780283898798194	0.5
1710	3250.4280018689933	-10.956683300074884	0.8608344170969471	0.35754036111336	0.5
1720	3250.0834464303143	-10.630674514093364	0.8292712686291496	0.253767348077777	0.5
1730	3247.9189026385375	-10.653541381215698	0.8330970618899245	0.09985669322392811	0.5
1740	3248.935470407658	-11.137185601715078	0.8773655558483745	0.509449502372697	0.5
1750	3249.5040060446786	-11.495654829948771	0.9153300931288143	0.2976880566657544	0.5
1760	3248.4608119966333	-10.798784500543306	0.8481447777677169	0.04751629872084032	0.5
1770	3250.3181425156067	-11.280563027248157	0.8956697426294714	0.11280507959370091	0.5
1780	3250.347191969803	-11.28343011943138	0.8944798245055812	0.2604678138150738	0.5
1790	3249.5773200761923	-11.388630295110833	0.9071677446465214	0.04367755651518851	0.5
1800	3250.2391718403583	-11.116808316790731	0.8772178342191771	0.3204488160487061	0.5
1810	3249.5159109226024	-11.404804361443265	0.9063509072358785	0.28710196090377094	0.5
1820	3249.120022186505	-11.33506765119877	0.9019722646098115	0.027599121065771618	0.5
1830	3242.2973427101847	-11.764378720247501	0.9398031762339607	0.5376186491380305	0.5
1840	3249.4385690030217	-11.516695141963945	0.9190451930291054	0.136581186787887	0.5
1850	3251.992505430794	-10.692607372336651	0.8355176569942375	0.24845709400165433	0.5
1860	3247.143353633832	-11.165262841054604	0.8812918533395524	0.39759214664967496	0.5
1870	3250.762120275153	-11.502627904833634	0.916185770782908	0.2818510401045073	0.5
1880	3243.213167851412	-10.825332811270117	0.8461318672691694	0.5142904558434781	0.5
1890	3249.630679347908	-10.998182192407356	0.8674756130609188	0.10840968804108544	0.5
1900	3249.529705607901	-11.302778983116317	0.8969573789001313	0.20620101120954482	0.5
1910	3249.708849124988	-11.368125531909818	0.904518580812557	0.10354630790224005	0.5
1920	3250.083478200775	-10.98284658407718	0.86483414175658	0.21920073517353572	0.5
1930	3248.152973414587	-11.371129241078723	0.9056627415089847	0.01916732994848752	0.5
1940	3240.2467702253543	-10.975957096593692	0.860055254587402	0.6281945772564125	0.5
1950	3249.603187607467	-11.164678134455723	0.8845466978582884	0.06626062878794715	0.5
1960	3250.551952400188	-11.568639260244948	0.9219957540056813	0.36096627194100084	0.5
1970	3248.2237865042903	-10.909532110924689	0.8591863114560069	0.05083903370591379	0.5
1980	3245.837815760887	-10.945199623157416	0.8628922181796427	0.036923483669369074	0.5
1990	3249.020196285296	-10.866623903472247	0.854248149689696	0.11557313581245517	0.5
2000	3246.485953265712	-11.436188436256877	0.9112479266411042	0.11124076851822895	0.5
2010	3248.43228459176	-10.861372257535656	0.8512785848914228	0.36001315627436103	0.5
2020	3249.717515577819	-11.163318008109893	0.8837461647608802	0.13271267507090012	0.5
2030	3249.6045110179657	-10.811207249572405	0.8467781788780111	0.3084036779827816	0.5
2040	3246.334693228885	-10.594029142474344	0.8244448814738695	0.3699523474161669	0.5
2050	3249.2766620096577	-11.056085333458746	0.8716812687341143	0.2668755312355499	0.5
2060	3239.597503959834	-11.314034786475837	0.892730331544998	0.7414637803180454	0.5
2070	3248.7854633599495	-10.842997230622062	0.8503142700450671	0.2726943717733367	0.5
2080	3249.6078948571485	-11.406820702452267	0.9055561252724496	0.38674356733715926	0.5
2090	3249.3968317597687	-11.444336330646564	0.9102929421066654	0.2882181658581046	0.5
2100	3247.878242230125	-11.20095031705677	0.8832766114627685	0.5559910943496965	0.5
2110	3248.3341240689224	-11.26486680239667	0.8935317711588415	0.16963997814129442	0.5
2120	3245.3988583591686	-10.960561055292851	0.8638596717312241	0.09379244986499966	0.5
2130	3249.7572373641797	-11.046875555394072	0.8688771424758286	0.4551903764166656	0.5
2140	3249.478982098125	-11.200424134919096	0.8862318859894646	0.25520182030348104	0.5
2150	3249.1864111352756	-11.33815972885391	0.9024025193793247	0.015494420665904129	0.5
2160	3250.2495280421513	-11.189329657470395	0.8859045752149506	0.17698812326819527	0.5
2170	3247.9479380283206	-11.359680868252815	0.8973647333843382	0.7344844141538643	0.5
2180	3249.3426399788473	-10.919251804919941	0.8573744910459754	0.3292180146614834	0.5
2190	3246.8015866412934	-10.368328946545729	0.8034834563251023	0.20909290300650565	0.5
2200	3248.635779614216	-11.494428881236814	0.91600732118304	0.21770576412358697	0.5
2210	3251.2204497270845	-10.93482639833397	0.8584071335438117	0.38169969901810114	0.5
2220	3249.9722118760365	-11.11185948242416	0.878297153240719	0.16302857022942407	0.5
2230	3249.416197963045	-11.467815045234554	0.914208458789632	0.1314536434421528	0.5
2240	3244.1324308123135	-11.238839518583267	0.8909715511422057	0.16538914167168547	0.5
2250	3249.025575479933	-10.757112056131202	0.8422140216682158	0.22386746455002368	0.5
2260	3248.581537515668	-11.424797976816675	0.9111506728263867	0.007061555587833014	0.5
2270	3249.395662785237	-11.201390127108244	0.8888749550137526	0.0005548397667103219	0.5
2280	3247.9275868421973	-11.197762237246431	0.8839675124136575	0.4550202011580159	0.5
2290	3250.521400251462	-11.516315695444955	0.9190479778766492	0.13250823684430807	0.5
2300	3250.5147103211584	-10.958703291373844	0.8617547969438554	0.28570228941236187	0.5
2310	3248.7242384060064	-10.625078176195842	0.8290474926136768	0.2201815706501517	0.5
2320	3246.904079474536	-12.053739851748887	0.9715188456165058	0.25966302589777135	0.5
2330	3250.324526711347	-10.787444501519474	0.8443976138918835	0.3088326960657771	0.5
2340	3251.9801375110073	-11.628202688404341	0.9262622027059872	0.5299556835040157	0.5
2350	3248.9796915527345	-11.203772500621662	0.881681722801379	0.7437017961380037	0.5
2360	3251.8427714967993	-11.231268247546947	0.8899276708499597	0.19406446053267537	0.5
2370	3249.4744833341824	-10.77396286055079	0.8435210721552222	0.26167046004503963	0.5
2380	3247.7626628098046	-11.594323810860452	0.9272339024953671	0.09399692912728771	0.5
2390	3249.32456196784	-10.802682249554968	0.8464668048978793	0.25429107582119614	0.5
2400	3249.1280298578795	-10.786582541598799	0.8441844062467342	0.32153386137390894	0.5
2410	3246.7281923884516	-10.883839634239653	0.8532682518558095	0.38572022687498947	0.5
2420	3251.642342067913	-11.12008753197135	0.8755471560922691	0.5203087805458259	0.5
2430	3249.941217458714	-11.46661370840859	0.9128359246822757	0.2566936859176531	0.5
2440	3246.1927925377076	-12.058308871116177	0.974254624621532	0.03177531906805648	0.5
2450	3248.115309166671	-10.742319300434232	0.8412255749167191	0.17478458272994887	0.5
2460	3248.834247584588	-11.464306577998133	0.9147210712929068	0.045107720750387804	0.5
2470	3247.3887147150276	-10.75571533789272	0.8440221500570739	0.029087443279376502	0.5
2480	3248.4621100729696	-11.506621210767111	0.9180445042663825	0.135910751092277	0.5
2490	3250.130063100271	-11.267575600082694	0.892487025062817	0.30120256460469746	0.5
2500	3238.218896814421	-11.302720501218655	0.8934493726749883	0.5564168147470746	0.5
2510	3246.4037765537178	-11.871195052603603	0.9558083334366925	0.005266252426262526	0.5
2520	3250.241571376727	-11.364195433534054	0.9029882230426137	0.21728110113861906	0.5
2530	3248.9504391292535	-10.669739772987263	0.8345969664837943	0.11185015155280148	0.5
2540	3249.04905030067	-10.988640668821235	0.866486012285304	0.11195452974157971	0.5
2550	3248.278844981824	-10.492060993327941	0.8166671555283244	0.12804345050679794	0.5
2560	3251.2687585848435	-11.112143485701473	0.8759866565526656	0.3969182718076657	0.5
2570	3249.604649572608	-11.292138178866505	0.8945514457194812	0.3403862867765447	0.5
2580	3249.156812342354	-11.051722869232282	0.8704377799803705	0.3475997643456496	0.5
2590	3248.061199465724	-10.825262005458749	0.8501292705352601	0.11384207112109969	0.5
2600	3249.8171669223266	-11.58133179430788	0.9230242851051276	0.38503850262576356	0.5
2610	3250.4397595301775	-11.190074934230354	0.8857030916052444	0.2045892518389176	0.5
2620	3249.757713848902	-11.248420187376103	0.8920913195123106	0.14921899258951035	0.5
2630	3250.612857825149	-11.094918142843895	0.8767376970422992	0.1495607942685508	0.5
2640	3246.5116427164385	-10.881098215481009	0.8531233229730053	0.37279892756911664	0.5
2650	3249.7147955989262	-10.924463952784667	0.8591143907002408	0.20734952788186456	0.5
2660	3249.3878817386117	-11.162959350047108	0.8849487367168959	0.008868898840947818	0.5
2670	3248.4977877593124	-11.117172771872198	0.8778741050534958	0.25846628343194095	0.5
2680	3247.9362297148864	-10.574209898548686	0.8233701448884115	0.27923356670556354	0.5
2690	3250.621743640645	-11.163914690490001	0.8805093520984446	0.4623607651153771	0.5
2700	3248.063457390516	-11.29519093024227	0.8965478830739108	0.17127006509152864	0.5
2710	3250.220594393673	-11.042377902125233	0.8701549217228646	0.2824359190254993	0.5
2720	3249.6007998439045	-11.176057455758944	0.8851156588288234	0.12315774476698263	0.5
2730	3249.2788232755292	-10.741116421936953	0.8404825524327234	0.23705804615744377	0.5
2740	3249.1057341858113	-11.358547665453296	0.9036312014399496	0.09650558059826386	0.5
2750	3250.5891846879886	-11.097829298391188	0.8771253398698965	0.1399080669823291	0.5
2760	3250.033959341548	-11.37969736234842	0.9039861765848153	0.27250503506282686	0.5
2770	3250.793323439851	-11.456085200062969	0.9122778252844153	0.20721854224820777	0.5
2780	3249.9533915274674	-11.415286996449078	0.9073745181573528	0.2895672188157923	0.5
2790	3247.9331337047483	-10.538327360306166	0.8190684808379746	0.3505745893245613	0.5
2800	3245.7090599104286	-11.858974746240982	0.9496719460924393	0.49670192322650775	0.5
2810	3248.1213539190053	-11.912001205236008	0.956988899458486	0.2952711765719207	0.5
2820	3248.033248657176	-11.028019489448747	0.8709976932712213	0.05457463742597574	0.5
2830	3250.45043241654	-11.135734977136709	0.8797318691549226	0.25831192593525565	0.5
2840	3249.256732691602	-11.51422127030344	0.9165188722797503	0.36447454512005284	0.5
2850	3249.213086135196	-10.772589565517503	0.8431780773138877	0.28223699384687234	0.5
2860	3250.1007155279826	-10.973816405496127	0.8638110180655508	0.23121131846690268	0.5
2870	3248.582195046929	-11.655741503034488	0.9331968335517259	0.11188074523301696	0.5
2880	3250.264906016586	-11.362695444863387	0.9028450778954603	0.21659572914837386	0.5
2890	3249.461460076745	-11.034113175795778	0.8696515886884104	0.25012195917754704	0.5
2900	3249.272638007848	-11.392567371427685	0.9072184540760939	0.07797737672793117	0.5
2910	3250.0278673425432	-10.986266232663448	0.8646203017316021	0.27478122353468853	0.5
2920	3249.218129109247	-11.11493080162596	0.8787596093953448	0.14749614678547024	0.5
2930	3248.4960466193597	-11.350696853266381	0.9036191263000369	0.01920497272066978	0.5
2940	3244.4562641750254	-11.245276283472768	0.8875259978489184	0.5743121198967924	0.5
2950	3250.5265962239846	-11.190114440530925	0.8847970154087023	0.2955919344998518	0.5
2960	3248.966884661369	-11.06985733302147	0.8756773719690562	0.004985203369836572	0.5
2970	3248.820242626177	-11.235699615872209	0.88869496156567	0.36164907221591786	0.5
2980	3250.2670659226565	-11.182558191389115	0.8841928784123615	0.28044314271586085	0.5
2990	3246.8992973880468	-11.539012141254503	0.9196711364677917	0.2971568358266093	0.5
3000	3248.345988471413	-10.869068348653308	0.8520957648694374	0.3552560696501385	0.5
3010	3249.0037122935646	-11.166624223944636	0.8846591500938227	0.07447630012439448	0.5
3020	3249.865462366212	-11.031222864659991	0.8681713144243893	0.3692462742208832	0.5
3030	3250.198790637029	-11.076757689736626	0.8737991444168711	0.26181152573899374	0.5
3040	3249.565804110957	-11.575596824497827	0.922553191351369	0.3747981799011437	0.5
3050	3249.896589117249	-10.926275947068639	0.8585573703152831	0.2811715092179093	0.5
3060	3249.5989152745697	-10.960807830601777	0.8633952892414803	0.14269845192941227	0.5
3070	3250.513884518353	-11.411492074418184	0.90795427512801	0.19364230144049355	0.5
3080	3249.9984151076014	-10.983793373232984	0.8637110093978708	0.34098186260285507	0.5
3090	3250.3883374540137	-10.98964980154858	0.8652503547563034	0.24561160991525371	0.5
3100	3249.2256845782094	-10.80932284272436	0.8479994188086799	0.16743561643527677	0.5
3110	3249.4437651236663	-11.189702475918097	0.8848875891665443	0.28241491258628626	0.5
3120	3248.860436508378	-11.148734736354234	0.8799899817310209	0.36249826049984185	0.5
3130	3249.6788439306415	-11.084437206321375	0.8764540105103008	0.07312008224332411	0.5
3140	3250.732380949081	-11.093753099859622	0.8739915373694191	0.4125263317137264	0.5
3150	3247.110828426956	-11.243112956349293	0.8889637811324285	0.40890052030924506	0.5
3160	3244.080707327158	-11.191078486552815	0.8823136193929192	0.5535719962953375	0.5
3170	3249.1972638770617	-11.040997749747685	0.8694550402275356	0.33862254478252957	0.5
3180	3249.7990174599595	-10.98616479597458	0.8652217701727861	0.21362001252661053	0.5
3190	3247.0584634494758	-11.66705981706556	0.932640829489396	0.2806642917754287	0.5
3200	3249.4554687779764	-11.201244748938333	0.8870345510162508	0.18314145781762164	0.5
3210	3249.4957611396867	-10.93757264056077	0.8615700766570094	0.09286780996625021	0.5
3220	3248.2598872777	-10.640017109734192	0.8309030686924803	0.18401329815328177	0.5
3230	3249.446676999759	-10.90540821474931	0.8569920313795361	0.22902807959919122	0.5
3240	3251.864425181817	-11.38316128125055	0.9019701809003121	0.5087437925339063	0.5
3250	3249.9908150966708	-10.988425582896133	0.8646260571909694	0.295799179924058	0.5
3260	3250.9588719800054	-11.321375220592525	0.8974930435277565	0.3385969232091754	0.5
3270	3248.869158101525	-11.45229591604914	0.9107807934954303	0.31902888100760846	0.5
3280	3251.345962781145	-11.25120001690491	0.888149947452869	0.5711544938212257	0.5
3290	3249.6117114874064	-11.068612811687077	0.8748869422474462	0.07158296218489427	0.5
3300	3248.6836614147282	-11.672519763429538	0.9336771020631911	0.23163649803523043	0.5
3310	3247.57381852758	-11.727415901886062	0.9376965374642426	0.37865434249523755	0.5
3320	3250.4621358440504	-10.926157687346507	0.857650311445389	0.3706947989852586	0.5
3330	3251.917230313498	-10.969251257339966	0.8629620180260624	0.2704598408522483	0.5
3340	3249.818356361196	-11.472575275460276	0.9136411862197876	0.23578320268313332	0.5
3350	3250.0686907895006	-11.250344102435248	0.8912098288756256	0.2566072068490965	0.5
3360	3249.5313180124867	-11.131744308177533	0.881480088340562	0.043583317778345766	0.5
3370	3245.320793435318	-11.297650461743192	0.8932380508208247	0.5268486054085831	0.5
3380	3249.2424304156248	-11.373229957991951	0.9054200663286746	0.06444201711133364	0.5
3390	3247.9554655326865	-11.764372442093677	0.9415494605012585	0.3629274408700938	0.5
3400	3250.001377529691	-11.155327291967994	0.8829518297682022	0.13223901291887005	0.5
3410	3242.224269924495	-11.066036359383322	0.8695135262552932	0.5831600383629272	0.5
3420	3250.618816821511	-11.106833963771356	0.876053248264357	0.3371638813368206	0.5
3430	3252.6681111789953	-11.046793061755668	0.8689868368072465	0.4433960068910892	0.5
3440	3249.4190704307193	-11.643604078285781	0.9304912821131142	0.2610616416055019	0.5
3450	3249.8262305617563	-11.456932214079881	0.911347631065671	0.30870810429071344	0.5
3460	3251.3255203244325	-11.11352350067189	0.8776466614273634	0.24471793404139094	0.5
3470	3247.2064841948877	-10.924864558482913	0.8601369909386763	0.1090955610204677	0.5
3480	3246.6360847062165	-12.101083557184648	0.9760442182872515	0.28056281318031795	0.5
3490	3247.909910270319	-11.183649143181436	0.8863914869334069	0.07149180853256211	0.5
3500	3250.222098388803	-11.32804859972633	0.8982538854983773	0.32924651748471473	0.5
3510	3246.0073658052856	-11.674094669530248	0.9354594911549574	0.06914664986548805	0.5
3520	3248.6653006266565	-11.010952383370551	0.8692664409269658	0.05702881106784867	0.5
3530	3250.392102316829	-11.104125312907987	0.876934880321139	0.22191416702466416	0.5
3540	3246.473827088729	-10.494777690096756	0.8173120039510517	0.0907255759212419	0.5
3550	3249.6362814565646	-11.132564905326893	0.8812583643918147	0.07396168414631979	0.5
3560	3249.8700365762875	-11.116788639830972	0.8774765189551682	0.29438357285179195	0.5
3570	3250.3559172908754	-11.20380709231937	0.8866841799885979	0.24380199439259603	0.5
3580	3251.8402636520855	-10.84326704331843	0.8509395546665538	0.21286403658743533	0.5
3590	3249.1533512654814	-11.011076618999258	0.8692094874545158	0.063966514599363	0.5
3600	3247.0644142462293	-10.959111930669808	0.8604232047189488	0.4229479048615061	0.5
3610	3249.7882242681644	-10.971773124750813	0.8626308674981032	0.32879356775611085	0.5
3620	3249.111556697755	-10.65056194246519	0.8308319696355637	0.29657153115384216	0.5
3630	3250.083510604267	-11.217744132616824	0.8893747110994531	0.11411928628119708	0.5
3640	3249.4367527669765	-11.069531729880474	0.8740713933346955	0.16232703539370624	0.5
3650	3251.261617636996	-11.120571068619677	0.8781063712317386	0.2692226330811892	0.5
3660	3249.3229663125176	-10.819383859518572	0.8486811259966093	0.19987506558324852	0.5
3670	3249.3059408208765	-11.13939106066746	0.8797342955248839	0.2946301242446456	0.5
3680	3248.7388325426396	-10.811863716890086	0.8490469450477895	0.0880917341803329	0.5
3690	3249.396919553082	-10.770055432311503	0.841572078845722	0.4174955086014366	0.5
3700	3249.2338984416742	-11.223599603772012	0.8887703434512428	0.23311076265450664	0.5
3710	3250.9282199632676	-11.359598608778544	0.9010582656867382	0.36430858917044867	0.5
3720	3250.608147185592	-11.041085232838384	0.8700173579620515	0.2832656022377491	0.5
3730	3247.0424146896707	-11.797296502700018	0.9431842750293654	0.5286865941226163	0.5
3740	3250.489074133372	-11.250700381744835	0.8914600163742694	0.23515125008025806	0.5
3750	3250.1097368342553	-11.426308282484596	0.9093479033565156	0.20244155925347052	0.5
3760	3249.7806287726303	-10.826417859304025	0.8500770097762796	0.13062668547150488	0.5
3770	3249.5735985131123	-10.839105127836197	0.8500821328822432	0.2569870601971826	0.5
3780	3249.960587766069	-11.098687091417593	0.8775146478235116	0.1095552018844754	0.5
3790	3249.3308246638835	-11.148174777584677	0.8834925526680797	0.006641579098692315	0.5
3800	3250.1500709440456	-10.90745674295705	0.8559687281175203	0.3518436878781756	0.5
3810	3249.5190484673285	-11.516746100814538	0.9172485285292261	0.3167572252823999	0.5
3820	3251.668212076376	-11.025261619765615	0.8674182490972197	0.38494035799403725	0.5
3830	3248.8548324838775	-10.871090647398738	0.8529456471264462	0.29049083140240145	0.5
3840	3249.6683627272423	-11.080227613171006	0.8737977188159556	0.2966533201741414	0.5
3850	3249.917081549023	-11.264199487046547	0.8946390039134805	0.05224354917727358	0.5
3860	3247.2188477744585	-11.676064386523375	0.9326119863755328	0.37359429774039815	0.5
3870	3251.0305404324104	-11.350257836417	0.9007373701272458	0.3029904215054052	0.5
3880	3247.659961119653	-11.164101245789134	0.881994225253318	0.31573900261948934	0.5
3890	3248.275078907457	-10.735738372699224	0.8411859597779425	0.11293681925785476	0.5
3900	3250.4467022305917	-10.982107469059539	0.8646832350279764	0.22690025785785242	0.5
3910	3247.631660019386	-10.685827471444437	0.8370330283487323	0.02912094963113143	0.5
3920	3249.5144624143763	-11.277354651159877	0.893921605585848	0.25553502307420367	0.5
3930	3249.76419921544	-11.36707783082743	0.9018035726278159	0.3645701155528657	0.5
3940	3249.2839707097246	-11.434053121905224	0.9109586577616765	0.11881451294484767	0.5
3950	3248.75156647265	-11.10375904518853	0.878805121365829	0.031227385362860786	0.5
3960	3246.73714785922	-10.42822646272927	0.8091021907480223	0.24619462255066268	0.5
3970	3251.1289108678066	-11.07762572359227	0.8734649899781491	0.30390730816831973	0.5
3980	3248.5649991501064	-11.14707330947397	0.875104076258808	0.8344745389194002	0.5
3990	3249.8044423558554	-11.239439154001232	0.8894073739835875	0.3278032117140367	0.5
4000	3251.0756010938753	-10.982292532843125	0.865418830705964	0.1551913278954404	0.5
4010	3249.8480681973533	-11.14422000740443	0.8820787840676285	0.10847073734180197	0.5
4020	3246.677625412412	-10.87011772624784	0.850925025493997	0.4828237831389163	0.5
4030	3246.6960810811415	-11.482473969879326	0.912862624770375	0.4126262918159972	0.5
4040	3249.3579729989274	-11.02006416582155	0.8659434087188301	0.48044985639261356	0.5
4050	3246.8644126734134	-10.480262640826872	0.8131548575816675	0.3612897201618913	0.5
4060	3249.8665042672997	-11.39979577441614	0.906019008308447	0.27020598337641655	0.5
4070	3249.182950188802	-11.214290506437518	0.8892882021699599	0.0882339174385058	0.5
4080	3250.300747820317	-11.441416732716736	0.9103262037632174	0.25569602090478283	0.5
4090	3249.466006865063	-11.04064446849525	0.8718721359701754	0.09338015799404366	0.5
4100	3248.1792189560483	-11.1651458696791	0.8837058937925923	0.15501838759072156	0.5
4110	3248.6256471189513	-10.851481059312196	0.853401161496934	0.0488435134875665	0.5
4120	3248.8760804360263	-11.692953884809992	0.9345027287062493	0.35341504753399067	0.5
4130	3248.0233985079703	-10.611688689436754	0.8265032054023495	0.340715424191492	0.5
4140	3250.088287163448	-11.151354826165655	0.8827505005068865	0.11264728102691804	0.5
4150	3248.632589012696	-11.694143275909408	0.9345606855295976	0.3595132761933151	0.5
4160	3248.8611677434747	-10.644503705423697	0.8295491130374455	0.36427482055140886	0.5
4170	3251.3139780062074	-11.262225957627425	0.8928437706916109	0.21203157717214732	0.5
4180	3249.313288422719	-10.892774209510645	0.8552038448270846	0.2815066824568718	0.5
4190	3240.423597947357	-11.152767963905234	0.8773274110488125	0.669087604229754	0.5
4200	3248.5503205194536	-10.740178861763038	0.841404808852988	0.1354568023902354	0.5
4210	3246.4443931079236	-11.13671572909442	0.8822459238465441	0.016713976348455895	0.5
4220	3247.536720263295	-11.564665322210894	0.9197201012551826	0.548792166649182	0.5
4230	3250.420468810021	-11.34721316768958	0.9022538260996433	0.12089813698994817	0.5
4240	3248.8555357120645	-11.477876719354406	0.9158369636318066	0.0692199004216149	0.5
4250	3249.424992707388	-11.582939353897657	0.9225455932764005	0.44898328139469895	0.5
4260	3249.926724800269	-11.223428724778701	0.8898664261435324	0.12179370349206262	0.5
4270	3249.0653374277135	-11.37856715297599	0.90527507383467	0.1323132163513646	0.5
4280	3249.0534382161527	-11.464910772899211	0.9109967741562593	0.42357938342486245	0.5
4290	3249.391322711784	-11.026141009320114	0.8681011417704253	0.3254449862171205	0.5
4300	3249.2407180732666	-11.284851637292313	0.8971278579988812	0.009879643093518608	0.5
4310	3250.087479978629	-11.318262959201654	0.8984641426496851	0.21036439710607865	0.5
4320	3249.349469306759	-11.609138789036747	0.926743460267461	0.2911909336794939	0.5
4330	3247.658767740175	-11.583369239020639	0.9232885159333781	0.3789898669267191	0.5
4340	3248.910049964348	-11.23357430253112	0.8885120293900062	0.35868915636904924	0.5
4350	3249.277956730756	-11.205845593843733	0.8889605857024909	0.036546438246808845	0.5
4360	3249.5460308511897	-10.705916104522263	0.8362491035194293	0.3083997633386328	0.5
4370	3250.631996235651	-10.762972022978168	0.8433816751029981	0.1657017895407242	0.5
4380	3248.7452962266725	-11.603563614210431	0.9279790886801099	0.11187634415192654	0.5
4390	3249.2199222421514	-11.347628388478565	0.9003245345505427	0.31797949978994816	0.5
4400	3249.9735647268367	-11.305702274809642	0.8970868989090863	0.2224819272463029	0.5
4410	3245.4056643611066	-11.2765297133632	0.8952777180981284	0.11167439387768945	0.5
4420	3250.235533427047	-11.352588682798848	0.9012204453206173	0.2779913659853138	0.5
4430	3244.0472496806437	-11.895566877193312	0.9533654366965253	0.4932741723391175	0.5
4440	3250.195035721283	-11.79837810759517	0.9461910121569077	0.23882893031987154	0.5
4450	3248.4907058759136	-10.894385506546303	0.8556995417975883	0.2480499557628538	0.5
4460	3246.843409955942	-10.68359907176655	0.833140123166529	0.39612747107116975	0.5
4470	3252.658369575373	-11.231916695820837	0.8892416799780093	0.2691480304658146	0.5
4480	3249.5518228327264	-11.113742664536078	0.8788525318540912	0.1263225300103352	0.5
4490	3249.5186730556015	-10.8425297613773	0.8499515650577492	0.3042901780567627	0.5
4500	3250.4498757072997	-11.100164625436008	0.8762096332219524	0.25483200222347185	0.5
4510	3249.2114318562526	-11.47182836071109	0.9150245896674515	0.08997371042437327	0.5
4520	3249.556715742619	-11.220052919210774	0.8876793035007852	0.3067479120876834	0.5
4530	3249.889938034831	-11.480484840801672	0.9148495280080795	0.19404467726720592	0.5
4540	3247.6215264184825	-11.213221620407637	0.8851358718582472	0.4927780883099986	0.5
4550	3249.4257356811127	-11.297571483114691	0.897858116177431	0.06405228346230164	0.5
4560	3250.4264401118658	-11.151270155685898	0.8799301453165943	0.39383609525820135	0.5
4570	3249.5768004099555	-11.423951333733447	0.9074926201700484	0.36440039038813415	0.5
4580	3250.1443562138975	-11.400310495914919	0.9062016655758479	0.25708747162289575	0.5
4590	3249.5991260042024	-11.293980522517472	0.8963333977525004	0.1806145199831169	0.5
4600	3250.9378482194265	-11.344477682364202	0.8990642345154906	0.4125024421513316	0.5
4610	3249.1357515559225	-10.979975770088354	0.8656487738330195	0.10902938763976504	0.5
4620	3249.7052036822947	-11.210848578530301	0.8892451408631801	0.05812076904299146	0.5
4630	3245.9793548851985	-11.26919413355927	0.8951017075112896	0.05591965452178115	0.5
4640	3250.814323263475	-11.439833152052241	0.9095780403553244	0.3146765550479452	0.5
4650	3250.6784441611962	-11.153671477440417	0.8827490964791407	0.13595419654757515	0.5
4660	3247.0282510886636	-10.907011509258641	0.8551594743867998	0.4283167239639768	0.5
4670	3247.831892292623	-10.623876025180122	0.8269520672528778	0.41770259657113024	0.5
4680	3249.946998751526	-11.227237338566646	0.8890553273099592	0.24098972472792687	0.5
4690	3246.315964774672	-11.648799483516738	0.9277503415519217	0.5871097500326063	0.5
4700	3248.928361603134	-10.82596684856896	0.8492413518377998	0.20968237196692943	0.5
4710	3250.682896211827	-11.219383660172955	0.88829248550716	0.2387371210707401	0.5
4720	3249.1248109570843	-11.449809493304246	0.9133261950605245	0.03962449704722783	0.5
4730	3247.04136854942	-11.244191969894384	0.8918140556865524	0.1346632003457233	0.5
4740	3250.7936273649343	-11.569330146379134	0.9228878897937842	0.27866155447010366	0.5
4750	3246.8645901213745	-12.186444261494279	0.9844766395407669	0.2909277309234523	0.5
4760	3241.668153311095	-11.200498877550094	0.8820937296950903	0.6697648760491366	0.5
4770	3249.2642176345094	-11.08984187114275	0.8732514873633754	0.447419045147297	0.5
4780	3248.45306798848	-11.372335198808166	0.9037952002249773	0.2179810356415126	0.5
4790	3248.635010009851	-10.829075551517237	0.851450179002985	0.019886684931623794	0.5
4800	3247.6703010614483	-11.513524749993305	0.9167840977869838	0.33098679129246555	0.5
4810	3247.6735782468313	-11.181284040876081	0.8817195522767436	0.5150342511444402	0.5
4820	3252.6144182608286	-11.39314584915124	0.9057704212775876	0.22856543381155706	0.5
4830	3248.4415981594093	-11.499536863852981	0.9154556995675915	0.3239477518285289	0.5
4840	3250.100405207926	-10.827020549464066	0.8490187269464571	0.24248187005322955	0.5
4850	3247.2560991856235	-11.42990977835649	0.9073156627763695	0.4416805759862467	0.5
4860	3252.9746070094525	-11.034467973304487	0.8692790834091599	0.29092046218709966	0.5
4870	3248.7896352392227	-11.459371756185737	0.9137675138598976	0.09111524592582504	0.5
4880	3248.8276730226335	-10.730964084698824	0.8392113590023937	0.2626540168073399	0.5
4890	3249.240703064207	-10.773148475794006	0.8435900480118369	0.24662902681481458	0.5
4900	3249.2331347785084	-11.403404592119756	0.9086945316348316	0.03874182777294808	0.5
4910	3249.3330311410177	-11.40496461959661	0.9071304477116707	0.21075049485716524	0.5
4920	3251.257339414038	-11.456145594037341	0.9115043631930898	0.2851686911227614	0.5
4930	3251.89346598732	-11.247791548884939	0.8914996328260629	0.20210127630090438	0.5
4940	3251.118593231497	-11.227300248652627	0.8881274995493289	0.33440160165126304	0.5
4950	3249.5874331173113	-11.070387192790148	0.8748613486054617	0.09188613741328326	0.5
4960	3250.2743357983004	-11.161517503884792	0.8817042818006309	0.3188959288425168	0.5
4970	3249.528662476489	-11.10418375209723	0.8767007216671204	0.2459144243180954	0.5
4980	3249.269289328856	-11.188338417722028	0.8861196873041162	0.14556451686615537	0.5
4990	3251.209121899954	-10.848757922614523	0.8498384767750135	0.3778806187014755	0.5
5000	3249.107676178844	-11.22059301536794	0.8885904799371402	0.22103123002301658	0.5
5010	3250.0737907925604	-11.402840023833091	0.905936295287744	0.3089197796144054	0.5
5020	3249.4193394654258	-11.246097485037918	0.8931243658788148	0.022687332555977446	0.5
5030	3246.704956079421	-10.461013939669447	0.8138923604164179	0.09505242511118195	0.5
5040	3249.8612088770974	-11.056117829224165	0.8732935291625117	0.105974446048876	0.5
5050	3243.723754852812	-10.194160335909427	0.78673052212581	0.14270021657154552	0.5
5060	3246.5856114830317	-10.506658885405631	0.816245378033015	0.31620012081317095	0.5
5070	3245.014125013231	-11.084754476212208	0.8762705722764002	0.09463660454026668	0.5
5080	3248.5336386626227	-11.515115910503125	0.9194792677047248	0.07738140461705122	0.5
5090	3247.232208402119	-11.30148121578502	0.8949158333389339	0.3973778940150674	0.5
5100	3248.88081480518	-11.078543266025914	0.8733631007397531	0.32327165634198385	0.5
5110	3251.480607962679	-11.29270688502188	0.8937057807226296	0.43063984801379984	0.5
5120	3249.33445515529	-10.836698723644213	0.8503604577266107	0.20509053383902184	0.5
5130	3246.93617788943	-10.861714247065832	0.8501371194351459	0.47757959720185184	0.5
5140	3249.510229989219	-10.990955192457553	0.8648198093369343	0.30172006094016324	0.5
5150	3248.5018649203726	-10.648197318879342	0.8311910024508591	0.23702201376535068	0.5
5160	3250.7942768264097	-10.872581591199905	0.8518434559392056	0.41561938813633137	0.5
5170	3249.1884461542895	-10.797405073784153	0.8466334590540834	0.18485390249084066	0.5
5180	3248.769454166633	-10.954610277903047	0.863059281943271	0.11432365476119467	0.5
5190	3249.385790903431	-11.46841619555033	0.912557368218133	0.3025742037479435	0.5
5200	3249.268008000596	-10.961322060434586	0.862967306709879	0.19063900341587545	0.5
5210	3250.4697519195897	-11.405477305479668	0.9065476848535783	0.27415363949650745	0.5
5220	3249.906112436379	-11.205700210255568	0.8865183789596881	0.27931327664427336	0.5
5230	3249.7044463557195	-11.531532712566184	0.9202584502023259	0.1636311754869983	0.5
5240	3248.5537492835665	-10.800209850939508	0.8485459500765548	0.021652571797263008	0.5
5250	3250.3032273040635	-11.578521767943764	0.9250448910279774	0.15487764669739068	0.5
5260	3244.0097010179857	-11.17802389979955	0.8817430458911101	0.4800834789419883	0.5
5270	3248.2619891006207	-10.864094814373212	0.8515712324520919	0.35797396858027813	0.5
5280	3249.9475611738085	-11.203073154312854	0.8849369970734999	0.41118090583572137	0.5
5290	3250.259789614384	-10.73953552843507	0.8405818911392189	0.21131524048614753	0.5
5300	3249.528846637013	-10.858961130772855	0.8517092115298807	0.2928392247976621	0.5
5310	3245.3750771136124	-10.653512559652775	0.8274036155892455	0.6689131076602804	0.5
5320	3239.7641810739156	-10.650767106473717	0.8282982310466449	0.5519970301299089	0.5
5330	3245.5139832338064	-10.98162063375779	0.8619546641415257	0.4948889934828003	0.5
5340	3250.0183281528302	-11.170668684908298	0.8845301620418555	0.1278197149548316	0.5
5350	3248.7788602146024	-11.060024293378094	0.8706094916100439	0.4134428428339775	0.5
5360	3249.2612627179396	-11.643754114355731	0.9321284127489237	0.09884893872205582	0.5
5370	3249.2811655638143	-11.609586390019313	0.9282374564348294	0.14626732676735496	0.5
5380	3249.192522495462	-10.811322474875835	0.8467744339750207	0.3099304213134079	0.5
5390	3246.5725411428484	-10.741841743870355	0.8425457977769054	0.03798673107027534	0.5
5400	3249.489479715736	-11.62923525825916	0.9289131244420674	0.27518920844188305	0.5
5410	3249.76618925358	-11.495318101074764	0.9158547821281016	0.24185186799464237	0.5
5420	3250.7357174512595	-11.205563027347669	0.8867232328598331	0.2574560575502236	0.5
5430	3250.6507789653924	-10.92343329880971	0.8595189542285043	0.1565866353035108	0.5
5440	3249.8215603852923	-11.160033666600473	0.8800385682765962	0.4706289084017918	0.5
5450	3250.01490608823	-10.993931150752706	0.8654332203946402	0.27013853811967414	0.5
5460	3249.2941304244423	-10.886878338682383	0.8560974435076893	0.13318810611134188	0.5
5470	3250.7331157411677	-11.135443424588184	0.8798750852284226	0.24107479309580762	0.5
5480	3248.7528491716257	-10.717946298784986	0.8394949025781017	0.10412180009604595	0.5
5490	3249.99713215451	-11.3317146841494	0.8976599676080061	0.42529915074958163	0.5
5500	3247.430186069114	-10.972387857990233	0.8616703389072868	0.4309937592297527	0.5
5510	3249.5706539845146	-11.225057897664353	0.8862005132197337	0.5046767247261752	0.5
5520	3248.282414088794	-11.374584412676564	0.9021259971224486	0.40739348457673524	0.5
5530	3248.5444319672156	-10.669686840375572	0.8337203560068268	0.19898187312887664	0.5
5540	3249.183758641656	-10.875616342926914	0.8543654940464088	0.19376309468402195	0.5
5550	3249.4673368306253	-11.495568240825582	0.916707662066539	0.15906527165753417	0.5
5560	3248.1643408885247	-10.704882241889711	0.8362259924336171	0.30037224559074943	0.5
5570	3252.592070434488	-11.035835754369765	0.8692865415983244	0.3038524539206898	0.5
5580	3249.2320826863224	-11.397550736072109	0.9060631574653442	0.24334068424227573	0.5
5590	3249.6244649030637	-11.102412338087442	0.877634785826452	0.13479386828499146	0.5
5600	3249.210202468627	-10.720994105016702	0.8381381914073633	0.27027097948665807	0.5
5610	3248.0802055420554	-11.256715271951435	0.8919547858536145	0.24582320420861586	0.5
5620	3245.668022804838	-10.8770395231366	0.8516405630613636	0.4804879952852684	0.5
5630	3248.6194590902323	-11.057884731295811	0.8721930864561832	0.23368773739548884	0.5
5640	3246.8653928438575	-10.528175863256468	0.8192120996111687	0.23469774150388004	0.5
5650	3248.2558385322536	-11.464357577083774	0.910483044382262	0.46942040266761137	0.5
5660	3248.0754468484506	-11.013296424101673	0.8673565665917573	0.2714566518972207	0.5
5670	3249.3491479118256	-11.029452983364017	0.8709658149333463	0.07209741036195762	0.5
5680	3251.036157999477	-11.140140778919465	0.8796804702529901	0.30750983395188536	0.5
5690	3248.4215431969724	-11.785165750019837	0.9445673836574664	0.2690682045079318	0.5
5700	3247.4978091052117	-11.686753327689035	0.9371798481213992	0.023697534806528	0.5
5710	3251.5075248387575	-11.369147540914776	0.9036722682687525	0.19839765232892093	0.5
5720	3246.92796668697	-10.70938509241113	0.8361628728286963	0.3517127112981096	0.5
5730	3252.150381275401	-11.496393628039462	0.9168667673488975	0.15140861556079788	0.5
5740	3250.639228298278	-11.157503260688923	0.8822174558290653	0.2274360940384294	0.5
5750	3248.879073841499	-10.80433212729619	0.8478124531707768	0.13622502594025937	0.5
5760	3250.595261718422	-11.158640836853607	0.8819410393493282	0.26645350365924325	0.5
5770	3249.421841101938	-11.426092209006946	0.9103032421382443	0.104746946301023	0.5
5780	3248.4806691316994	-11.114950625952288	0.8780203610359132	0.2216192259874147	0.5
5790	3252.105298131371	-11.248692303181718	0.8917944963156854	0.1816224703043245	0.5
5800	3246.3627883302033	-11.056812730647897	0.8689650391608518	0.5457724604495322	0.5
5810	3249.9774385615565	-11.19333152496211	0.886696994558019	0.137764863874914	0.5
5820	3249.1331732974327	-11.420303740183913	0.9097465768337007	0.10252878852458121	0.5
5830	3249.4132299629146	-11.076991719705084	0.8747720728120775	0.16685898589869258	0.5
5840	3249.690158319963	-10.933204551887643	0.8608648759327171	0.11970699566061564	0.5
5850	3249.051487284272	-10.697169508002503	0.8370652211664044	0.1393220334406732	0.5
5860	3249.974759749913	-11.053419600172342	0.8721243023673194	0.19591483504774557	0.5
5870	3248.6251578833153	-10.66313225554689	0.8327749965020796	0.2279719753172863	0.5
5880	3245.477815455549	-11.541673565114325	0.9174274252372824	0.5481421974714137	0.5
5890	3249.492838191416	-11.568901733003042	0.9237634745031247	0.1868189497741789	0.5
5900	3251.2114805592237	-11.57581807024153	0.9241712920852756	0.2152005639437921	0.5
5910	3247.6396908432794	-11.279012685916179	0.8939878750603543	0.2654884231826259	0.5
5920	3241.0931239534534	-11.352378482233513	0.8987691196095561	0.5210219314361791	0.5
5930	3249.058878764809	-11.119086682629076	0.8803552931646575	0.02948657988156897	0.5
5940	3248.3287353870383	-10.77430282149168	0.843151107681932	0.30206651678025154	0.5
5950	3238.669674897686	-11.196635955131372	0.882713070081446	0.5692016132256836	0.5
5960	3244.3363900958643	-11.058190086592106	0.8707376169947765	0.38228823649980903	0.5
5970	3249.9268661049846	-11.046484548234908	0.871634765411262	0.17551801127920233	0.5
5980	3249.905396268718	-10.925550650324238	0.8597114923813336	0.1585063351650708	0.5
5990	3249.1675566783097	-11.28525576921969	0.8943092848715951	0.29577827509328836	0.5
6000	3249.4958673181322	-10.782669676927721	0.8440180535414997	0.2990404851830584	0.5
6010	3249.0005721723496	-11.146145014635051	0.8798652477275714	0.34907444364945023	0.5
6020	3249.9703462059124	-11.295304060390933	0.8967909096546768	0.1480987084973947	0.5
6030	3246.3515309186505	-11.231151026092128	0.8881576082912487	0.3698985018520731	0.5
6040	3249.5995935283127	-11.343558194356696	0.8993531710272352	0.3744139108995743	0.5
6050	3248.18216665254	-10.730339707697578	0.8389053242131443	0.28701372571753764	0.5
6060	3248.828991037789	-11.188835701639844	0.8833096757825393	0.43153850820070017	0.5
6070	3250.364391162288	-11.246283641002572	0.8905262342615733	0.2843620539243189	0.5
6080	3249.5252390349037	-10.918302947960305	0.8562656948919771	0.430609060461029	0.5
6090	3249.5651061213794	-11.431175142695805	0.9103333482780884	0.1525656692049759	0.5
6100	3248.448885219141	-11.41043834137576	0.9066482837562246	0.313704108190592	0.5
6110	3249.5742968209606	-10.769919994052664	0.8432909967530138	0.2442493352809729	0.5
6120	3248.780537966489	-11.100042228676903	0.8752071297820916	0.3538583786154604	0.5
6130	3245.3972309158175	-11.098711595840639	0.8783574278566393	0.025522242798142386	0.5
6140	3248.353764208818	-10.561083806239136	0.8228317110284311	0.20181602960417586	0.5
6150	3249.3179623383703	-10.81642664694587	0.8485905548348901	0.17936005602563343	0.5
6160	3253.7793049376505	-10.870327150712269	0.8539462616542818	0.1827944117508899	0.5
6170	3251.618322245074	-11.032027445132334	0.8700510834484733	0.18931517653232208	0.5
6180	3250.857639357392	-11.014121368718211	0.8679853839271643	0.21682436452210094	0.5
6190	3249.04873286118	-10.90757504016489	0.8589487991794057	0.05501955376461893	0.5
6200	3248.203003326687	-11.300630334351485	0.8980924790180201	0.07120451176930565	0.5
6210	3250.06743644409	-11.18452993660241	0.8867253547314693	0.04691296293350491	0.5
6220	3249.9916964326053	-11.047112771772044	0.8709922537575283	0.2460514120240527	0.5
6230	3248.4278903460067	-10.790395088813117	0.8476558800156201	0.0125119566255928	0.5
6240	3248.9440337132637	-10.893244160144363	0.8572449037197566	0.08210029952461129	0.5
6250	3258.387411878517	-10.927605392501905	0.8581863467450097	0.33156832057469715	0.5
6260	3249.8471823717878	-11.269341237590059	0.8928127411793384	0.2862873280230985	0.5
6270	3248.732231522827	-10.72046361961438	0.8395096880050616	0.127816465693746	0.5
6280	3249.660823450772	-10.848198640521407	0.8523943306574875	0.1167024095212251	0.5
6290	3242.063100890755	-11.108809625466392	0.8745729607821366	0.5049492465059647	0.5
6300	3249.805801784928	-11.322364640149376	0.8956399049901466	0.5338049725348758	0.5
6310	3250.0874010973766	-11.220830125879965	0.8873261526802833	0.3498350608273576	0.5
6320	3247.841461787748	-11.205744784527996	0.8882073023540196	0.11086667993418359	0.5
6330	3249.013210957568	-10.98872596386376	0.8669944566568456	0.06196304300933058	0.5
6340	3246.1469830833025	-11.42684129938684	0.9061762407996967	0.5249379839550509	0.5
6350	3248.8362796477613	-10.969498128028928	0.8646833035562195	0.10079999472408699	0.5
6360	3249.7263907362435	-11.368586328095548	0.9041986462674588	0.14014772426620267	0.5
6370	3249.2415767542043	-11.027374429105025	0.8695779541183118	0.19009794927563267	0.5
6380	3248.838319437078	-10.851033641286488	0.850860923522965	0.2983931306248016	0.5
6390	3245.2031125236053	-10.33167233670589	0.8004041321896672	0.1504592181483814	0.5
6400	3247.7606735575723	-11.355207291302532	0.901155492111612	0.3106727719201335	0.5
6410	3249.1255234751	-11.05715466864596	0.8728258287364964	0.1631128828660466	0.5
6420	3246.92944863919	-11.464948945617788	0.910954656152095	0.42817291102449784	0.5
6430	3249.5601149608806	-11.161993410106168	0.8827699539879581	0.21708777232158286	0.5
6440	3249.9486781498085	-11.652066227231698	0.9307648642954024	0.31832491283235137	0.5
6450	3249.0893403597174	-11.639821101416867	0.9268683682081682	0.5855232634075487	0.5
6460	3249.615651807413	-11.266027935146095	0.8912732238187275	0.40710603964392605	0.5
6470	3249.9438713113277	-11.201368061420313	0.8873662117855752	0.15120850570144267	0.5
6480	3248.4077881034364	-10.814220681244697	0.8490539589672977	0.11095998577307915	0.5
6490	3245.0128075943844	-10.687526047431987	0.8339814475282041	0.3512647915554187	0.5
6500	3249.2399918461133	-11.473535865796109	0.914772977983432	0.13220992967371564	0.5
6510	3248.9161938741217	-11.402144019662963	0.9060842900700954	0.28716025967600783	0.5
6520	3249.240871349407	-10.91141889102616	0.859316452969134	0.05669268340415609	0.5
6530	3249.4874360868757	-11.490286978395254	0.9150261732320975	0.2744015307988118	0.5
6540	3250.401321334891	-11.241160886884552	0.8916507173329045	0.12068620561110799	0.5
6550	3249.0707873071765	-11.431780899349647	0.9106089227731655	0.13106578623569565	0.5
6560	3248.3985421775424	-10.700408798947684	0.8378397868551886	0.09425837401398471	0.5
6570	3249.6443026300576	-11.257331585158155	0.8931797226636216	0.12949265527519874	0.5
6580	3248.188274701704	-10.707317428851935	0.8391930538556565	0.02801797300937629	0.5
6590	3246.6579234667115	-10.940221569351252	0.8584717479016384	0.4291899734046083	0.5
6600	3248.4693821810574	-10.936807922186862	0.8612664270748185	0.11558558444257175	0.5
6610	3248.9318556754756	-10.715249619741163	0.8372953869941551	0.29710656805179647	0.5
6620	3250.055458907952	-11.109257108774939	0.8769369552541179	0.27302463239351704	0.5
6630	3250.1873851038304	-11.470412658366266	0.9133590530473573	0.24237034898292384	0.5
6640	3234.358317170138	-11.806040749419212	0.9432722658585361	0.60732997839437	0.5
6650	3253.177378324318	-11.34838189624635	0.900791663174991	0.27880171502042606	0.5
6660	3248.374941148783	-11.273209496994065	0.8952258998166476	0.08365405833190256	0.5
6670	3249.12863384594	-11.231338870870678	0.8892425463933178	0.2632831394311273	0.5
6680	3249.250828784613	-11.002769764739542	0.8680957899279584	0.09226772465593729	0.5
6690	3254.534235608688	-11.065465862486416	0.8710578578242506	0.42302191249537674	0.5
6700	3248.744161401302	-11.73319036173381	0.9373270994253443	0.4733427448599173	0.5
6710	3252.0474909595728	-11.317681860597055	0.8971711523222724	0.3338524437998203	0.5
6720	3249.078442699657	-11.13562772820628	0.87973442342058	0.25698401006084814	0.5
6730	3248.8859114617117	-10.95367000642279	0.8636596233709469	0.04488679718918684	0.5
6740	3250.191704071925	-11.009593311772834	0.8668227276602745	0.28780942175671037	0.5
6750	3247.999849333824	-10.647444370070446	0.8319251871125598	0.15607405950469244	0.5
6760	3247.2073105068084	-10.61345075432447	0.8299943333306994	0.009223280231412776	0.5
6770	3247.7278853294	-11.016062164717416	0.8657732687440837	0.4574438428222305	0.5
6780	3251.200877404131	-11.33267973810883	0.8991560381663021	0.2853426345145759	0.5
6790	3246.0005541480937	-11.015070179814886	0.8652881965840151	0.49603120980384646	0.5
6800	3247.825887085092	-10.750139451621077	0.8397924502612509	0.39629856014218123	0.5
6810	3248.3259437984157	-11.648447651368455	0.9334969937089815	0.008926212842772625	0.5
6820	3249.4603368989165	-11.152904872531586	0.8806358918237601	0.33960861299620443	0.5
6830	3249.4126943377833	-10.97551550976957	0.8607703732248119	0.5522668452710182	0.5
6840	3248.680951080224	-10.741514361489452	0.8401859442096764	0.2706982639836434	0.5
6850	3250.342549648323	-10.964514836687744	0.8633102116997335	0.18827626696100633	0.5
6860	3249.7552001431472	-10.992098715349456	0.8669147447606029	0.1036617474911997	0.5
6870	3248.3056406191004	-11.746245965418439	0.9430479432592725	0.031814398314127405	0.5
6880	3233.3016441745385	-12.02969129662938	0.964550502875342	0.716011748816688	0.5
6890	3250.1531275703555	-11.227519618866824	0.8891649360978563	0.23285164893972465	0.5
6900	3250.247667473197	-11.497269811755626	0.914735104541837	0.3733367334297891	0.5
6910	3247.199329398482	-10.94315585124809	0.8612043944023143	0.18526814230658062	0.5
6920	3246.5209410677603	-11.06318411113507	0.8743425085335564	0.07173932805200663	0.5
6930	3249.501720572587	-11.177552419013528	0.8816713995385272	0.48253330633951763	0.5
6940	3249.856948153306	-11.393094292640326	0.9050243793278071	0.30265406367951364	0.5
6950	3250.0416684800043	-11.44854583633649	0.9110840038169964	0.2512070517220721	0.5
6960	3249.2717168842573	-11.456582937057028	0.9124905942742499	0.1909190132023131	0.5
6970	3246.9031552866904	-10.486699371678787	0.8148299244824039	0.258150338604158	0.5
6980	3249.757150388229	-10.912545566736226	0.8570436233209198	0.29524240532692564	0.5
6990	3250.589074921676	-11.093018034261494	0.875386732591444	0.26565615352750294	0.5
7000	3248.195747427387	-11.389664687068402	0.9049874846974385	0.27204747099701204	0.5
7010	3210.908109590495	-11.005202586042184	0.8627215530233302	0.6540196281455437	0.5
7020	3249.7630508300376	-11.54932818276589	0.9221367919487893	0.15375170283683876	0.5
7030	3247.016285809897	-11.592210854952988	0.9233360567838031	0.4626519412065065	0.5
7040	3248.958459640355	-11.075016113930442	0.8753503900571166	0.08927120364956788	0.5
7050	3251.8164185443375	-11.066037766458491	0.8714490028195019	0.38962645269144225	0.5
7060	3251.677246501103	-10.869646849482825	0.8528747507147335	0.28314249341161063	0.5
7070	3243.8060506684055	-11.081197369139158	0.8716466888920295	0.5214538722453035	0.5
7080	3249.073020482841	-11.528666946883174	0.9211926338880599	0.041555150082525256	0.5
7090	3249.504624826819	-11.038228649338013	0.8690798893782057	0.3484466256163619	0.5
7100	3251.2361883326703	-11.191089467525355	0.8850352803243957	0.2815157128707096	0.5
7110	3234.0879087332873	-11.048830687180459	0.867031418702021	0.659314071658764	0.5
7120	3248.7200925304674	-11.810640779466892	0.9464226029302403	0.33829657170096294	0.5
7130	3248.807413681497	-11.020999215659762	0.8676625025638709	0.31789097026655044	0.5
7140	3250.1622659599466	-11.186605938526606	0.8848292897205035	0.25727948327162	0.5
7150	3250.0239766249906	-11.351835797583838	0.9006398319518205	0.32852385071222406	0.5
7160	3247.1993162334948	-11.787160008379272	0.9427560546370988	0.47014369013880175	0.5
7170	3249.1229537882045	-11.332763798319881	0.9009033094566188	0.11145610759292182	0.5
7180	3250.6345207699924	-11.337443997011318	0.898835867240789	0.3650023160903875	0.5
7190	3249.3450807451973	-11.303779274004766	0.8991188597677529	5.58333287014064e-5	0.5
7200	3249.6441840639345	-11.43603442562024	0.9109817807678151	0.13631524947721074	0.5
7210	3250.829661605796	-11.419611850940298	0.9074423162438854	0.3260359550707573	0.5
7220	3247.2271221818046	-11.379424189338984	0.9023749583897162	0.43089512447391426	0.5
7230	3249.139168938108	-10.963825899620339	0.8633992774685921	0.1724803193997926	0.5
7240	3249.346939201444	-11.303112884924454	0.8985939525555486	0.045882663745221174	0.5
7250	3249.4430043467237	-11.33953162016	0.8989593338708203	0.37353188457335906	0.5
7260	3249.7266189586912	-10.847740582290541	0.8494229377944573	0.4092611135152066	0.5
7270	3245.284955462561	-11.571947117654453	0.9199761320255706	0.5960070440430101	0.5
7280	3248.8986664467093	-10.688830555486508	0.8357647382366789	0.18598080125252525	0.5
7290	3245.2015173743594	-10.344169021836686	0.8021649696504461	0.09934232337766047	0.5
7300	3246.541476575189	-10.71754007435573	0.8378660942578338	0.2629403878295517	0.5
7310	3247.807765902749	-10.71620895964596	0.8402600785043253	0.010230816082823778	0.5
7320	3247.9893706651937	-11.671679155319948	0.9323880004941887	0.35214057383666647	0.5
7330	3250.722298115655	-11.123027134491352	0.8794332590098064	0.16109451398882815	0.5
7340	3249.2239188705958	-11.057905554340268	0.8731928831105489	0.13391630240339839	0.5
7350	3248.261317484361	-11.556999437355797	0.9212393956801312	0.3202038756006533	0.5
7360	3251.45518275717	-11.201735490014231	0.8858400768633996	0.30749628385834304	0.5
7370	3240.2967866395643	-11.024859221717387	0.8642573464711516	0.6970066401146368	0.5
7380	3249.331639525843	-11.268511404408747	0.8943308224082163	0.1261808733218506	0.5
7390	3242.7966214699036	-11.010978137693103	0.8627784866670619	0.7060817802807641	0.5
7400	3249.4816968637388	-11.64112144726799	0.9304495546149375	0.24040808124245247	0.5
7410	3250.2783782350607	-11.558043487163548	0.9217496344880262	0.2796204928895408	0.5
7420	3251.2812500290756	-11.372717792410757	0.9028491240799665	0.31641458616736334	0.5
7430	3249.4861007575664	-10.904196242150634	0.8566510111130743	0.2510103802549847	0.5
7440	3249.2492721632443	-11.335222868794647	0.9017604984730068	0.050327910701354034	0.5
7450	3249.6707318809013	-11.404808090443215	0.9069168272891028	0.2305472455773441	0.5
7460	3245.5717425682083	-11.629406458074447	0.9291657159753143	0.25164205326840294	0.5
7470	3250.5061601175007	-11.406907964091342	0.906548548751885	0.28837383577999	0.5
7480	3248.258317627892	-10.996202553823354	0.8633884550624517	0.4973291020433997	0.5
7490	3249.359097019714	-10.961676036432442	0.8624429898651959	0.24661044786030556	0.5
7500	3249.6923709667626	-11.099660245380479	0.8765062852307942	0.2201230007807472	0.5
7510	3250.075370649959	-11.321380250612538	0.8981791258179823	0.2700389943826882	0.5
7520	3249.457340083483	-11.681609455775074	0.9341874201330163	0.2715016145047635	0.5
7530	3247.9320243645075	-11.005399028213875	0.8644104584473183	0.48709350746250557	0.5
7540	3248.606050413059	-11.01109443635755	0.8659227050353177	0.39282293009947217	0.5
7550	3249.8216303138306	-11.331856517143882	0.8996100528647907	0.2317089550154027	0.5
7560	3249.5142776576645	-10.963307269484812	0.8624363505670923	0.26358670819429275	0.5
7570	3249.952941759369	-11.220688730496375	0.8885222555534839	0.22881081967090092	0.5
7580	3248.7581138884498	-11.022991073642505	0.8703691359527637	0.06714621120407062	0.5
7590	3242.6120048432203	-11.315662607651275	0.8931589634314834	0.7148788034203005	0.5
7600	3248.950916428156	-11.359680075112779	0.9014848977461123	0.32246004657275196	0.5
7610	3248.7388431968634	-11.487329303535466	0.9132414265882319	0.423299446587509	0.5
7620	3250.779002236247	-11.446631771151294	0.9114966738534875	0.19079939622033243	0.5
7630	3249.2339836906567	-10.997032794824646	0.867017572008629	0.142719817440035	0.5
7640	3248.013193866473	-11.93222284672435	0.9590647221924525	0.28990531805458436	0.5
7650	3249.5163649203982	-11.101442391416018	0.8779824874358884	0.09032424062769123	0.5
7660	3248.9396998925586	-11.529436185764784	0.9213169561578657	0.03681531191784289	0.5
7670	3248.101238701182	-10.718216536776865	0.8352926165221716	0.5270527856080827	0.5
7680	3245.4524154988694	-11.943677896357944	0.9578038565501895	0.5305423786168862	0.5
7690	3250.069565207319	-11.03421502206181	0.8695321775689623	0.26308153377811755	0.5
7700	3248.7334677975405	-10.940772919532275	0.8619105741525054	0.09082085012867137	0.5
7710	3249.514092667917	-11.257207757300705	0.8928538648522155	0.16084015784194558	0.5
7720	3249.539049124149	-11.506182146730428	0.9162384745535884	0.3121230820021191	0.5
7730	3249.837723045671	-10.975854104000213	0.8640985172642336	0.22283838363550323	0.5
7740	3250.226037325897	-11.533343902145155	0.9207543435936445	0.13215373214410944	0.5
7750	3249.7389937391436	-10.95357634573974	0.8620470552841235	0.20520699904202297	0.5
7760	3247.999046448524	-10.607156975967008	0.8284213418385377	0.10358464587351185	0.5
7770	3250.742467417843	-10.872706627177772	0.8544841637743064	0.15279896440444762	0.5
7780	3248.038312806112	-11.617608379800908	0.9289183371165572	0.1583991564104889	0.5
7790	3248.2658365339166	-11.854526932637793	0.9504972560252534	0.3696927939097354	0.5
7800	3250.4537948789666	-10.717483402895612	0.8385695452329446	0.19202857571905618	0.5
7810	3246.346216367056	-11.126203188611889	0.876370462986417	0.49913465753471015	0.5
7820	3250.544567390716	-11.005365846750566	0.8659512576305797	0.3326817745052602	0.5
7830	3246.7402225096075	-11.420677253278988	0.9066519880612508	0.4157227967223088	0.5
7840	3248.417861222126	-10.746296038997073	0.8411206476173372	0.22504469829449483	0.5
7850	3249.6901466368286	-10.871518439573794	0.8538603198269625	0.2033014830990878	0.5
7860	3249.186347777045	-10.820388791053945	0.8490289002033888	0.17514696025773555	0.5
7870	3250.960856055116	-11.232819368935411	0.8901460268991104	0.18774006950022346	0.5
7880	3250.380495425288	-11.116796048112816	0.8787036819792446	0.1717413532609518	0.5
7890	3248.025325035687	-11.890076898946305	0.9550754710700672	0.2673709525138231	0.5
7900	3249.1924285589457	-11.101163363664408	0.8743757020446359	0.44821250223806014	0.5
7910	3236.774936934904	-11.354025693129692	0.8994372533821746	0.47068066313728224	0.5
7920	3247.9873381297134	-11.169303291139036	0.8829391553710094	0.27326644434715525	0.5
7930	3249.7878950945915	-11.189740770468076	0.8846433553716806	0.30722123757008196	0.5
7940	3247.3180545667956	-11.233444205336085	0.8897191240395282	0.23667871946497326	0.5
7950	3249.0001415101087	-11.306224133045834	0.8961273111844708	0.3236592820682879	0.5
7960	3249.3012732769103	-10.981177785654335	0.8659128188551192	0.09464504108866417	0.5
7970	3250.0006514572383	-10.959817620838537	0.8626634184484482	0.20598343359774457	0.5
7980	3249.0182137194474	-10.928237970348588	0.8602449815303383	0.13203062050921363	0.5
7990	3247.550465833097	-12.011876735691853	0.9680944232399883	0.1834741029769581	0.5
8000	3252.576503253074	-11.367118227033096	0.9033552084369278	0.20981049669577959	0.5
8010	3250.0312565396134	-11.527961081857047	0.9205457528464878	0.09918460397938532	0.5
8020	3247.9923179347943	-11.512058600702366	0.9159102456252396	0.40371051455790774	0.5
8030	3249.770027839078	-10.988569329277615	0.8655623481891124	0.20360754392328997	0.5
8040	3248.5568800166116	-11.397847094671556	0.9051259199206142	0.3400280247124265	0.5
8050	3252.4449401156476	-11.215895339413917	0.886951496370622	0.3379528271351818	0.5
8060	3248.6851783655516	-11.29715331203671	0.897525667308343	0.09311545959123621	0.5
8070	3247.463084430065	-10.811247417157661	0.8463290052542254	0.3537227162127017	0.5
8080	3250.4450475263893	-11.440070880294371	0.9105258686927826	0.22227100372411918	0.5
8090	3249.7439169456857	-11.133268517361849	0.8810294150119936	0.10389274247800954	0.5
8100	3249.8928498279824	-10.94450817976808	0.8603660554217771	0.2826253255616555	0.5
8110	3250.889984783202	-11.392961864148539	0.9051497895219494	0.2887887593489042	0.5
8120	3249.9609051251687	-11.242412078823994	0.8917001217967957	0.12825767861874668	0.5
8130	3252.6057054494895	-11.095160962808762	0.8763934076310187	0.186417935043991	0.5
8140	3242.931427609008	-11.23736438351722	0.887132963924543	0.5344965127762187	0.5
8150	3249.3280001606563	-10.94248735173779	0.8622253501514869	0.07648757228752107	0.5
8160	3250.0348711177935	-11.290757769423113	0.8941879531428627	0.36293145000338556	0.5
8170	3251.5848398636354	-10.963127265070257	0.8629924976368993	0.20617195707082214	0.5
8180	3248.2279287601136	-10.824504150526943	0.8487668098242525	0.24250959290246213	0.5
8190	3246.6905647202548	-11.207478803778756	0.883969402971443	0.551996810701691	0.5
8200	3248.7936461989	-11.21334469171822	0.8882564953637169	0.18194645086904734	0.5
8210	3254.0269062273246	-11.334919369281153	0.8979907911959233	0.4242636432778113	0.5
8220	3250.1045476659187	-11.340848049508471	0.9000902006291756	0.2736095022260365	0.5
8230	3249.520992761786	-11.03302843705875	0.8711538320278736	0.08905023785904584	0.5
8240	3249.382155012099	-11.361084113944246	0.9017448555486555	0.31050465463578514	0.5
8250	3251.6459369923605	-11.533552490646603	0.9164491508785669	0.5647588886681117	0.5
8260	3249.415256400972	-11.08361571374699	0.8768215577515992	0.02815043236874619	0.5
8270	3249.3867374068523	-11.506759392347819	0.9129042429097194	0.6513187025649053	0.5
8280	3249.540576568277	-11.3641949831342	0.90197565630294	0.3185332711067023	0.5
8290	3249.3405862133004	-10.951347531628585	0.8614972501773289	0.23789936861182553	0.5
8300	3249.6084322720003	-11.128367909518056	0.8794077176277711	0.2170564024623982	0.5
8310	3249.020910405651	-11.037529942380392	0.8718685172616711	0.06259676769554127	0.5
8320	3248.615876305565	-11.7370171820049	0.9416226736942854	0.08205352067924496	0.5
8330	3249.8025265875153	-11.554105196424318	0.9217209698939267	0.24310404490933213	0.5
8340	3248.7925030361266	-10.898203069371576	0.8559666867262429	0.25951109115035553	0.5
8350	3251.592095032908	-11.033579149675456	0.866440650589778	0.5658755078354988	0.5
8360	3250.417313231917	-11.127695663474391	0.8797433600324904	0.17676970155350033	0.5
8370	3250.7841236216505	-11.28503811700857	0.8962847605607678	0.09605418406760528	0.5
8380	3248.925423256057	-11.264888723821242	0.8915998698852103	0.3630493197502527	0.5
8390	3250.0828197236096	-11.333269426596798	0.9004840962939361	0.15843370663308629	0.5
8400	3246.4029151263667	-10.769175953283245	0.8434985472461776	0.21605387827306097	0.5
8410	3250.2848215737204	-11.279458156459933	0.8938065463362674	0.28807600103063474	0.5
8420	3246.048641086247	-10.995674651968857	0.8651714160079074	0.31375398895594137	0.5
8430	3247.8739397965264	-10.750463760306914	0.8423651351319876	0.14227315992837322	0.5
8440	3249.5040501047297	-11.590757521225923	0.9248250690882447	0.2992173734924904	0.5
8450	3249.470798835894	-11.124611629019423	0.8774024781652088	0.3800175437310434	0.5
8460	3248.5004520284238	-11.229241369141036	0.8911122545842454	0.05533730304341749	0.5
8470	3248.9541535552175	-11.433140322312234	0.9111673183107069	0.08882046210931384	0.5
8480	3252.2736822896436	-11.375145433240784	0.9042262882855879	0.2029745739066523	0.5
8490	3250.2853604270103	-11.312247441016634	0.8973749973566462	0.25912374455944337	0.5
8500	3249.814126837489	-11.292846303334807	0.897278705123792	0.07474159102625656	0.5
8510	3248.637705771943	-10.920850685403394	0.8589381365992474	0.18884226416625025	0.5
8520	3249.630858277957	-11.124208937936812	0.8797701596405799	0.1392224853671345	0.5
8530	3247.6080112851105	-11.328115157317495	0.8967611790236882	0.47918274086286533	0.5
8540	3249.9704808894253	-11.13180840022949	0.8781982833427223	0.3724047380791086	0.5
8550	3248.878536964148	-11.588820712582175	0.925328361302569	0.22952006562136076	0.5
8560	3247.926954020372	-10.648968398945552	0.831972822461847	0.16655081332708657	0.5
8570	3245.1789461998133	-11.974769219580116	0.9626036843219311	0.36147283366433486	0.5
8580	3248.9962484134585	-11.685342603455506	0.9342130787170438	0.30626723290701424	0.5
8590	3248.1384910528814	-10.889847846716666	0.85547508356308	0.22511918091461625	0.5
8600	3248.302125403478	-10.814835155470352	0.8467499436164211	0.3475062631173252	0.5
8610	3250.190768982341	-11.313273275314097	0.8987665946903985	0.13022235415697342	0.5
8620	3249.8640023248668	-11.434615414247501	0.9094588062207201	0.2744225904586515	0.5
8630	3250.0223396199913	-11.13782550451989	0.880060668044331	0.2463373108215879	0.5
8640	3247.4120162053637	-11.074750310386419	0.8743147301795378	0.19017915596645785	0.5
8650	3249.060676985883	-10.60747230075331	0.8262722048133814	0.3216515962509892	0.5
8660	3248.988248143565	-10.723203726443494	0.8398330082936768	0.12288550512317568	0.5
8670	3249.938299764304	-11.245392221303728	0.8907898371764199	0.24908756545123054	0.5
8680	3240.380076414879	-10.87588215585932	0.8499497443145876	0.6379961971906895	0.5
8690	3247.1884948662773	-10.714309410069227	0.8351342463587621	0.5038185348722982	0.5
8700	3249.1786732988144	-11.334465870935645	0.9018111922492617	0.037688554486622595	0.5
8710	3247.604871191293	-11.458652296959015	0.9115363911252438	0.30703292712204916	0.5
8720	3249.848315580119	-11.017472822493813	0.867085070904331	0.3403702045612878	0.5
8730	3248.7365912150403	-11.678906077535157	0.9347537902473371	0.18783082067423904	0.5
8740	3250.013521066212	-11.15909794352111	0.8823224754582343	0.2328809594438917	0.5
8750	3245.5923149353885	-10.926099369629538	0.8546369902262766	0.6714437437239476	0.5
8760	3248.7229255241887	-11.561846918187227	0.9220333275355012	0.28928549837810236	0.5
8770	3247.849774876515	-11.723558822974052	0.9405952750912524	0.050209790671437216	0.5
8780	3254.9862956098486	-11.647938918504217	0.9265282786389554	0.7007103912029156	0.5
8790	3250.3393837537988	-11.14888519931663	0.8810624001558899	0.2567610476336743	0.5
8800	3250.164690393641	-11.244743486759	0.8899589838977785	0.32568554786870185	0.5
8810	3251.0691892215154	-10.807493984706301	0.8452304233698835	0.426046580130984	0.5
8820	3247.915217065284	-11.681563319941676	0.932952849256111	0.39449734386234747	0.5
8830	3249.5801841206744	-11.405215415148662	0.9070059119425956	0.22571202728375125	0.5
8840	3251.855825649416	-10.894320948892478	0.8549113099541733	0.32622756356419236	0.5
8850	3248.8500604090164	-10.757320506029798	0.8402145362152119	0.4259005088332685	0.5
8860	3251.2528537618505	-11.031135732619106	0.8701267155881302	0.1728348374349215	0.5
8870	3250.350426621315	-11.281369565899487	0.8957121849037324	0.11662623867852435	0.5
8880	3247.089091580396	-10.619174065773649	0.8299522611960214	0.07066360819114856	0.5
8890	3254.485387110396	-11.417865535069131	0.9083632094016436	0.21648348058413092	0.5
8900	3250.1042452365523	-11.430304337621887	0.9091316590767641	0.26402653859937053	0.5
8910	3249.7523895393115	-11.017602803285282	0.867782414614586	0.27193564145122195	0.5
8920	3248.8189098797484	-11.383712166597293	0.9064489135484275	0.0663793811870523	0.5
8930	3250.061495128109	-10.897738040612772	0.8566490879433933	0.18662068184530956	0.5
8940	3252.621575839167	-11.539669032604792	0.9191719114169398	0.3536482544107685	0.5
8950	3249.932360046809	-11.29496675386744	0.8959219502002475	0.23162158870680366	0.5
8960	3250.037134166988	-11.095963105165474	0.8753561962789955	0.29816049381224613	0.5
8970	3249.8582377741886	-10.761403333258462	0.8422036533993357	0.2678170627084994	0.5
8980	3250.282624078977	-11.068542639799581	0.8720898545418613	0.3505900138673239	0.5
8990	3251.4759920728006	-11.265544963759071	0.8907475780616273	0.4548409014853751	0.5
9000	3247.749849761468	-11.120951618229459	0.8740341097844788	0.6802542739044244	0.5
9010	3234.7406434018844	-11.148494563714944	0.8771390456629369	0.6451901409138152	0.5
9020	3250.25901690522	-11.426366345575591	0.9089152766509347	0.24628486072067612	0.5
9030	3249.8410522464296	-11.201248338706971	0.8877478953708644	0.11184292004129333	0.5
9040	3249.788863826762	-11.117629497959213	0.8775982089122205	0.290623158428047	0.5
9050	3250.6086081294598	-11.318277719698063	0.8972323964806104	0.333686618977507	0.5
9060	3248.447090585509	-11.24551468427498	0.8879972561869808	0.5295702941097364	0.5
9070	3250.1122338323826	-11.469542311319463	0.913239070820266	0.24566510122567253	0.5
9080	3250.5843215505774	-11.3495678729839	0.9024045079808457	0.12937700181207676	0.5
9090	3248.777087684394	-11.929230308072324	0.9584570526811349	0.3207468826675051	0.5
9100	3247.3294074251367	-10.45258364597326	0.8120547580089407	0.19450972889622625	0.5
9110	3243.511820908794	-10.22883209965725	0.7904167709481416	0.12079297181608527	0.5
9120	3249.6884626282113	-10.986920661435033	0.8663916391332848	0.10419177107966618	0.5
9130	3247.7593934383817	-11.252580852276646	0.893803103782556	0.01964721456893451	0.5
9140	3248.258684851551	-11.545951233624047	0.9229398462296593	0.03967678333246818	0.5
9150	3250.884673363988	-10.848910596566283	0.8495894306172541	0.40431197399561736	0.5
9160	3249.489640239209	-11.012743792275769	0.8671864904023352	0.2829379525825673	0.5
9170	3250.3206398884595	-11.300158484848335	0.896717430581475	0.20399086039391562	0.5
9180	3247.918899464537	-11.558213935992304	0.9244579468920681	0.010493740774234461	0.5
9190	3248.9713096147516	-11.425976148780128	0.9101795378357879	0.11595677428070605	0.5
9200	3250.410246829357	-11.163907413556451	0.8820980218197704	0.3034210236455352	0.5
9210	3249.8858561842458	-11.121560351000255	0.8790935224325702	0.18040033680371345	0.5
9220	3248.931210204618	-10.47955599694487	0.8092950815827364	0.7402008812332463	0.5
9230	3249.5591173681914	-11.133263351892928	0.8804460404377519	0.162178545212142	0.5
9240	3250.829481794492	-11.294385751916959	0.89652382175052	0.16562441417586313	0.5
9250	3248.332220603777	-10.932834594775924	0.8616699619440698	0.03549882341046991	0.5
9260	3249.891564862505	-11.188395209489165	0.8863508754438812	0.12301362056160933	0.5
9270	3246.9409872520087	-10.621449347852973	0.8280921444802862	0.27942810055908834	0.5
9280	3248.947794083687	-11.37394291155623	0.9012520436108507	0.48837382453521794	0.5
9290	3245.81696759691	-11.721264829530044	0.9407103004197651	0.01576732338197255	0.5
9300	3248.2079869946747	-10.845937088506426	0.8522557072309491	0.107949232027506	0.5
9310	3250.968049353783	-11.139814555158594	0.8812982008862481	0.14247453301946633	0.5
9320	3247.243916775613	-10.86840688265676	0.8510527980481617	0.4529380918092692	0.5
9330	3248.359974900619	-11.439414180878376	0.9112444479283334	0.14384608600844492	0.5
9340	3248.015594084532	-11.23985637664844	0.8883081254775647	0.44190028878564863	0.5
9350	3249.7358217652454	-11.34900198170962	0.9021012931877723	0.1540395683767032	0.5
9360	3248.986470826359	-10.889535007997704	0.8553866820186649	0.2308309481683294	0.5
9370	3248.6849930176268	-10.75649005741561	0.8433445080099747	0.10459884321612542	0.5
9380	3240.9187746689167	-11.116669166214852	0.8731703499801662	0.7238057341896239	0.5
9390	3248.876673984742	-11.120307449911442	0.8775240692898639	0.32481664018560114	0.5
9400	3250.318594279468	-10.79190022777531	0.8440768993967187	0.3854614081390552	0.5
9410	3247.644144915173	-11.740680214202808	0.9406526171855529	0.215689493530399	0.5
9420	3249.14129987327	-11.588814688509805	0.9265621617457389	0.1060797805816674	0.5
9430	3239.8899568388865	-11.205698458131518	0.8820745584462346	0.7236778067490561	0.5
9440	3248.787565195278	-10.88624973270217	0.855589262105474	0.17772018653167768	0.5
9450	3246.9884700258867	-10.620913139925364	0.8274555470856342	0.33772576074773575	0.5
9460	3248.95162822004	-11.13613302395565	0.8785307655625508	0.38240275335877594	0.5
9470	3247.358006033452	-11.414053879486001	0.9061461328888656	0.40007457603098723	0.5
9480	3249.569673506819	-10.993066950921637	0.8661195087981483	0.192867699458907	0.5
9490	3250.4405598619755	-11.197272789915944	0.8871214898376444	0.13472798545251113	0.5
9500	3249.713647974699	-10.951487058376536	0.8628061415324991	0.10840550057284454	0.5
9510	3250.0145853395447	-11.108508323247964	0.875696976721889	0.38953463034798547	0.5
9520	3250.5391823430864	-11.181404460304254	0.8841905856373857	0.2691351093615256	0.5
9530	3249.386419705387	-11.140287800678026	0.8825514116068135	0.021885916156358837	0.5
9540	3248.8460378684103	-10.524375616185198	0.8184848379827832	0.26942143363096316	0.5
9550	3247.3660999225503	-10.968505267388352	0.8601635101261698	0.5428507313241633	0.5
9560	3248.529799031403	-10.638136093998403	0.8299800772889826	0.25750228114322504	0.5
9570	3249.399072679003	-11.119721738417295	0.8787661623689592	0.19475021733453762	0.5
9580	3247.402882921344	-11.17918768424909	0.8825525138497506	0.4107745275732486	0.5
9590	3248.7916623460433	-10.736028921012359	0.8412530659122182	0.10913168895914736	0.5
9600	3249.8187161378305	-10.865148590789497	0.8527252582683448	0.2531091511180398	0.5
9610	3248.134273058262	-10.849940839442116	0.8501997857846649	0.35357888601222615	0.5
9620	3248.391538259767	-11.213308044042076	0.8897766411752984	0.029565392948481466	0.5
9630	3249.334402326959	-11.07814129215016	0.8754268703651198	0.1128749550471266	0.5
9640	3249.4882106706004	-11.242424108632983	0.8921734401096586	0.08104614542175108	0.5
9650	3250.1520011813077	-11.122708656947113	0.8783565266780701	0.26558297172202905	0.5
9660	3250.385550537453	-10.983474544179215	0.8643995423393885	0.2689402779113227	0.5
9670	3249.56581743564	-11.324373490522932	0.9001716511121004	0.10071886407762368	0.5
9680	3248.2718284590255	-11.199233168649195	0.8846686581015349	0.39961494639647716	0.5
9690	3247.615365222938	-10.531913399248873	0.8204361702799224	0.1496660345548303	0.5
9700	3250.5216364833077	-11.281294939487834	0.8935258755707406	0.33451090786335186	0.5
9710	3249.7150968191345	-10.803450035159734	0.8462545233940991	0.28319708224624934	0.5
9720	3249.8008301446575	-11.454255317370254	0.9108464199719157	0.3320602465700218	0.5
9730	3236.4399137406476	-10.730900687867885	0.8359395067245375	0.5892052762839235	0.5
9740	3250.675040841781	-11.400574886157948	0.9073141974943894	0.1484781821991654	0.5
9750	3246.060227209123	-10.516260427019843	0.8133118742981781	0.7055659104393236	0.5
9760	3249.087706393353	-11.037103698315097	0.8713571588607324	0.10947016713657375	0.5
9770	3253.756398475143	-11.229847154860623	0.8856580116330226	0.6068194553627326	0.5
9780	3248.6717928550584	-11.011087976315697	0.8688973091221359	0.09529792100187359	0.5
9790	3249.551294626756	-11.075550375774156	0.873077607758068	0.3218920519932533	0.5
9800	3249.6780384259678	-11.048995676139103	0.8705886311952578	0.3052427119237517	0.5
9810	3249.686964762419	-11.005940723160771	0.8654838190760843	0.38517439405807674	0.5
9820	3249.3068161950723	-11.018187686350295	0.8673950615375653	0.3165197798052532	0.5
9830	3249.794475201166	-11.151210002642351	0.8826291097390994	0.12333812257220277	0.5
9840	3246.5940193655524	-10.995873030267182	0.8649502027669574	0.3378590960345445	0.5
9850	3249.224213769762	-10.889313538022922	0.8570915263358749	0.05813181670018877	0.5
9860	3250.1023261768705	-11.017910553205757	0.8678258861603277	0.2706659860831766	0.5
9870	3249.54087185841	-11.087676881150674	0.8763521803396593	0.11569984759908368	0.5
9880	3252.604241577632	-10.765727197645239	0.8425827464799506	0.2731463985154375	0.5
9890	3236.4211298068612	-10.975326124032227	0.8606187223926824	0.5655380711118321	0.5
9900	3250.11270828281	-11.548799919429616	0.9207470860389304	0.28743966046095965	0.5
9910	3249.728359231404	-11.603957520972543	0.9266147549818748	0.25224878159556796	0.5
9920	3248.8959261701634	-11.582232945119527	0.9261663067774341	0.07984784350990252	0.5
9930	3249.8150291156185	-10.755402657466965	0.8380911026009036	0.6190653846374952	0.5
9940	3236.389958467169	-11.675513289921255	0.9305867238249343	0.5706095867770203	0.5
9950	3248.4583765329535	-11.10053753795843	0.8766638652202611	0.2131379276158979	0.5
9960	3249.8498025377958	-11.308146839428833	0.8987304166036677	0.08257580397951558	0.5
9970	3250.5299811269806	-10.96591710301313	0.8641067555462357	0.12264454556563943	0.5
9980	3248.5830655779628	-10.927227553354614	0.8610019776588154	0.04622683772253104	0.5
9990	3249.076198248236	-11.43315206258262	0.9110698515248589	0.09868454339822048	0.5
10000	3249.9438493224898	-11.248544024864717	0.8895314307023706	0.40644624846791816	0.5
