iteration	likelihood	prior	σ²	 m 	 α 
10	3285.413428334498	-5.471136921377677	0.3148551828383676	0.1	0.1
20	3188.8295747863094	-5.839484540480626	0.35168994474866344	0.1	0.1
30	3185.306801570226	-6.234555126227385	0.3911970033233393	0.1	0.1
40	3089.1266063381286	-6.737852519217289	0.44152674262233	0.1	0.1
50	3086.069796492585	-6.607427680769003	0.42848425877750157	0.1	0.1
60	3258.141595434324	-5.443586274496996	0.3121001181503006	0.1	0.1
70	3136.529823100146	-6.127171300074907	0.3804586207080916	0.1	0.1
80	3172.208347421121	-5.983926703463818	0.3661341610469832	0.1	0.1
90	3182.0994665584262	-6.255243809274852	0.39326587162808696	0.1	0.1
100	3228.001019263997	-5.866977513198001	0.3544392420204021	0.1	0.1
110	3191.404918611297	-5.68271539543973	0.33601303024457446	0.1	0.1
120	3234.092577753578	-5.910980477822186	0.35883953848282024	0.1	0.1
130	3169.013263761373	-6.2576744161871325	0.3935089323193151	0.1	0.1
140	3073.030415575432	-7.1357209056223985	0.48131358126284146	0.1	0.1
150	3032.822353694855	-7.065486990678319	0.4742901897684334	0.1	0.1
160	3198.3394352739583	-6.045510883740037	0.3722925790746052	0.1	0.1
170	3188.9407034686424	-6.2029868077668215	0.3880401714772835	0.1	0.1
180	3203.639101249622	-5.698971020701396	0.3376385927707413	0.1	0.1
190	3122.1650573270767	-6.313735182872229	0.3991150089878251	0.1	0.1
200	3157.9428913336833	-6.237676289602678	0.3915091196608697	0.1	0.1
210	3197.6225373117945	-5.8378028801974295	0.35152177872034457	0.1	0.1
220	3228.1669204794266	-6.162120059972582	0.38395349669785983	0.1	0.1
230	3149.648787073688	-6.368033408049407	0.4045448315055431	0.1	0.1
240	3108.4521069368	-6.484370222303933	0.4161785129309954	0.1	0.1
250	3240.5472541814106	-5.568914990910929	0.3246329897916949	0.1	0.1
260	3265.797413130902	-5.68519983899443	0.3362614746000455	0.1	0.1
270	3290.6214054344578	-5.698460999561345	0.3375875906567369	0.1	0.1
280	3256.004558258098	-5.530406254177855	0.32078211611838786	0.1	0.1
290	3267.6382554877396	-5.72418556859181	0.3401600475597835	0.1	0.1
300	3197.873796124925	-6.011830997455448	0.36892459044614745	0.1	0.1
310	3298.3629844947327	-5.362807092620697	0.30402219996267255	0.1	0.1
320	3366.2611355381164	-4.999983733046413	0.26773986400524397	0.1	0.1
330	3352.4513423804938	-5.207001478238859	0.28844163852448895	0.1	0.1
340	3194.4041729797527	-5.971274960852991	0.36486898678590257	0.1	0.1
350	3158.62438891768	-6.1753390902362115	0.3852753997242243	0.1	0.1
360	3263.523449367667	-5.570072806437283	0.3247487713443315	0.1	0.1
370	3247.5840646506767	-5.648252442718569	0.33256673497246	0.1	0.1
380	3229.507509165409	-5.650150735795505	0.3327565642801539	0.1	0.1
390	3289.7832927994323	-5.555664859014468	0.3233079766020501	0.1	0.1
400	3144.6477950593853	-6.492470700815941	0.4169885607821975	0.1	0.1
410	3249.4779660255044	-5.671029601799142	0.3348444508805171	0.1	0.1
420	3191.2166773839203	-5.8019711276945065	0.3479386034700537	0.1	0.1
430	3231.20244351671	-5.732612477198429	0.3410027384204455	0.1	0.1
440	3338.9603637042487	-5.142158466075481	0.2819573373081506	0.1	0.1
450	3441.4717552391235	-4.730714887769692	0.24081297947757188	0.1	0.1
460	3405.2307725902883	-4.951294786878957	0.26287096938849824	0.1	0.1
470	3313.4331708361788	-5.3576003971538135	0.3035015304159835	0.1	0.1
480	3238.5406232961195	-5.693059099307246	0.33704740063132643	0.1	0.1
490	3199.8646954235364	-5.924595364888108	0.36020102718941266	0.1	0.1
500	3106.472284293099	-6.273315679204101	0.39507305862101144	0.1	0.1
510	3182.7602985982885	-5.950668550741421	0.3628083457747435	0.1	0.1
520	3278.1756195814924	-5.708837038411238	0.33862519454172557	0.1	0.1
530	3287.9529334829476	-5.630465701402899	0.3307880608408919	0.1	0.1
540	3193.4433620538134	-5.951446437044966	0.36288613440509865	0.1	0.1
550	3272.3906034314705	-5.6313305056914675	0.33087454126974847	0.1	0.1
560	3156.2999239654023	-5.927644901551204	0.3605059808557218	0.1	0.1
570	3194.079679889863	-5.7504545186535125	0.3427869425659524	0.1	0.1
580	3207.2924985597765	-6.126453829747959	0.3803868736753968	0.1	0.1
590	3228.7037504089226	-5.742604525485758	0.34200194324917677	0.1	0.1
600	3226.207190259458	-5.797430726480391	0.34748456334863975	0.1	0.1
610	3153.668511925171	-6.324380993197225	0.4001795900203234	0.1	0.1
620	3121.978969237354	-6.353226099219428	0.40306410062254333	0.1	0.1
630	3103.4108809023182	-6.8975512446275244	0.457496615163353	0.1	0.1
640	3196.7841438547653	-6.295501119210666	0.3972916026216673	0.1	0.1
650	3283.7078702777812	-5.151987806795686	0.28294027138016864	0.1	0.1
660	3282.4975905750775	-5.6395760206209395	0.33169909276269355	0.1	0.1
670	3424.0434568122582	-4.828223630580602	0.2505638537586599	0.1	0.1
680	3314.341994585883	-5.320014775901407	0.2997429682907406	0.1	0.1
690	3325.7737172589655	-5.317743930051089	0.2995158837057087	0.1	0.1
700	3326.985946493333	-5.341762677958369	0.3019177584964371	0.1	0.1
710	3303.0977822052405	-5.367345069644281	0.3044759976650283	0.1	0.1
720	3228.063803683395	-5.70733527463134	0.3384750181637346	0.1	0.1
730	3214.5716796534975	-5.849713731854027	0.3527128638860033	0.1	0.1
740	3285.532292777663	-5.531395142159967	0.3208810049165972	0.1	0.1
750	3363.5260910936795	-4.924334486917478	0.2601749393923481	0.1	0.1
760	3275.719017029962	-5.423080558852836	0.31004954658588396	0.1	0.1
770	3186.672224163133	-6.031241273089401	0.3708656180095403	0.1	0.1
780	3381.6993084345754	-4.930768620132204	0.2608183527138205	0.1	0.1
790	3295.1359484198397	-5.552416984502836	0.3229831891508836	0.1	0.1
800	3224.6522996997446	-5.927929217435981	0.3605344124441978	0.1	0.1
810	3126.28736510137	-6.421238284374506	0.4098653191380502	0.1	0.1
820	3082.378006252123	-6.688227780001652	0.43656426870076526	0.1	0.1
830	3249.9346156439074	-5.8702511549055645	0.35476660619115585	0.1	0.1
840	3172.8505516287337	-6.133901702569527	0.3811316609575513	0.1	0.1
850	3213.074528470535	-5.6938568999716495	0.33712718069776315	0.1	0.1
860	3039.9119124514295	-7.146372141603075	0.4823787048609055	0.1	0.1
870	3023.9054272652543	-7.328663704865559	0.5006078611871545	0.1	0.1
880	3108.62869175027	-6.582313993398806	0.42597289004047895	0.1	0.1
890	3052.0432741337004	-7.127150014797877	0.4804564921803861	0.1	0.1
900	3030.89236623358	-7.419103004480373	0.5096517911486353	0.1	0.1
910	2994.6135958368413	-7.52865129083842	0.5206066197844409	0.1	0.1
920	3011.7913808888065	-7.304321655537187	0.49817365625431753	0.1	0.1
930	3115.0097015007086	-6.550530031649026	0.42279449386550133	0.1	0.1
940	3146.2654635626586	-6.454332137038791	0.4131747044044774	0.1	0.1
950	3098.128118312685	-6.689505880282849	0.43669207872888277	0.1	0.1
960	3123.2919215918896	-6.0447304369856365	0.3722145343991617	0.1	0.1
970	3191.546120528499	-5.970556804936393	0.3647971711942375	0.1	0.1
980	3126.448941469261	-6.511448311637698	0.4188863218643682	0.1	0.1
990	3166.5021249393403	-6.013492758271975	0.36909076652779577	0.1	0.1
1000	3124.841718436893	-6.347120422002559	0.40245353290085417	0.1	0.1
1010	3122.6768081323767	-6.621079363768561	0.4298494270774539	0.1	0.1
1020	3126.0965748773724	-6.150810691319436	0.3828225598325423	0.1	0.1
1030	3115.723089292599	-6.456170727012699	0.41335856340186844	0.1	0.1
1040	3105.3595157493014	-6.51976588819784	0.41971807952038215	0.1	0.1
1050	3046.8258588650174	-6.635487337462636	0.43129022444686177	0.1	0.1
1060	3081.2452064887584	-6.814624275990748	0.4492039182996729	0.1	0.1
1070	3011.372323140604	-7.416405505860874	0.5093820412866858	0.1	0.1
1080	3067.251807929064	-6.909839982202867	0.4587254889208855	0.1	0.1
1090	3157.1808335063997	-6.087532591932114	0.3764947498938109	0.1	0.1
1100	3218.962379619114	-6.058471167851666	0.373588607485766	0.1	0.1
1110	3180.214442798841	-6.140809992636624	0.38182248996426194	0.1	0.1
1120	3162.885913596433	-6.452216640062121	0.4129631547068113	0.1	0.1
1130	3055.642485128459	-7.038827407121968	0.47162423141279575	0.1	0.1
1140	3260.5655241577642	-5.613757476909045	0.3291172383915034	0.1	0.1
1150	3326.168299569648	-5.476487746769984	0.3153902653775969	0.1	0.1
1160	3356.9118234228886	-5.100221670681339	0.2777636577687325	0.1	0.1
1170	3357.008155335291	-5.083108678837516	0.27605235858435107	0.1	0.1
1180	3376.5254148925574	-5.174336199474328	0.28517511064803297	0.1	0.1
1190	3258.8213914732805	-5.541449380970969	0.32188642879769747	0.1	0.1
1200	3196.336263918198	-6.033517203166851	0.3710932110172853	0.1	0.1
1210	3232.915856421151	-5.769778550426686	0.34471934574326857	0.1	0.1
1220	3227.943861752126	-5.708229620074239	0.3385644527080232	0.1	0.1
1230	3214.615598246819	-5.984174043022426	0.36615889500284166	0.1	0.1
1240	3208.5495445704273	-5.772526606068584	0.34499415130745714	0.1	0.1
1250	3225.716551154917	-5.577718886927135	0.32551337939331276	0.1	0.1
1260	3292.9002921779993	-5.413511438336202	0.3090926345342193	0.1	0.1
1270	3206.005789576553	-5.943583079671089	0.362099798667708	0.1	0.1
1280	3256.3618117711812	-5.45792678033186	0.3135341687337848	0.1	0.1
1290	3312.2654659093664	-5.46188451888118	0.31392994258871654	0.1	0.1
1300	3291.7274591380797	-5.360990240134128	0.3038405147140113	0.1	0.1
1310	3193.87695493101	-5.821974877117561	0.34993897841235416	0.1	0.1
1320	3100.199566896867	-6.516847988724789	0.41942628957307604	0.1	0.1
1330	3201.549905382161	-6.19376342288795	0.38711783298939245	0.1	0.1
1340	3216.6564043925173	-5.870530725442175	0.3547945632448149	0.1	0.1
1350	3224.3908292829556	-5.882495204181176	0.3559910111187149	0.1	0.1
1360	3253.080974378038	-5.72877257142846	0.34061874784344326	0.1	0.1
1370	3205.0762513036143	-5.916545030771044	0.3593959937777015	0.1	0.1
1380	3138.784673926949	-6.207195709298803	0.38846106163047767	0.1	0.1
1390	3109.8875379537403	-6.685030341449518	0.4362445248455492	0.1	0.1
1400	3161.6333846130406	-5.974793972743267	0.36522088797492464	0.1	0.1
1410	3184.2232592392124	-6.02750815281446	0.3704923059820438	0.1	0.1
1420	3078.1836012795134	-6.7525225674333065	0.4429937474439285	0.1	0.1
1430	3064.995153027877	-7.010206353407895	0.4687621260413875	0.1	0.1
1440	2997.5550315197	-7.446868900943363	0.5124283807949346	0.1	0.1
1450	2964.142291463996	-7.300821478605381	0.4978236385611349	0.1	0.1
1460	3067.1968558682784	-7.025714769415166	0.4703129676421136	0.1	0.1
1470	3073.3037605038903	-6.807769668727849	0.44851845757338143	0.1	0.1
1480	3196.195190524583	-6.063871082006552	0.3741285989012522	0.1	0.1
1490	3249.1137017056417	-5.638706275272703	0.3316121182278679	0.1	0.1
1500	3378.0685553206426	-5.05639090794792	0.27338058149538935	0.1	0.1
1510	3342.8916394147877	-5.30390826049876	0.2981323167504726	0.1	0.1
1520	3250.249307279386	-5.658354653049901	0.33357695600558684	0.1	0.1
1530	3269.591622075156	-5.428466687983011	0.31058815949889823	0.1	0.1
1540	3315.5317550073682	-5.243783277160337	0.29211981841663076	0.1	0.1
1550	3230.095201559527	-5.789688554626076	0.34671034616320456	0.1	0.1
1560	3355.7307619675535	-5.090535594758515	0.27679505017644856	0.1	0.1
1570	3354.0615472703735	-5.020967520047389	0.26983824270533596	0.1	0.1
1580	3353.0643580142178	-5.1996845411886685	0.2877099448194641	0.1	0.1
1590	3324.9018437830177	-5.354023890074524	0.3031438797080493	0.1	0.1
1600	3402.0480879136885	-4.936122011279407	0.2613536918285377	0.1	0.1
1610	3416.5377998455406	-4.9991941037665155	0.26766090107724866	0.1	0.1
1620	3313.78142826591	-5.3280006323283935	0.3005415539334359	0.1	0.1
1630	3423.574744723666	-5.0122971282265745	0.26897120352325427	0.1	0.1
1640	3442.866130835979	-4.740184199779799	0.24175991067857666	0.1	0.1
1650	3468.7115914700075	-4.833095186230947	0.2510510093236912	0.1	0.1
1660	3302.989094780141	-5.334627900049848	0.3012042807055815	0.1	0.1
1670	3331.883332988436	-5.126857442959551	0.2804272349965519	0.1	0.1
1680	3331.1839385583016	-4.914035545268101	0.2591450452274069	0.1	0.1
1690	3366.496759095835	-5.1856770696678804	0.28630919766738494	0.1	0.1
1700	3354.172323950322	-4.9599811080726495	0.26373960150786163	0.1	0.1
1710	3269.5016093152058	-5.555461615575789	0.323287652258176	0.1	0.1
1720	3315.053379531837	-5.407853830511156	0.3085268737517128	0.1	0.1
1730	3243.4094478254033	-5.747477798800785	0.3424892705806753	0.1	0.1
1740	3207.5928514036414	-5.773449665250451	0.34508645722564185	0.1	0.1
1750	3286.58956328175	-5.529217572688753	0.3206632479694722	0.1	0.1
1760	3294.172918515578	-5.210593881852871	0.28880087888588357	0.1	0.1
1770	3248.564175604194	-5.682164988418265	0.3359579895424233	0.1	0.1
1780	3376.7212769908847	-5.146577650253515	0.2823992557259489	0.1	0.1
1790	3313.221855213221	-5.376895582016548	0.30543104890225237	0.1	0.1
1800	3286.0648108647747	-5.5027412390900965	0.31801561460960753	0.1	0.1
1810	3196.383873331769	-6.042536391590943	0.37199512985969235	0.1	0.1
1820	3166.539794417448	-6.160581994296266	0.38379969013022547	0.1	0.1
1830	3246.0252743086985	-5.697930657742832	0.3375345564748823	0.1	0.1
1840	3154.1462512625644	-6.321950966208119	0.3999365873214111	0.1	0.1
1850	3265.743071087764	-5.660095791063543	0.33375106980695346	0.1	0.1
1860	3208.2540738674606	-5.842808589405862	0.35202234964118506	0.1	0.1
1870	3143.4548053234626	-6.498058495323604	0.4175473402329586	0.1	0.1
1880	3035.2127664325844	-7.366931805109821	0.504434671211581	0.1	0.1
1890	3155.7789212542043	-6.434376444554641	0.41117913515606325	0.1	0.1
1900	3257.8410508983093	-5.41417614584244	0.3091591052848433	0.1	0.1
1910	3292.954671711719	-5.449862914693596	0.3127277821699585	0.1	0.1
1920	3245.4268007834326	-5.694186234987457	0.33716011419934455	0.1	0.1
1930	3288.6571728213235	-5.369239274123188	0.304665418112917	0.1	0.1
1940	3292.0973231120843	-5.526301825711935	0.32037167327179117	0.1	0.1
1950	3280.979440011331	-5.598605618561454	0.3276020525567428	0.1	0.1
1960	3258.6497908286797	-5.737660553502107	0.34150754605080846	0.1	0.1
1970	3254.547141258839	-5.63902646717236	0.3316441374178334	0.1	0.1
1980	3416.772125188106	-4.900951237207439	0.2578366144213413	0.1	0.1
1990	3286.5588879990128	-5.472351917843287	0.3149766824849264	0.1	0.1
2000	3251.588794717055	-5.613205615917607	0.3290620522923582	0.1	0.1
2010	3250.805970932404	-5.523892820126246	0.3201307727132223	0.1	0.1
2020	3256.3811657854394	-5.667811915066188	0.33452268220721676	0.1	0.1
2030	3257.512820886219	-5.6185141960675	0.32959291030734833	0.1	0.1
2040	3276.9263427740084	-5.551725622366427	0.32291405293724146	0.1	0.1
2050	3246.193183242716	-5.611403136941345	0.32888180439473347	0.1	0.1
2060	3274.9705047521184	-5.727114770533867	0.3404529677539861	0.1	0.1
2070	3206.8862667560866	-6.0828916321414574	0.37603065391474516	0.1	0.1
2080	3172.604168191461	-5.9503290097999075	0.36277439168059	0.1	0.1
2090	3125.166694630844	-6.523125082084083	0.42005399890900774	0.1	0.1
2100	3138.6151996878657	-6.412105270681569	0.4089520177687563	0.1	0.1
2110	3225.5251784068796	-5.967621595697425	0.3645036502703415	0.1	0.1
2120	3239.50642416393	-5.877551112977031	0.35549660199830196	0.1	0.1
2130	3197.962082705479	-6.103822827914598	0.378123773492059	0.1	0.1
2140	3212.2446427730474	-5.959093622228123	0.3636508529234109	0.1	0.1
2150	3098.8614548074083	-6.90765719576961	0.45850721027755903	0.1	0.1
2160	3147.7660392108264	-6.209132483366705	0.3886547390372685	0.1	0.1
2170	3108.5762288566807	-6.638939893773171	0.4316354800779155	0.1	0.1
2180	3137.3280522414198	-6.251888968950313	0.3929303875956296	0.1	0.1
2190	3145.803819301657	-6.435766599954591	0.41131815069605737	0.1	0.1
2200	3169.4937294037945	-6.010273951829067	0.36876888588350554	0.1	0.1
2210	3183.0592045651265	-5.809436384353286	0.3486851291359273	0.1	0.1
2220	3275.400401830896	-5.627381697800945	0.330479660480694	0.1	0.1
2230	3061.7699165192867	-7.141053392442728	0.4818468299448721	0.1	0.1
2240	3099.881198512506	-6.808240213742942	0.4485655120748936	0.1	0.1
2250	3224.550951148686	-6.1209715817669315	0.379838648877293	0.1	0.1
2260	3193.412845953213	-5.914021081079376	0.3591435988085376	0.1	0.1
2270	3171.891082509448	-6.270341335988903	0.3947756242994903	0.1	0.1
2280	3125.661179462005	-6.405994617824351	0.40834095248303526	0.1	0.1
2290	3246.500681641211	-5.511964935095493	0.3189379842101494	0.1	0.1
2300	3186.2995291154493	-6.26277039777319	0.3940185304779186	0.1	0.1
2310	3258.7455849038092	-5.516407404540131	0.31938223115461256	0.1	0.1
2320	3229.5999327499417	-5.64709790457295	0.33245128115789513	0.1	0.1
2330	3190.6437268727677	-5.983215885013568	0.3660630792019567	0.1	0.1
2340	3196.344615508684	-6.439121863545943	0.41165367705519346	0.1	0.1
2350	3280.800938949522	-5.416322626984063	0.30937375339900547	0.1	0.1
2360	3272.412981871462	-5.542644717038439	0.3220059624044437	0.1	0.1
2370	3300.284867871869	-5.344801743791085	0.30222166507970766	0.1	0.1
2380	3172.6072665821202	-5.877375376679646	0.35547902836856343	0.1	0.1
2390	3314.5400868767206	-5.423066223748899	0.31004811307548885	0.1	0.1
2400	3170.7286036664104	-6.235648158642719	0.39130630656487164	0.1	0.1
2410	3266.780812072003	-5.499040096714821	0.3176455003720824	0.1	0.1
2420	3323.1641372450663	-5.253559371379767	0.29309742783857706	0.1	0.1
2430	3188.526410840979	-5.934380406124381	0.36117953131303815	0.1	0.1
2440	3227.877811479422	-5.928818355605527	0.3606233262611531	0.1	0.1
2450	3359.3634907376995	-5.121417967895043	0.27988328749010466	0.1	0.1
2460	3219.099572664117	-5.746219648396307	0.3423634555402302	0.1	0.1
2470	3316.6655075222934	-5.5025608264791535	0.3179975733485146	0.1	0.1
2480	3277.510613735813	-5.636755975488633	0.3314170882494627	0.1	0.1
2490	3128.938705127197	-6.333329992615512	0.40107448996215	0.1	0.1
2500	3205.312826800697	-5.841680485052255	0.35190953920582413	0.1	0.1
2510	3152.713587498359	-6.366418898423499	0.40438338054294864	0.1	0.1
2520	3224.2957057574827	-5.871241029865427	0.3548655936871413	0.1	0.1
2530	3205.178910140567	-5.82391176949808	0.35013266765040657	0.1	0.1
2540	3222.516881058578	-5.808356304632183	0.34857712116381645	0.1	0.1
2550	3233.5482594521936	-5.8227916922794565	0.3500206599285438	0.1	0.1
2560	3210.210971276704	-5.8583313273681945	0.3535746234374174	0.1	0.1
2570	3193.4841038086465	-6.15900182229131	0.38364167292972884	0.1	0.1
2580	3160.0487863300655	-6.43451936053356	0.41119342675395426	0.1	0.1
2590	3157.003852292591	-6.198359189617247	0.38757740966232324	0.1	0.1
2600	3192.439217409248	-5.7486981855242885	0.34261130925302724	0.1	0.1
2610	3189.1169898001904	-6.036628537483308	0.3714043444489294	0.1	0.1
2620	3095.8236232936288	-6.663713485089988	0.434112839209597	0.1	0.1
2630	3084.7190668082767	-6.64066793362263	0.4318082840628615	0.1	0.1
2640	3082.2071081298	-6.726562542910552	0.44039774499165374	0.1	0.1
2650	2970.5090383782576	-7.581641993856093	0.5259056900862077	0.1	0.1
2660	3015.0672136211033	-7.172319298271935	0.48497342052779124	0.1	0.1
2670	3043.584291121004	-6.979200490548492	0.46566153975544633	0.1	0.1
2680	3108.741079860328	-6.436707525946572	0.41141224329525417	0.1	0.1
2690	3086.4253820329113	-6.677038110947942	0.43544530179539204	0.1	0.1
2700	2999.632982445127	-7.592917117603193	0.5270332024609173	0.1	0.1
2710	2932.5547906381444	-7.859123567584344	0.5536538474590325	0.1	0.1
2720	3129.515232079651	-6.475241900086946	0.4152656807092916	0.1	0.1
2730	3070.944590404928	-6.711298923462917	0.4388713830468893	0.1	0.1
2740	3140.8155361864888	-5.996672985105031	0.3674087892111009	0.1	0.1
2750	3055.4710385612234	-7.1106518158354	0.4788066722841386	0.1	0.1
2760	3112.696745461005	-6.53086575709244	0.4208280664098424	0.1	0.1
2770	3082.122996657482	-6.706982705712075	0.43843976127180595	0.1	0.1
2780	3030.823138087921	-6.9389166631329	0.4616331570138886	0.1	0.1
2790	3026.993275903096	-7.163894615026123	0.4841309522032102	0.1	0.1
2800	3055.3081783220528	-6.803541809123052	0.44809567161290315	0.1	0.1
2810	3028.751498961322	-7.039345048221779	0.47167599552277534	0.1	0.1
2820	3111.2225903711505	-6.513317027634343	0.4190731934640323	0.1	0.1
2830	3033.652819192523	-6.904620059968157	0.45820349669741445	0.1	0.1
2840	3067.3963034398607	-6.73699468746498	0.4414409594470966	0.1	0.1
2850	3185.7298752770284	-5.810140803506329	0.34875557105123156	0.1	0.1
2860	3226.233116499603	-5.748186413759255	0.3425601320765242	0.1	0.1
2870	3121.422327361668	-6.56730516323255	0.4244720070238539	0.1	0.1
2880	3080.5125800800583	-6.589008968432966	0.4266423875438958	0.1	0.1
2890	3128.2224117847136	-6.109194313709146	0.37866092207151353	0.1	0.1
2900	3124.9298536155657	-6.644630078670555	0.432204498567654	0.1	0.1
2910	3071.826188498187	-7.145275256156706	0.48226901631626845	0.1	0.1
2920	2995.5024041610377	-7.356077938565546	0.5033492845571519	0.1	0.1
2930	2948.410874383744	-8.212492996925288	0.5889907903931257	0.1	0.1
2940	3035.7502291879186	-7.065301229901842	0.4742716136907811	0.1	0.1
2950	3141.383033070868	-6.151102631920781	0.38285175389267506	0.1	0.1
2960	3149.155904604026	-6.205440866835177	0.38828557738411495	0.1	0.1
2970	3131.5766020207543	-6.275727487740904	0.3953142394746882	0.1	0.1
2980	3117.6463476548147	-6.309976244246871	0.3987391151252844	0.1	0.1
2990	3203.788927972558	-5.993472363598919	0.36708872706048923	0.1	0.1
3000	3223.490623699704	-5.704241748916257	0.3381656655922231	0.1	0.1
3010	3262.2278203560945	-5.550296412210779	0.3227711319216754	0.1	0.1
3020	3316.319438611356	-5.390732533112057	0.3068147440118031	0.1	0.1
3030	3266.8887188095996	-5.6620384995780615	0.33394534065840337	0.1	0.1
3040	3223.6640147797907	-5.85000596016013	0.35274208671660956	0.1	0.1
3050	3292.491711674208	-5.3806043187500325	0.30580192257559957	0.1	0.1
3060	3319.7199719751006	-5.330767816482025	0.3008182723487991	0.1	0.1
3070	3320.399726535869	-5.148742835401211	0.28261577424071793	0.1	0.1
3080	3332.7492377478	-5.049692461492908	0.272710736849888	0.1	0.1
3090	3289.725851820253	-5.5532661964429995	0.32306811034489735	0.1	0.1
3100	3258.182619557506	-5.641063852620109	0.33184787596260823	0.1	0.1
3110	3260.3894396334504	-5.58578349992795	0.32631984069339265	0.1	0.1
3120	3137.1751774485588	-6.0425356831560935	0.37199505901620755	0.1	0.1
3130	3192.3140447835985	-6.1960078766687	0.387342278367468	0.1	0.1
3140	3197.4285308712406	-5.975648490660247	0.3653063397666228	0.1	0.1
3150	3182.5470242458855	-6.1866565183672435	0.3864071425373221	0.1	0.1
3160	3150.705309195898	-6.337954374588832	0.4015369281594808	0.1	0.1
3170	3055.2139897820703	-7.017573924298907	0.4694988831304886	0.1	0.1
3180	3137.2498572468053	-6.569385399372512	0.4246800306378494	0.1	0.1
3190	3090.443372594682	-6.829704269537048	0.4507119176543028	0.1	0.1
3200	3087.329294321806	-6.753694192095746	0.44311090991017243	0.1	0.1
3210	3095.574673350363	-6.557262653728209	0.42346775607341886	0.1	0.1
3220	3034.1216046969103	-7.202471130513903	0.48798860375198855	0.1	0.1
3230	3064.7790488885566	-6.513503537697236	0.41909184447032216	0.1	0.1
3240	3157.4363405093472	-6.4024163589036815	0.4079831265909668	0.1	0.1
3250	3177.3288948494255	-6.14475264533354	0.38221675523395227	0.1	0.1
3260	3228.6332901555156	-5.861355050783363	0.35387699577893456	0.1	0.1
3270	3307.3415597304197	-5.26670950525288	0.294412441225887	0.1	0.1
3280	3177.7894163815167	-6.054996110150607	0.3732411017156596	0.1	0.1
3290	3232.0255329783245	-5.7940508175300405	0.34714657245360325	0.1	0.1
3300	3205.9204854660097	-5.894163366706765	0.35715782737127577	0.1	0.1
3310	3108.763068732709	-6.777450661329111	0.44548655683351024	0.1	0.1
3320	3200.5414833239083	-6.090278087193139	0.3767692994199131	0.1	0.1
3330	3156.7295735014013	-6.368261998247634	0.4045676905253631	0.1	0.1
3340	3189.379281456196	-6.143809923911502	0.38212248309174995	0.1	0.1
3350	3309.5120842564893	-5.156223686501647	0.28336385935076486	0.1	0.1
3360	3347.0674421054287	-4.8935762333731665	0.2570991140379169	0.1	0.1
3370	3131.5209512942993	-6.368174677949169	0.4045589584955175	0.1	0.1
3380	3173.2415023021936	-6.274511104034823	0.39519260110408283	0.1	0.1
3390	3200.692345322071	-6.008726025540364	0.3686140932546369	0.1	0.1
3400	3228.7350293037766	-5.753154141383191	0.3430569048389194	0.1	0.1
3410	3239.474734086194	-5.738491577423214	0.3415906484429217	0.1	0.1
3420	3164.046207065503	-6.183766959144244	0.38611818661502445	0.1	0.1
3430	3253.6183588369613	-5.65710319775792	0.3334518104763923	0.1	0.1
3440	3180.3357925932532	-5.862777123502979	0.3540192030508978	0.1	0.1
3450	3207.842295075959	-5.665871973900645	0.33432868809066424	0.1	0.1
3460	3184.0469087817974	-6.101321623823125	0.3778736530829129	0.1	0.1
3470	3208.103322821328	-5.978385152601106	0.3655800059607109	0.1	0.1
3480	3205.6161368925054	-5.915504879893709	0.3592919786899716	0.1	0.1
3490	3106.667704139053	-6.500249276273139	0.4177664183279148	0.1	0.1
3500	3221.781914993883	-5.816520412802729	0.34939353198087336	0.1	0.1
3510	3204.9202345303806	-6.129162832725796	0.38065777397317946	0.1	0.1
3520	3183.284683561914	-6.202925060571126	0.38803399675771283	0.1	0.1
3530	3219.1832430976033	-5.630442421058651	0.3307857328064645	0.1	0.1
3540	3304.915288581401	-5.378140819286317	0.30555557262923133	0.1	0.1
3550	3361.2367780900095	-5.327696833974813	0.30051117409808087	0.1	0.1
3560	3287.952608164088	-5.580416257763567	0.32578311647695657	0.1	0.1
3570	3234.580832982153	-5.806419956758848	0.3483834863764848	0.1	0.1
3580	3310.0605715586603	-5.074942343669038	0.27523572506750354	0.1	0.1
3590	3326.6956733932284	-5.362157969722663	0.3039572876728661	0.1	0.1
3600	3213.7629145011556	-5.790227586076135	0.34676424930821326	0.1	0.1
3610	3158.483240096269	-6.242637936525094	0.39200528435310894	0.1	0.1
3620	3115.1656410161963	-6.569988199035736	0.42474031060417267	0.1	0.1
3630	3070.9572946961275	-6.72454942904564	0.44019643360516325	0.1	0.1
3640	3101.150912426087	-6.428307789765393	0.410572269677138	0.1	0.1
3650	3070.0333371372276	-6.610596960222542	0.4288011867228529	0.1	0.1
3660	3087.249238145005	-6.772832932807909	0.4450247839813895	0.1	0.1
3670	3217.284310765681	-5.895079122015269	0.35724940290212487	0.1	0.1
3680	3220.367146210408	-5.871950254389947	0.35493651613959254	0.1	0.1
3690	3200.804412925484	-6.13343863208196	0.38108535390879367	0.1	0.1
3700	3146.912814705044	-6.6118119618260485	0.428922686883203	0.1	0.1
3710	3192.4402846747216	-6.1652142298867	0.384262913689268	0.1	0.1
3720	3154.016994620169	-6.5610971917813785	0.4238512098787354	0.1	0.1
3730	3119.2699118811215	-6.378765027016109	0.40561799340220833	0.1	0.1
3740	3140.0440111761013	-6.455546908555405	0.41329618155613773	0.1	0.1
3750	3069.372842249262	-6.671611298379169	0.43490262053851414	0.1	0.1
3760	3066.1829496154587	-6.568046354689243	0.42454612616952175	0.1	0.1
3770	3153.816010330967	-6.201227949251543	0.38786428562575176	0.1	0.1
3780	3166.7084077308837	-6.185725829183829	0.3863140736189801	0.1	0.1
3790	3159.964995490314	-6.242126983518693	0.3919541890524664	0.1	0.1
3800	3242.96557236846	-5.91884035556976	0.3596255262575732	0.1	0.1
3810	3218.4099207880085	-6.020046360500371	0.3697461267506341	0.1	0.1
3820	3276.331158427005	-5.583539194776104	0.3260954101782073	0.1	0.1
3830	3234.968385336747	-5.935475087369451	0.36128899943754195	0.1	0.1
3840	3241.163517279461	-5.680669060039616	0.335808396704559	0.1	0.1
3850	3308.3439518463424	-5.404120121489312	0.30815350284952897	0.1	0.1
3860	3317.0352043173275	-5.22119557763768	0.28986104846436606	0.1	0.1
3870	3268.712891073651	-5.512958075709268	0.3190372982715245	0.1	0.1
3880	3201.781643765246	-5.899486697652846	0.3576901604658815	0.1	0.1
3890	3242.8981628334077	-5.724838982648441	0.34022538896544036	0.1	0.1
3900	3374.838583207978	-5.013778062888486	0.26911929698944453	0.1	0.1
3910	3319.0600445655714	-5.464212254926778	0.3141627161932742	0.1	0.1
3920	3384.4005695526034	-5.226477344717527	0.2903892251723489	0.1	0.1
3930	3384.9201247246206	-5.125737863671548	0.2803152770677513	0.1	0.1
3940	3309.357218190325	-5.466346827876522	0.31437617348824876	0.1	0.1
3950	3300.0223039189545	-5.461494611254465	0.313890951826043	0.1	0.1
3960	3250.150103380991	-5.431536629181367	0.31089515361873316	0.1	0.1
3970	3252.667116868219	-5.90422429941573	0.3581639206421699	0.1	0.1
3980	3262.6534858678274	-5.484602103325225	0.3162017010331192	0.1	0.1
3990	3298.6432115576636	-5.635684839094542	0.33130997461005074	0.1	0.1
4000	3312.108303661021	-5.307254395265324	0.2984669302271295	0.1	0.1
4010	3295.506357236235	-5.329600800022247	0.30070157070282216	0.1	0.1
4020	3320.606682857279	-5.18885596944193	0.28662708764478995	0.1	0.1
4030	3175.102157427076	-5.931513551415866	0.3608928458421827	0.1	0.1
4040	3178.648547317395	-6.107431964553518	0.37848468715594813	0.1	0.1
4050	3155.813237113142	-6.365517702395601	0.40429326094015633	0.1	0.1
4060	3244.437083264033	-5.888028920367765	0.35654438273737343	0.1	0.1
4070	3253.892442576285	-5.5515727328646	0.3228987639870569	0.1	0.1
4080	3221.6218614724053	-5.67531759778165	0.3352732504787619	0.1	0.1
4090	3209.085241181383	-5.892568509304946	0.35699834163109145	0.1	0.1
4100	3145.6357408621197	-6.3194353666327405	0.39968502736387024	0.1	0.1
4110	3295.814521230529	-5.38157168025714	0.3058986587263099	0.1	0.1
4120	3282.7389684805717	-5.312529308558095	0.2989944215564057	0.1	0.1
4130	3120.602735673566	-6.8275097237381726	0.4504924630744135	0.1	0.1
4140	3140.656229178911	-6.260808848701196	0.39382237557071537	0.1	0.1
4150	3118.653731535791	-6.6709275527267735	0.4348342459732729	0.1	0.1
4160	3185.0598603545864	-6.172249844667711	0.3849664751673667	0.1	0.1
4170	3201.679178947622	-5.962833668060013	0.3640248575065969	0.1	0.1
4180	3202.9093601301097	-5.86661241197538	0.35440273189813365	0.1	0.1
4190	3234.6586236897224	-5.901911179708305	0.35793260867142596	0.1	0.1
4200	3178.048298477376	-6.109893734255651	0.37873086412616075	0.1	0.1
4210	3154.1736571889096	-6.433150448017076	0.4110565355023029	0.1	0.1
4220	3127.3472050898217	-6.337400750110792	0.4014815657116741	0.1	0.1
4230	3191.3760260699396	-6.340951207998154	0.4018366115004102	0.1	0.1
4240	3242.2288494118707	-5.851851627955165	0.35292665349611163	0.1	0.1
4250	3241.2466799517233	-5.753435724226874	0.3430850631232826	0.1	0.1
4260	3228.0902521549556	-5.662071895222907	0.3339486802228859	0.1	0.1
4270	3216.902143328038	-5.833857595043561	0.35112725020495117	0.1	0.1
4280	3188.694567652555	-6.121885715660865	0.3799300622666805	0.1	0.1
4290	3295.171640291685	-5.542775037294433	0.3220189944300372	0.1	0.1
4300	3315.029336915075	-5.484961816997462	0.31623767240033995	0.1	0.1
4310	3325.9233504023764	-5.073590987929606	0.27510058949355487	0.1	0.1
4320	3330.3550019163577	-5.109299492773885	0.27867143997798277	0.1	0.1
4330	3371.8707910309954	-5.041118456301664	0.2718533363307609	0.1	0.1
4340	3308.7765543834194	-5.395406974671625	0.30728218816775726	0.1	0.1
4350	3359.6626275689105	-5.068162512272567	0.2745577419278518	0.1	0.1
4360	3372.583703859427	-5.30136280294039	0.29787777099463353	0.1	0.1
4370	3370.328951471604	-5.113196020776169	0.2790610927782112	0.1	0.1
4380	3361.726999572475	-5.17054286876939	0.28479577757753355	0.1	0.1
4390	3237.0075813303015	-5.846635962480475	0.3524050869486413	0.1	0.1
4400	3310.11927945193	-5.306240831246817	0.2983655738252758	0.1	0.1
4410	3176.915943728704	-5.856209900571057	0.3533624807576998	0.1	0.1
4420	3190.341551345179	-6.200252107403527	0.38776670144094677	0.1	0.1
4430	3161.431056786432	-6.223769184738338	0.3901184091744283	0.1	0.1
4440	3138.810493258803	-6.17708537129359	0.3854500278299536	0.1	0.1
4450	3257.6190239157995	-5.672156784228469	0.3349571691234415	0.1	0.1
4460	3212.1583758395623	-5.940732223123849	0.36181471301297985	0.1	0.1
4470	3226.6032664220797	-5.536086199114283	0.3213501106120236	0.1	0.1
4480	3298.18131364751	-5.408837965691739	0.30862528726977	0.1	0.1
4490	3335.1926129133085	-5.154427030392675	0.283184193739864	0.1	0.1
4500	3242.5817296486753	-5.949932615167951	0.36273475221739143	0.1	0.1
4510	3198.4537365082656	-5.953500823496464	0.3630915730502419	0.1	0.1
4520	3110.08842100166	-6.822714972996836	0.4500129880002791	0.1	0.1
4530	3157.1733613539673	-6.282364569162977	0.39597794761689326	0.1	0.1
4540	3138.0298671952655	-6.424488323244019	0.41019032302499736	0.1	0.1
4550	3233.128493604826	-5.733924995975787	0.341133990298174	0.1	0.1
4560	3233.6879055302898	-5.814967356367393	0.34923822633733426	0.1	0.1
4570	3154.009705407153	-6.051544892346664	0.37289597993526136	0.1	0.1
4580	3105.4335247890217	-6.504479371079919	0.41818942780858664	0.1	0.1
4590	3258.7306205939562	-5.688796530753532	0.33662114377594804	0.1	0.1
4600	3252.046607403933	-5.828583057175504	0.35059979641814487	0.1	0.1
4610	3180.656207930363	-6.059091875370735	0.3736506782376672	0.1	0.1
4620	3220.6609963656524	-5.871339309000152	0.35487542160060914	0.1	0.1
4630	3157.7799232191796	-6.341213861760946	0.40186287687668837	0.1	0.1
4640	3180.3265288642683	-6.227071138674745	0.3904486045680685	0.1	0.1
4650	3161.405208538652	-6.129204299427351	0.380661920643329	0.1	0.1
4660	3194.86355515688	-5.915735710941566	0.35931506179475065	0.1	0.1
4670	3282.688932078543	-5.287787225392244	0.2965202132398188	0.1	0.1
4680	3259.742008404021	-5.531921846194439	0.32093367532003764	0.1	0.1
4690	3254.72576291195	-5.756833543169155	0.34342484501750903	0.1	0.1
4700	3192.422225182675	-6.1453650045481965	0.3822779911554123	0.1	0.1
4710	3174.804171297515	-6.067355878487516	0.3744770785493446	0.1	0.1
4720	3357.857444008997	-4.879711486700121	0.25571263937060473	0.1	0.1
4730	3413.8277188800353	-4.933020854438749	0.261043576144468	0.1	0.1
4740	3277.669825605564	-5.427111341313312	0.3104526248319251	0.1	0.1
4750	3427.6440930123103	-4.687558498070642	0.23649734050765817	0.1	0.1
4760	3316.300304690142	-5.350486819236787	0.30279017262427294	0.1	0.1
4770	3276.4546129151026	-5.591409197001923	0.32688241040078647	0.1	0.1
4780	3328.8142292015204	-5.329190397936831	0.3006605304942777	0.1	0.1
4790	3314.480778738937	-5.310059608358365	0.29874745153643095	0.1	0.1
4800	3299.1663521135456	-5.281618791634204	0.29590336986401494	0.1	0.1
4810	3150.4015660148175	-6.2092272747234585	0.3886642181729398	0.1	0.1
4820	3194.494668533785	-6.006317100078035	0.36837320070839813	0.1	0.1
4830	3237.6533279105424	-5.775525002636418	0.34529399096423663	0.1	0.1
4840	3284.674794502315	-5.255512603473704	0.2932927510479656	0.1	0.1
4850	3188.1753490438423	-5.9100766516663406	0.3587491558672294	0.1	0.1
4860	3162.1494485802277	-6.315233989305953	0.39926488963119017	0.1	0.1
4870	3209.336889026214	-5.85032868182177	0.3527743588827714	0.1	0.1
4880	3120.2557017098343	-6.539116772070466	0.4216531679076416	0.1	0.1
4890	3096.4831517032894	-6.589486931191572	0.42669018381975243	0.1	0.1
4900	3145.734575109452	-6.206765203593608	0.38841801105995594	0.1	0.1
4910	3072.845911238324	-6.623519008453806	0.4300933915459757	0.1	0.1
4920	3163.7103680288706	-6.213958894766771	0.3891373801772714	0.1	0.1
4930	3153.685476143607	-6.369235009816069	0.40466499168220127	0.1	0.1
4940	3219.181889493943	-5.815347822540129	0.34927627295460717	0.1	0.1
4950	3192.154982103952	-6.201587792842797	0.38790026998487415	0.1	0.1
4960	3245.184814792901	-5.828532833519038	0.3505947740524974	0.1	0.1
4970	3302.8622082858255	-5.421452976246788	0.3098867883252719	0.1	0.1
4980	3258.2927516602203	-5.735318938532199	0.34127338455381273	0.1	0.1
4990	3201.0406507306684	-5.876272345267667	0.35536872522735946	0.1	0.1
5000	3181.664405340743	-5.910462281559976	0.3587877188565903	0.1	0.1
5010	3181.243121976221	-6.202794273120363	0.3880209180126292	0.1	0.1
5020	3208.7318453088865	-5.854655342245975	0.35320702492519074	0.1	0.1
5030	3240.350311930337	-5.661271784231651	0.3338686691237577	0.1	0.1
5040	3315.169467864504	-5.266166053923974	0.2943580960929895	0.1	0.1
5050	3222.0662232680224	-5.790087324012807	0.34675022310187276	0.1	0.1
5060	3273.8776113764798	-5.444464642931869	0.31218795499377927	0.1	0.1
5070	3286.881016187272	-5.575767017943928	0.32531819249498556	0.1	0.1
5080	3224.7563601269567	-5.9920775502076715	0.3669492457213598	0.1	0.1
5090	3232.9725028361772	-5.662811826848734	0.3340226733854661	0.1	0.1
5100	3274.6783751712032	-5.724365992523609	0.3401780899529536	0.1	0.1
5110	3247.8159311243185	-5.615808247577623	0.32932231545835566	0.1	0.1
5120	3312.159258846615	-5.097461363361465	0.2774876270367401	0.1	0.1
5130	3293.8313973491763	-5.451241864491399	0.31286567714973346	0.1	0.1
5140	3239.083756324523	-5.6198459621481796	0.32972608691541194	0.1	0.1
5150	3260.25882058559	-5.682382742852188	0.33597976498581295	0.1	0.1
5160	3212.240872348167	-5.909252556790372	0.35866674637963136	0.1	0.1
5170	3261.865064834023	-5.656108361288814	0.3333523268294752	0.1	0.1
5180	3326.180507702515	-5.441748698016399	0.31191636050223354	0.1	0.1
5190	3238.800079204943	-5.780138893722274	0.34575538007282086	0.1	0.1
5200	3178.61390730323	-6.218351170048831	0.38957660770547664	0.1	0.1
5210	3241.657828870937	-5.75299533234571	0.3430410239351641	0.1	0.1
5220	3327.512423651682	-5.354590834884474	0.3032005741890408	0.1	0.1
5230	3252.7303716798147	-5.883539966261062	0.3560954873266994	0.1	0.1
5240	3066.0017699470536	-6.916837771815385	0.4594252678821322	0.1	0.1
5250	3206.292689644514	-5.953218743950722	0.3630633650956662	0.1	0.1
5260	3231.474850851359	-5.870857387611036	0.3548272294616976	0.1	0.1
5270	3392.708122000221	-5.135758088584122	0.281317299559006	0.1	0.1
5280	3385.6078922760157	-5.100532539571828	0.27779474465777615	0.1	0.1
5290	3330.3638158213294	-5.227880338247239	0.2905295245253176	0.1	0.1
5300	3291.11969341163	-5.415115354929509	0.30925302619354467	0.1	0.1
5310	3309.469752641955	-5.1882729889167365	0.2865687895922674	0.1	0.1
5320	3189.1914137574126	-6.224831845618358	0.3902246752624299	0.1	0.1
5330	3183.035532403106	-5.910613707802932	0.35880286148088736	0.1	0.1
5340	3205.114016265236	-6.0557828871283785	0.3733197794134326	0.1	0.1
5350	3292.243787334272	-5.443027186225006	0.31204420932309523	0.1	0.1
5360	3236.7267089894704	-5.905424259224239	0.35828391662301884	0.1	0.1
5370	3151.072680653338	-6.194684835562698	0.38720997425686443	0.1	0.1
5380	3135.5880202316193	-6.322355306307425	0.3999770213313375	0.1	0.1
5390	3201.8505871070442	-5.789939087648529	0.346735399465448	0.1	0.1
5400	3271.283078267551	-5.515040994878548	0.31924559018844956	0.1	0.1
5410	3277.1554523354016	-5.6165155839345005	0.32939304909404493	0.1	0.1
5420	3245.2824787765094	-6.007617403910679	0.3685032310916623	0.1	0.1
5430	3148.2448199237465	-6.32604924802905	0.4003464155034995	0.1	0.1
5440	3130.471860114596	-6.267442303176626	0.39448572101825685	0.1	0.1
5450	3167.7594982604187	-6.219117889028791	0.38965327960347396	0.1	0.1
5460	3101.44223720007	-6.345754381737809	0.40231692887437565	0.1	0.1
5470	3117.2153133805564	-6.699955426829633	0.43773703338355796	0.1	0.1
5480	3035.559410085705	-7.147947298244912	0.48253622052508577	0.1	0.1
5490	3108.630392472929	-6.4738135160098045	0.41512284230157465	0.1	0.1
5500	3024.9859373985673	-7.0726975001328585	0.47501124071387996	0.1	0.1
5510	3096.2433582829817	-6.814828387585946	0.44922432945918817	0.1	0.1
5520	3017.0525283334005	-7.304149532272692	0.4981564439278626	0.1	0.1
5530	3036.68112771765	-7.138157983407187	0.48155728904131184	0.1	0.1
5540	3088.397097731174	-7.024699634176454	0.4702114541182375	0.1	0.1
5550	3165.2915945381583	-6.299937756517825	0.3977352663523752	0.1	0.1
5560	3218.54640695142	-5.995211841307064	0.367262674831299	0.1	0.1
5570	3148.086925275892	-6.1301673597388975	0.3807582266744826	0.1	0.1
5580	3198.4731145804963	-6.008285575329292	0.36857004823352224	0.1	0.1
5590	3147.459576181545	-6.291871878775866	0.3969286785781799	0.1	0.1
5600	3175.5761910906735	-6.0765347571303465	0.37539496641362863	0.1	0.1
5610	3234.6895967708165	-5.940778505868589	0.36181934128745324	0.1	0.1
5620	3256.5250418438327	-5.617491657636245	0.32949065646421927	0.1	0.1
5630	3188.6610162208585	-5.880954651500498	0.35583695585064523	0.1	0.1
5640	3117.8214815201422	-6.655084838897326	0.43324997459032816	0.1	0.1
5650	3196.3539695425575	-5.775325984441405	0.3452740891447361	0.1	0.1
5660	3133.299267873038	-6.379469420332658	0.40568843273386124	0.1	0.1
5670	3165.0564541713325	-6.12114023167687	0.3798555138682828	0.1	0.1
5680	3272.3788427033974	-5.570236827984215	0.3247651734990173	0.1	0.1
5690	3278.7027598715563	-5.422670576413996	0.3100085483419953	0.1	0.1
5700	3339.2584304957427	-5.176884005898616	0.2854298912904575	0.1	0.1
5710	3392.5409619390452	-5.028654123160264	0.2706069030166221	0.1	0.1
5720	3366.76085247578	-5.029319341912515	0.2706734248918482	0.1	0.1
5730	3251.0211009168343	-5.50176643872292	0.3179181345728884	0.1	0.1
5740	3257.8921622612565	-5.6826788833896735	0.33600937903956396	0.1	0.1
5750	3190.0511629509174	-6.448936444986439	0.41263513519923983	0.1	0.1
5760	3213.2011552331537	-5.838567891877146	0.3515982798883103	0.1	0.1
5770	3126.3764037901683	-6.097939704967633	0.3775354611973592	0.1	0.1
5780	3213.108692772815	-5.672257202603998	0.3349672109609951	0.1	0.1
5790	3169.249872675861	-6.197165725910859	0.3874580632916813	0.1	0.1
5800	3115.5355255057098	-6.965496298676664	0.4642911205682611	0.1	0.1
5810	3166.1532549832527	-5.907470964308735	0.35848858713146836	0.1	0.1
5820	3069.3054520001815	-7.011849248402535	0.4689264155408478	0.1	0.1
5830	3070.0396453411595	-6.685101152410141	0.4362516059416083	0.1	0.1
5840	3057.043174797687	-6.934902918911115	0.4612317825917055	0.1	0.1
5850	3055.1871110161524	-7.332100891254875	0.5009515798260812	0.1	0.1
5860	3085.797088296458	-6.807637156291816	0.4485052063297749	0.1	0.1
5870	3144.395258408112	-6.592401723443962	0.4269816630449897	0.1	0.1
5880	3116.019661031502	-6.509540707320593	0.4186955614326525	0.1	0.1
5890	3099.3711168227846	-6.501459223471841	0.417887413047778	0.1	0.1
5900	3049.8882003148315	-7.038990336733791	0.47164052437397286	0.1	0.1
5910	2993.489534876982	-7.454197073880769	0.5131611980886709	0.1	0.1
5920	3009.8440738493236	-6.911809267408755	0.45892241744146994	0.1	0.1
5930	3003.8463361409918	-7.506024169823798	0.5183439076829742	0.1	0.1
5940	2988.94993204661	-7.3109855780378075	0.49884004850437547	0.1	0.1
5950	3003.9657412524866	-7.577914973572206	0.5255329880578158	0.1	0.1
5960	3015.9199927761347	-7.166168363696513	0.48435832707024595	0.1	0.1
5970	3015.8921260548095	-7.029440357708641	0.47068552647145845	0.1	0.1
5980	3026.6655053777718	-7.031210316041221	0.47086252230471637	0.1	0.1
5990	3024.636102782388	-6.916950661403611	0.4594365568409556	0.1	0.1
6000	3076.074932915291	-7.075743911826044	0.4753158818831988	0.1	0.1
6010	3031.4529691002826	-7.075282196151323	0.4752697103157267	0.1	0.1
6020	2932.155989095469	-8.152848104515558	0.5830263011521497	0.1	0.1
6030	3017.8424445802993	-7.210789140858292	0.4888204047864235	0.1	0.1
6040	3032.581077777092	-7.578735563598647	0.5256150470604593	0.1	0.1
6050	3140.409172448961	-6.285898032050309	0.39633129390562516	0.1	0.1
6060	3158.4620397088197	-6.217629653581034	0.3895044560586975	0.1	0.1
6070	3180.16882234477	-6.035142483292295	0.3712557390298234	0.1	0.1
6080	3270.299429422686	-5.830491261451675	0.35079061684576107	0.1	0.1
6090	3211.942062465847	-6.070546096853409	0.37479610038593403	0.1	0.1
6100	3179.2065540291023	-6.247425518000633	0.39248404250065544	0.1	0.1
6110	3054.38047394664	-6.932332316101718	0.46097472231076414	0.1	0.1
6120	3095.4663473642768	-6.833499633418178	0.45109145404241047	0.1	0.1
6130	3204.2677453839815	-6.004788501218191	0.36822034082241173	0.1	0.1
6140	3227.8329874280903	-5.814322545238831	0.34917374522447553	0.1	0.1
6150	3243.1648186032503	-5.572519435049733	0.3249934342055655	0.1	0.1
6160	3245.7694328971984	-5.622851146379534	0.33002660533854616	0.1	0.1
6170	3213.577120436263	-5.6521619425404594	0.33295768495463823	0.1	0.1
6180	3214.6253220618187	-5.641750164180587	0.33191650711865067	0.1	0.1
6190	3193.050399025732	-5.835581243193868	0.3512996150199779	0.1	0.1
6200	3068.777568863619	-6.839036795471404	0.45164517024773193	0.1	0.1
6210	3056.70845973746	-6.7912372460581745	0.4468652153064095	0.1	0.1
6220	3089.513312406932	-6.817111491718556	0.44945263987244727	0.1	0.1
6230	3075.84170252123	-7.12558964193415	0.4803004548940066	0.1	0.1
6240	3088.1708346818773	-6.476807102215341	0.4154222009221259	0.1	0.1
6250	3177.313676742518	-5.898862744792843	0.3576277651798755	0.1	0.1
6260	3251.7053849601393	-5.81895791123712	0.34963728182430304	0.1	0.1
6270	3137.1069336100413	-6.292269148715378	0.39696840557212937	0.1	0.1
6280	3099.2635678640386	-6.942222728384789	0.4619637635390699	0.1	0.1
6290	3064.992307244274	-6.9555287000993085	0.4632943607105218	0.1	0.1
6300	3079.359610598368	-6.589414253564151	0.42668291605700587	0.1	0.1
6310	3103.7502094707793	-6.5108290537746445	0.41882439607805527	0.1	0.1
6320	3111.1571754897013	-6.590857803329935	0.4268272710335843	0.1	0.1
6330	3130.575112282823	-6.404348856561384	0.40817637635672926	0.1	0.1
6340	3101.967209721142	-6.718235644957097	0.43956505519630046	0.1	0.1
6350	3171.060453206402	-6.141633999710024	0.38190489067159306	0.1	0.1
6360	3161.1375110089934	-6.043081616289055	0.37204965232949655	0.1	0.1
6370	3124.560176534094	-6.32036799779083	0.399778290479674	0.1	0.1
6380	3067.358836566369	-6.772205903362493	0.4449620810368404	0.1	0.1
6390	3222.726645473538	-5.810617184830363	0.3488032091836271	0.1	0.1
6400	3194.5107317842053	-5.897493580354315	0.35749084873602227	0.1	0.1
6410	3172.686353502481	-6.0486841796096344	0.37260990866155413	0.1	0.1
6420	3243.2650829310533	-5.6804593549312665	0.335787426193717	0.1	0.1
6430	3142.5622540420773	-6.186680773612004	0.38640956806179055	0.1	0.1
6440	3203.154554759716	-5.8281524911731175	0.35055673981790236	0.1	0.1
6450	3231.3740628881533	-5.631774460913146	0.33091893679190565	0.1	0.1
6460	3226.4124458440156	-5.73642276546858	0.34138376724744907	0.1	0.1
6470	3196.177108585769	-6.066496742135208	0.3743911649141118	0.1	0.1
6480	3209.614662500656	-5.660781505810865	0.33381964128167735	0.1	0.1
6490	3212.118413402764	-5.962168576763655	0.36395834837695623	0.1	0.1
6500	3159.643423023161	-6.230746356722089	0.39081612637279955	0.1	0.1
6510	3046.633452752508	-7.256571449441442	0.4933986356447349	0.1	0.1
6520	3062.158375336251	-6.886748866679069	0.45641637736849755	0.1	0.1
6530	3095.160773598211	-6.69747421730812	0.437488912431403	0.1	0.1
6540	3062.4810211277177	-6.770854449421461	0.4448269356427372	0.1	0.1
6550	3179.1178699426214	-6.193775591220725	0.38711904982266426	0.1	0.1
6560	3263.4010389646783	-5.672292195387124	0.3349707102393043	0.1	0.1
6570	3087.073684410953	-6.779695365760997	0.4457110272766924	0.1	0.1
6580	3147.84001100137	-6.314982069956601	0.3992396976962523	0.1	0.1
6590	3271.799241861097	-5.581258964692385	0.3258673871698302	0.1	0.1
6600	3279.617545999374	-5.598891060995268	0.32763059680011836	0.1	0.1
6610	3333.046896482973	-5.241186552801581	0.29186014598075	0.1	0.1
6620	3201.199440138028	-6.128990917336641	0.38064058243425636	0.1	0.1
6630	3201.254284198921	-5.982579112859549	0.36599940198654685	0.1	0.1
6640	3215.779985651936	-5.8173273539957595	0.34947422610016793	0.1	0.1
6650	3167.7948146375347	-6.325164054621061	0.4002578961626982	0.1	0.1
6660	3129.209296156437	-6.562159262044142	0.42395741690500616	0.1	0.1
6670	3168.382004207602	-6.1936834824408145	0.3871098389446734	0.1	0.1
6680	3208.6655289156947	-5.898774357101742	0.357618926410766	0.1	0.1
6690	3265.2836471706482	-5.652992437862266	0.33304073448681765	0.1	0.1
6700	3120.7962617660173	-6.233071079240085	0.39104859862459984	0.1	0.1
6710	3122.812753293766	-6.423538430074539	0.4100953337080452	0.1	0.1
6720	3162.303943040256	-6.091286932635352	0.3768701839641268	0.1	0.1
6730	3214.5833570332647	-5.862098576258931	0.35395134832648467	0.1	0.1
6740	3212.97620241318	-6.127456508808346	0.380487141581427	0.1	0.1
6750	3128.887016835684	-6.40047428933255	0.4077889196338481	0.1	0.1
6760	3152.4602073258025	-6.120579861388588	0.3797994768394515	0.1	0.1
6770	3180.1291944018535	-6.046384774555939	0.37237996815618607	0.1	0.1
6780	3245.473423367917	-5.700348685990034	0.33777635929959543	0.1	0.1
6790	3313.8070048615236	-5.344439590646846	0.302185449765276	0.1	0.1
6800	3165.783972454704	-6.081595834370257	0.3759010741376172	0.1	0.1
6810	3154.9640689527714	-6.226033269376086	0.39034481763819956	0.1	0.1
6820	3201.024393029965	-5.949477214613579	0.36268921216194866	0.1	0.1
6830	3215.1829127791625	-5.783565488437748	0.34609803954436574	0.1	0.1
6840	3189.5167695428945	-6.033204603665411	0.37106195106713197	0.1	0.1
6850	3227.837671096966	-5.721485991928781	0.33989008989346925	0.1	0.1
6860	3286.5931412691093	-5.32299460699355	0.3000409513999458	0.1	0.1
6870	3132.8495753593133	-6.3529426717569395	0.4030357578762844	0.1	0.1
6880	3148.001617305801	-6.083598510801055	0.3761013417806959	0.1	0.1
6890	3146.025162167898	-6.471018727070925	0.41484336340768246	0.1	0.1
6900	3274.736239099152	-5.5440859799931275	0.32215008869990275	0.1	0.1
6910	3187.6969057192027	-6.291859902828485	0.396927480983439	0.1	0.1
6920	3212.205315735217	-6.176205969755531	0.3853620876761432	0.1	0.1
6930	3194.532979736906	-5.980485536073762	0.36579004430796574	0.1	0.1
6940	3141.367860222294	-6.50639116898802	0.4183806075993915	0.1	0.1
6950	3177.204813732745	-6.14716008314556	0.38245749901514636	0.1	0.1
6960	3071.1080451837925	-6.6929160278703455	0.4370330934876252	0.1	0.1
6970	3074.9495569900446	-6.690352656723462	0.43677675637293717	0.1	0.1
6980	3084.219498875137	-6.907123668885473	0.4584538575891378	0.1	0.1
6990	3071.6459974930626	-6.426912327270469	0.4104327234276374	0.1	0.1
7000	2965.604720065269	-7.931150865764364	0.5608565772770269	0.1	0.1
7010	3039.569867611253	-6.924578541850549	0.46019934488564496	0.1	0.1
7020	3030.008036378628	-7.101991819682114	0.47794067266880097	0.1	0.1
7030	2965.40996480481	-7.856926579603973	0.5534341486609872	0.1	0.1
7040	3036.993465018961	-6.86956759223853	0.45469824992444324	0.1	0.1
7050	3046.9949514727173	-6.757125631813406	0.44345405388193065	0.1	0.1
7060	3041.398688826822	-7.057924577037895	0.4735339484043796	0.1	0.1
7070	3059.211183073592	-6.7092485399142845	0.43866634469201843	0.1	0.1
7080	3081.720829083779	-6.724064846326333	0.44014797533322325	0.1	0.1
7090	2961.4741950294742	-7.478115493166208	0.5155530400172114	0.1	0.1
7100	2977.845829020053	-7.693201914982756	0.5370616821988656	0.1	0.1
7110	2978.4315733842404	-7.842972385426274	0.5520387292432173	0.1	0.1
7120	3011.0757530613814	-7.205485131281528	0.4882900038287427	0.1	0.1
7130	2987.783917908935	-7.70745235053448	0.5384867257540383	0.1	0.1
7140	3028.2639482181885	-7.209000641728344	0.488641554873425	0.1	0.1
7150	2998.7176629900105	-7.354941304345424	0.5032356211351324	0.1	0.1
7160	2968.339824445687	-7.542647715086526	0.5220062622092426	0.1	0.1
7170	2958.003193754847	-7.7161747052333975	0.5393589612239305	0.1	0.1
7180	3025.6937229060263	-7.227770625943669	0.49051855329495747	0.1	0.1
7190	2966.8097911268856	-7.587139737544549	0.5264554644550455	0.1	0.1
7200	2973.2227762596804	-7.600091274626715	0.527750618163262	0.1	0.1
7210	3032.0954805801875	-7.233797533717311	0.49112124407232166	0.1	0.1
7220	2950.813637152538	-8.02993364820427	0.5707348555210177	0.1	0.1
7230	2987.7840415107785	-7.700797391544456	0.5378212298550359	0.1	0.1
7240	3071.950490942226	-6.675607360720799	0.43530222677267066	0.1	0.1
7250	3086.8044599098293	-6.59593213252935	0.42733470395352635	0.1	0.1
7260	3130.751301428779	-6.369066540392455	0.404648144739837	0.1	0.1
7270	3161.232245693743	-6.142129778798965	0.3819544685804885	0.1	0.1
7280	3105.322843191999	-6.80721856646914	0.44846334734750615	0.1	0.1
7290	3170.9084039469585	-6.086406150411018	0.3763821057416942	0.1	0.1
7300	3118.000668802939	-6.3594199972784455	0.40368349042843665	0.1	0.1
7310	3089.427661410097	-6.522259510637534	0.4199674417643456	0.1	0.1
7320	3029.3567360792545	-6.9074766567518395	0.4584891563757765	0.1	0.1
7330	3071.3937851457217	-6.798562493504976	0.44759774005109004	0.1	0.1
7340	3026.3512117552023	-7.279922044945449	0.49573369519513766	0.1	0.1
7350	3043.1758213440175	-6.969968303882606	0.4647383210888533	0.1	0.1
7360	2974.1883175692806	-7.560087471861635	0.5237502378867558	0.1	0.1
7370	2993.1205814949676	-7.4099419702094425	0.508735687721537	0.1	0.1
7380	3019.6569062592966	-7.268695097479031	0.49461100044849576	0.1	0.1
7390	3065.179943956235	-6.6836101438099735	0.4361025050815901	0.1	0.1
7400	3162.352378715034	-6.2162629781020105	0.3893677885107942	0.1	0.1
7410	3083.128586154876	-6.754890578294171	0.4432305485300101	0.1	0.1
7420	3080.731060470582	-7.011475416492457	0.46888903234983903	0.1	0.1
7430	3064.466900965713	-6.973750804210588	0.4651165711216523	0.1	0.1
7440	3045.178593436539	-7.066928617583844	0.4744343524589785	0.1	0.1
7450	2961.6702948923394	-7.854630388988359	0.5532045295994299	0.1	0.1
7460	3024.624507757783	-7.022838711896939	0.4700253618902878	0.1	0.1
7470	3045.749639788669	-6.849866755483731	0.4527281662489669	0.1	0.1
7480	2945.986527157368	-7.711651916901186	0.538906682390713	0.1	0.1
7490	2900.8107594574412	-7.945270384985255	0.5622685291991205	0.1	0.1
7500	2931.9159862544884	-7.79643652184021	0.5473851428846158	0.1	0.1
7510	2915.5459079444236	-7.983186906715033	0.5660601813720985	0.1	0.1
7520	2917.205577966295	-7.738304152263467	0.5415719059269429	0.1	0.1
7530	2883.3275066541	-8.211248171219117	0.5888663078225077	0.1	0.1
7540	2852.4307446389357	-8.824339037449635	0.6501753944455602	0.1	0.1
7550	2902.3030233844984	-8.349783614969915	0.6027198521975897	0.1	0.1
7560	2886.184117143022	-8.463299891999538	0.6140714799005507	0.1	0.1
7570	2907.2457487364213	-8.076497634627954	0.5753912541633918	0.1	0.1
7580	2942.64377519435	-7.614717028054436	0.5292131935060407	0.1	0.1
7590	2996.5688672887904	-7.3379489260963435	0.5015363833102319	0.1	0.1
7600	2975.169227782045	-7.6530044926702185	0.5330419399676201	0.1	0.1
7610	2973.6194224137084	-7.805641420305914	0.5483056327311892	0.1	0.1
7620	2977.1616315219935	-7.655050798561997	0.5332465705567975	0.1	0.1
7630	3011.736838273013	-7.666593141070728	0.5344008048076706	0.1	0.1
7640	2890.123762511565	-7.935357030725693	0.5612771937731662	0.1	0.1
7650	2956.1847447127284	-7.969685196325505	0.5647100103331477	0.1	0.1
7660	2906.5798332082795	-8.260671697592514	0.5938086604598496	0.1	0.1
7670	2937.2779904666645	-7.698843752913307	0.5376258659919289	0.1	0.1
7680	2995.732991375255	-7.671168986212448	0.5348583893218422	0.1	0.1
7690	2987.65466372138	-7.531697815859347	0.520911272286532	0.1	0.1
7700	2984.1233487516924	-7.314432052780873	0.4991846959786844	0.1	0.1
7710	3105.1448361799694	-6.686001034055093	0.43634159410610607	0.1	0.1
7720	3101.12933410661	-6.60079624034544	0.4278211147351409	0.1	0.1
7730	3114.8651529104714	-6.500404224617838	0.4177819131623806	0.1	0.1
7740	3071.901649249482	-7.033453234753961	0.4710868141759922	0.1	0.1
7750	3172.225998460272	-6.125948372815581	0.3803363279821541	0.1	0.1
7760	3148.6518196502966	-6.489944775516762	0.416735968252272	0.1	0.1
7770	3130.607466127589	-6.227450296368303	0.39048652033742604	0.1	0.1
7780	3190.698335156272	-5.7565673795190575	0.34339822865250136	0.1	0.1
7790	3113.914711166385	-6.579644838278594	0.42570597452845427	0.1	0.1
7800	3079.2563459355856	-6.516439246435179	0.419385415344112	0.1	0.1
7810	3091.6934407240633	-6.506602022842959	0.41840169298489	0.1	0.1
7820	3002.319264690214	-7.187538668317171	0.48649535753231116	0.1	0.1
7830	3061.033280675294	-6.680289298512994	0.43577042055189397	0.1	0.1
7840	3115.568161594632	-6.385560662553793	0.4062975569559738	0.1	0.1
7850	3129.136238146219	-6.696857839241206	0.4374272746247149	0.1	0.1
7860	3067.2656699271497	-7.131083741906933	0.4808498648912882	0.1	0.1
7870	3057.7119172984135	-6.791865721211487	0.4469280628217436	0.1	0.1
7880	3003.466101733802	-7.581415217716788	0.5258830124722742	0.1	0.1
7890	2910.9439651777216	-8.234539420734285	0.5911954327740233	0.1	0.1
7900	3053.8136498533718	-7.03684164146899	0.47142565484749377	0.1	0.1
7910	2940.707089342368	-7.741260020328101	0.5418674927334048	0.1	0.1
7920	2936.0089918290937	-7.926002449538735	0.5603417356544681	0.1	0.1
7930	2908.3084879392154	-8.494935206513976	0.6172350113519929	0.1	0.1
7940	2930.1946176097417	-7.984793015519317	0.566220792252527	0.1	0.1
7950	2875.7463562208836	-8.635745884541855	0.6313160791547807	0.1	0.1
7960	3000.7501409637434	-7.264026356770156	0.4941441263776107	0.1	0.1
7970	2902.231258171584	-8.361179263393815	0.6038594170399761	0.1	0.1
7980	2821.8409283989718	-8.99743248751664	0.6674847394522591	0.1	0.1
7990	2744.8934875011655	-9.706962195952903	0.7384377102958849	0.1	0.1
8000	2721.0663264294703	-10.099701586689957	0.7777116493695898	0.1	0.1
8010	2795.8867822816355	-9.279157608804791	0.695657251581074	0.1	0.1
8020	2806.771720460698	-9.395106932037518	0.7072521839043461	0.1	0.1
8030	2768.549911708725	-9.838515372952454	0.7515930279958388	0.1	0.1
8040	2779.3485741744616	-9.50655332271571	0.7183968229721637	0.1	0.1
8050	2818.1281204778084	-9.13397418766246	0.6811389094668379	0.1	0.1
8060	2898.8354846629454	-8.55872809401753	0.6236143001023441	0.1	0.1
8070	3011.9152430532213	-7.516348218237243	0.5193763125243154	0.1	0.1
8080	3014.04229032593	-7.369286499284949	0.504670140629086	0.1	0.1
8090	3031.332548441974	-6.7701034252148	0.4447518332220718	0.1	0.1
8100	2950.3244454261685	-8.019574668860987	0.5696989575866895	0.1	0.1
8110	3046.3500518197584	-7.196531230496671	0.4873946137502584	0.1	0.1
8120	2951.536744086256	-8.043209425836537	0.572062433284245	0.1	0.1
8130	2915.1616593892236	-8.246245829472448	0.5923660736478361	0.1	0.1
8140	2917.833045431637	-7.986403948227016	0.5663818855232933	0.1	0.1
8150	3007.6231607448403	-7.3959769015915615	0.5073391808597483	0.1	0.1
8160	3125.979476674144	-6.669010419210773	0.43464253262166974	0.1	0.1
8170	3127.0483635572846	-6.507557400879603	0.4184972307885529	0.1	0.1
8180	3060.8920226718333	-6.786584874086154	0.44639997810920806	0.1	0.1
8190	3011.9972322919793	-7.285013493254609	0.4962428400260535	0.1	0.1
8200	3018.427859918622	-6.981977613785197	0.465939252079113	0.1	0.1
8210	2984.484002167566	-7.741369016673914	0.5418783923679846	0.1	0.1
8220	2931.9426286565745	-8.081030252037035	0.5758445159042961	0.1	0.1
8230	2935.610887044246	-7.553377946357287	0.523079285336322	0.1	0.1
8240	2979.8150500767324	-7.598845646744374	0.5276260553750303	0.1	0.1
8250	2951.311533417839	-7.5377699372276386	0.5215184844233565	0.1	0.1
8260	3061.2338088100782	-7.155491843690315	0.4832906750696238	0.1	0.1
8270	3119.671947928764	-6.8320550531331214	0.45094699601390437	0.1	0.1
8280	3057.576832505174	-6.823794099996956	0.4501209007002881	0.1	0.1
8290	3092.462865267469	-6.794755021733983	0.4472169928739908	0.1	0.1
8300	3136.733465665034	-6.359814022736612	0.4037228929742535	0.1	0.1
8310	2993.8397878391474	-7.585042225522433	0.5262457132528356	0.1	0.1
8320	3014.4161611249438	-7.196533537517964	0.48739484445238845	0.1	0.1
8330	3098.190160313811	-6.858318164503433	0.45357330715093636	0.1	0.1
8340	3136.670564205967	-6.333359259778855	0.4010774166784787	0.1	0.1
8350	3220.178270761734	-5.926093103633471	0.3603508010639402	0.1	0.1
8360	3200.220882609376	-5.559454519186794	0.3236869426192726	0.1	0.1
8370	3185.74686141648	-6.024414956220785	0.3701829863226723	0.1	0.1
8380	3173.1542439356926	-6.167982899776029	0.38453978067819644	0.1	0.1
8390	3166.966323868453	-6.525937555253101	0.4203352462259033	0.1	0.1
8400	3113.4216343678027	-6.98957795990577	0.46669928669117017	0.1	0.1
8410	3033.734379125992	-7.303365636714777	0.4980780543720707	0.1	0.1
8420	3107.4153442460383	-6.53662847598698	0.42140433829929086	0.1	0.1
8430	3145.5737949008	-5.99690399411242	0.3674318901118351	0.1	0.1
8440	2958.725682656961	-7.5051902264037995	0.5182605133409728	0.1	0.1
8450	3050.1396724095766	-7.038512250361241	0.4715927157367164	0.1	0.1
8460	3004.3194494311297	-7.169818076573332	0.48472329835792466	0.1	0.1
8470	3018.636482826702	-7.033921811542257	0.4711336718548176	0.1	0.1
8480	2950.4633089246954	-7.541774071054237	0.5219188978060157	0.1	0.1
8490	3002.60672427677	-7.549027209355236	0.522644211636116	0.1	0.1
8500	3060.4440063832926	-6.64082820066192	0.43182431076678457	0.1	0.1
8510	3049.4435200063995	-6.984531909503668	0.4661946816509592	0.1	0.1
8520	3071.2736149788943	-6.768063633956952	0.44454785409628766	0.1	0.1
8530	3091.0038874484353	-6.7833705731170415	0.4460785480122964	0.1	0.1
8540	3130.834982764438	-6.176513217031843	0.3853928124037771	0.1	0.1
8550	3101.7420440697233	-6.429774003832778	0.41071889108387016	0.1	0.1
8560	3112.8198930704857	-6.461804241531097	0.4139219148537022	0.1	0.1
8570	3089.2199732645904	-6.4017304630110505	0.40791453700169705	0.1	0.1
8580	3048.725466181672	-6.859383212927583	0.45367981199334995	0.1	0.1
8590	3111.890401212573	-6.428627558495885	0.4106042465501804	0.1	0.1
8600	3211.146123878012	-5.7982418177535004	0.34756567247594206	0.1	0.1
8610	3159.249992656493	-6.450192037654821	0.412760694466074	0.1	0.1
8620	3151.1108718595856	-6.665909374066419	0.43433242810723405	0.1	0.1
8630	3119.6629638548156	-6.543953142955972	0.42213680499618905	0.1	0.1
8640	3159.158826235017	-6.245843816392885	0.39232587233988075	0.1	0.1
8650	3108.2877410090946	-6.603712887394863	0.4281127794400787	0.1	0.1
8660	3016.410358526329	-7.0595243291464955	0.4736939236152416	0.1	0.1
8670	3024.9023201175255	-7.444700106140104	0.5122115013146026	0.1	0.1
8680	2985.0612550953524	-7.536438092615724	0.5213852999621643	0.1	0.1
8690	3107.137006947612	-6.552853447233345	0.42302683542392666	0.1	0.1
8700	3010.560515098273	-7.409411258290581	0.5086826165296496	0.1	0.1
8710	2982.390957863658	-7.216825723402866	0.48942406304087716	0.1	0.1
8720	2893.207228660191	-8.152621613599813	0.5830036520605711	0.1	0.1
8730	2958.9776484157087	-7.864276224727534	0.5541691131733436	0.1	0.1
8740	2968.099556613118	-7.816326052501905	0.5493740959507806	0.1	0.1
8750	3027.556569626802	-7.495906811888696	0.5173321718894595	0.1	0.1
8760	3030.1072950194653	-7.411374562929516	0.5088789469935419	0.1	0.1
8770	3049.1264110114735	-6.71532793876818	0.43927428457740836	0.1	0.1
8780	3066.9236110478596	-6.902038297504906	0.4579453204510817	0.1	0.1
8790	3039.068799134149	-6.821066979932474	0.4498481886938383	0.1	0.1
8800	3144.477126794438	-6.232903592422739	0.39103184994286494	0.1	0.1
8810	3094.570465320851	-6.816653374615531	0.4494068281621442	0.1	0.1
8820	3024.009776277101	-7.562971275833988	0.5240386182839903	0.1	0.1
8830	2993.17804267387	-7.354304905751931	0.5031719812757852	0.1	0.1
8840	2977.314575952716	-7.508116394844444	0.5185531301850367	0.1	0.1
8850	2868.240796739952	-8.98663886970064	0.6664053776706567	0.1	0.1
8860	2951.8146820255647	-7.810737909591279	0.5488152816597205	0.1	0.1
8870	2964.7532788904296	-7.924008755425355	0.560142366243128	0.1	0.1
8880	3041.066859921391	-6.915056568584355	0.45924714755902746	0.1	0.1
8890	2910.548306640916	-8.419022840467953	0.6096437747473874	0.1	0.1
8900	2966.089486517294	-7.335353076332221	0.5012767983338132	0.1	0.1
8910	2904.7117505111323	-8.003638317650314	0.5681053224656224	0.1	0.1
8920	2971.2390519667965	-7.709358027092758	0.5386772934098666	0.1	0.1
8930	3041.063462170559	-7.160195720892736	0.4837610627898645	0.1	0.1
8940	2945.680786172483	-8.135599566539224	0.5813014473545135	0.1	0.1
8950	2995.682733971766	-7.631161019987163	0.5308575926993072	0.1	0.1
8960	2915.66373761514	-8.048460737610348	0.5725875644616248	0.1	0.1
8970	2908.176876600491	-8.030165498749058	0.5707580405754946	0.1	0.1
8980	2907.0172404656955	-8.180875575316055	0.5858290482321935	0.1	0.1
8990	2981.3875862753325	-7.818947337471319	0.5496362244477206	0.1	0.1
9000	3001.5816456763773	-7.834990166555235	0.5512405073561126	0.1	0.1
9010	3107.739115226557	-6.413741515118253	0.40911564221241425	0.1	0.1
9020	3118.6290470823515	-6.443150030847917	0.41205649378538095	0.1	0.1
9030	3060.973951448822	-6.862199854896509	0.45396147619024074	0.1	0.1
9040	3003.5428863358115	-7.281703886157434	0.4959118793163335	0.1	0.1
9050	3104.621394945533	-6.515169063806093	0.4192583970811996	0.1	0.1
9060	3010.743573203815	-7.634199057095146	0.5311613964101051	0.1	0.1
9070	3062.7138841037827	-6.458306028553461	0.4135720935559368	0.1	0.1
9080	3076.973092324092	-6.608112507824337	0.4285527414830237	0.1	0.1
9090	3020.333965174693	-6.952412236381361	0.46298271433872623	0.1	0.1
9100	3060.443722325161	-6.672274853384382	0.4349689760390277	0.1	0.1
9110	2938.6947714645453	-8.102427402838254	0.577984230984415	0.1	0.1
9120	3130.2694528457528	-6.4899864096433735	0.41674013166492596	0.1	0.1
9130	3177.065374619962	-5.980247622763061	0.36576625297689497	0.1	0.1
9140	3172.6413952462904	-6.101998382344395	0.3779413289350286	0.1	0.1
9150	3095.2417961139963	-6.7821054998984955	0.44595204069043887	0.1	0.1
9160	3119.199307725228	-6.250813523587759	0.3928228430593649	0.1	0.1
9170	3029.3122024356235	-7.250126725963437	0.4927541632969325	0.1	0.1
9180	3075.2762968044335	-6.518984405158439	0.4196399312164325	0.1	0.1
9190	3122.8388084458675	-6.669080482830181	0.4346495389836064	0.1	0.1
9200	3072.8192691731765	-6.533134854444013	0.42105497614498943	0.1	0.1
9210	3171.063188922137	-6.399678244016386	0.40770931510222674	0.1	0.1
9220	3153.7741440065074	-6.257488605823883	0.39349035128297644	0.1	0.1
9230	3033.9653261866792	-7.038655691745265	0.47160705987511436	0.1	0.1
9240	3053.541333590631	-7.019856370823447	0.46972712778293274	0.1	0.1
9250	3107.332261177448	-6.486022869908669	0.41634377769145475	0.1	0.1
9260	3128.926289891322	-6.280440557389969	0.3957855464395847	0.1	0.1
9270	3088.8365516965605	-6.524250883096079	0.42016657901019594	0.1	0.1
9280	3110.252247100509	-6.418135642686559	0.4095550549692441	0.1	0.1
9290	3090.9614549636804	-6.449377407258058	0.4126792314263935	0.1	0.1
9300	3067.448230282235	-6.603089020874246	0.42805039278801194	0.1	0.1
9310	3118.7352311104137	-6.7364771887093955	0.4413892095715267	0.1	0.1
9320	3020.38836891918	-7.215380522859537	0.4892795429865408	0.1	0.1
9330	3021.5684413688646	-6.86596718919534	0.45433820962012106	0.1	0.1
9340	3031.7371922494485	-7.211193249082149	0.48886081560880185	0.1	0.1
9350	3073.4338068313077	-6.854487762201507	0.45319026692073766	0.1	0.1
9360	3071.8847504778646	-6.903372517436729	0.45807874244425995	0.1	0.1
9370	3023.6786561370127	-7.06151422877293	0.47389291357788005	0.1	0.1
9380	3144.3242945333013	-6.300977895331934	0.39783928023378057	0.1	0.1
9390	2936.9962275507655	-7.606642141058912	0.5284057048064781	0.1	0.1
9400	2983.2602987679056	-7.346907257083332	0.5024322164089194	0.1	0.1
9410	3093.3072293970076	-6.721984066883048	0.4399398973888916	0.1	0.1
9420	3064.7882896926208	-6.6683159705229444	0.4345730877528817	0.1	0.1
9430	3005.2745562245786	-7.205829270444003	0.48832441774498775	0.1	0.1
9440	3116.027268501652	-6.525208219944611	0.4202623126950487	0.1	0.1
9450	3196.352899897062	-5.914443519731762	0.3591858426737636	0.1	0.1
9460	3188.2550834833455	-5.7799404857049845	0.34573553927108575	0.1	0.1
9470	3160.8288460740555	-5.916297391017337	0.35937122980232095	0.1	0.1
9480	3160.2627563225487	-6.411054345108686	0.40884692521145627	0.1	0.1
9490	3164.3249668579674	-6.213216379618634	0.38906312866245024	0.1	0.1
9500	3255.15710603066	-5.867436154658222	0.35448510616640877	0.1	0.1
9510	3201.0548606656316	-6.026860352708551	0.3704275259714421	0.1	0.1
9520	3167.450883250513	-6.33732677223566	0.4014741679241528	0.1	0.1
9530	3174.0225047307767	-5.876001352304676	0.3553416259310553	0.1	0.1
9540	3098.7641127241313	-6.639531973862593	0.43169468808684713	0.1	0.1
9550	3052.4114287705406	-7.050180103067969	0.4727595010073848	0.1	0.1
9560	2996.3536326084227	-7.3730014028373185	0.5050416309843192	0.1	0.1
9570	3105.861357478541	-6.5746380324264555	0.4252052939432325	0.1	0.1
9580	3036.235727907638	-7.247419870097902	0.4924834777103774	0.1	0.1
9590	3049.5942987281283	-6.6060162970951355	0.42834312041010075	0.1	0.1
9600	3022.998609876742	-7.263296137668124	0.49407110446739994	0.1	0.1
9610	3115.3719230601396	-6.377256531744	0.40546714387498645	0.1	0.1
9620	3162.8176926750884	-6.194919701283082	0.3872334608288943	0.1	0.1
9630	3170.079545413625	-6.201395183352812	0.3878810090358674	0.1	0.1
9640	3044.7037102792497	-6.977286695748139	0.46547016027540067	0.1	0.1
9650	3202.699269824424	-5.964241232184721	0.3641656139190585	0.1	0.1
9660	3175.5487549647128	-6.007507460806763	0.3684922367812625	0.1	0.1
9670	3185.592520570993	-6.301651774658343	0.39790666816642045	0.1	0.1
9680	3244.8874994712655	-5.763694654025577	0.3441109561031438	0.1	0.1
9690	3284.3136695918215	-5.6589262941553775	0.3336341201161239	0.1	0.1
9700	3229.3692785130097	-5.9124234712848835	0.35898383782907456	0.1	0.1
9710	3282.8451379426983	-5.485354299022243	0.31627692060281076	0.1	0.1
9720	3252.935338567066	-5.6580376974714754	0.3335452604477339	0.1	0.1
9730	3228.5066522494126	-5.833261072809357	0.3510675979815218	0.1	0.1
9740	3235.551204219255	-5.933202133556136	0.36106170405619964	0.1	0.1
9750	3270.201589574853	-5.536921966131818	0.32143368731376815	0.1	0.1
9760	3278.3833433098443	-5.593378995245041	0.3270793902250906	0.1	0.1
9770	3215.1379558574595	-5.958317947838854	0.36357328548447193	0.1	0.1
9780	3200.3332498045515	-5.836861047245472	0.35142759542513374	0.1	0.1
9790	3183.991526343234	-6.234816448723124	0.39122313557289856	0.1	0.1
9800	3184.8495519723897	-6.073551433470577	0.3750966340476435	0.1	0.1
9810	3198.1763292761702	-5.899167210145489	0.35765821171513523	0.1	0.1
9820	3103.7952400552736	-6.75101255765788	0.44284274646637367	0.1	0.1
9830	3159.00639388978	-6.2228915101110145	0.39003064171168655	0.1	0.1
9840	3112.1774179546783	-6.226558885839305	0.3903973792845156	0.1	0.1
9850	3052.756112099899	-7.107611425018099	0.4785026332023953	0.1	0.1
9860	3082.89743477976	-7.02506362467623	0.47024785316820833	0.1	0.1
9870	3069.6919726128294	-6.447375105313765	0.41247900123196174	0.1	0.1
9880	3097.6095003140963	-6.9008024452818795	0.45782173522877373	0.1	0.1
9890	3170.7336592766724	-6.277067108333247	0.39544820153391014	0.1	0.1
9900	3167.535095602983	-6.358901558151915	0.4036316465157767	0.1	0.1
9910	3253.7508391172973	-5.423814583807326	0.310122949081318	0.1	0.1
9920	3187.524080532516	-6.212275631935517	0.388969053894137	0.1	0.1
9930	3290.3860423392034	-5.552544056320413	0.3229958963326268	0.1	0.1
9940	3245.508219945687	-5.628272056548135	0.3305686963553992	0.1	0.1
9950	3344.649537744978	-5.1527087979879465	0.28301237049938033	0.1	0.1
9960	3320.6555703376594	-5.363491370791153	0.30409062777970086	0.1	0.1
9970	3344.3558931842663	-5.249246429421517	0.2926661336427376	0.1	0.1
9980	3364.863750548344	-5.052198260921507	0.27296131679273633	0.1	0.1
9990	3260.6123371412687	-5.709089101055468	0.3386504008061337	0.1	0.1
10000	3328.7554014605716	-5.310173738265897	0.29875886452717704	0.1	0.1
