iteration	likelihood	prior	σ²	 m 	 α 
10	1279.5211824791882	-4.514266849729172	0.22116817567351982	0.0	0.0
20	1279.9363836665466	-4.334433936834734	0.20318488438407611	0.0	0.0
30	1279.11836564152	-4.369097137050399	0.20665120440564289	0.0	0.0
40	1279.7175128959623	-4.281512309614324	0.1978927216620353	0.0	0.0
50	1280.027418981642	-4.3414152695286266	0.20388301765346556	0.0	0.0
60	1279.6870750205924	-4.258194999995338	0.19556099070013686	0.0	0.0
70	1280.0519081634607	-4.407870828485907	0.2105285735491942	0.0	0.0
80	1279.6059930623815	-4.500584023010207	0.21979989300162356	0.0	0.0
90	1279.5524921530453	-4.3438927087111745	0.2041307615717205	0.0	0.0
100	1279.9091415446462	-4.3060666212846614	0.20034815282906893	0.0	0.0
110	1279.5308442892706	-4.2369616478729695	0.19343765548790015	0.0	0.0
120	1279.8896840286486	-4.334776544030566	0.2032191451036598	0.0	0.0
130	1276.814603846361	-4.562325614419449	0.22597405214254798	0.0	0.0
140	1277.9520582623575	-4.166483193596619	0.18638981006026462	0.0	0.0
150	1279.6135785135086	-4.249908165954814	0.19473230729608412	0.0	0.0
160	1279.3479707213635	-4.5375337111690826	0.223494861817511	0.0	0.0
170	1279.433270607288	-4.262366242239079	0.19597811492451095	0.0	0.0
180	1279.675109622302	-4.253819098974285	0.19512340059803168	0.0	0.0
190	1279.9853755638826	-4.311113832146805	0.2008528739152836	0.0	0.0
200	1279.4373724720804	-4.235424601574425	0.19328395085804553	0.0	0.0
210	1278.5269046047795	-4.280886062494922	0.19783009695009468	0.0	0.0
220	1278.2278405316908	-4.140120566812401	0.18375354738184244	0.0	0.0
230	1278.7963812400537	-4.296931357057169	0.19943462640631882	0.0	0.0
240	1278.5656480078942	-4.353438677365691	0.20508535843717066	0.0	0.0
250	1278.6304713262539	-4.554318570802936	0.22517334778089504	0.0	0.0
260	1279.3178005757036	-4.53113785050873	0.2228552757514745	0.0	0.0
270	1277.8167378154262	-4.360995551365982	0.20584104583719945	0.0	0.0
280	1279.6561309677463	-4.322019067868023	0.20194339748740342	0.0	0.0
290	1279.673084404714	-4.254546839025569	0.19519617460315752	0.0	0.0
300	1279.8792398427402	-4.455073213112369	0.21524881201183751	0.0	0.0
310	1279.548130776846	-4.475863833686734	0.21732787406927384	0.0	0.0
320	1279.594580633853	-4.246536357397576	0.19439512644035842	0.0	0.0
330	1280.0208326636905	-4.352026451797737	0.20494413588037472	0.0	0.0
340	1276.82500228439	-4.158170859994485	0.18555857670004988	0.0	0.0
350	1278.3909664512246	-4.48496633449249	0.218238124149851	0.0	0.0
360	1277.6801368219506	-4.460809270915337	0.21582241779213537	0.0	0.0
370	1278.699248320811	-4.57839178259546	0.22758066896014745	0.0	0.0
380	1279.5968238012426	-4.2535987016857195	0.19510136086917354	0.0	0.0
390	1279.966776174657	-4.319033486290737	0.20164483932967592	0.0	0.0
400	1279.1240527920754	-4.247353473299431	0.19447683803054525	0.0	0.0
410	1279.8831857100786	-4.40083428215596	0.20982491891619784	0.0	0.0
420	1279.6542661923665	-4.377466334569656	0.20748812415756712	0.0	0.0
430	1279.886593027627	-4.33676175073671	0.20341766577427292	0.0	0.0
440	1279.5963425379634	-4.362978933134021	0.20603938401400385	0.0	0.0
450	1280.047182502793	-4.34711308160994	0.20445279886159595	0.0	0.0
460	1279.7731384732456	-4.433690731852878	0.21311056388588984	0.0	0.0
470	1277.4364886211001	-4.178572639060281	0.18759875460663009	0.0	0.0
480	1279.6271440734924	-4.483546725898725	0.2180961632904743	0.0	0.0
490	1279.5536854424013	-4.247330175219714	0.19447450822257292	0.0	0.0
500	1279.4239702344062	-4.29302913084496	0.19904440378509722	0.0	0.0
510	1279.6045619616148	-4.3591163224309195	0.20565312294369353	0.0	0.0
520	1276.5558770956097	-4.7568599845273205	0.24542748915333357	0.0	0.0
530	1279.5209723622388	-4.291702563666382	0.19891174706723927	0.0	0.0
540	1279.839632159175	-4.298611559309809	0.19960264663158248	0.0	0.0
550	1280.043875913774	-4.375979388663891	0.20733942956699083	0.0	0.0
560	1278.7104193382243	-4.170904256687057	0.18683191636930754	0.0	0.0
570	1279.909165739793	-4.452267764145122	0.21496826711511383	0.0	0.0
580	1279.0368912251108	-4.510467846757408	0.22078827537634255	0.0	0.0
590	1280.0342195611602	-4.393801870474921	0.2091216777480937	0.0	0.0
600	1279.9920152592206	-4.4274992872863566	0.21249141942923716	0.0	0.0
610	1276.8889967169607	-4.686336764749729	0.23837516717557486	0.0	0.0
620	1279.384555964814	-4.257044210540154	0.19544591175461704	0.0	0.0
630	1279.5713525797305	-4.493737519811986	0.21911524268180024	0.0	0.0
640	1279.0779065161157	-4.571817253151627	0.22692321601576404	0.0	0.0
650	1278.9611146619047	-4.438204312707183	0.2135619219713193	0.0	0.0
660	1279.6510084380604	-4.2533217415561175	0.19507366485621278	0.0	0.0
670	1276.8833357479566	-4.530446001011914	0.22278609080179262	0.0	0.0
680	1280.0612835455665	-4.358599603391813	0.2056014510397826	0.0	0.0
690	1280.006411965763	-4.387985733634687	0.20854006406406972	0.0	0.0
700	1279.038890912031	-4.547088552957178	0.22445034599631933	0.0	0.0
710	1279.5295211645418	-4.237759533117887	0.19351744401238993	0.0	0.0
720	1280.0615193197464	-4.374262682300756	0.20716775893067707	0.0	0.0
730	1280.0808087957125	-4.373041320014638	0.20704562270206545	0.0	0.0
740	1280.0415431172207	-4.345371426194908	0.2042786333200926	0.0	0.0
750	1279.6837356976482	-4.3027742941485	0.20001892011545153	0.0	0.0
760	1280.0631039164348	-4.380259116193773	0.20776740231997903	0.0	0.0
770	1279.4016066393938	-4.258738832668666	0.19561537396746798	0.0	0.0
780	1279.647097687192	-4.487565203382798	0.21849801103888133	0.0	0.0
790	1279.3618502705845	-4.219238809719583	0.1916653716725594	0.0	0.0
800	1279.1530121756218	-4.559572819891265	0.22569877268972752	0.0	0.0
810	1280.081046490311	-4.363997923125065	0.20614128301310736	0.0	0.0
820	1277.5115168020297	-4.09632277401702	0.179373768102303	0.0	0.0
830	1277.0734482665036	-4.6254118415845396	0.2322826748590549	0.0	0.0
840	1278.5072038591377	-4.322628946521011	0.2020043853527017	0.0	0.0
850	1278.8948181663504	-4.571196889892105	0.22686117968981104	0.0	0.0
860	1279.2910608242903	-4.517840232064916	0.22152551390709183	0.0	0.0
870	1278.6796493251388	-4.526313979712713	0.22237288867187158	0.0	0.0
880	1279.632058312176	-4.398502364154602	0.2095917271160608	0.0	0.0
890	1279.2039968321383	-4.333848856065986	0.20312637630719896	0.0	0.0
900	1280.0709241130862	-4.35909105529563	0.20565059623016368	0.0	0.0
910	1279.326131319959	-4.218898875348348	0.19163137823543566	0.0	0.0
920	1279.9702608497569	-4.399576026229906	0.20969909332359168	0.0	0.0
930	1279.8858911947038	-4.379709777886142	0.2077124684892152	0.0	0.0
940	1279.9260261474842	-4.384179514777304	0.20815944217833138	0.0	0.0
950	1279.0265680888213	-4.483384481286765	0.21807993882927748	0.0	0.0
960	1279.5067373790368	-4.517448658828948	0.22148635658349583	0.0	0.0
970	1279.6085099553343	-4.255946916936212	0.19533618239422237	0.0	0.0
980	1279.1817995541385	-4.543916376287121	0.22413312832931354	0.0	0.0
990	1278.6977080994072	-4.188679981882298	0.1886094888888308	0.0	0.0
1000	1279.9881947258689	-4.365219142552343	0.20626340495583528	0.0	0.0
1010	1279.252920897985	-4.545389305187867	0.22428042121938757	0.0	0.0
1020	1277.5123745504186	-4.456409124572926	0.21538240315789356	0.0	0.0
1030	1278.3997235281274	-4.339481054599925	0.20368959616059334	0.0	0.0
1040	1278.330358585194	-4.591646764651242	0.22890616716572473	0.0	0.0
1050	1278.957983282342	-4.576570932938901	0.22739858399449087	0.0	0.0
1060	1278.8268244558485	-4.195481741057731	0.18928966480637419	0.0	0.0
1070	1278.5342251339393	-4.611352064932547	0.23087669719385515	0.0	0.0
1080	1279.827356034675	-4.427402059632443	0.21248169666384487	0.0	0.0
1090	1279.4098435001583	-4.528213745342253	0.22256286523482577	0.0	0.0
1100	1277.5570437581098	-4.469687107912653	0.21671020149186576	0.0	0.0
1110	1280.0713522328551	-4.354998595734287	0.20524135027402887	0.0	0.0
1120	1279.213455725238	-4.231156984850833	0.19285718918568334	0.0	0.0
1130	1278.8790898980008	-4.291709378423843	0.19891242854298394	0.0	0.0
1140	1279.9732572495188	-4.313197973474252	0.20106128804802476	0.0	0.0
1150	1279.852952242304	-4.393713478485593	0.2091128385491588	0.0	0.0
1160	1278.9834149071291	-4.482972728111527	0.21803876351175158	0.0	0.0
1170	1278.7099612427282	-4.438938860613863	0.21363537676198519	0.0	0.0
1180	1279.8736447155693	-4.324466692356387	0.20218815993623795	0.0	0.0
1190	1279.7459936575513	-4.473325884888944	0.21707407918949354	0.0	0.0
1200	1279.6725305236885	-4.331485322943634	0.20289002299496225	0.0	0.0
1210	1279.7460440515658	-4.46552797063773	0.216294287764372	0.0	0.0
1220	1278.2102076926938	-4.413525188417664	0.21109400954236537	0.0	0.0
1230	1279.6855409052748	-4.2930749180527465	0.19904898250587386	0.0	0.0
1240	1278.1116377112653	-4.608324494352526	0.23057394013585153	0.0	0.0
1250	1279.5415706443691	-4.251683027285478	0.19490979342914677	0.0	0.0
1260	1278.3664212087322	-4.468572425545532	0.21659873325515208	0.0	0.0
1270	1279.9482853545935	-4.413342266866052	0.211075717387204	0.0	0.0
1280	1279.9140107266728	-4.295666669779656	0.19930815767856414	0.0	0.0
1290	1279.3384514897475	-4.424678460306659	0.2122093367312646	0.0	0.0
1300	1278.3474889546897	-4.187544514622344	0.18849594216283275	0.0	0.0
1310	1278.448648586612	-4.207778339052678	0.1905193246058663	0.0	0.0
1320	1277.9304613811091	-4.3781675839235294	0.2075582490929519	0.0	0.0
1330	1277.6595917098355	-4.174895174103539	0.1872310081109534	0.0	0.0
1340	1279.9879777424314	-4.315688469650915	0.20131033766569104	0.0	0.0
1350	1278.6030947112142	-4.218720832923028	0.19161357399290246	0.0	0.0
1360	1280.066631186309	-4.381091621130795	0.20785065281367873	0.0	0.0
1370	1278.6996692381997	-4.586860274258563	0.22842751812645534	0.0	0.0
1380	1279.4624707034873	-4.408843980191885	0.21062588871978763	0.0	0.0
1390	1277.5253077350071	-4.48864178589574	0.21860566929017347	0.0	0.0
1400	1278.5705355143605	-4.417207036414974	0.21146219434209654	0.0	0.0
1410	1279.1543988404226	-4.5623693453510015	0.22597842523569944	0.0	0.0
1420	1278.5577327851763	-4.510219000075285	0.22076339070812745	0.0	0.0
1430	1279.8901270371584	-4.360896031498521	0.20583109385045098	0.0	0.0
1440	1277.7087593786803	-4.243827531501718	0.19412424385077082	0.0	0.0
1450	1278.2166992572809	-4.367624511960251	0.20650394189662452	0.0	0.0
1460	1279.986999406327	-4.319136434990283	0.20165513419962763	0.0	0.0
1470	1279.8712183195366	-4.288618799626882	0.19860337066328754	0.0	0.0
1480	1277.7866064282216	-4.225748548532239	0.19231634555382338	0.0	0.0
1490	1279.3993941665124	-4.360475546680334	0.20578904536863266	0.0	0.0
1500	1278.5297751782741	-4.36573212250667	0.20631470295126644	0.0	0.0
1510	1279.9664070513165	-4.366481488991615	0.20638963959976084	0.0	0.0
1520	1279.2714931224248	-4.50374486131349	0.2201159768319482	0.0	0.0
1530	1280.0645361742165	-4.364719469760645	0.2062134376766638	0.0	0.0
1540	1279.8460079416286	-4.412506833221258	0.2109921740227254	0.0	0.0
1550	1279.0124481336786	-4.280707457425955	0.19781223644319545	0.0	0.0
1560	1277.3327214747028	-4.22048639378101	0.19179013007870088	0.0	0.0
1570	1280.0801315267208	-4.380779943630898	0.20781948506368975	0.0	0.0
1580	1279.8235566071146	-4.468604693384345	0.21660196003903462	0.0	0.0
1590	1279.3879087181022	-4.398787372862163	0.2096202279868166	0.0	0.0
1600	1279.5041912632887	-4.364559763933358	0.20619746709393671	0.0	0.0
1610	1279.197786829663	-4.3854347636016975	0.2082849670607701	0.0	0.0
1620	1278.1795420004266	-4.6048199463748745	0.23022348533808748	0.0	0.0
1630	1279.8357113628415	-4.377068872106743	0.20744837791127474	0.0	0.0
1640	1278.6699725449564	-4.61008506437601	0.23074999713820163	0.0	0.0
1650	1279.8589505053021	-4.3345776977682995	0.20319926047743045	0.0	0.0
1660	1279.4679642236301	-4.49655558164083	0.21939704886468356	0.0	0.0
1670	1278.2814464398887	-4.252240242528491	0.19496551495344983	0.0	0.0
1680	1278.8814518963718	-4.191229175920102	0.18886440829261117	0.0	0.0
1690	1280.0739987793795	-4.367935874742953	0.2065350781748963	0.0	0.0
1700	1279.2564633837503	-4.210572313801173	0.1907987220807185	0.0	0.0
1710	1280.0224563448862	-4.403953727298892	0.21013686343048998	0.0	0.0
1720	1279.598045160814	-4.453606706657538	0.21510216136635452	0.0	0.0
1730	1278.8007457142562	-4.4873014750241875	0.21847163820301935	0.0	0.0
1740	1275.5494404887413	-4.699040639263937	0.2396455546269943	0.0	0.0
1750	1278.4488359056515	-4.482871114028566	0.218028602103457	0.0	0.0
1760	1278.1852493465929	-4.443309327731027	0.2140724234737031	0.0	0.0
1770	1278.8510389465255	-4.519276647833602	0.22166915548396063	0.0	0.0
1780	1276.4365720505257	-4.705751086429896	0.24031659934358954	0.0	0.0
1790	1278.3337905527214	-4.174043218026176	0.18714581250321802	0.0	0.0
1800	1279.797801001159	-4.358366433371611	0.20557813403776146	0.0	0.0
1810	1278.8797730563372	-4.251679855190595	0.1949094762196599	0.0	0.0
1820	1280.0063794027528	-4.42259186402518	0.21200067710311835	0.0	0.0
1830	1279.7611601461986	-4.287262110023827	0.19846770170298253	0.0	0.0
1840	1279.8568293883807	-4.462438269409902	0.21598531764159054	0.0	0.0
1850	1276.9188588424322	-4.703125983757316	0.24005408907633222	0.0	0.0
1860	1279.9186802308577	-4.38870481154552	0.2086119718551524	0.0	0.0
1870	1277.9755565708688	-4.323420597166506	0.20208355041725118	0.0	0.0
1880	1279.8483150825084	-4.377695438980036	0.20751103459860404	0.0	0.0
1890	1278.3484429846908	-4.512254004514088	0.220966891152009	0.0	0.0
1900	1279.6570330957518	-4.318621919517609	0.20160368265236153	0.0	0.0
1910	1279.6965766664464	-4.262568004175671	0.19599829111816752	0.0	0.0
1920	1279.4736983322134	-4.516871448402775	0.2214286355408781	0.0	0.0
1930	1279.910799070425	-4.439527521641196	0.21369424286472	0.0	0.0
1940	1279.66498087715	-4.482849277476734	0.21802641844827342	0.0	0.0
1950	1278.2696048653797	-4.155008109765567	0.1852423016771568	0.0	0.0
1960	1278.360507577425	-4.190436280808566	0.1887851187814565	0.0	0.0
1970	1279.6779797902918	-4.480210606327145	0.2177625513333144	0.0	0.0
1980	1278.9268878947516	-4.41330687654599	0.21107217835519898	0.0	0.0
1990	1279.0248245987457	-4.424063646546365	0.21214785535523625	0.0	0.0
2000	1279.2581060125387	-4.543162670609805	0.2240577577615806	0.0	0.0
2010	1279.9268732326254	-4.29865180790373	0.19960667149097275	0.0	0.0
2020	1279.9833465156782	-4.397755073066909	0.20951699800729057	0.0	0.0
2030	1279.7914275365004	-4.31342450217828	0.20108394091842768	0.0	0.0
2040	1279.7604681745438	-4.476756547118274	0.21741714541242702	0.0	0.0
2050	1275.975618394079	-4.7870075481086305	0.2484422455114625	0.0	0.0
2060	1279.2036075056858	-4.530548204617851	0.22279631116238446	0.0	0.0
2070	1279.722615599347	-4.306384962973721	0.20037998699797133	0.0	0.0
2080	1279.1017160636095	-4.32184479990224	0.20192597069082288	0.0	0.0
2090	1278.6713377032925	-4.6114349124332525	0.23088498194392434	0.0	0.0
2100	1279.9551336231777	-4.415904760370027	0.21133196673760152	0.0	0.0
2110	1279.5134661361858	-4.518195262565275	0.22156101695712682	0.0	0.0
2120	1279.8439655294112	-4.290579656487056	0.19879945634930482	0.0	0.0
2130	1280.0353004351764	-4.329514572817559	0.20269294798235554	0.0	0.0
2140	1277.8240061427912	-4.378327004258515	0.20757419112645106	0.0	0.0
2150	1278.5396826171161	-4.169936340008041	0.18673512470140377	0.0	0.0
2160	1279.929231854647	-4.446361958803237	0.21437768658092363	0.0	0.0
2170	1279.7429122991919	-4.480225689802449	0.21776405968084503	0.0	0.0
2180	1279.5300307995574	-4.248650631830931	0.1946065538836932	0.0	0.0
2190	1279.4235244208692	-4.319158721572639	0.20165736285786395	0.0	0.0
2200	1279.3662039286746	-4.229579651266664	0.19269945582726652	0.0	0.0
2210	1278.215405010683	-4.650979444692825	0.23483943516988232	0.0	0.0
2220	1277.8380680645716	-4.271033683618181	0.19684485906241797	0.0	0.0
2230	1278.2501829934604	-4.2947840472367345	0.1992198954242731	0.0	0.0
2240	1279.6946096552615	-4.282704091863625	0.198011899886962	0.0	0.0
2250	1279.190301152306	-4.4922025560030034	0.21896174630089976	0.0	0.0
2260	1277.920138896827	-4.379424207520477	0.20768391145264678	0.0	0.0
2270	1279.5001992528862	-4.360171056333584	0.2057585963339575	0.0	0.0
2280	1279.5929540628763	-4.294187914794864	0.1991602821800856	0.0	0.0
2290	1279.916465375774	-4.386377447446582	0.20837923544525738	0.0	0.0
2300	1279.976973422933	-4.340848227699545	0.2038263134705533	0.0	0.0
2310	1279.7068199274113	-4.262312106873185	0.19597270138791764	0.0	0.0
2320	1278.6948875260468	-4.485794801889537	0.21832097088955285	0.0	0.0
2330	1279.5904482433054	-4.246686093219977	0.19441010002259676	0.0	0.0
2340	1278.7591687900162	-4.603070218390939	0.23004851253969286	0.0	0.0
2350	1278.9730760172977	-4.369067982549703	0.2066482889555693	0.0	0.0
2360	1277.9884127046134	-4.15601335981855	0.18534282668245441	0.0	0.0
2370	1279.27702918242	-4.4393636480657594	0.2136778555071751	0.0	0.0
2380	1279.6493976445304	-4.495999094305052	0.2193414001311047	0.0	0.0
2390	1277.9117157517603	-4.137720468704148	0.18351353757101443	0.0	0.0
2400	1278.9111780154492	-4.589049149768159	0.22864640567741518	0.0	0.0
2410	1279.5203484063302	-4.246704943777662	0.19441198507836552	0.0	0.0
2420	1280.0102235224567	-4.3224199566147306	0.2019834863620726	0.0	0.0
2430	1280.087672076862	-4.36772818568518	0.20651430926911807	0.0	0.0
2440	1279.1672315852632	-4.4414484622939305	0.21388633692999307	0.0	0.0
2450	1278.7435711253515	-4.331641508272892	0.20290564152788929	0.0	0.0
2460	1277.9451340499102	-4.1234495074174	0.18208644144234032	0.0	0.0
2470	1280.0698533492925	-4.3709512093822775	0.20683661163882822	0.0	0.0
2480	1275.9936361375633	-4.775723124570476	0.24731380315764823	0.0	0.0
2490	1278.5845751412182	-4.165541357884303	0.1862956264890309	0.0	0.0
2500	1279.5887317999648	-4.448459890375031	0.21458747973810388	0.0	0.0
2510	1279.6471703118564	-4.378034094852752	0.20754490018587599	0.0	0.0
2520	1278.765130327275	-4.54591048783423	0.22433253948402374	0.0	0.0
2530	1279.3621752437814	-4.26191600017365	0.19593309071796602	0.0	0.0
2540	1279.7308204077924	-4.2830741205462415	0.19804890275522535	0.0	0.0
2550	1279.5845752437572	-4.271119984438639	0.19685348914446513	0.0	0.0
2560	1278.6362128517608	-4.4156160596990475	0.21130309667050617	0.0	0.0
2570	1279.7146028294092	-4.281012067940622	0.1978426974946638	0.0	0.0
2580	1279.0402511325437	-4.394341657241456	0.209175656424747	0.0	0.0
2590	1277.8633209873658	-4.32654007507032	0.2023954982076336	0.0	0.0
2600	1279.7976865967667	-4.428283999235106	0.21256989062411202	0.0	0.0
2610	1279.891222878563	-4.290533357343444	0.19879482643494584	0.0	0.0
2620	1279.7465298261343	-4.475315960630992	0.21727308676370088	0.0	0.0
2630	1279.7723484568105	-4.4641939002398985	0.21616088072459144	0.0	0.0
2640	1279.4909726295282	-4.433284533282181	0.2130699440288197	0.0	0.0
2650	1278.8618950860478	-4.210037424013297	0.19074523310193112	0.0	0.0
2660	1279.6181679089732	-4.443043558943552	0.21404584659495668	0.0	0.0
2670	1278.612273299092	-4.17015646181108	0.1867571368817092	0.0	0.0
2680	1278.4300100729215	-4.145998326395332	0.18434132334013437	0.0	0.0
2690	1278.2443851904616	-4.273840027253732	0.19712549342597432	0.0	0.0
2700	1279.4263405307838	-4.515813204725065	0.2213228111731075	0.0	0.0
2710	1278.3674848853966	-4.164779553001659	0.1862194460007671	0.0	0.0
2720	1279.1030665542573	-4.498923618164057	0.2196338525170071	0.0	0.0
2730	1278.0305583517204	-4.160261411887527	0.1857676318893532	0.0	0.0
2740	1279.629506168309	-4.25442353136223	0.19518384383682333	0.0	0.0
2750	1279.5208166965933	-4.308150343933654	0.2005565250939655	0.0	0.0
2760	1279.0855624565643	-4.336615476787436	0.2034030383793439	0.0	0.0
2770	1277.3889563054024	-4.206817231808834	0.19042321388148337	0.0	0.0
2780	1276.4086674046391	-4.345029790723123	0.20424446977291236	0.0	0.0
2790	1278.8794980596986	-4.475944099928442	0.21733590069344433	0.0	0.0
2800	1277.3481310671793	-4.47525107062128	0.2172665977627279	0.0	0.0
2810	1280.0300298685731	-4.356096908504086	0.20535118155100857	0.0	0.0
2820	1279.8153444215868	-4.310834867315613	0.2008249774321609	0.0	0.0
2830	1279.3408960257002	-4.216606038323483	0.19140209453294804	0.0	0.0
2840	1279.4424417201246	-4.366636442261288	0.20640513492672882	0.0	0.0
2850	1275.1084153238617	-4.006596311368432	0.17040112183744338	0.0	0.0
2860	1279.3041235069743	-4.546342376756687	0.22437572837626896	0.0	0.0
2870	1279.5317542983125	-4.316957899539276	0.20143728065452732	0.0	0.0
2880	1279.362404723794	-4.237906005053922	0.19353209120599196	0.0	0.0
2890	1279.7398555331333	-4.439532536029893	0.21369474430358917	0.0	0.0
2900	1278.8704968063926	-4.182516249786507	0.18799311567925092	0.0	0.0
2910	1278.874591561458	-4.4839722620071125	0.2181387169013117	0.0	0.0
2920	1279.3407596058948	-4.445100556924519	0.21425154639305247	0.0	0.0
2930	1278.8035961457788	-4.579204162849923	0.22766190698559274	0.0	0.0
2940	1279.5686133129634	-4.459654836523391	0.21570697435293934	0.0	0.0
2950	1279.99290236921	-4.320594204439423	0.20180091114454235	0.0	0.0
2960	1278.2481166153786	-4.250825723424097	0.19482406304300948	0.0	0.0
2970	1279.982084849248	-4.318780678481228	0.20161955854872246	0.0	0.0
2980	1278.8449203275838	-4.174297405820407	0.18717123128264038	0.0	0.0
2990	1279.9770970172176	-4.371134587815334	0.20685494948213295	0.0	0.0
3000	1279.8467247617357	-4.322686504575367	0.20201014115813656	0.0	0.0
3010	1279.831893071574	-4.469228596946294	0.2166643503952288	0.0	0.0
3020	1279.7122019522367	-4.273537152177882	0.1970952059183875	0.0	0.0
3030	1279.439057147251	-4.24404508498874	0.19414599919947323	0.0	0.0
3040	1279.0216003028056	-4.214944210170923	0.19123591171769178	0.0	0.0
3050	1279.6532569129356	-4.498913004427449	0.21963279114334444	0.0	0.0
3060	1279.6161211210472	-4.504156487391041	0.22015713943970344	0.0	0.0
3070	1276.5666340293735	-4.414443234096959	0.21118581411029522	0.0	0.0
3080	1279.3349005185369	-4.441808732886059	0.21392236398920547	0.0	0.0
3090	1279.951464804074	-4.434616488712226	0.21320313957182224	0.0	0.0
3100	1279.4881537505005	-4.399909071144534	0.20973239781505304	0.0	0.0
3110	1280.0177249477813	-4.3306050796321784	0.2028019986638181	0.0	0.0
3120	1279.0211641826425	-4.203669055779852	0.19010839627858575	0.0	0.0
3130	1279.2049214198353	-4.205306899097183	0.19027218061031817	0.0	0.0
3140	1277.659151727683	-4.129816971239787	0.1827231878245786	0.0	0.0
3150	1280.053332021278	-4.389171554374861	0.20865864613808568	0.0	0.0
3160	1279.7976645116034	-4.29680510193819	0.19942200089441878	0.0	0.0
3170	1279.410071121472	-4.521807108520159	0.22192220155261572	0.0	0.0
3180	1278.8386377285767	-4.408763662710898	0.21061785697169008	0.0	0.0
3190	1279.4830582544607	-4.340765973650086	0.2038180880656092	0.0	0.0
3200	1278.7621495001592	-4.4526934069006865	0.21501083139066895	0.0	0.0
3210	1279.875512331192	-4.4095837669669065	0.21069986739729107	0.0	0.0
3220	1279.715105628654	-4.399470037787168	0.2096884944793176	0.0	0.0
3230	1279.6958468213363	-4.2574099745808285	0.19548248815868316	0.0	0.0
3240	1278.1246617195293	-4.599607247645873	0.22970221546518735	0.0	0.0
3250	1277.2486271436367	-4.215479143089436	0.19128940500954358	0.0	0.0
3260	1279.9362505511774	-4.303036252424177	0.2000451159430176	0.0	0.0
3270	1279.73717802495	-4.328838682370779	0.20262535893767783	0.0	0.0
3280	1279.530594939548	-4.478993530314851	0.21764084373208514	0.0	0.0
3290	1279.5771332967224	-4.272573218840856	0.19699881258468546	0.0	0.0
3300	1279.8490230565349	-4.4105971831043815	0.21080120901103788	0.0	0.0
3310	1277.7945371005303	-4.535342414387948	0.22327573213939414	0.0	0.0
3320	1279.5802232943206	-4.460788078383589	0.2158202985389579	0.0	0.0
3330	1279.8874880521162	-4.442795712564752	0.2140210619570744	0.0	0.0
3340	1278.892090940251	-4.25706645339291	0.19544813603989047	0.0	0.0
3350	1279.2239100813697	-4.5336597289451825	0.2231074635951175	0.0	0.0
3360	1277.958101502129	-4.5047508075403195	0.2202165714546309	0.0	0.0
3370	1279.4619197349718	-4.429099738694261	0.21265146457002504	0.0	0.0
3380	1278.9369491766893	-4.333928484857619	0.20313433918636079	0.0	0.0
3390	1278.6879135563083	-4.272358657975908	0.19697735649818954	0.0	0.0
3400	1279.482565326917	-4.487824263982842	0.21852391709888289	0.0	0.0
3410	1278.9818686196331	-4.223796039109	0.19212109461149904	0.0	0.0
3420	1279.1184521953633	-4.446687237722446	0.21441021447284367	0.0	0.0
3430	1280.025234008089	-4.417895227594318	0.2115310134600312	0.0	0.0
3440	1273.8487212770642	-4.100579424412903	0.1797994331418902	0.0	0.0
3450	1279.8600513795127	-4.397608311526339	0.2095023218532339	0.0	0.0
3460	1278.6782748117105	-4.166370394690961	0.18637853016969633	0.0	0.0
3470	1278.8767985823808	-4.589846175993299	0.22872610829992998	0.0	0.0
3480	1278.4091992276158	-4.497777007243144	0.2195191914249149	0.0	0.0
3490	1277.509121309511	-4.604083261850386	0.23014981688563915	0.0	0.0
3500	1279.9137707982961	-4.377136380014203	0.20745512870202104	0.0	0.0
3510	1278.3719504530218	-4.187282955391151	0.18846978623971603	0.0	0.0
3520	1279.9512539424961	-4.441395766396725	0.2138810673402735	0.0	0.0
3530	1277.561723983433	-4.207214324795943	0.1904629231801954	0.0	0.0
3540	1277.2051350405	-4.439619644316907	0.21370345513229178	0.0	0.0
3550	1278.9358276137825	-4.564349888419357	0.2261764795425369	0.0	0.0
3560	1278.813537099376	-4.573932656402194	0.22713475634082084	0.0	0.0
3570	1278.77686488689	-4.283350698426298	0.19807656054323114	0.0	0.0
3580	1279.3148584816652	-4.473619985315154	0.21710348923211678	0.0	0.0
3590	1278.642852829975	-4.594715930465777	0.229213083747179	0.0	0.0
3600	1278.6839869981643	-4.170530217501019	0.18679451245070317	0.0	0.0
3610	1278.7728413821958	-4.526801629920266	0.22242165369262787	0.0	0.0
3620	1279.828655461288	-4.402548354479765	0.20999632614857822	0.0	0.0
3630	1279.428513716403	-4.226855234704919	0.1924270141710936	0.0	0.0
3640	1279.9934932502354	-4.417178174306658	0.21145930813126745	0.0	0.0
3650	1279.2630043336378	-4.499958407204901	0.2197373314210915	0.0	0.0
3660	1279.7356188032059	-4.275378251348314	0.19727931583543248	0.0	0.0
3670	1280.0020048304934	-4.3905162050614805	0.20879311120674923	0.0	0.0
3680	1279.694368788853	-4.42547504051578	0.2122889947521793	0.0	0.0
3690	1280.0548095212137	-4.355925983899063	0.20533408909050763	0.0	0.0
3700	1279.9968680110421	-4.404416946281543	0.21018318532875538	0.0	0.0
3710	1279.4125150956047	-4.347440852487445	0.2044855759493455	0.0	0.0
3720	1279.640976327718	-4.399241162473742	0.20966560694797493	0.0	0.0
3730	1278.4163862542812	-4.329852999640744	0.20272679066467494	0.0	0.0
3740	1279.861951674466	-4.324200385233478	0.2021615292239486	0.0	0.0
3750	1279.594725131334	-4.4172321796660645	0.21146470866720715	0.0	0.0
3760	1277.2401706211688	-4.192162714675085	0.18895776216810878	0.0	0.0
3770	1279.953046740771	-4.431389742776722	0.21288046497827262	0.0	0.0
3780	1277.1335245633313	-4.159852295518	0.18572672025240008	0.0	0.0
3790	1279.255210506851	-4.544513888221515	0.22419287952275174	0.0	0.0
3800	1278.4601090213512	-4.627726416472502	0.23251413234785012	0.0	0.0
3810	1277.9436099173038	-4.3616902888405	0.20591051958465026	0.0	0.0
3820	1280.0224617670774	-4.413764143565043	0.21111790505710432	0.0	0.0
3830	1279.9449543746962	-4.424752544780569	0.2122167451786573	0.0	0.0
3840	1279.3041623987606	-4.358588498085845	0.20560034050918483	0.0	0.0
3850	1275.9420018435794	-4.803952815120494	0.2501367722126498	0.0	0.0
3860	1279.2646240734464	-4.453752716630133	0.21511676236361374	0.0	0.0
3870	1280.0127837451018	-4.358160155561701	0.20555750625677047	0.0	0.0
3880	1273.9887325879226	-4.474648120685321	0.21720630276913233	0.0	0.0
3890	1278.5089104937913	-4.151539238638198	0.1848954145644202	0.0	0.0
3900	1278.382688309723	-4.2410376256768965	0.19384525326829002	0.0	0.0
3910	1272.8817570381948	-4.058040053110154	0.17554549601161606	0.0	0.0
3920	1279.3344019207548	-4.3259350660789275	0.2023349973084935	0.0	0.0
3930	1279.9674426970703	-4.432106277980727	0.21295211849867332	0.0	0.0
3940	1279.6212730059447	-4.472309573187191	0.21697244801931964	0.0	0.0
3950	1279.992247779483	-4.361077915285913	0.2058492822291915	0.0	0.0
3960	1279.0413647628873	-4.459173192848422	0.21565880998544237	0.0	0.0
3970	1279.7127089569342	-4.399638156362618	0.2097053063368616	0.0	0.0
3980	1279.6726742100268	-4.297359617747807	0.1994774524753806	0.0	0.0
3990	1279.7030465577654	-4.490569355605864	0.2187984262611863	0.0	0.0
4000	1279.4790649216422	-4.236001574249174	0.1933416481255177	0.0	0.0
4010	1280.0622621739851	-4.367322041213091	0.2064736948219096	0.0	0.0
4020	1277.7396995233348	-4.22948993146904	0.19269048384750437	0.0	0.0
4030	1279.2974852598832	-4.214771824244238	0.1912186731250241	0.0	0.0
4040	1278.020773254283	-4.347092444163957	0.204450735116996	0.0	0.0
4050	1279.0394474069371	-4.499205058405615	0.2196619965411616	0.0	0.0
4060	1279.216763609019	-4.350858772838055	0.20482736798440582	0.0	0.0
4070	1276.8771206373417	-4.089835305324102	0.17872502123301048	0.0	0.0
4080	1279.4687863047689	-4.467225785629086	0.21646406926350903	0.0	0.0
4090	1279.1754133137329	-4.468121218493943	0.21655361254999478	0.0	0.0
4100	1280.0229643564253	-4.376744270269666	0.2074159177275667	0.0	0.0
4110	1279.0224893091797	-4.4427573996560215	0.2140172306662027	0.0	0.0
4120	1277.9728102466804	-4.258846720005252	0.19562616270112568	0.0	0.0
4130	1279.4166691321443	-4.400746783872796	0.20981616908788	0.0	0.0
4140	1279.5925774379389	-4.3027571573107215	0.20001720643167242	0.0	0.0
4150	1275.8907759275937	-4.67699682082896	0.23744117278349627	0.0	0.0
4160	1279.8890416533643	-4.422267172660307	0.21196820796663102	0.0	0.0
4170	1279.239537168274	-4.339493434384946	0.20369083413909472	0.0	0.0
4180	1279.8972926604995	-4.438972022500617	0.21363869295066248	0.0	0.0
4190	1279.33450164989	-4.327357255091062	0.2024772162097072	0.0	0.0
4200	1278.1271677219615	-4.184865382367636	0.18822802893736473	0.0	0.0
4210	1279.5794397866864	-4.441758810828266	0.21391737178342798	0.0	0.0
4220	1279.5353019313663	-4.284840360280598	0.19822552672866112	0.0	0.0
4230	1279.6430496514997	-4.490687771802355	0.21881026788083702	0.0	0.0
4240	1275.780590933465	-4.089903224785591	0.17873181317916065	0.0	0.0
4250	1279.0250559604815	-4.221368936205332	0.19187838432113472	0.0	0.0
4260	1279.9191151139282	-4.327459515233713	0.20248744222397233	0.0	0.0
4270	1276.5013697991565	-4.069498515833843	0.17669134228398523	0.0	0.0
4280	1279.988039977968	-4.329800232485824	0.20272151394918353	0.0	0.0
4290	1279.5484568387792	-4.239353373210498	0.1936768280216513	0.0	0.0
4300	1280.045368487524	-4.336519142757288	0.20339340497633004	0.0	0.0
4310	1278.1876934202612	-4.642074677069221	0.23394895840752367	0.0	0.0
4320	1278.3411041298248	-4.145601295041272	0.18430162020472854	0.0	0.0
4330	1278.4247069824235	-4.146453975685037	0.18438688826910513	0.0	0.0
4340	1278.0124223075388	-4.1277620612891655	0.18251769682951802	0.0	0.0
4350	1279.889031246187	-4.426244150426336	0.21236590574323447	0.0	0.0
4360	1278.950901998446	-4.577220591835614	0.22746354988416245	0.0	0.0
4370	1279.9958180165029	-4.379714566809939	0.20771294738159482	0.0	0.0
4380	1279.9901711040156	-4.314786814002891	0.2012201721008901	0.0	0.0
4390	1279.2216058909212	-4.287282780205848	0.198469768721186	0.0	0.0
4400	1279.1340626889778	-4.360748573685783	0.20581634806917956	0.0	0.0
4410	1279.1196865441214	-4.521483797831593	0.22188987048376085	0.0	0.0
4420	1278.4750976635746	-4.542033171752465	0.22394480787584845	0.0	0.0
4430	1279.391670963088	-4.4058311843740645	0.2103246091380084	0.0	0.0
4440	1279.6722235573611	-4.456651164673828	0.21540660716798465	0.0	0.0
4450	1279.577162123232	-4.447757274181946	0.21451721811879626	0.0	0.0
4460	1279.9235580190448	-4.366052501940173	0.20634674089461913	0.0	0.0
4470	1279.01753499046	-4.405329405535005	0.21027443125410153	0.0	0.0
4480	1277.347673787155	-4.450679511632988	0.21480944186389955	0.0	0.0
4490	1278.9937563698477	-4.575834290376095	0.22732491973821053	0.0	0.0
4500	1277.2974750422645	-4.180430363531483	0.18778452705374896	0.0	0.0
4510	1279.6373605078409	-4.250833123086735	0.19482480300927396	0.0	0.0
4520	1279.2639656546457	-4.456546096686331	0.21539610036923415	0.0	0.0
4530	1278.9209023124383	-4.335115943910072	0.20325308509160825	0.0	0.0
4540	1277.8826110605828	-4.432424888169114	0.21298397951751286	0.0	0.0
4550	1279.8155035418547	-4.277748917269	0.19751638242750164	0.0	0.0
4560	1279.9970302486736	-4.400615395542561	0.20980303025485797	0.0	0.0
4570	1279.855509054213	-4.44820465609456	0.21456195631005762	0.0	0.0
4580	1277.9585334214967	-4.26429884071237	0.19617137477183863	0.0	0.0
4590	1279.7089403798839	-4.3554614837137695	0.20528763907197806	0.0	0.0
4600	1279.3234394117562	-4.338236643151809	0.2035651550157823	0.0	0.0
4610	1280.049805986178	-4.338236534819941	0.20356514418259516	0.0	0.0
4620	1279.7521634833586	-4.3501140367048565	0.2047528943710869	0.0	0.0
4630	1279.6837206897703	-4.256810996253156	0.19542259032591675	0.0	0.0
4640	1278.8965438690484	-4.451670959561241	0.21490858665672524	0.0	0.0
4650	1275.5603054303854	-4.061303659057168	0.17587185660631774	0.0	0.0
4660	1280.019824582297	-4.412142561568114	0.2109557468574125	0.0	0.0
4670	1279.3463121459577	-4.4011699761869325	0.20985848831929482	0.0	0.0
4680	1278.704067974753	-4.467514594538264	0.21649295015442793	0.0	0.0
4690	1278.554837447745	-4.157143200748961	0.18545581077549733	0.0	0.0
4700	1277.732276711489	-4.37427118453714	0.2071686091543152	0.0	0.0
4710	1279.8150197303153	-4.309490144764284	0.20069050517702988	0.0	0.0
4720	1279.9581345180695	-4.402657613136554	0.21000725201425674	0.0	0.0
4730	1279.7286788309143	-4.313769504179526	0.20111844111855395	0.0	0.0
4740	1279.5996955191151	-4.342935226108482	0.2040350133114494	0.0	0.0
4750	1275.604083334254	-4.434725564500014	0.21321404715060302	0.0	0.0
4760	1279.771421761912	-4.289591057688131	0.19870059646941446	0.0	0.0
4770	1279.8412252028274	-4.363693170097265	0.20611080771032786	0.0	0.0
4780	1279.4201511702613	-4.22584579639702	0.1923260703403038	0.0	0.0
4790	1280.0636659134793	-4.353020539148615	0.20504354461546337	0.0	0.0
4800	1279.896775055041	-4.36418227615046	0.20615971831564822	0.0	0.0
4810	1276.9064397549205	-4.087195197765766	0.17846101047717935	0.0	0.0
4820	1279.9895983752713	-4.3210977555610945	0.20185126625671254	0.0	0.0
4830	1280.0074713243396	-4.420581665622886	0.21179965726289143	0.0	0.0
4840	1279.054165684834	-4.354973977379519	0.20523888843855456	0.0	0.0
4850	1279.9777867787425	-4.405796803206496	0.2103211710212524	0.0	0.0
4860	1279.525447091574	-4.4186656664073976	0.2116080573413425	0.0	0.0
4870	1279.5854202959845	-4.309144570249047	0.20065594772550713	0.0	0.0
4880	1279.7054405053943	-4.453235721832788	0.21506506288388136	0.0	0.0
4890	1279.6447455911832	-4.252795906579114	0.1950210813585135	0.0	0.0
4900	1279.7886286059384	-4.450686269802978	0.2148101176809003	0.0	0.0
4910	1279.1653434676168	-4.559412615388268	0.2256827522394292	0.0	0.0
4920	1279.5405406031398	-4.458760083485349	0.2156174990491372	0.0	0.0
4930	1278.7063405706988	-4.469947058406921	0.21673619654129422	0.0	0.0
4940	1278.594718021582	-4.607204727843465	0.23046196348494838	0.0	0.0
4950	1272.918012945742	-4.6985649079462375	0.23959798149522588	0.0	0.0
4960	1273.2514441223755	-4.166785730048189	0.1864200637054204	0.0	0.0
4970	1279.9134699595006	-4.448547680387352	0.2145962587393368	0.0	0.0
4980	1279.7272944650122	-4.297075472250873	0.19944903792568908	0.0	0.0
4990	1279.2401376210628	-4.257058549046866	0.19544734560528862	0.0	0.0
5000	1278.8609659484355	-4.50523360565597	0.22026485126619916	0.0	0.0
5010	1279.7063777114074	-4.449645086837993	0.21470599938440138	0.0	0.0
5020	1279.6415001764701	-4.4370955091311926	0.21345104161372172	0.0	0.0
5030	1279.8102642212257	-4.280634582818389	0.19780494898244147	0.0	0.0
5040	1278.3202633122353	-4.622541444429834	0.23199563514358595	0.0	0.0
5050	1279.111297811769	-4.231870893794473	0.19292858008005004	0.0	0.0
5060	1279.4265926433277	-4.237645166080655	0.19350600730866838	0.0	0.0
5070	1279.681097379922	-4.4066858954052535	0.21041008024112845	0.0	0.0
5080	1279.0432812414285	-4.423715084772633	0.2121129991778662	0.0	0.0
5090	1279.5822648086473	-4.446192798301511	0.21436077053075414	0.0	0.0
5100	1278.4587536773702	-4.36352728623479	0.20609421932408195	0.0	0.0
5110	1279.939055508953	-4.332842885848339	0.20302577928543655	0.0	0.0
5120	1278.4148025885622	-4.564876862626459	0.22622917696324835	0.0	0.0
5130	1279.5836431895355	-4.245624797247329	0.19430397042533556	0.0	0.0
5140	1278.9387717736965	-4.20577240374829	0.19031873107543118	0.0	0.0
5150	1277.8817210652205	-4.147678028247771	0.18450929352537948	0.0	0.0
5160	1280.0455236850119	-4.380905165724065	0.20783200727300893	0.0	0.0
5170	1279.3987648396344	-4.23069958956717	0.1928114496573194	0.0	0.0
5180	1278.6598001548507	-4.384136201087805	0.2081551108093826	0.0	0.0
5190	1279.54252232593	-4.372624084929305	0.20700389919353263	0.0	0.0
5200	1278.5943254920185	-4.291761388199658	0.19891762952056777	0.0	0.0
5210	1279.685382352335	-4.295300854960821	0.19927157619668445	0.0	0.0
5220	1279.71958444882	-4.264166020086102	0.1961580927092124	0.0	0.0
5230	1279.7607054555333	-4.274707217460391	0.19721221244664136	0.0	0.0
5240	1279.9253249050914	-4.338412127719429	0.2035827034725452	0.0	0.0
5250	1279.64941501789	-4.329244591050404	0.20266594980564268	0.0	0.0
5260	1278.3744152762833	-4.14361961880285	0.1841034525808869	0.0	0.0
5270	1279.2790365549067	-4.440455714449753	0.2137870621455772	0.0	0.0
5280	1277.5911053612626	-4.206677502349488	0.19040924093555073	0.0	0.0
5290	1279.304402017475	-4.215092200219842	0.19125071072258548	0.0	0.0
5300	1277.6214587813504	-4.200119346833033	0.18975342538390486	0.0	0.0
5310	1279.4696950505638	-4.455974011733276	0.2153388918739284	0.0	0.0
5320	1279.9918135692344	-4.399508894121458	0.20969238011274674	0.0	0.0
5330	1279.8703603437116	-4.292576696939062	0.19899916039450788	0.0	0.0
5340	1277.3295561133255	-4.469700450314512	0.21671153573205254	0.0	0.0
5350	1280.0715039957695	-4.359639681093198	0.20570545880992083	0.0	0.0
5360	1278.2473942742608	-4.477522635212619	0.21749375422186312	0.0	0.0
5370	1279.5001360892722	-4.397321632802934	0.2094736539808947	0.0	0.0
5380	1279.6923393813224	-4.491536777852954	0.21889516848589696	0.0	0.0
5390	1279.9024085338854	-4.4075612448667965	0.21049761518728152	0.0	0.0
5400	1280.0509417070887	-4.385519821155043	0.20829347281610638	0.0	0.0
5410	1279.6523351833978	-4.367868396176381	0.2065283303182401	0.0	0.0
5420	1279.0427632874892	-4.198523576337875	0.18959384833438947	0.0	0.0
5430	1278.3648055812282	-4.635549149331512	0.23329640563375315	0.0	0.0
5440	1278.1840931756312	-4.258705082400233	0.19561199894062467	0.0	0.0
5450	1279.376783264524	-4.511595812052942	0.22090107190589534	0.0	0.0
5460	1279.3619670792361	-4.227629477923863	0.19250443849298804	0.0	0.0
5470	1277.82462361565	-4.2673712655694676	0.19647861725754862	0.0	0.0
5480	1279.5965677619392	-4.311390542750591	0.2008805449756609	0.0	0.0
5490	1278.7972945568729	-4.5279534573417415	0.2225368364347761	0.0	0.0
5500	1279.5809621382805	-4.455725653419023	0.2153140560425045	0.0	0.0
5510	1278.5960591487215	-4.219900632652901	0.19173155396589195	0.0	0.0
5520	1279.720802873286	-4.265168460346976	0.19625833673529944	0.0	0.0
5530	1279.3799828331796	-4.221567654471876	0.19189825614778885	0.0	0.0
5540	1278.8300264050447	-4.309021619083371	0.2006436526089385	0.0	0.0
5550	1279.4467525229215	-4.434676436568223	0.2132091343574237	0.0	0.0
5560	1278.4844369891916	-4.428225537629256	0.2125640444635273	0.0	0.0
5570	1280.0676502739639	-4.367504478424887	0.20649193854308992	0.0	0.0
5580	1279.4100696311773	-4.5101451984000285	0.2207560105406037	0.0	0.0
5590	1279.2136965684215	-4.518774393340909	0.2216189300346917	0.0	0.0
5600	1277.5503761120192	-4.349949674610055	0.20473645816160618	0.0	0.0
5610	1279.9399465197291	-4.3804776155821115	0.20778925225881145	0.0	0.0
5620	1278.6211992364192	-4.4460800389925	0.21434949459985028	0.0	0.0
5630	1279.7052050372595	-4.452438360089597	0.2149853267095599	0.0	0.0
5640	1280.0036926218588	-4.373507151715862	0.2070922058721864	0.0	0.0
5650	1278.941466827034	-4.488029620245161	0.21854445272511674	0.0	0.0
5660	1277.5947559056751	-4.13961734845273	0.18370322554587318	0.0	0.0
5670	1279.5315120332623	-4.49193052864056	0.2189345435646562	0.0	0.0
5680	1279.8739177068528	-4.457327726665866	0.21547426336718684	0.0	0.0
5690	1277.1427603072616	-4.6873756518698935	0.23847905588758944	0.0	0.0
5700	1278.9980443760717	-4.461737531453428	0.21591524384594302	0.0	0.0
5710	1279.9717533737437	-4.327501836627837	0.20249167436338394	0.0	0.0
5720	1277.4180658202297	-4.446757868271146	0.2144172775277154	0.0	0.0
5730	1279.7370258347373	-4.473646852741558	0.2171061759747565	0.0	0.0
5740	1278.8977407138962	-4.1846075865962735	0.18820224936022797	0.0	0.0
5750	1278.04183226137	-4.150040403939897	0.1847455310945905	0.0	0.0
5760	1279.230455123346	-4.412802998050546	0.21102179050565556	0.0	0.0
5770	1279.2136305289655	-4.516073519051807	0.22134884260578175	0.0	0.0
5780	1280.0483525168315	-4.352870841311155	0.20502857483171685	0.0	0.0
5790	1279.4494848747304	-4.5215444525370065	0.22189593595430146	0.0	0.0
5800	1279.6892249446705	-4.2583583413804185	0.19557732483864262	0.0	0.0
5810	1279.7460548493777	-4.443027776461593	0.21404426834675983	0.0	0.0
5820	1279.5899950773105	-4.495314822420666	0.21927297294266695	0.0	0.0
5830	1277.971126474408	-4.122801050434268	0.18202159574402757	0.0	0.0
5840	1280.0220528653142	-4.406934430830877	0.21043493378368855	0.0	0.0
5850	1278.3092317354215	-4.47593223183813	0.21733471388441403	0.0	0.0
5860	1278.741437752918	-4.1692011550415025	0.1866616062047511	0.0	0.0
5870	1279.700343029115	-4.29475641977428	0.1992171326780289	0.0	0.0
5880	1279.2576655636963	-4.518160801316669	0.2215575708322678	0.0	0.0
5890	1278.4451180845315	-4.205740357835712	0.19031552648417197	0.0	0.0
5900	1279.4863650739949	-4.306557134791589	0.20039720417975973	0.0	0.0
5910	1279.6988968615562	-4.4501594765450525	0.21475743835510552	0.0	0.0
5920	1279.7901042682245	-4.274581247636574	0.19719961546425743	0.0	0.0
5930	1279.7563953843253	-4.435164720686681	0.2132579627692684	0.0	0.0
5940	1278.3751024927474	-4.594722570109805	0.22921374771158104	0.0	0.0
5950	1278.9829911852994	-4.566949501708074	0.2264364408714081	0.0	0.0
5960	1279.394267910605	-4.223088534927346	0.1920503441933353	0.0	0.0
5970	1279.796703676133	-4.402071330472495	0.2099486237478502	0.0	0.0
5980	1279.870197436952	-4.288185270335119	0.19856001773411266	0.0	0.0
5990	1279.303344808491	-4.466161249902673	0.21635761569086834	0.0	0.0
6000	1279.875124118289	-4.423930168883047	0.21213450758890537	0.0	0.0
6010	1279.2494287718182	-4.518270209793955	0.22156851167999633	0.0	0.0
6020	1279.9647779414026	-4.37887326132289	0.20762881683288992	0.0	0.0
6030	1279.5004672510875	-4.470213328769763	0.21676282357757756	0.0	0.0
6040	1279.1339128475142	-4.209969844412751	0.19073847514187628	0.0	0.0
6050	1278.9758161936675	-4.234442449717711	0.19318573567237265	0.0	0.0
6060	1279.5345148644676	-4.291501178349515	0.1988916085355531	0.0	0.0
6070	1279.9906361662613	-4.397073345543519	0.20944882525495354	0.0	0.0
6080	1279.9796951498238	-4.382666997742573	0.20800819047485922	0.0	0.0
6090	1280.0102549296025	-4.37367414676185	0.20710890537678708	0.0	0.0
6100	1279.2764032838954	-4.211257701666097	0.1908672608672116	0.0	0.0
6110	1279.9057278662528	-4.437866791830263	0.21352816988362833	0.0	0.0
6120	1280.0106248420407	-4.412105658303926	0.2109520565309948	0.0	0.0
6130	1279.6797356139834	-4.430048404896119	0.21274633119021402	0.0	0.0
6140	1279.6232763302999	-4.4698458327593675	0.2167260739765389	0.0	0.0
6150	1280.0175724510532	-4.335258236720802	0.2032673143726824	0.0	0.0
6160	1279.4834656115677	-4.251144780486637	0.19485596874926575	0.0	0.0
6170	1278.9764706000956	-4.306360936577521	0.20037758435835426	0.0	0.0
6180	1278.4109715354643	-4.536891859483598	0.22343067664896168	0.0	0.0
6190	1279.7275259575165	-4.422666683931564	0.21200815909375798	0.0	0.0
6200	1278.2022779225445	-4.582984370221751	0.2280399277227765	0.0	0.0
6210	1278.6095796589889	-4.195861224965657	0.18932761319716673	0.0	0.0
6220	1279.9736012858714	-4.3720941795924855	0.2069509086598497	0.0	0.0
6230	1278.8055162735689	-4.449673011240637	0.21470879182466482	0.0	0.0
6240	1279.2102116491033	-4.531347260399851	0.22287621674058625	0.0	0.0
6250	1278.9901722343343	-4.216674323450305	0.19140892304563195	0.0	0.0
6260	1277.4934294848795	-4.659721547516256	0.2357136454522271	0.0	0.0
6270	1277.6888382037137	-4.214084176707914	0.1911499083713928	0.0	0.0
6280	1279.3964225619306	-4.247541232678657	0.19449561396846715	0.0	0.0
6290	1279.9273867595014	-4.442681584135302	0.21400964911413173	0.0	0.0
6300	1279.539853372305	-4.449035073365932	0.21464499803719495	0.0	0.0
6310	1279.9058252850307	-4.323290967273433	0.202070587427945	0.0	0.0
6320	1279.8668474405815	-4.458233054994436	0.21556479620004526	0.0	0.0
6330	1278.9094535943916	-4.297412159366785	0.19948270663728054	0.0	0.0
6340	1272.349484813473	-3.983354749114734	0.16807696561207514	0.0	0.0
6350	1279.952192637737	-4.327048907514911	0.20244638145209268	0.0	0.0
6360	1279.8526398419829	-4.297786708787118	0.19952016157931332	0.0	0.0
6370	1278.5654983247027	-4.1957419651375645	0.1893156872143579	0.0	0.0
6380	1278.433718274551	-4.474586186143053	0.21720010931490702	0.0	0.0
6390	1279.417701284417	-4.468806273610892	0.21662211806169082	0.0	0.0
6400	1279.2173198969735	-4.489275366485984	0.21866902734920016	0.0	0.0
6410	1279.6617444057526	-4.306433292702168	0.2003848199708184	0.0	0.0
6420	1277.7522880897116	-4.2664325965194125	0.19638475035254274	0.0	0.0
6430	1276.9238622785988	-4.251026192051685	0.19484410990576972	0.0	0.0
6440	1278.1231587224756	-4.555048935944333	0.22524638429503438	0.0	0.0
6450	1280.0471654283365	-4.3682325644642885	0.20656474714703024	0.0	0.0
6460	1279.683055297302	-4.341174263701448	0.20385891707074635	0.0	0.0
6470	1279.6328380272928	-4.311063900411027	0.20084788074170404	0.0	0.0
6480	1278.2662075952644	-4.438680126844678	0.21360950338506945	0.0	0.0
6490	1278.2870192046933	-4.403378724857454	0.21007936318634693	0.0	0.0
6500	1278.8342739949633	-4.5283939996302385	0.22258089066362532	0.0	0.0
6510	1279.2161630079	-4.263424745058172	0.19608396520641827	0.0	0.0
6520	1279.6353280401934	-4.252099264339072	0.19495141713450856	0.0	0.0
6530	1279.9552903544077	-4.320300918262806	0.20177158252688226	0.0	0.0
6540	1278.867796982116	-4.566982457147746	0.2264397364153765	0.0	0.0
6550	1279.8308955506277	-4.289522789054193	0.19869376960602086	0.0	0.0
6560	1278.5228903458747	-4.262349165866668	0.1959764072872681	0.0	0.0
6570	1279.8245200321037	-4.296287993630509	0.19937029006365226	0.0	0.0
6580	1279.5553128839852	-4.255157971500062	0.19525728785060759	0.0	0.0
6590	1280.059329228468	-4.3836726278292115	0.20810875348352237	0.0	0.0
6600	1280.044630565546	-4.3827788892779305	0.20801937962839415	0.0	0.0
6610	1279.1741985388037	-4.320838813828876	0.20182537208348852	0.0	0.0
6620	1279.1513983443776	-4.2021390171303725	0.18995539241363832	0.0	0.0
6630	1280.0553805062264	-4.354073751143136	0.20514886581491465	0.0	0.0
6640	1279.7249033305598	-4.447865797490405	0.21452807044964142	0.0	0.0
6650	1279.8785919431712	-4.38340224125913	0.20808171482651383	0.0	0.0
6660	1278.7827335607926	-4.313739701861586	0.2011154608867595	0.0	0.0
6670	1279.5219778686921	-4.23987555470049	0.19372904617065	0.0	0.0
6680	1279.3158260378002	-4.237717657848255	0.19351325648542658	0.0	0.0
6690	1277.734790224241	-4.677141368191071	0.23745562751970817	0.0	0.0
6700	1279.969341951485	-4.397788827284879	0.2095203734290884	0.0	0.0
6710	1279.917801374652	-4.339243470390282	0.20366583773962893	0.0	0.0
6720	1278.948655875899	-4.453620970267019	0.21510358772730215	0.0	0.0
6730	1279.323783859979	-4.475491423880218	0.21729063308862193	0.0	0.0
6740	1279.764034454133	-4.282684957904829	0.19800998649108298	0.0	0.0
6750	1279.4365749259323	-4.5269289721402215	0.22243438791462194	0.0	0.0
6760	1279.68493243251	-4.400250138469745	0.20976650454757398	0.0	0.0
6770	1279.3282200668411	-4.521813254565221	0.2219228161571218	0.0	0.0
6780	1280.0153990325593	-4.352625767102867	0.205004067410886	0.0	0.0
6790	1278.8559720751518	-4.5925208142132234	0.22899357212192176	0.0	0.0
6800	1279.5108375770947	-4.243417095158955	0.1940832002164953	0.0	0.0
6810	1279.503613898233	-4.421549853569825	0.21189647605758227	0.0	0.0
6820	1279.3684447129192	-4.3753083187908635	0.20727232257968614	0.0	0.0
6830	1277.9856026593707	-4.215023952657113	0.19124388596631073	0.0	0.0
6840	1280.0227835420944	-4.404746587588347	0.2102161494594345	0.0	0.0
6850	1278.5710320854807	-4.462713020387772	0.21601279273937654	0.0	0.0
6860	1279.111844549772	-4.332778852369272	0.20301937593752675	0.0	0.0
6870	1279.2749499177894	-4.544256927557726	0.2241671834563721	0.0	0.0
6880	1277.7172698633688	-4.1735359105883125	0.18709508175943057	0.0	0.0
6890	1280.01953279404	-4.3298161845568535	0.20272310915628472	0.0	0.0
6900	1279.5113314837004	-4.395229003602179	0.20926439106081718	0.0	0.0
6910	1279.8299224751545	-4.288207885449349	0.19856227924553452	0.0	0.0
6920	1275.6194502767016	-4.020622315555737	0.17180372225617319	0.0	0.0
6930	1278.960195893305	-4.478083748106305	0.21754986551122976	0.0	0.0
6940	1278.5793419704426	-4.593105898914107	0.2290520805920096	0.0	0.0
6950	1276.545784429305	-4.4481062849424315	0.21455211919484213	0.0	0.0
6960	1277.0221527582771	-4.101156089775475	0.17985709967814653	0.0	0.0
6970	1279.9870044889115	-4.3347466513224795	0.20321615583284672	0.0	0.0
6980	1279.8953292370823	-4.293888820911844	0.19913037279178322	0.0	0.0
6990	1278.892007625771	-4.298816486511685	0.19962313935176695	0.0	0.0
7000	1279.2748432701983	-4.546891515883991	0.22443064228899737	0.0	0.0
7010	1279.8833737653354	-4.43195964342015	0.21293745504261283	0.0	0.0
7020	1274.5793783907213	-4.4416197458858315	0.2139034652891808	0.0	0.0
7030	1279.1350024680385	-4.356891543437963	0.20543064504439423	0.0	0.0
7040	1276.7113921023322	-4.684262389354103	0.2381677296360089	0.0	0.0
7050	1279.5981194334101	-4.482022184110736	0.21794370911167205	0.0	0.0
7060	1275.3410945173814	-4.170696110520667	0.18681110175266513	0.0	0.0
7070	1277.7694580822358	-4.275536818711365	0.19729517257173498	0.0	0.0
7080	1276.2129384901307	-4.65595317914638	0.2353368086152366	0.0	0.0
7090	1279.7071106300561	-4.4685397128426985	0.21659546198486815	0.0	0.0
7100	1278.9827877965554	-4.551779870236869	0.22491947772428497	0.0	0.0
7110	1279.6442461780564	-4.467830604692951	0.21652455116989322	0.0	0.0
7120	1278.2453404845976	-4.292080503218413	0.19894954102243917	0.0	0.0
7130	1278.3195886087608	-4.6411487519898085	0.23385636589957923	0.0	0.0
7140	1279.1919143321434	-4.2306003973030375	0.1928015304309025	0.0	0.0
7150	1279.2936702281295	-4.236366060261472	0.19337809672674616	0.0	0.0
7160	1279.2874370676573	-4.2492172541466555	0.1946632161152645	0.0	0.0
7170	1279.8171636851587	-4.3380903560925965	0.20355052630985906	0.0	0.0
7180	1279.3931545590608	-4.402138286737373	0.20995531937433717	0.0	0.0
7190	1279.6697051376361	-4.412412620401357	0.21098275274073544	0.0	0.0
7200	1279.9991901456724	-4.357964531222657	0.20553794382286517	0.0	0.0
7210	1279.6767245466224	-4.4135511646925485	0.21109660716985448	0.0	0.0
7220	1279.860541169683	-4.3001186111236045	0.19975335181295995	0.0	0.0
7230	1279.3263162164906	-4.337853809058374	0.20352687160643743	0.0	0.0
7240	1279.2822093785294	-4.521682646071425	0.2219097553077428	0.0	0.0
7250	1279.632707956785	-4.261652665399325	0.19590675724053241	0.0	0.0
7260	1279.9140242792787	-4.427124203290441	0.21245391102964392	0.0	0.0
7270	1277.9685882826507	-4.120452468098036	0.1817867375104032	0.0	0.0
7280	1279.1492900833298	-4.456233855102269	0.21536487621082634	0.0	0.0
7290	1279.8334872812652	-4.28204539522588	0.1979460302231871	0.0	0.0
7300	1279.2701859617157	-4.414369778003857	0.21117846850098454	0.0	0.0
7310	1279.5141588170661	-4.3908435717027405	0.20882584787087266	0.0	0.0
7320	1279.241316262454	-4.2158687116938385	0.19132836186998253	0.0	0.0
7330	1278.7003078733565	-4.530848746532955	0.2228263653538945	0.0	0.0
7340	1279.8485657004355	-4.307525190131864	0.20049400971378503	0.0	0.0
7350	1280.0430752268871	-4.384613400500579	0.20820283075065668	0.0	0.0
7360	1279.6057024162765	-4.256634498365397	0.19540494053713886	0.0	0.0
7370	1279.691098131942	-4.486151347873799	0.2183566254879791	0.0	0.0
7380	1279.755661768736	-4.479292336626551	0.21767072436325458	0.0	0.0
7390	1279.472407299312	-4.359506327566158	0.20569212345721483	0.0	0.0
7400	1279.1645212648864	-4.246948357773357	0.19443632647793457	0.0	0.0
7410	1279.113770259968	-4.464161040342069	0.21615759473480625	0.0	0.0
7420	1278.0760499883502	-4.126997438776611	0.18244123457826011	0.0	0.0
7430	1279.7877504614717	-4.3820298457557945	0.20794447527617824	0.0	0.0
7440	1277.7674401994464	-4.684481467000267	0.2381896374006255	0.0	0.0
7450	1279.4948009633913	-4.269956691959479	0.1967371598965463	0.0	0.0
7460	1278.2714423326845	-4.363363224869657	0.20607781318756413	0.0	0.0
7470	1279.6767320309878	-4.371779956190911	0.20691948631968993	0.0	0.0
7480	1279.3796447297593	-4.506792206237289	0.22042071132432745	0.0	0.0
7490	1279.9242806285647	-4.325545758494751	0.2022960665500735	0.0	0.0
7500	1279.5774914938477	-4.371950261431481	0.2069365168437465	0.0	0.0
7510	1279.4566502114985	-4.254640574469165	0.19520554814751476	0.0	0.0
7520	1279.676801085944	-4.488989338321531	0.21864042453275115	0.0	0.0
7530	1279.4488707482624	-4.492893834963257	0.21903087419692352	0.0	0.0
7540	1279.3940089199568	-4.2710950214398204	0.19685099284457996	0.0	0.0
7550	1278.018626692355	-4.647416360376365	0.23448312673823443	0.0	0.0
7560	1277.7452070988231	-4.388031272525757	0.20854461795317378	0.0	0.0
7570	1277.6727779444534	-4.181904822944166	0.18793197299501485	0.0	0.0
7580	1278.360849804457	-4.35366401418326	0.20510789211892438	0.0	0.0
7590	1277.6104449106647	-4.171704610060708	0.18691195170666916	0.0	0.0
7600	1279.3804435294405	-4.4506260871522345	0.21480409941582165	0.0	0.0
7610	1277.4251361225583	-4.30014271954209	0.19975576265480743	0.0	0.0
7620	1279.565324056567	-4.501509753213445	0.21989246602194285	0.0	0.0
7630	1278.9152692462533	-4.310554518319962	0.20079694253259428	0.0	0.0
7640	1278.5614227642475	-4.284544369729544	0.19819592767355268	0.0	0.0
7650	1278.2858358935275	-4.1671870807555145	0.1864601987761498	0.0	0.0
7660	1279.9691550745256	-4.325899539265505	0.20233144462714894	0.0	0.0
7670	1279.8766621808727	-4.334656289879904	0.20320711968858862	0.0	0.0
7680	1279.830393997212	-4.349415833094265	0.20468307401002467	0.0	0.0
7690	1278.2247676148074	-4.135991536454129	0.18334064434601097	0.0	0.0
7700	1279.2994924340112	-4.262642731435664	0.1960057638441645	0.0	0.0
7710	1277.7474689311562	-4.5151053624628705	0.2212520269468847	0.0	0.0
7720	1278.0071545297044	-4.406844642462941	0.2104259549468916	0.0	0.0
7730	1279.7882105490617	-4.403114631157941	0.21005295381639133	0.0	0.0
7740	1279.2856839098847	-4.390969667804069	0.20883845748100424	0.0	0.0
7750	1280.0304700031731	-4.379156483075591	0.2076571390081569	0.0	0.0
7760	1278.682218476758	-4.454403952615426	0.21518188596214055	0.0	0.0
7770	1278.5597562634284	-4.167699303621674	0.18651142106276525	0.0	0.0
7780	1279.1074922874386	-4.439345297859738	0.21367602048657172	0.0	0.0
7790	1276.4767344446382	-4.054702252483038	0.17521171594890173	0.0	0.0
7800	1278.8365319301613	-4.479263320815031	0.2176678227821011	0.0	0.0
7810	1279.7961552821946	-4.384189341248921	0.2081604248254903	0.0	0.0
7820	1279.6710676898967	-4.393625059348387	0.209103996635437	0.0	0.0
7830	1279.6070414633411	-4.254164308006962	0.19515792150129455	0.0	0.0
7840	1279.5983775804818	-4.470840857755223	0.216825576476121	0.0	0.0
7850	1280.046414247821	-4.342862786952953	0.20402776939589412	0.0	0.0
7860	1279.760158137465	-4.277024206714857	0.19744391137208486	0.0	0.0
7870	1279.9280785708606	-4.412832538177771	0.21102474451837636	0.0	0.0
7880	1279.977561053023	-4.429018245103514	0.2126433152109505	0.0	0.0
7890	1279.171450184026	-4.202999679651877	0.19004145866578726	0.0	0.0
7900	1275.4369986472798	-4.024217354474282	0.17216322614802754	0.0	0.0
7910	1278.2461522358105	-4.5340081790057765	0.2231423086011771	0.0	0.0
7920	1278.7955379246916	-4.38854920641447	0.20859641134204662	0.0	0.0
7930	1278.9570089173328	-4.544436162174163	0.22418510691801571	0.0	0.0
7940	1278.6756104383862	-4.539868767841634	0.22372836748476274	0.0	0.0
7950	1279.1016088978956	-4.5147094074260705	0.2212124314432066	0.0	0.0
7960	1278.8523650926552	-4.490457635066931	0.21878725420729275	0.0	0.0
7970	1280.0338325712469	-4.397437331049394	0.2094852238055386	0.0	0.0
7980	1278.4931408003142	-4.54003435290214	0.22374492599081328	0.0	0.0
7990	1278.6756217632085	-4.167279633247958	0.1864694540253952	0.0	0.0
8000	1279.7600429599604	-4.327360803077462	0.20247757100834535	0.0	0.0
8010	1278.5453856637096	-4.4492685734974415	0.21466834805034346	0.0	0.0
8020	1279.7291977378763	-4.367191249883792	0.2064606156889782	0.0	0.0
8030	1279.5639467721057	-4.4847291703225185	0.2182144077328507	0.0	0.0
8040	1278.5077882850378	-4.432345133576348	0.2129760040582339	0.0	0.0
8050	1278.2633447141802	-4.227430195189206	0.19248451021951968	0.0	0.0
8060	1279.3040566640605	-4.439905348841475	0.21373202558474658	0.0	0.0
8070	1279.7467846805146	-4.401338256973251	0.2098753163979243	0.0	0.0
8080	1277.9970885353596	-4.143706519067213	0.18411214260732064	0.0	0.0
8090	1276.868774303868	-4.072270891214667	0.17696857982206665	0.0	0.0
8100	1278.9479838544328	-4.184977174999064	0.18823920820050655	0.0	0.0
8110	1279.2510469017793	-4.211069016584543	0.1908483923590545	0.0	0.0
8120	1275.9648859268714	-4.204771915016234	0.19021868220222354	0.0	0.0
8130	1279.995319210398	-4.413727576006125	0.21111424830121217	0.0	0.0
8140	1279.7308240421028	-4.273526693405325	0.1970941600411319	0.0	0.0
8150	1278.86465100516	-4.483448383334005	0.21808632903399974	0.0	0.0
8160	1279.6195228421398	-4.3414795850494805	0.20388944920554708	0.0	0.0
8170	1279.464362391136	-4.231329231419735	0.19287441384257265	0.0	0.0
8180	1279.6748701964061	-4.429502462331586	0.21269173693375767	0.0	0.0
8190	1278.4491583026988	-4.301072669241738	0.19984875762477336	0.0	0.0
8200	1279.8563779259798	-4.307412752328558	0.20048276593345535	0.0	0.0
8210	1278.772339584787	-4.17068458622701	0.18680994932330067	0.0	0.0
8220	1279.5489803933456	-4.2416828064293775	0.1939097713435375	0.0	0.0
8230	1279.7979866695855	-4.298885033704868	0.19962999407108667	0.0	0.0
8240	1276.9763805218086	-4.091632067241387	0.17890469742473877	0.0	0.0
8250	1278.5349231502048	-4.454380995345678	0.21517959023516775	0.0	0.0
8260	1279.835568923065	-4.365189747742554	0.2062604654748549	0.0	0.0
8270	1279.6190352374986	-4.360108526961213	0.20575234339672105	0.0	0.0
8280	1277.3904230752185	-4.610123391930142	0.23075382989361412	0.0	0.0
8290	1278.3028868604256	-4.640610158632252	0.2338025065638248	0.0	0.0
8300	1275.9518270468184	-4.299003810921413	0.1996418717927411	0.0	0.0
8310	1279.9714156117916	-4.3967938361393255	0.2094208743145321	0.0	0.0
8320	1278.7161102775	-4.495017423577883	0.21924323305838841	0.0	0.0
8330	1279.8091006038396	-4.326782237636651	0.2024197144642652	0.0	0.0
8340	1278.9042838841299	-4.587656880321482	0.22850717873274828	0.0	0.0
8350	1279.8283867638058	-4.433568120159742	0.21309830271657434	0.0	0.0
8360	1278.857288855089	-4.372664634790431	0.20700795417964304	0.0	0.0
8370	1279.9686020064532	-4.42888368370763	0.2126298590713628	0.0	0.0
8380	1279.227842830447	-4.47797657650503	0.21753914835110322	0.0	0.0
8390	1278.6803052940984	-4.1833385122561095	0.1880753419262112	0.0	0.0
8400	1277.7970683836309	-4.113953866173458	0.1811368773179461	0.0	0.0
8410	1278.9648936808558	-4.481471128129914	0.21788860351359166	0.0	0.0
8420	1279.4452186558137	-4.475857633064898	0.21732725400709	0.0	0.0
8430	1278.2135223407645	-4.135970657564267	0.1833385564570271	0.0	0.0
8440	1279.5097227373217	-4.2470332689893295	0.1944448175995333	0.0	0.0
8450	1279.8645750689022	-4.303710328708295	0.2001125235714301	0.0	0.0
8460	1279.7344132020169	-4.480961386700814	0.217837629370682	0.0	0.0
8470	1279.5063793221807	-4.289009308316209	0.19864242153222117	0.0	0.0
8480	1279.3947366771677	-4.225619735625858	0.19230346426318595	0.0	0.0
8490	1279.202674623967	-4.215381986824463	0.19127968938304676	0.0	0.0
8500	1279.7518956216793	-4.434081011386771	0.21314959183927737	0.0	0.0
8510	1279.827022302608	-4.316464251681627	0.20138791586876278	0.0	0.0
8520	1279.0621702986352	-4.286674240687961	0.19840891476939626	0.0	0.0
8530	1278.247436666951	-4.171096815682491	0.18685117226884917	0.0	0.0
8540	1279.69871980919	-4.421855751980153	0.2119270658986149	0.0	0.0
8550	1275.9984281260217	-4.664969928517307	0.23623848355233015	0.0	0.0
8560	1280.03111190792	-4.400250392352792	0.20976652993587847	0.0	0.0
8570	1279.8828856468417	-4.378572275642741	0.20759871826487292	0.0	0.0
8580	1279.7292054411678	-4.376954683547198	0.20743695905531895	0.0	0.0
8590	1279.7340825535962	-4.369321864244876	0.20667367712508644	0.0	0.0
8600	1278.183975867963	-4.153984646700651	0.18513995537066386	0.0	0.0
8610	1280.031473277328	-4.400657527957548	0.2098072434963532	0.0	0.0
8620	1278.1585599659907	-4.5169862048176395	0.22144011118236287	0.0	0.0
8630	1279.445512046901	-4.291625355512492	0.19890402625184828	0.0	0.0
8640	1279.6294202286094	-4.480254855672128	0.21776697626781175	0.0	0.0
8650	1278.3896366406495	-4.20181665593803	0.18992315629440176	0.0	0.0
8660	1279.3528987124203	-4.234079252583055	0.19314941595890392	0.0	0.0
8670	1280.0637230924058	-4.374898168801608	0.20723130758075928	0.0	0.0
8680	1279.7523920670549	-4.433706341066162	0.2131121248072148	0.0	0.0
8690	1280.020653414031	-4.332509777906694	0.20299246849126779	0.0	0.0
8700	1278.3170985286577	-4.279252600908661	0.1976667507914646	0.0	0.0
8710	1279.8651471158032	-4.381299662542799	0.20787145695487827	0.0	0.0
8720	1279.7532244561116	-4.271634393859035	0.19690493008650184	0.0	0.0
8730	1279.2138188759159	-4.395134479800449	0.2092549386806433	0.0	0.0
8740	1278.8834752093587	-4.568669860288405	0.2266084767294394	0.0	0.0
8750	1279.0273233327441	-4.541454273890854	0.22388691808968417	0.0	0.0
8760	1279.0990746952966	-4.3936907640806915	0.2091105671086678	0.0	0.0
8770	1279.9350618942347	-4.327033396243922	0.202444830324991	0.0	0.0
8780	1279.2211857116727	-4.385471114409585	0.20828860214155726	0.0	0.0
8790	1279.529896957603	-4.259882781778338	0.19572976887843274	0.0	0.0
8800	1279.0333157194436	-4.201062583670005	0.1898477490675994	0.0	0.0
8810	1276.818282863675	-4.3186210158579	0.20160359228638874	0.0	0.0
8820	1279.6684974750617	-4.291983512662506	0.19893984196684975	0.0	0.0
8830	1279.3337282352259	-4.536321149983638	0.22337360569896356	0.0	0.0
8840	1277.913189540576	-4.4670259033843225	0.216444081039032	0.0	0.0
8850	1279.8724062236163	-4.3032881432304215	0.20007030502364231	0.0	0.0
8860	1279.174514398226	-4.540269666829821	0.2237684573835823	0.0	0.0
8870	1276.3889632129979	-4.090877168244127	0.17882920752501236	0.0	0.0
8880	1278.6313964098574	-4.306678495843102	0.2004093402849097	0.0	0.0
8890	1279.4566652170392	-4.323487305576285	0.20209022125822793	0.0	0.0
8900	1278.2470928619484	-4.31725495799086	0.20146698649968564	0.0	0.0
8910	1279.2266031956565	-4.316589196949934	0.20140041039559325	0.0	0.0
8920	1278.1090925467736	-4.217853160066445	0.1915268067072445	0.0	0.0
8930	1277.673770864122	-4.486269186673736	0.21836840936797347	0.0	0.0
8940	1278.9018050104569	-4.574205528884778	0.22716204358907754	0.0	0.0
8950	1278.3907546335338	-4.512551034909623	0.22099659419156156	0.0	0.0
8960	1279.9877732483453	-4.343252217567585	0.20406671245735755	0.0	0.0
8970	1279.592567672998	-4.303621481989602	0.20010363889955884	0.0	0.0
8980	1280.025544322436	-4.336538744533497	0.20339536515394865	0.0	0.0
8990	1278.1010223837898	-4.177356782026269	0.1874771689032259	0.0	0.0
9000	1280.0154931025418	-4.350684818021905	0.20480997250278926	0.0	0.0
9010	1278.4672130010872	-4.385915847808791	0.20833307548147825	0.0	0.0
9020	1279.0944894760032	-4.264990866017294	0.1962405773023288	0.0	0.0
9030	1279.4903004744804	-4.464926349893494	0.2162341256899487	0.0	0.0
9040	1279.4034879975382	-4.234599697010679	0.19320146040166705	0.0	0.0
9050	1278.3843801238045	-4.615322396334608	0.23127373033406048	0.0	0.0
9060	1278.4848640029145	-4.499441076786963	0.21968559837929572	0.0	0.0
9070	1279.4481625878673	-4.510986848612273	0.22084017556182683	0.0	0.0
9080	1279.7246891189316	-4.296205345396127	0.1993620252402121	0.0	0.0
9090	1277.7216953323255	-4.125561572862833	0.18229764798688272	0.0	0.0
9100	1279.8644434948408	-4.402723399919014	0.21001383069250112	0.0	0.0
9110	1280.06496526935	-4.373666591792372	0.2071081498798371	0.0	0.0
9120	1279.67585994119	-4.345341835853626	0.2042756742859624	0.0	0.0
9130	1279.3692045359198	-4.496661403396228	0.21940763104022262	0.0	0.0
9140	1280.0638275262834	-4.366158869616185	0.2063573776622182	0.0	0.0
9150	1278.1900682479788	-4.295604704952012	0.1993019611958011	0.0	0.0
9160	1277.2305581069104	-4.7153281778682175	0.24127430848742146	0.0	0.0
9170	1279.1140356809624	-4.372901374332276	0.2070316281338273	0.0	0.0
9180	1277.6998388323084	-4.292744067933709	0.19901589749397133	0.0	0.0
9190	1278.0840243151147	-4.236257969456651	0.1933672876462657	0.0	0.0
9200	1279.7822710252788	-4.395901330263212	0.20933162372692146	0.0	0.0
9210	1277.7848454481648	-4.343972682157365	0.20413875891633668	0.0	0.0
9220	1278.3460746488379	-4.197325515873775	0.1894740422879779	0.0	0.0
9230	1280.0438869236486	-4.399574439982188	0.20969893469881914	0.0	0.0
9240	1279.7937260787462	-4.287358317432999	0.1984773224439008	0.0	0.0
9250	1277.7623526884415	-4.595307474689796	0.22927223816958012	0.0	0.0
9260	1279.6952385178142	-4.281198443323745	0.19786133503297493	0.0	0.0
9270	1279.8687077280983	-4.45665140803317	0.2154066315039177	0.0	0.0
9280	1279.7027494642684	-4.3130932137245095	0.20105081207305125	0.0	0.0
9290	1278.6611687058667	-4.465577399594917	0.21629923066009163	0.0	0.0
9300	1279.1911594587132	-4.220088169855638	0.19175030768616344	0.0	0.0
9310	1279.2411727353783	-4.5422686915888715	0.2239683598594866	0.0	0.0
9320	1279.5825370080238	-4.496054966619982	0.2193469873625978	0.0	0.0
9330	1279.7701386126391	-4.3891673898603205	0.20865822968663125	0.0	0.0
9340	1278.647469472971	-4.1985293048748655	0.1895944211880857	0.0	0.0
9350	1279.9567366962378	-4.335758376448271	0.20331732834542615	0.0	0.0
9360	1278.8233454927001	-4.474238222361438	0.217165312936743	0.0	0.0
9370	1279.581085545299	-4.46682676765518	0.21642416746611723	0.0	0.0
9380	1279.215913303447	-4.281840401547445	0.19792553085534378	0.0	0.0
9390	1279.9957572741212	-4.355936115284069	0.20533510222900617	0.0	0.0
9400	1279.1550397895342	-4.549178084117903	0.22465929911238983	0.0	0.0
9410	1279.8680935440052	-4.289427808529731	0.19868427155357293	0.0	0.0
9420	1279.9029277300965	-4.29838115228281	0.19957960592888108	0.0	0.0
9430	1276.8294475178795	-4.6914218337544655	0.23888367407604674	0.0	0.0
9440	1279.6392188272043	-4.263931756864089	0.1961346663870092	0.0	0.0
9450	1279.471218127927	-4.287287917844711	0.19847028248507115	0.0	0.0
9460	1278.8046094149433	-4.332409320659474	0.20298242276654754	0.0	0.0
9470	1278.8815794780223	-4.291203502273256	0.19886184092792555	0.0	0.0
9480	1279.6133435084726	-4.24974471003591	0.19471596170419123	0.0	0.0
9490	1279.2546266931818	-4.2205638155478775	0.1917978722553882	0.0	0.0
9500	1280.024396446895	-4.341321921651091	0.20387368286570967	0.0	0.0
9510	1280.007704494103	-4.337365051824483	0.20347799588304885	0.0	0.0
9520	1278.8258907098934	-4.455281107272827	0.21526960142788357	0.0	0.0
9530	1280.0339253197096	-4.361733820797445	0.2059148727803454	0.0	0.0
9540	1279.68924188533	-4.490575184885427	0.21879900918914288	0.0	0.0
9550	1278.6402642279804	-4.57360626791784	0.22710211749238415	0.0	0.0
9560	1279.8887681116778	-4.3857783015339695	0.2083193208539972	0.0	0.0
9570	1279.2564170533378	-4.28431125567345	0.19817261626794544	0.0	0.0
9580	1276.727998655054	-4.477799834458876	0.217521474146488	0.0	0.0
9590	1279.3298755748053	-4.228290397944256	0.19257053049502576	0.0	0.0
9600	1278.396979812919	-4.154879070560258	0.185229397756626	0.0	0.0
9610	1280.039365196097	-4.342299048021159	0.20397139550271592	0.0	0.0
9620	1277.7741998899594	-4.110168978831784	0.18075838858377843	0.0	0.0
9630	1279.9920235861703	-4.417209284417439	0.21146241914234376	0.0	0.0
9640	1278.1258646795936	-4.17647780265124	0.187389270965724	0.0	0.0
9650	1279.2861404830167	-4.2477987344599475	0.19452136414659482	0.0	0.0
9660	1279.962901175031	-4.334234206252827	0.20316491132588327	0.0	0.0
9670	1279.7813622750332	-4.289699902160507	0.1987114809166513	0.0	0.0
9680	1279.7948815142554	-4.433053387773011	0.21304682947790154	0.0	0.0
9690	1277.6546753072864	-4.404984244822306	0.21023991518283053	0.0	0.0
9700	1279.7033133218572	-4.434535257118879	0.2131950164124879	0.0	0.0
9710	1279.310749483532	-4.270643309447093	0.19680582164530916	0.0	0.0
9720	1279.5968901364704	-4.298909927280325	0.19963248342863268	0.0	0.0
9730	1279.3142865068153	-4.270969990623497	0.19683848976294993	0.0	0.0
9740	1279.2952551732274	-4.242741933886534	0.19401568408925335	0.0	0.0
9750	1279.7669115529586	-4.379197474785309	0.20766123817913093	0.0	0.0
9760	1278.6039357064342	-4.27812506901372	0.197553997601972	0.0	0.0
9770	1279.9371775025447	-4.3230057631685295	0.20204206701745325	0.0	0.0
9780	1276.9403307736761	-4.080412725136828	0.17778276321428282	0.0	0.0
9790	1279.148728780954	-4.202054941558574	0.18994698485645733	0.0	0.0
9800	1279.2973320071671	-4.474822508754811	0.21722374157608126	0.0	0.0
9810	1278.7829566501925	-4.244792793848558	0.19422077008545577	0.0	0.0
9820	1279.6539098703522	-4.264218406290794	0.1961633313296789	0.0	0.0
9830	1279.2893708672207	-4.475239841969965	0.21726547489759623	0.0	0.0
9840	1279.9858287069835	-4.424792247713484	0.21222071547194798	0.0	0.0
9850	1279.593187724784	-4.285912069206374	0.19833269762123684	0.0	0.0
9860	1279.450512003493	-4.503946327790245	0.220136123479624	0.0	0.0
9870	1279.8965452620973	-4.373163437344513	0.20705783443505058	0.0	0.0
9880	1279.55098796829	-4.346375454382325	0.20437903613883177	0.0	0.0
9890	1278.7106014179762	-4.208715296754537	0.19061302037605285	0.0	0.0
9900	1279.7446131007928	-4.269438041039044	0.19668529480450378	0.0	0.0
9910	1279.2297575090556	-4.217677495428837	0.1915092402434831	0.0	0.0
9920	1279.9094273475619	-4.439914535518814	0.21373294425248063	0.0	0.0
9930	1278.7178638884623	-4.5512824384230495	0.22486973454290418	0.0	0.0
9940	1278.9681733205107	-4.243482780795278	0.19408976878012713	0.0	0.0
9950	1278.1139408576778	-4.460956443911089	0.21583713509170802	0.0	0.0
9960	1279.8021843833149	-4.3644592851032	0.20618741921091935	0.0	0.0
9970	1279.5877094761433	-4.50501941203263	0.22024343190386272	0.0	0.0
9980	1280.0028242768942	-4.3249482830221995	0.20223631900281958	0.0	0.0
9990	1278.4253466539487	-4.6320600604537985	0.2329474967459789	0.0	0.0
10000	1277.0958692163788	-4.617219970014918	0.23146348770209055	0.0	0.0
