iteration	likelihood	prior	σ²	 m 	 α 
100	17.20331813908828	-9.430233295076736	13.693354726971963	7.509120692966659	4.022304741007149
200	-9.9528455819166	-9.430233295076736	13.693354726971963	7.509120692966659	4.022304741007149
300	-14.033450602295272	-9.430233295076736	13.693354726971963	7.509120692966659	4.022304741007149
400	7.87816190712295	-9.430233295076736	13.693354726971963	7.509120692966659	4.022304741007149
500	-0.3453256337829669	-9.430233295076736	13.693354726971963	7.509120692966659	4.022304741007149
600	-4.615321088201492	-9.430233295076736	13.693354726971963	7.509120692966659	4.022304741007149
700	-29.482343513752816	-9.430233295076736	13.693354726971963	7.509120692966659	4.022304741007149
800	-15.90801983440736	-9.430233295076736	13.693354726971963	7.509120692966659	4.022304741007149
900	-24.34454366470274	-9.430233295076736	13.693354726971963	7.509120692966659	4.022304741007149
1000	-15.216807156697893	-9.430233295076736	13.693354726971963	7.509120692966659	4.022304741007149
1100	-3.133753907904466	-9.430233295076736	13.693354726971963	7.509120692966659	4.022304741007149
1200	-26.67934627779643	-9.430233295076736	13.693354726971963	7.509120692966659	4.022304741007149
1300	-9.817068005557745	-9.430233295076736	13.693354726971963	7.509120692966659	4.022304741007149
1400	-8.721971986147139	-9.430233295076736	13.693354726971963	7.509120692966659	4.022304741007149
1500	-13.485567056527197	-9.430233295076736	13.693354726971963	7.509120692966659	4.022304741007149
1600	1.4543736733494863	-9.430233295076736	13.693354726971963	7.509120692966659	4.022304741007149
1700	-18.923601434729648	-9.430233295076736	13.693354726971963	7.509120692966659	4.022304741007149
1800	9.802931556390128	-9.430233295076736	13.693354726971963	7.509120692966659	4.022304741007149
1900	-0.4000375639815564	-9.430233295076736	13.693354726971963	7.509120692966659	4.022304741007149
2000	-3.7333308166420314	-9.430233295076736	13.693354726971963	7.509120692966659	4.022304741007149
2100	-16.60784852109812	-9.430233295076736	13.693354726971963	7.509120692966659	4.022304741007149
2200	4.269257868384119	-9.430233295076736	13.693354726971963	7.509120692966659	4.022304741007149
2300	-16.36896275899213	-9.430233295076736	13.693354726971963	7.509120692966659	4.022304741007149
2400	-12.371868962972504	-9.430233295076736	13.693354726971963	7.509120692966659	4.022304741007149
2500	-33.76325786110239	-9.430233295076736	13.693354726971963	7.509120692966659	4.022304741007149
2600	-33.03066137731454	-9.430233295076736	13.693354726971963	7.509120692966659	4.022304741007149
2700	-7.717482700305156	-9.430233295076736	13.693354726971963	7.509120692966659	4.022304741007149
2800	-32.12020333197576	-9.430233295076736	13.693354726971963	7.509120692966659	4.022304741007149
2900	-30.20310935414827	-9.430233295076736	13.693354726971963	7.509120692966659	4.022304741007149
3000	-36.14215482996515	-9.430233295076736	13.693354726971963	7.509120692966659	4.022304741007149
3100	-42.21423028338111	-9.430233295076736	13.693354726971963	7.509120692966659	4.022304741007149
3200	1.9677906331254658	-9.430233295076736	13.693354726971963	7.509120692966659	4.022304741007149
3300	-33.3903719997854	-9.430233295076736	13.693354726971963	7.509120692966659	4.022304741007149
3400	12.771760402542242	-9.430233295076736	13.693354726971963	7.509120692966659	4.022304741007149
3500	8.809373853145653	-9.430233295076736	13.693354726971963	7.509120692966659	4.022304741007149
3600	-18.70125606800502	-9.430233295076736	13.693354726971963	7.509120692966659	4.022304741007149
3700	-26.640195539232206	-9.430233295076736	13.693354726971963	7.509120692966659	4.022304741007149
3800	-24.370141516762992	-9.430233295076736	13.693354726971963	7.509120692966659	4.022304741007149
3900	-9.648839791323084	-9.430233295076736	13.693354726971963	7.509120692966659	4.022304741007149
4000	-12.939375597422245	-9.430233295076736	13.693354726971963	7.509120692966659	4.022304741007149
4100	-42.33499349119717	-9.430233295076736	13.693354726971963	7.509120692966659	4.022304741007149
4200	-31.541047730611872	-9.430233295076736	13.693354726971963	7.509120692966659	4.022304741007149
4300	-23.758278129104244	-9.430233295076736	13.693354726971963	7.509120692966659	4.022304741007149
4400	1.829314141728907	-9.430233295076736	13.693354726971963	7.509120692966659	4.022304741007149
4500	-12.940891123209385	-9.430233295076736	13.693354726971963	7.509120692966659	4.022304741007149
4600	-19.05481630220258	-9.430233295076736	13.693354726971963	7.509120692966659	4.022304741007149
4700	-26.59744580368995	-9.430233295076736	13.693354726971963	7.509120692966659	4.022304741007149
4800	-24.95105573621855	-9.430233295076736	13.693354726971963	7.509120692966659	4.022304741007149
4900	-22.430169202125835	-9.430233295076736	13.693354726971963	7.509120692966659	4.022304741007149
5000	13.042535799967055	-9.430233295076736	13.693354726971963	7.509120692966659	4.022304741007149
5100	-11.773569672026671	-9.430233295076736	13.693354726971963	7.509120692966659	4.022304741007149
5200	-18.926960907967057	-9.430233295076736	13.693354726971963	7.509120692966659	4.022304741007149
5300	3.020133694436823	-9.430233295076736	13.693354726971963	7.509120692966659	4.022304741007149
5400	-39.59541772039198	-9.430233295076736	13.693354726971963	7.509120692966659	4.022304741007149
5500	-37.722312132601154	-9.430233295076736	13.693354726971963	7.509120692966659	4.022304741007149
5600	-27.337158735995526	-9.430233295076736	13.693354726971963	7.509120692966659	4.022304741007149
5700	-25.661766338466034	-9.430233295076736	13.693354726971963	7.509120692966659	4.022304741007149
5800	5.536292414217321	-9.430233295076736	13.693354726971963	7.509120692966659	4.022304741007149
5900	-14.814632131481082	-9.430233295076736	13.693354726971963	7.509120692966659	4.022304741007149
6000	-19.11656255561511	-9.430233295076736	13.693354726971963	7.509120692966659	4.022304741007149
6100	-0.17948958551157215	-9.430233295076736	13.693354726971963	7.509120692966659	4.022304741007149
6200	-10.82190061268733	-9.430233295076736	13.693354726971963	7.509120692966659	4.022304741007149
6300	-11.359069015606257	-9.430233295076736	13.693354726971963	7.509120692966659	4.022304741007149
6400	6.538724740733615	-9.430233295076736	13.693354726971963	7.509120692966659	4.022304741007149
6500	-11.560904235191014	-9.430233295076736	13.693354726971963	7.509120692966659	4.022304741007149
6600	-25.737188749759422	-9.430233295076736	13.693354726971963	7.509120692966659	4.022304741007149
6700	-24.845841648608054	-9.430233295076736	13.693354726971963	7.509120692966659	4.022304741007149
6800	-8.572650382766042	-9.430233295076736	13.693354726971963	7.509120692966659	4.022304741007149
6900	-18.887010596149793	-9.430233295076736	13.693354726971963	7.509120692966659	4.022304741007149
7000	-27.217084178392184	-9.430233295076736	13.693354726971963	7.509120692966659	4.022304741007149
7100	-28.188408076878783	-9.430233295076736	13.693354726971963	7.509120692966659	4.022304741007149
7200	-7.137853562952107	-9.430233295076736	13.693354726971963	7.509120692966659	4.022304741007149
7300	-29.986708715915654	-9.430233295076736	13.693354726971963	7.509120692966659	4.022304741007149
7400	13.776987136408584	-9.430233295076736	13.693354726971963	7.509120692966659	4.022304741007149
7500	-33.70525890484938	-9.430233295076736	13.693354726971963	7.509120692966659	4.022304741007149
7600	7.002554815777723	-9.430233295076736	13.693354726971963	7.509120692966659	4.022304741007149
7700	-36.574529346741336	-9.430233295076736	13.693354726971963	7.509120692966659	4.022304741007149
7800	-26.733478139094686	-9.430233295076736	13.693354726971963	7.509120692966659	4.022304741007149
7900	-20.2769016303877	-9.430233295076736	13.693354726971963	7.509120692966659	4.022304741007149
8000	-11.881931242439586	-9.430233295076736	13.693354726971963	7.509120692966659	4.022304741007149
8100	-0.2791891070230626	-9.430233295076736	13.693354726971963	7.509120692966659	4.022304741007149
8200	-18.299337865686564	-9.430233295076736	13.693354726971963	7.509120692966659	4.022304741007149
8300	-27.998657143430727	-9.430233295076736	13.693354726971963	7.509120692966659	4.022304741007149
8400	-34.36446098800159	-9.430233295076736	13.693354726971963	7.509120692966659	4.022304741007149
8500	-15.611415148182363	-9.430233295076736	13.693354726971963	7.509120692966659	4.022304741007149
8600	3.631444792074274	-9.430233295076736	13.693354726971963	7.509120692966659	4.022304741007149
8700	-30.26369721024698	-9.430233295076736	13.693354726971963	7.509120692966659	4.022304741007149
8800	-12.445892578798675	-9.430233295076736	13.693354726971963	7.509120692966659	4.022304741007149
8900	-16.85853951483009	-9.430233295076736	13.693354726971963	7.509120692966659	4.022304741007149
9000	-12.631850955908194	-9.430233295076736	13.693354726971963	7.509120692966659	4.022304741007149
9100	-22.862359718883347	-9.430233295076736	13.693354726971963	7.509120692966659	4.022304741007149
9200	-36.8151759667662	-9.430233295076736	13.693354726971963	7.509120692966659	4.022304741007149
9300	-15.040448258332606	-9.430233295076736	13.693354726971963	7.509120692966659	4.022304741007149
9400	-18.076671517068373	-9.430233295076736	13.693354726971963	7.509120692966659	4.022304741007149
9500	-2.3492140218691637	-9.430233295076736	13.693354726971963	7.509120692966659	4.022304741007149
9600	-1.6357352092770687	-9.430233295076736	13.693354726971963	7.509120692966659	4.022304741007149
9700	-9.627844223616323	-9.430233295076736	13.693354726971963	7.509120692966659	4.022304741007149
9800	-30.747402168595688	-9.430233295076736	13.693354726971963	7.509120692966659	4.022304741007149
9900	4.264382578303269	-9.430233295076736	13.693354726971963	7.509120692966659	4.022304741007149
10000	-0.6219325779358649	-9.430233295076736	13.693354726971963	7.509120692966659	4.022304741007149
10100	-13.142428196529162	-9.430233295076736	13.693354726971963	7.509120692966659	4.022304741007149
10200	-9.319966373745457	-9.430233295076736	13.693354726971963	7.509120692966659	4.022304741007149
10300	-19.218186889691648	-9.430233295076736	13.693354726971963	7.509120692966659	4.022304741007149
10400	-14.877878046921591	-9.430233295076736	13.693354726971963	7.509120692966659	4.022304741007149
10500	-18.003708030764844	-9.430233295076736	13.693354726971963	7.509120692966659	4.022304741007149
10600	-11.265400468611611	-9.430233295076736	13.693354726971963	7.509120692966659	4.022304741007149
10700	-15.430492505694671	-9.430233295076736	13.693354726971963	7.509120692966659	4.022304741007149
10800	-29.569421527193306	-9.430233295076736	13.693354726971963	7.509120692966659	4.022304741007149
10900	-60.134528955429275	-9.430233295076736	13.693354726971963	7.509120692966659	4.022304741007149
11000	-18.78915090127717	-9.430233295076736	13.693354726971963	7.509120692966659	4.022304741007149
11100	-5.526357065672875	-9.430233295076736	13.693354726971963	7.509120692966659	4.022304741007149
11200	-2.8221330744561572	-9.430233295076736	13.693354726971963	7.509120692966659	4.022304741007149
11300	-30.495988369949494	-9.430233295076736	13.693354726971963	7.509120692966659	4.022304741007149
11400	3.4553051281649423	-9.430233295076736	13.693354726971963	7.509120692966659	4.022304741007149
11500	-14.68912823251456	-9.430233295076736	13.693354726971963	7.509120692966659	4.022304741007149
11600	-17.38676539887526	-9.430233295076736	13.693354726971963	7.509120692966659	4.022304741007149
11700	-11.244709635806844	-9.430233295076736	13.693354726971963	7.509120692966659	4.022304741007149
11800	0.15042639726601836	-9.430233295076736	13.693354726971963	7.509120692966659	4.022304741007149
11900	-12.297750044610655	-9.430233295076736	13.693354726971963	7.509120692966659	4.022304741007149
12000	-25.92003902568569	-9.430233295076736	13.693354726971963	7.509120692966659	4.022304741007149
12100	-13.310410373345112	-9.430233295076736	13.693354726971963	7.509120692966659	4.022304741007149
12200	-20.796057845703984	-9.430233295076736	13.693354726971963	7.509120692966659	4.022304741007149
12300	9.987465351016683	-9.430233295076736	13.693354726971963	7.509120692966659	4.022304741007149
12400	-17.191937528537416	-9.430233295076736	13.693354726971963	7.509120692966659	4.022304741007149
12500	-24.663711312080505	-9.430233295076736	13.693354726971963	7.509120692966659	4.022304741007149
12600	-26.447834164241836	-9.430233295076736	13.693354726971963	7.509120692966659	4.022304741007149
12700	-5.641358776355409	-9.430233295076736	13.693354726971963	7.509120692966659	4.022304741007149
12800	-14.456966247753222	-9.430233295076736	13.693354726971963	7.509120692966659	4.022304741007149
12900	-35.44494118723528	-9.430233295076736	13.693354726971963	7.509120692966659	4.022304741007149
13000	-34.80634589682455	-9.430233295076736	13.693354726971963	7.509120692966659	4.022304741007149
13100	-12.27948196377004	-9.430233295076736	13.693354726971963	7.509120692966659	4.022304741007149
13200	-2.8367823109233568	-9.430233295076736	13.693354726971963	7.509120692966659	4.022304741007149
13300	-34.73985317598553	-9.430233295076736	13.693354726971963	7.509120692966659	4.022304741007149
13400	-10.666699273117816	-9.430233295076736	13.693354726971963	7.509120692966659	4.022304741007149
13500	-7.310384933101227	-9.430233295076736	13.693354726971963	7.509120692966659	4.022304741007149
13600	-16.976524808186035	-9.430233295076736	13.693354726971963	7.509120692966659	4.022304741007149
13700	-15.727647995143986	-9.430233295076736	13.693354726971963	7.509120692966659	4.022304741007149
13800	-6.625327011578482	-9.430233295076736	13.693354726971963	7.509120692966659	4.022304741007149
13900	-6.65524717534686	-9.430233295076736	13.693354726971963	7.509120692966659	4.022304741007149
14000	-8.564662483771647	-9.430233295076736	13.693354726971963	7.509120692966659	4.022304741007149
14100	-4.832545809919713	-9.430233295076736	13.693354726971963	7.509120692966659	4.022304741007149
14200	1.1358625043981652	-9.430233295076736	13.693354726971963	7.509120692966659	4.022304741007149
14300	-21.00352338239917	-9.430233295076736	13.693354726971963	7.509120692966659	4.022304741007149
14400	-10.253459329087264	-9.430233295076736	13.693354726971963	7.509120692966659	4.022304741007149
14500	-37.99051793225142	-9.430233295076736	13.693354726971963	7.509120692966659	4.022304741007149
14600	-5.907091447123555	-9.430233295076736	13.693354726971963	7.509120692966659	4.022304741007149
14700	-8.543925215909884	-9.430233295076736	13.693354726971963	7.509120692966659	4.022304741007149
14800	-24.670466257278374	-9.430233295076736	13.693354726971963	7.509120692966659	4.022304741007149
14900	-33.17874323560261	-9.430233295076736	13.693354726971963	7.509120692966659	4.022304741007149
15000	-10.156442662348619	-9.430233295076736	13.693354726971963	7.509120692966659	4.022304741007149
15100	-9.128269601761538	-9.430233295076736	13.693354726971963	7.509120692966659	4.022304741007149
15200	-10.650530571698223	-9.430233295076736	13.693354726971963	7.509120692966659	4.022304741007149
15300	-18.624480598203913	-9.430233295076736	13.693354726971963	7.509120692966659	4.022304741007149
15400	-1.0832603144097577	-9.430233295076736	13.693354726971963	7.509120692966659	4.022304741007149
15500	-12.982881352380394	-9.430233295076736	13.693354726971963	7.509120692966659	4.022304741007149
15600	-19.340684832937075	-9.430233295076736	13.693354726971963	7.509120692966659	4.022304741007149
15700	-12.665083543451903	-9.430233295076736	13.693354726971963	7.509120692966659	4.022304741007149
15800	0.4061434635504937	-9.430233295076736	13.693354726971963	7.509120692966659	4.022304741007149
15900	-26.679774251875774	-9.430233295076736	13.693354726971963	7.509120692966659	4.022304741007149
16000	-7.267627821648221	-9.430233295076736	13.693354726971963	7.509120692966659	4.022304741007149
16100	-10.433990210674065	-9.430233295076736	13.693354726971963	7.509120692966659	4.022304741007149
16200	-43.20138799726513	-9.430233295076736	13.693354726971963	7.509120692966659	4.022304741007149
16300	-46.98047951179573	-9.430233295076736	13.693354726971963	7.509120692966659	4.022304741007149
16400	19.56800980156824	-9.430233295076736	13.693354726971963	7.509120692966659	4.022304741007149
16500	-4.383142783756568	-9.430233295076736	13.693354726971963	7.509120692966659	4.022304741007149
16600	-23.127127722743584	-9.430233295076736	13.693354726971963	7.509120692966659	4.022304741007149
16700	-9.337284976777601	-9.430233295076736	13.693354726971963	7.509120692966659	4.022304741007149
16800	-15.427855878502685	-9.430233295076736	13.693354726971963	7.509120692966659	4.022304741007149
16900	-24.085053573703718	-9.430233295076736	13.693354726971963	7.509120692966659	4.022304741007149
17000	-24.482805278148337	-9.430233295076736	13.693354726971963	7.509120692966659	4.022304741007149
17100	-3.164222982459469	-9.430233295076736	13.693354726971963	7.509120692966659	4.022304741007149
17200	-15.83855159905443	-9.430233295076736	13.693354726971963	7.509120692966659	4.022304741007149
17300	-39.84070370035758	-9.430233295076736	13.693354726971963	7.509120692966659	4.022304741007149
17400	-42.4921309709799	-9.430233295076736	13.693354726971963	7.509120692966659	4.022304741007149
17500	-11.90304573686733	-9.430233295076736	13.693354726971963	7.509120692966659	4.022304741007149
17600	-22.338220690461704	-9.430233295076736	13.693354726971963	7.509120692966659	4.022304741007149
17700	-4.73752439675067	-9.430233295076736	13.693354726971963	7.509120692966659	4.022304741007149
17800	-22.148051809895446	-9.430233295076736	13.693354726971963	7.509120692966659	4.022304741007149
17900	12.092403307664421	-9.430233295076736	13.693354726971963	7.509120692966659	4.022304741007149
18000	3.5000919205977588	-9.430233295076736	13.693354726971963	7.509120692966659	4.022304741007149
18100	-10.316723586979691	-9.430233295076736	13.693354726971963	7.509120692966659	4.022304741007149
18200	0.4249831272646225	-9.430233295076736	13.693354726971963	7.509120692966659	4.022304741007149
18300	-4.680798156228104	-9.430233295076736	13.693354726971963	7.509120692966659	4.022304741007149
18400	-0.8393511366933103	-9.430233295076736	13.693354726971963	7.509120692966659	4.022304741007149
18500	-19.926811986580834	-9.430233295076736	13.693354726971963	7.509120692966659	4.022304741007149
18600	-12.76153442112755	-9.430233295076736	13.693354726971963	7.509120692966659	4.022304741007149
18700	-18.981337092695618	-9.430233295076736	13.693354726971963	7.509120692966659	4.022304741007149
18800	-13.292533499160685	-9.430233295076736	13.693354726971963	7.509120692966659	4.022304741007149
18900	-47.85872545094959	-9.430233295076736	13.693354726971963	7.509120692966659	4.022304741007149
19000	-10.831987348522405	-9.430233295076736	13.693354726971963	7.509120692966659	4.022304741007149
19100	-1.0270880121578465	-9.430233295076736	13.693354726971963	7.509120692966659	4.022304741007149
19200	-15.54458573284377	-9.430233295076736	13.693354726971963	7.509120692966659	4.022304741007149
19300	-14.76064265935568	-9.430233295076736	13.693354726971963	7.509120692966659	4.022304741007149
19400	-21.382624703946096	-9.430233295076736	13.693354726971963	7.509120692966659	4.022304741007149
19500	-31.337655135057584	-9.430233295076736	13.693354726971963	7.509120692966659	4.022304741007149
19600	-27.481446265368785	-9.430233295076736	13.693354726971963	7.509120692966659	4.022304741007149
19700	-17.00129071931776	-9.430233295076736	13.693354726971963	7.509120692966659	4.022304741007149
19800	-23.207290996238907	-9.430233295076736	13.693354726971963	7.509120692966659	4.022304741007149
19900	-40.23776882802448	-9.430233295076736	13.693354726971963	7.509120692966659	4.022304741007149
20000	-19.73620819529515	-9.430233295076736	13.693354726971963	7.509120692966659	4.022304741007149
20100	-9.231017844098087	-9.430233295076736	13.693354726971963	7.509120692966659	4.022304741007149
20200	-33.346197557567486	-9.430233295076736	13.693354726971963	7.509120692966659	4.022304741007149
20300	-10.969526879287654	-9.430233295076736	13.693354726971963	7.509120692966659	4.022304741007149
20400	-34.74891721565947	-9.430233295076736	13.693354726971963	7.509120692966659	4.022304741007149
20500	18.10248463771556	-9.430233295076736	13.693354726971963	7.509120692966659	4.022304741007149
20600	-3.9157411516919916	-9.430233295076736	13.693354726971963	7.509120692966659	4.022304741007149
20700	-19.506880613783753	-9.430233295076736	13.693354726971963	7.509120692966659	4.022304741007149
20800	-7.225343752343573	-9.430233295076736	13.693354726971963	7.509120692966659	4.022304741007149
20900	-22.022188505090266	-9.430233295076736	13.693354726971963	7.509120692966659	4.022304741007149
21000	4.50105534165897	-9.430233295076736	13.693354726971963	7.509120692966659	4.022304741007149
21100	10.125796199468578	-9.430233295076736	13.693354726971963	7.509120692966659	4.022304741007149
21200	-36.73551023536123	-9.430233295076736	13.693354726971963	7.509120692966659	4.022304741007149
21300	-22.584244729120414	-9.430233295076736	13.693354726971963	7.509120692966659	4.022304741007149
21400	-1.5158726944742142	-9.430233295076736	13.693354726971963	7.509120692966659	4.022304741007149
21500	-19.156092726377885	-9.430233295076736	13.693354726971963	7.509120692966659	4.022304741007149
21600	-13.814450203489656	-9.430233295076736	13.693354726971963	7.509120692966659	4.022304741007149
21700	-17.550628738918515	-9.430233295076736	13.693354726971963	7.509120692966659	4.022304741007149
21800	-5.880655827078315	-9.430233295076736	13.693354726971963	7.509120692966659	4.022304741007149
21900	0.007586512992121985	-9.430233295076736	13.693354726971963	7.509120692966659	4.022304741007149
22000	-2.5758753818565543	-9.430233295076736	13.693354726971963	7.509120692966659	4.022304741007149
22100	-30.448072759747898	-9.430233295076736	13.693354726971963	7.509120692966659	4.022304741007149
22200	-7.166832806594768	-9.430233295076736	13.693354726971963	7.509120692966659	4.022304741007149
22300	-11.102068820903185	-9.430233295076736	13.693354726971963	7.509120692966659	4.022304741007149
22400	-22.04516659606126	-9.430233295076736	13.693354726971963	7.509120692966659	4.022304741007149
22500	-9.868901375112724	-9.430233295076736	13.693354726971963	7.509120692966659	4.022304741007149
22600	-5.698486777669432	-9.430233295076736	13.693354726971963	7.509120692966659	4.022304741007149
22700	-16.37577613336094	-9.430233295076736	13.693354726971963	7.509120692966659	4.022304741007149
22800	-26.821575796719472	-9.430233295076736	13.693354726971963	7.509120692966659	4.022304741007149
22900	-28.814745958395264	-9.430233295076736	13.693354726971963	7.509120692966659	4.022304741007149
23000	6.063689924125223	-9.430233295076736	13.693354726971963	7.509120692966659	4.022304741007149
23100	-19.109601883861846	-9.430233295076736	13.693354726971963	7.509120692966659	4.022304741007149
23200	-6.428538548803404	-9.430233295076736	13.693354726971963	7.509120692966659	4.022304741007149
23300	-10.98708056333458	-9.430233295076736	13.693354726971963	7.509120692966659	4.022304741007149
23400	-9.635279421091631	-9.430233295076736	13.693354726971963	7.509120692966659	4.022304741007149
23500	-33.66093416151015	-9.430233295076736	13.693354726971963	7.509120692966659	4.022304741007149
23600	-33.729661670367925	-9.430233295076736	13.693354726971963	7.509120692966659	4.022304741007149
23700	-11.738697346655288	-9.430233295076736	13.693354726971963	7.509120692966659	4.022304741007149
23800	-6.314270386222669	-9.430233295076736	13.693354726971963	7.509120692966659	4.022304741007149
23900	-7.54716325155292	-9.430233295076736	13.693354726971963	7.509120692966659	4.022304741007149
24000	3.337254618999395	-9.430233295076736	13.693354726971963	7.509120692966659	4.022304741007149
24100	-22.233994468901273	-9.430233295076736	13.693354726971963	7.509120692966659	4.022304741007149
24200	-2.3584249692813093	-9.430233295076736	13.693354726971963	7.509120692966659	4.022304741007149
24300	-26.09212739731383	-9.430233295076736	13.693354726971963	7.509120692966659	4.022304741007149
24400	-6.664800836798732	-9.430233295076736	13.693354726971963	7.509120692966659	4.022304741007149
24500	-10.722748202350331	-9.430233295076736	13.693354726971963	7.509120692966659	4.022304741007149
24600	-13.508237379408019	-9.430233295076736	13.693354726971963	7.509120692966659	4.022304741007149
24700	-31.388037112147092	-9.430233295076736	13.693354726971963	7.509120692966659	4.022304741007149
24800	-33.173827568775685	-9.430233295076736	13.693354726971963	7.509120692966659	4.022304741007149
24900	-10.789553144646641	-9.430233295076736	13.693354726971963	7.509120692966659	4.022304741007149
25000	-28.234251803550976	-9.430233295076736	13.693354726971963	7.509120692966659	4.022304741007149
25100	-20.370206613119496	-9.430233295076736	13.693354726971963	7.509120692966659	4.022304741007149
25200	-6.06311753278182	-9.430233295076736	13.693354726971963	7.509120692966659	4.022304741007149
25300	-15.117700156437035	-9.430233295076736	13.693354726971963	7.509120692966659	4.022304741007149
25400	-19.530889421457537	-9.430233295076736	13.693354726971963	7.509120692966659	4.022304741007149
25500	-15.552861692456936	-9.430233295076736	13.693354726971963	7.509120692966659	4.022304741007149
25600	-31.548296421292253	-9.430233295076736	13.693354726971963	7.509120692966659	4.022304741007149
25700	-9.887661628458364	-9.430233295076736	13.693354726971963	7.509120692966659	4.022304741007149
25800	-24.100436014715694	-9.430233295076736	13.693354726971963	7.509120692966659	4.022304741007149
25900	2.2735090699365594	-9.430233295076736	13.693354726971963	7.509120692966659	4.022304741007149
26000	11.817465141105242	-9.430233295076736	13.693354726971963	7.509120692966659	4.022304741007149
26100	-43.27477514536054	-9.430233295076736	13.693354726971963	7.509120692966659	4.022304741007149
26200	7.562630268028395	-9.430233295076736	13.693354726971963	7.509120692966659	4.022304741007149
26300	-18.884242203845663	-9.430233295076736	13.693354726971963	7.509120692966659	4.022304741007149
26400	-9.956472986587086	-9.430233295076736	13.693354726971963	7.509120692966659	4.022304741007149
26500	-41.16689529437117	-9.430233295076736	13.693354726971963	7.509120692966659	4.022304741007149
26600	-3.0380666418401185	-9.430233295076736	13.693354726971963	7.509120692966659	4.022304741007149
26700	-9.213861322639882	-9.430233295076736	13.693354726971963	7.509120692966659	4.022304741007149
26800	-3.4521350297647997	-9.430233295076736	13.693354726971963	7.509120692966659	4.022304741007149
26900	-20.171525304815628	-9.430233295076736	13.693354726971963	7.509120692966659	4.022304741007149
27000	-15.94817802808849	-9.430233295076736	13.693354726971963	7.509120692966659	4.022304741007149
27100	-33.89698624770598	-9.430233295076736	13.693354726971963	7.509120692966659	4.022304741007149
27200	-8.277329043828848	-9.430233295076736	13.693354726971963	7.509120692966659	4.022304741007149
27300	-13.191739009493402	-9.430233295076736	13.693354726971963	7.509120692966659	4.022304741007149
27400	-16.131665015446213	-9.430233295076736	13.693354726971963	7.509120692966659	4.022304741007149
27500	-7.169454272197224	-9.430233295076736	13.693354726971963	7.509120692966659	4.022304741007149
27600	-9.475845490380516	-9.430233295076736	13.693354726971963	7.509120692966659	4.022304741007149
27700	-16.7846810126549	-9.430233295076736	13.693354726971963	7.509120692966659	4.022304741007149
27800	-12.637360906994424	-9.430233295076736	13.693354726971963	7.509120692966659	4.022304741007149
27900	-30.052847297108432	-9.430233295076736	13.693354726971963	7.509120692966659	4.022304741007149
28000	-7.28206128154381	-9.430233295076736	13.693354726971963	7.509120692966659	4.022304741007149
28100	-12.647283938743211	-9.430233295076736	13.693354726971963	7.509120692966659	4.022304741007149
28200	-4.588348396495643	-9.430233295076736	13.693354726971963	7.509120692966659	4.022304741007149
28300	-6.958085447263418	-9.430233295076736	13.693354726971963	7.509120692966659	4.022304741007149
28400	-17.753800340456355	-9.430233295076736	13.693354726971963	7.509120692966659	4.022304741007149
28500	-22.07808536496914	-9.430233295076736	13.693354726971963	7.509120692966659	4.022304741007149
28600	-20.067193972328493	-9.430233295076736	13.693354726971963	7.509120692966659	4.022304741007149
28700	-20.71387633828008	-9.430233295076736	13.693354726971963	7.509120692966659	4.022304741007149
28800	-27.132308271010313	-9.430233295076736	13.693354726971963	7.509120692966659	4.022304741007149
28900	3.124031817560112	-9.430233295076736	13.693354726971963	7.509120692966659	4.022304741007149
29000	-25.492078357264234	-9.430233295076736	13.693354726971963	7.509120692966659	4.022304741007149
29100	-29.54676047431776	-9.430233295076736	13.693354726971963	7.509120692966659	4.022304741007149
29200	-38.24015751981434	-9.430233295076736	13.693354726971963	7.509120692966659	4.022304741007149
29300	0.8325371399786646	-9.430233295076736	13.693354726971963	7.509120692966659	4.022304741007149
29400	-7.29057898977231	-9.430233295076736	13.693354726971963	7.509120692966659	4.022304741007149
29500	-8.983072163133222	-9.430233295076736	13.693354726971963	7.509120692966659	4.022304741007149
29600	-8.195689331296311	-9.430233295076736	13.693354726971963	7.509120692966659	4.022304741007149
29700	-14.969607189539447	-9.430233295076736	13.693354726971963	7.509120692966659	4.022304741007149
29800	-11.771887978814599	-9.430233295076736	13.693354726971963	7.509120692966659	4.022304741007149
29900	-10.293679605303685	-9.430233295076736	13.693354726971963	7.509120692966659	4.022304741007149
30000	-21.15920709471664	-9.430233295076736	13.693354726971963	7.509120692966659	4.022304741007149
30100	5.595474187544772	-9.430233295076736	13.693354726971963	7.509120692966659	4.022304741007149
30200	-24.61515572053303	-9.430233295076736	13.693354726971963	7.509120692966659	4.022304741007149
30300	-8.596552031771507	-9.430233295076736	13.693354726971963	7.509120692966659	4.022304741007149
30400	5.939793590875436	-9.430233295076736	13.693354726971963	7.509120692966659	4.022304741007149
30500	-37.978969662552544	-9.430233295076736	13.693354726971963	7.509120692966659	4.022304741007149
30600	-2.9492725280437098	-9.430233295076736	13.693354726971963	7.509120692966659	4.022304741007149
30700	-17.190758155991666	-9.430233295076736	13.693354726971963	7.509120692966659	4.022304741007149
30800	-35.014663506164254	-9.430233295076736	13.693354726971963	7.509120692966659	4.022304741007149
30900	-15.923139072804668	-9.430233295076736	13.693354726971963	7.509120692966659	4.022304741007149
31000	-6.452420211538076	-9.430233295076736	13.693354726971963	7.509120692966659	4.022304741007149
31100	-36.884170225975446	-9.430233295076736	13.693354726971963	7.509120692966659	4.022304741007149
31200	-11.998245912004183	-9.430233295076736	13.693354726971963	7.509120692966659	4.022304741007149
31300	-11.653241456606192	-9.430233295076736	13.693354726971963	7.509120692966659	4.022304741007149
31400	-21.105602433550825	-9.430233295076736	13.693354726971963	7.509120692966659	4.022304741007149
31500	-10.722737102809182	-9.430233295076736	13.693354726971963	7.509120692966659	4.022304741007149
31600	-19.26184334036006	-9.430233295076736	13.693354726971963	7.509120692966659	4.022304741007149
31700	-28.946996774532796	-9.430233295076736	13.693354726971963	7.509120692966659	4.022304741007149
31800	-36.103390951806155	-9.430233295076736	13.693354726971963	7.509120692966659	4.022304741007149
31900	-18.567874323650642	-9.430233295076736	13.693354726971963	7.509120692966659	4.022304741007149
32000	19.221237006000727	-9.430233295076736	13.693354726971963	7.509120692966659	4.022304741007149
32100	-18.699234848704965	-9.430233295076736	13.693354726971963	7.509120692966659	4.022304741007149
32200	-38.46493498198586	-9.430233295076736	13.693354726971963	7.509120692966659	4.022304741007149
32300	-8.776892343564445	-9.430233295076736	13.693354726971963	7.509120692966659	4.022304741007149
32400	11.80243834814057	-9.430233295076736	13.693354726971963	7.509120692966659	4.022304741007149
32500	-61.305662370867026	-9.430233295076736	13.693354726971963	7.509120692966659	4.022304741007149
32600	-8.919725192836953	-9.430233295076736	13.693354726971963	7.509120692966659	4.022304741007149
32700	-31.4793034478707	-9.430233295076736	13.693354726971963	7.509120692966659	4.022304741007149
32800	-21.169205201592927	-9.430233295076736	13.693354726971963	7.509120692966659	4.022304741007149
32900	-24.234102763833544	-9.430233295076736	13.693354726971963	7.509120692966659	4.022304741007149
33000	-9.703913221089222	-9.430233295076736	13.693354726971963	7.509120692966659	4.022304741007149
33100	-28.777660230057045	-9.430233295076736	13.693354726971963	7.509120692966659	4.022304741007149
33200	-53.54786154344384	-9.430233295076736	13.693354726971963	7.509120692966659	4.022304741007149
33300	-19.92174026256951	-9.430233295076736	13.693354726971963	7.509120692966659	4.022304741007149
33400	-35.35812025334527	-9.430233295076736	13.693354726971963	7.509120692966659	4.022304741007149
33500	-43.38380447176305	-9.430233295076736	13.693354726971963	7.509120692966659	4.022304741007149
33600	-16.677444816760378	-9.430233295076736	13.693354726971963	7.509120692966659	4.022304741007149
33700	-11.657184402596194	-9.430233295076736	13.693354726971963	7.509120692966659	4.022304741007149
33800	-19.21403512190487	-9.430233295076736	13.693354726971963	7.509120692966659	4.022304741007149
33900	-26.53774539483478	-9.430233295076736	13.693354726971963	7.509120692966659	4.022304741007149
34000	-11.218736457475373	-9.430233295076736	13.693354726971963	7.509120692966659	4.022304741007149
34100	-29.690627080914112	-9.430233295076736	13.693354726971963	7.509120692966659	4.022304741007149
34200	-64.00478729710834	-9.430233295076736	13.693354726971963	7.509120692966659	4.022304741007149
34300	-24.86069527890051	-9.430233295076736	13.693354726971963	7.509120692966659	4.022304741007149
34400	-21.67206349694116	-9.430233295076736	13.693354726971963	7.509120692966659	4.022304741007149
34500	-17.92828693072447	-9.430233295076736	13.693354726971963	7.509120692966659	4.022304741007149
34600	-24.16947568207845	-9.430233295076736	13.693354726971963	7.509120692966659	4.022304741007149
34700	-28.77094617203061	-9.430233295076736	13.693354726971963	7.509120692966659	4.022304741007149
34800	-29.904016517839043	-9.430233295076736	13.693354726971963	7.509120692966659	4.022304741007149
34900	-30.331966732163867	-9.430233295076736	13.693354726971963	7.509120692966659	4.022304741007149
35000	-29.008883716243027	-9.430233295076736	13.693354726971963	7.509120692966659	4.022304741007149
35100	-13.230558114098969	-9.430233295076736	13.693354726971963	7.509120692966659	4.022304741007149
35200	-5.8313607768290385	-9.430233295076736	13.693354726971963	7.509120692966659	4.022304741007149
35300	-51.98837671751233	-9.430233295076736	13.693354726971963	7.509120692966659	4.022304741007149
35400	-4.725834693170869	-9.430233295076736	13.693354726971963	7.509120692966659	4.022304741007149
35500	-31.040542852406453	-9.430233295076736	13.693354726971963	7.509120692966659	4.022304741007149
35600	-15.204346453210661	-9.430233295076736	13.693354726971963	7.509120692966659	4.022304741007149
35700	-3.4415672179026346	-9.430233295076736	13.693354726971963	7.509120692966659	4.022304741007149
35800	5.096794167842168	-9.430233295076736	13.693354726971963	7.509120692966659	4.022304741007149
35900	-16.307080522955893	-9.430233295076736	13.693354726971963	7.509120692966659	4.022304741007149
36000	-11.558974249412804	-9.430233295076736	13.693354726971963	7.509120692966659	4.022304741007149
36100	-6.458177437406308	-9.430233295076736	13.693354726971963	7.509120692966659	4.022304741007149
36200	-9.43851885600183	-9.430233295076736	13.693354726971963	7.509120692966659	4.022304741007149
36300	5.472759844109358	-9.430233295076736	13.693354726971963	7.509120692966659	4.022304741007149
36400	-9.01087849841975	-9.430233295076736	13.693354726971963	7.509120692966659	4.022304741007149
36500	-9.381352332260942	-9.430233295076736	13.693354726971963	7.509120692966659	4.022304741007149
36600	-38.27198029693996	-9.430233295076736	13.693354726971963	7.509120692966659	4.022304741007149
36700	-39.169527919637446	-9.430233295076736	13.693354726971963	7.509120692966659	4.022304741007149
36800	-2.877190523141869	-9.430233295076736	13.693354726971963	7.509120692966659	4.022304741007149
36900	-35.990457352928445	-9.430233295076736	13.693354726971963	7.509120692966659	4.022304741007149
37000	-1.5679669678947241	-9.430233295076736	13.693354726971963	7.509120692966659	4.022304741007149
37100	-15.270722641575327	-9.430233295076736	13.693354726971963	7.509120692966659	4.022304741007149
37200	-8.132873423407382	-9.430233295076736	13.693354726971963	7.509120692966659	4.022304741007149
37300	-21.641150434400906	-9.430233295076736	13.693354726971963	7.509120692966659	4.022304741007149
37400	-12.76692728708479	-9.430233295076736	13.693354726971963	7.509120692966659	4.022304741007149
37500	-6.054532687281631	-9.430233295076736	13.693354726971963	7.509120692966659	4.022304741007149
37600	-5.978467983461909	-9.430233295076736	13.693354726971963	7.509120692966659	4.022304741007149
37700	-5.637219261137645	-9.430233295076736	13.693354726971963	7.509120692966659	4.022304741007149
37800	-20.97965648449817	-9.430233295076736	13.693354726971963	7.509120692966659	4.022304741007149
37900	-20.836686886431792	-9.430233295076736	13.693354726971963	7.509120692966659	4.022304741007149
38000	-25.596701527123766	-9.430233295076736	13.693354726971963	7.509120692966659	4.022304741007149
38100	-4.6903085227563235	-9.430233295076736	13.693354726971963	7.509120692966659	4.022304741007149
38200	-6.682649052527853	-9.430233295076736	13.693354726971963	7.509120692966659	4.022304741007149
38300	-13.976338375566193	-9.430233295076736	13.693354726971963	7.509120692966659	4.022304741007149
38400	-41.78662211372669	-9.430233295076736	13.693354726971963	7.509120692966659	4.022304741007149
38500	-4.2904880513657195	-9.430233295076736	13.693354726971963	7.509120692966659	4.022304741007149
38600	2.523325607755902	-9.430233295076736	13.693354726971963	7.509120692966659	4.022304741007149
38700	-16.56765982683662	-9.430233295076736	13.693354726971963	7.509120692966659	4.022304741007149
38800	-15.961698625772822	-9.430233295076736	13.693354726971963	7.509120692966659	4.022304741007149
38900	-20.311734911778128	-9.430233295076736	13.693354726971963	7.509120692966659	4.022304741007149
39000	-15.8272209364056	-9.430233295076736	13.693354726971963	7.509120692966659	4.022304741007149
39100	7.247262548953843	-9.430233295076736	13.693354726971963	7.509120692966659	4.022304741007149
39200	-1.2975477403456142	-9.430233295076736	13.693354726971963	7.509120692966659	4.022304741007149
39300	3.316195659981495	-9.430233295076736	13.693354726971963	7.509120692966659	4.022304741007149
39400	-6.111315972402194	-9.430233295076736	13.693354726971963	7.509120692966659	4.022304741007149
39500	-7.743022641823259	-9.430233295076736	13.693354726971963	7.509120692966659	4.022304741007149
39600	-20.066398438880494	-9.430233295076736	13.693354726971963	7.509120692966659	4.022304741007149
39700	-12.465609206451274	-9.430233295076736	13.693354726971963	7.509120692966659	4.022304741007149
39800	-25.433424422343872	-9.430233295076736	13.693354726971963	7.509120692966659	4.022304741007149
39900	-32.424804477307454	-9.430233295076736	13.693354726971963	7.509120692966659	4.022304741007149
40000	-20.040408285251385	-9.430233295076736	13.693354726971963	7.509120692966659	4.022304741007149
40100	-11.139268743135721	-9.430233295076736	13.693354726971963	7.509120692966659	4.022304741007149
40200	-23.392942126289253	-9.430233295076736	13.693354726971963	7.509120692966659	4.022304741007149
40300	-23.79093311970438	-9.430233295076736	13.693354726971963	7.509120692966659	4.022304741007149
40400	-4.164400412505431	-9.430233295076736	13.693354726971963	7.509120692966659	4.022304741007149
40500	-6.817861931411411	-9.430233295076736	13.693354726971963	7.509120692966659	4.022304741007149
40600	-7.326541195377901	-9.430233295076736	13.693354726971963	7.509120692966659	4.022304741007149
40700	-24.750731999416374	-9.430233295076736	13.693354726971963	7.509120692966659	4.022304741007149
40800	-2.3526229049317275	-9.430233295076736	13.693354726971963	7.509120692966659	4.022304741007149
40900	-12.370849025774008	-9.430233295076736	13.693354726971963	7.509120692966659	4.022304741007149
41000	-4.108932659410363	-9.430233295076736	13.693354726971963	7.509120692966659	4.022304741007149
41100	-23.910002183566316	-9.430233295076736	13.693354726971963	7.509120692966659	4.022304741007149
41200	-14.863501809843196	-9.430233295076736	13.693354726971963	7.509120692966659	4.022304741007149
41300	-5.863837206073813	-9.430233295076736	13.693354726971963	7.509120692966659	4.022304741007149
41400	-46.11785683239543	-9.430233295076736	13.693354726971963	7.509120692966659	4.022304741007149
41500	-22.039255540781998	-9.430233295076736	13.693354726971963	7.509120692966659	4.022304741007149
41600	-7.626464620537757	-9.430233295076736	13.693354726971963	7.509120692966659	4.022304741007149
41700	-3.6451337775143005	-9.430233295076736	13.693354726971963	7.509120692966659	4.022304741007149
41800	-4.445122576618144	-9.430233295076736	13.693354726971963	7.509120692966659	4.022304741007149
41900	-9.801934559416463	-9.430233295076736	13.693354726971963	7.509120692966659	4.022304741007149
42000	-8.080983021930056	-9.430233295076736	13.693354726971963	7.509120692966659	4.022304741007149
42100	-19.50343531243593	-9.430233295076736	13.693354726971963	7.509120692966659	4.022304741007149
42200	-24.762281488580943	-9.430233295076736	13.693354726971963	7.509120692966659	4.022304741007149
42300	-51.91033612544466	-9.430233295076736	13.693354726971963	7.509120692966659	4.022304741007149
42400	-3.990269552015959	-9.430233295076736	13.693354726971963	7.509120692966659	4.022304741007149
42500	3.940070404152004	-9.430233295076736	13.693354726971963	7.509120692966659	4.022304741007149
42600	-4.812216447354715	-9.430233295076736	13.693354726971963	7.509120692966659	4.022304741007149
42700	-2.509745478071152	-9.430233295076736	13.693354726971963	7.509120692966659	4.022304741007149
42800	-11.812499888292098	-9.430233295076736	13.693354726971963	7.509120692966659	4.022304741007149
42900	-33.48409610586531	-9.430233295076736	13.693354726971963	7.509120692966659	4.022304741007149
43000	-1.1094405415234103	-9.430233295076736	13.693354726971963	7.509120692966659	4.022304741007149
43100	-22.07410407760259	-9.430233295076736	13.693354726971963	7.509120692966659	4.022304741007149
43200	-37.32174185234518	-9.430233295076736	13.693354726971963	7.509120692966659	4.022304741007149
43300	2.2919753086850503	-9.430233295076736	13.693354726971963	7.509120692966659	4.022304741007149
43400	-3.076146709165461	-9.430233295076736	13.693354726971963	7.509120692966659	4.022304741007149
43500	-4.27324504808741	-9.430233295076736	13.693354726971963	7.509120692966659	4.022304741007149
43600	-22.694303248226095	-9.430233295076736	13.693354726971963	7.509120692966659	4.022304741007149
43700	-31.44473671240198	-9.430233295076736	13.693354726971963	7.509120692966659	4.022304741007149
43800	-14.619129160487358	-9.430233295076736	13.693354726971963	7.509120692966659	4.022304741007149
43900	-18.075436375082408	-9.430233295076736	13.693354726971963	7.509120692966659	4.022304741007149
44000	-5.251593667701295	-9.430233295076736	13.693354726971963	7.509120692966659	4.022304741007149
44100	-34.719721589611666	-9.430233295076736	13.693354726971963	7.509120692966659	4.022304741007149
44200	-11.060835101066402	-9.430233295076736	13.693354726971963	7.509120692966659	4.022304741007149
44300	-46.858743268193265	-9.430233295076736	13.693354726971963	7.509120692966659	4.022304741007149
44400	-47.3326009661253	-9.430233295076736	13.693354726971963	7.509120692966659	4.022304741007149
44500	-10.230033183588418	-9.430233295076736	13.693354726971963	7.509120692966659	4.022304741007149
44600	-14.319343743196244	-9.430233295076736	13.693354726971963	7.509120692966659	4.022304741007149
44700	-22.355845860854043	-9.430233295076736	13.693354726971963	7.509120692966659	4.022304741007149
44800	-32.135734939834855	-9.430233295076736	13.693354726971963	7.509120692966659	4.022304741007149
44900	-25.734765884070683	-9.430233295076736	13.693354726971963	7.509120692966659	4.022304741007149
45000	-17.609566223530855	-9.430233295076736	13.693354726971963	7.509120692966659	4.022304741007149
45100	-28.5061802487841	-9.430233295076736	13.693354726971963	7.509120692966659	4.022304741007149
45200	-27.058550551138538	-9.430233295076736	13.693354726971963	7.509120692966659	4.022304741007149
45300	8.381723139614238	-9.430233295076736	13.693354726971963	7.509120692966659	4.022304741007149
45400	5.792900905731714	-9.430233295076736	13.693354726971963	7.509120692966659	4.022304741007149
45500	-20.740712095945298	-9.430233295076736	13.693354726971963	7.509120692966659	4.022304741007149
45600	-9.55092504488791	-9.430233295076736	13.693354726971963	7.509120692966659	4.022304741007149
45700	-4.313507451432062	-9.430233295076736	13.693354726971963	7.509120692966659	4.022304741007149
45800	-20.4253665557448	-9.430233295076736	13.693354726971963	7.509120692966659	4.022304741007149
45900	-21.413303216500932	-9.430233295076736	13.693354726971963	7.509120692966659	4.022304741007149
46000	-18.337612733160263	-9.430233295076736	13.693354726971963	7.509120692966659	4.022304741007149
46100	-19.323189242133306	-9.430233295076736	13.693354726971963	7.509120692966659	4.022304741007149
46200	-14.071748444990913	-9.430233295076736	13.693354726971963	7.509120692966659	4.022304741007149
46300	-1.7921320161017178	-9.430233295076736	13.693354726971963	7.509120692966659	4.022304741007149
46400	-4.526813378853567	-9.430233295076736	13.693354726971963	7.509120692966659	4.022304741007149
46500	-38.03480042422971	-9.430233295076736	13.693354726971963	7.509120692966659	4.022304741007149
46600	-20.372093012053853	-9.430233295076736	13.693354726971963	7.509120692966659	4.022304741007149
46700	-29.577048582916472	-9.430233295076736	13.693354726971963	7.509120692966659	4.022304741007149
46800	-37.768952187091834	-9.430233295076736	13.693354726971963	7.509120692966659	4.022304741007149
46900	-9.857752443506952	-9.430233295076736	13.693354726971963	7.509120692966659	4.022304741007149
47000	-19.851835673993655	-9.430233295076736	13.693354726971963	7.509120692966659	4.022304741007149
47100	-10.392061650925006	-9.430233295076736	13.693354726971963	7.509120692966659	4.022304741007149
47200	-11.547039551215022	-9.430233295076736	13.693354726971963	7.509120692966659	4.022304741007149
47300	-23.56369887159291	-9.430233295076736	13.693354726971963	7.509120692966659	4.022304741007149
47400	1.1244656426171475	-9.430233295076736	13.693354726971963	7.509120692966659	4.022304741007149
47500	-11.870856620529327	-9.430233295076736	13.693354726971963	7.509120692966659	4.022304741007149
47600	-29.66673455284457	-9.430233295076736	13.693354726971963	7.509120692966659	4.022304741007149
47700	1.5975447589372596	-9.430233295076736	13.693354726971963	7.509120692966659	4.022304741007149
47800	-10.846628644553528	-9.430233295076736	13.693354726971963	7.509120692966659	4.022304741007149
47900	-37.632604945005774	-9.430233295076736	13.693354726971963	7.509120692966659	4.022304741007149
48000	-0.05780880080480377	-9.430233295076736	13.693354726971963	7.509120692966659	4.022304741007149
48100	-8.126905231063127	-9.430233295076736	13.693354726971963	7.509120692966659	4.022304741007149
48200	-16.968627051480155	-9.430233295076736	13.693354726971963	7.509120692966659	4.022304741007149
48300	-15.213855572823459	-9.430233295076736	13.693354726971963	7.509120692966659	4.022304741007149
48400	-22.165197018227282	-9.430233295076736	13.693354726971963	7.509120692966659	4.022304741007149
48500	-17.089741427265082	-9.430233295076736	13.693354726971963	7.509120692966659	4.022304741007149
48600	-0.3288096438467152	-9.430233295076736	13.693354726971963	7.509120692966659	4.022304741007149
48700	-32.87807534006328	-9.430233295076736	13.693354726971963	7.509120692966659	4.022304741007149
48800	-21.879314614402375	-9.430233295076736	13.693354726971963	7.509120692966659	4.022304741007149
48900	-13.962925036272008	-9.430233295076736	13.693354726971963	7.509120692966659	4.022304741007149
49000	-1.1590925770044351	-9.430233295076736	13.693354726971963	7.509120692966659	4.022304741007149
49100	-6.848552787434025	-9.430233295076736	13.693354726971963	7.509120692966659	4.022304741007149
49200	-19.98128560822723	-9.430233295076736	13.693354726971963	7.509120692966659	4.022304741007149
49300	6.023815259313392	-9.430233295076736	13.693354726971963	7.509120692966659	4.022304741007149
49400	-15.629711768971793	-9.430233295076736	13.693354726971963	7.509120692966659	4.022304741007149
49500	-9.141870521121772	-9.430233295076736	13.693354726971963	7.509120692966659	4.022304741007149
49600	-3.3672952877987146	-9.430233295076736	13.693354726971963	7.509120692966659	4.022304741007149
49700	-27.184522193739635	-9.430233295076736	13.693354726971963	7.509120692966659	4.022304741007149
49800	-13.054980365686001	-9.430233295076736	13.693354726971963	7.509120692966659	4.022304741007149
49900	-41.91885061487903	-9.430233295076736	13.693354726971963	7.509120692966659	4.022304741007149
50000	-17.92579736265309	-9.430233295076736	13.693354726971963	7.509120692966659	4.022304741007149
