iteration	likelihood	prior	σ²	 m 	 α 
100	-162.89010905177753	-24.47475399038385	162.05049409279073	13.547890129104703	0.07160289212051195
200	-171.41727676946516	-25.613830060728986	173.44125479624202	13.547890129104703	0.07160289212051195
300	-120.41747652922858	-23.202487675875243	149.32783094770485	13.547890129104703	0.07160289212051195
400	-144.76691571359305	-24.49927964802618	162.2957506692143	13.547890129104703	0.07160289212051195
500	-48.45824755249612	-18.425226509250287	101.55521928145555	13.547890129104703	0.07160289212051195
600	-90.80300858165161	-22.04185628485807	137.72151703753306	13.547890129104703	0.07160289212051195
700	-143.90215643556257	-21.94294992084327	136.73245339738486	13.547890129104703	0.07160289212051195
800	-105.23511861619501	-21.773421783129784	135.03717202024984	13.547890129104703	0.07160289212051195
900	-100.10136090321829	-22.96339196117182	146.9368738006704	13.547890129104703	0.07160289212051195
1000	-120.16101263406061	-22.608530597352335	143.38826016247532	13.547890129104703	0.07160289212051195
1100	-79.08014031601367	-20.236396989125215	119.66692408020407	13.547890129104703	0.07160289212051195
1200	-65.73931357146577	-20.433306360355598	121.63601779250818	13.547890129104703	0.07160289212051195
1300	-107.40612801657858	-24.22386371035044	159.5415912924565	13.547890129104703	0.07160289212051195
1400	-156.9123693704793	-28.0004399765301	197.30735395425336	13.547890129104703	0.07160289212051195
1500	-157.5206670002658	-24.432316553080963	161.62611971976182	13.547890129104703	0.07160289212051195
1600	-172.9040153624046	-27.16571174313672	188.96007162031918	13.547890129104703	0.07160289212051195
1700	-142.0608970158185	-27.748178801882133	194.78474220777304	13.547890129104703	0.07160289212051195
1800	-105.00198603759594	-20.973325075423297	127.03620494318425	13.547890129104703	0.07160289212051195
1900	-97.940809577362	-22.44203604715001	141.7233146604517	13.547890129104703	0.07160289212051195
2000	-180.33628799204487	-31.95393026798293	236.84225686878088	13.547890129104703	0.07160289212051195
2100	-138.6040313235439	-24.996969519982308	167.27264938877454	13.547890129104703	0.07160289212051195
2200	-134.2556023331927	-25.077218516597195	168.07513935492346	13.547890129104703	0.07160289212051195
2300	-117.8976546528044	-23.5059711455546	152.36266564449775	13.547890129104703	0.07160289212051195
2400	-87.05533184653044	-23.543005593763812	152.73301012658936	13.547890129104703	0.07160289212051195
2500	-90.61117271585528	-22.683419638770424	144.13715057665576	13.547890129104703	0.07160289212051195
2600	-76.89841962294302	-22.94294409866345	146.73239517558585	13.547890129104703	0.07160289212051195
2700	-144.41444111199087	-27.80692680935272	195.37222228247853	13.547890129104703	0.07160289212051195
2800	-78.91537499524918	-23.878515232229955	156.0881065112507	13.547890129104703	0.07160289212051195
2900	-52.2163904353271	-21.484282758666538	132.14578177561648	13.547890129104703	0.07160289212051195
3000	-100.08199326082642	-22.626486996492364	143.56782415387505	13.547890129104703	0.07160289212051195
3100	-94.16706198304458	-27.32446092118869	190.54756340083833	13.547890129104703	0.07160289212051195
3200	-79.17286695774183	-25.58709656594565	173.1739198484081	13.547890129104703	0.07160289212051195
3300	-90.9279345812062	-24.452499533752487	161.82794952647617	13.547890129104703	0.07160289212051195
3400	-122.79676092435322	-27.80060690656803	195.30902325463137	13.547890129104703	0.07160289212051195
3500	-38.123777115836106	-21.44462325424807	131.74918673143208	13.547890129104703	0.07160289212051195
3600	-87.54052070850285	-23.74979359545694	154.80089014352097	13.547890129104703	0.07160289212051195
3700	-6.283696978028515	-19.631031461136473	113.61326880031615	13.547890129104703	0.07160289212051195
3800	-46.81115329168345	-19.614700723329634	113.449961422248	13.547890129104703	0.07160289212051195
3900	-66.59404214010083	-23.728990132090406	154.59285550985587	13.547890129104703	0.07160289212051195
4000	-79.04146265773194	-25.060630206590655	167.9092562548582	13.547890129104703	0.07160289212051195
4100	-60.31951755895617	-22.752795224361318	144.83090643256475	13.547890129104703	0.07160289212051195
4200	-84.04389137771356	-25.082962138120312	168.13257557015442	13.547890129104703	0.07160289212051195
4300	-27.72441246144395	-23.009992696977687	147.40288115872812	13.547890129104703	0.07160289212051195
4400	-41.834689871255414	-21.181548257686	129.11843676581103	13.547890129104703	0.07160289212051195
4500	4.072949117457124	-20.71938243551646	124.49677854411577	13.547890129104703	0.07160289212051195
4600	-50.22945257044514	-24.659951923895104	163.90247342790207	13.547890129104703	0.07160289212051195
4700	-8.25114599090037	-19.500599145986417	112.30894564881547	13.547890129104703	0.07160289212051195
4800	-16.04803156212819	-21.67564385911776	134.05939278012903	13.547890129104703	0.07160289212051195
4900	-50.698763531979225	-23.794106272999354	155.24401691894488	13.547890129104703	0.07160289212051195
5000	-45.398584967503886	-22.870728816409642	146.01024235304757	13.547890129104703	0.07160289212051195
5100	25.89620770056637	-20.03584996118926	117.66145380084347	13.547890129104703	0.07160289212051195
5200	28.41645828613812	-20.1891646287205	119.19460047615568	13.547890129104703	0.07160289212051195
5300	8.467633157771171	-21.498025649328547	132.28321068223636	13.547890129104703	0.07160289212051195
5400	18.20233559238895	-19.59045373224571	113.20749151140802	13.547890129104703	0.07160289212051195
5500	11.694425159978934	-21.33358659366558	130.6388201256071	13.547890129104703	0.07160289212051195
5600	11.440652635727217	-23.211208201953248	149.4150362084834	13.547890129104703	0.07160289212051195
5700	-31.638748957092346	-26.137449670080663	178.67745088975724	13.547890129104703	0.07160289212051195
5800	5.739041620077716	-22.249842543227636	139.80137962122714	13.547890129104703	0.07160289212051195
5900	49.35980226472818	-20.630895286264117	123.61190705159201	13.547890129104703	0.07160289212051195
6000	44.38482562116449	-20.623842373555405	123.5413779245051	13.547890129104703	0.07160289212051195
6100	18.036857594274075	-22.86178303416126	145.92078453056365	13.547890129104703	0.07160289212051195
6200	-13.727103808460075	-25.769044659985116	174.9934007888024	13.547890129104703	0.07160289212051195
6300	36.52257548127151	-20.839016961533094	125.69312380428204	13.547890129104703	0.07160289212051195
6400	50.332280892837545	-20.999202763924607	127.29498182819708	13.547890129104703	0.07160289212051195
6500	19.59862521594957	-23.270396368259835	150.00691787154946	13.547890129104703	0.07160289212051195
6600	15.97142242781689	-22.7569631545556	144.87258573450717	13.547890129104703	0.07160289212051195
6700	11.053709829737143	-23.229321117005558	149.59616535900673	13.547890129104703	0.07160289212051195
6800	59.84462499262963	-20.543948543889712	122.74243962784811	13.547890129104703	0.07160289212051195
6900	36.67364021603477	-22.101818110289877	138.32113529184988	13.547890129104703	0.07160289212051195
7000	-19.56645423788979	-28.517775820502457	202.48071239397598	13.547890129104703	0.07160289212051195
7100	-4.856928314224973	-26.32573633279346	180.560317516886	13.547890129104703	0.07160289212051195
7200	41.893832036415276	-23.722628739571142	154.52924158466283	13.547890129104703	0.07160289212051195
7300	57.31790156750213	-23.299292823803626	150.29588242698753	13.547890129104703	0.07160289212051195
7400	23.13516979703706	-23.867673764397058	155.9796918329217	13.547890129104703	0.07160289212051195
7500	55.72624138700537	-22.07667469806189	138.06970116957038	13.547890129104703	0.07160289212051195
7600	95.39796223755818	-20.034550047340268	117.6484546623542	13.547890129104703	0.07160289212051195
7700	115.4891834338376	-20.28817914639974	120.1847456529489	13.547890129104703	0.07160289212051195
7800	97.28529718603343	-17.564115692548942	92.94411111444097	13.547890129104703	0.07160289212051195
7900	72.73639465220462	-22.9339047687954	146.64200187690557	13.547890129104703	0.07160289212051195
8000	126.83529139616358	-18.43121660787327	101.6151202676846	13.547890129104703	0.07160289212051195
8100	102.72927532734265	-20.024425621454895	117.54721040350042	13.547890129104703	0.07160289212051195
8200	25.41812856706578	-26.083985482290775	178.14280901185938	13.547890129104703	0.07160289212051195
8300	120.04315110213611	-18.78048418450868	105.10779603403856	13.547890129104703	0.07160289212051195
8400	125.97509710755052	-19.88938982740578	116.19685246300955	13.547890129104703	0.07160289212051195
8500	53.31991155201766	-24.67874537934857	164.09040798243763	13.547890129104703	0.07160289212051195
8600	112.88731367359425	-21.224887676569992	129.5518309546518	13.547890129104703	0.07160289212051195
8700	119.66121889204783	-20.597960044464013	123.28255463359224	13.547890129104703	0.07160289212051195
8800	57.17872463765016	-26.02207093641087	177.52366355306032	13.547890129104703	0.07160289212051195
8900	114.49446986633059	-19.39327090568432	111.23566324579527	13.547890129104703	0.07160289212051195
9000	137.97778066986422	-19.714400392751	114.44695811646197	13.547890129104703	0.07160289212051195
9100	117.1906811892064	-19.02267906850473	107.52974487399928	13.547890129104703	0.07160289212051195
9200	64.11653231752732	-23.48252256568997	152.1281798458516	13.547890129104703	0.07160289212051195
9300	79.32846908938838	-21.219444291905763	129.4973971080097	13.547890129104703	0.07160289212051195
9400	123.80696241354721	-19.435030461620244	111.6532588051547	13.547890129104703	0.07160289212051195
9500	142.47397167122398	-18.037992037858935	97.6828745675418	13.547890129104703	0.07160289212051195
9600	86.60995585568776	-22.162758275938067	138.93053694833296	13.547890129104703	0.07160289212051195
9700	121.41744677169562	-22.12835397524379	138.58649394139056	13.547890129104703	0.07160289212051195
9800	65.89545942627683	-23.431516075858084	151.61811494753348	13.547890129104703	0.07160289212051195
9900	96.90616045946815	-23.77283691033741	155.03132329232662	13.547890129104703	0.07160289212051195
10000	87.3888993965481	-23.553609013097308	152.83904431992542	13.547890129104703	0.07160289212051195
10100	181.86543021065395	-16.758655804595243	84.88951223490486	13.547890129104703	0.07160289212051195
10200	117.46917521703216	-21.555163443079827	132.8545886197506	13.547890129104703	0.07160289212051195
10300	69.71850470716866	-25.8266724270396	175.56967845934827	13.547890129104703	0.07160289212051195
10400	125.82621667515947	-21.632292177958504	133.62587596853737	13.547890129104703	0.07160289212051195
10500	118.93358062222799	-21.697699632267494	134.27995051162705	13.547890129104703	0.07160289212051195
10600	141.90381869693542	-19.007647619719293	107.37943038614523	13.547890129104703	0.07160289212051195
10700	115.37858555383032	-21.19095618716129	129.2125160605648	13.547890129104703	0.07160289212051195
10800	135.63020278325348	-18.48554502571514	102.15840444610296	13.547890129104703	0.07160289212051195
10900	104.14010727684011	-23.54330729015951	152.73602709054666	13.547890129104703	0.07160289212051195
11000	42.40581893154182	-25.433777557643786	171.64072976538958	13.547890129104703	0.07160289212051195
11100	89.7173660388433	-22.41847106812433	141.48766487019475	13.547890129104703	0.07160289212051195
11200	102.02075900537874	-20.87277340782562	126.03068826720745	13.547890129104703	0.07160289212051195
11300	133.43985045385278	-20.542843733819005	122.73139152714116	13.547890129104703	0.07160289212051195
11400	70.7277752911154	-24.95914415563228	166.89439574527373	13.547890129104703	0.07160289212051195
11500	115.6496926487261	-20.951628133759847	126.81923552654963	13.547890129104703	0.07160289212051195
11600	142.08718267055613	-19.475959961802943	112.06255380698066	13.547890129104703	0.07160289212051195
11700	88.74726727599476	-24.34089665665544	160.7119207555058	13.547890129104703	0.07160289212051195
11800	125.65967151715452	-21.263874274280713	129.94169693175832	13.547890129104703	0.07160289212051195
11900	183.15067566969637	-18.43285438632116	101.63149805216301	13.547890129104703	0.07160289212051195
12000	124.642236396742	-20.474218960192182	122.04514379087334	13.547890129104703	0.07160289212051195
12100	151.37056403095227	-18.51660197172824	102.46897390623423	13.547890129104703	0.07160289212051195
12200	88.61048831051365	-25.54309294611433	172.73388365009515	13.547890129104703	0.07160289212051195
12300	130.62620924551194	-21.830320642422347	135.60616061317526	13.547890129104703	0.07160289212051195
12400	125.30303132369002	-22.14023915094751	138.7053456984273	13.547890129104703	0.07160289212051195
12500	102.37566208635751	-22.982960059238668	147.13255478133865	13.547890129104703	0.07160289212051195
12600	77.08217734203367	-25.81646624257654	175.46761661471726	13.547890129104703	0.07160289212051195
12700	95.52253358241894	-23.077262506177696	148.07557925072936	13.547890129104703	0.07160289212051195
12800	43.818451791412244	-30.756577345418627	224.86872764313824	13.547890129104703	0.07160289212051195
12900	120.30586481990217	-23.67275639717666	154.0305181607186	13.547890129104703	0.07160289212051195
13000	22.721767044214218	-32.40610488688642	241.36400305781652	13.547890129104703	0.07160289212051195
13100	24.152390232126507	-31.496114948226182	232.26410367121414	13.547890129104703	0.07160289212051195
13200	81.78321981440551	-25.568366549485837	172.98661968381052	13.547890129104703	0.07160289212051195
13300	78.25673996989246	-25.536814367826906	172.6710978672212	13.547890129104703	0.07160289212051195
13400	79.02520866630766	-27.67059091044862	194.00886329343803	13.547890129104703	0.07160289212051195
13500	37.661013520424596	-30.838948144902755	225.69243563797903	13.547890129104703	0.07160289212051195
13600	52.46012354704852	-30.393713836178758	221.24009255073875	13.547890129104703	0.07160289212051195
13700	98.98490900180131	-22.413174065285254	141.4346948418035	13.547890129104703	0.07160289212051195
13800	77.01969778030258	-25.79356464358943	175.23860062484454	13.547890129104703	0.07160289212051195
13900	79.86861933020374	-27.276273131342712	190.0656855023778	13.547890129104703	0.07160289212051195
14000	151.9413005049145	-21.91904861346804	136.49344032363092	13.547890129104703	0.07160289212051195
14100	87.02967005329779	-29.59400187484583	213.24297293740872	13.547890129104703	0.07160289212051195
14200	75.62045063298055	-24.62402136767966	163.5431678657472	13.547890129104703	0.07160289212051195
14300	113.06544428877082	-23.35002586041323	150.80321279308276	13.547890129104703	0.07160289212051195
14400	84.75292404892367	-25.96673459692699	176.97030015822088	13.547890129104703	0.07160289212051195
14500	136.02854201926374	-22.73962144479219	144.69916863687277	13.547890129104703	0.07160289212051195
14600	91.83385926712481	-27.27431651713543	190.04611936030486	13.547890129104703	0.07160289212051195
14700	75.47036290515278	-29.55277399841049	212.83069417305586	13.547890129104703	0.07160289212051195
14800	126.95860679053989	-23.09516734443084	148.25462763325942	13.547890129104703	0.07160289212051195
14900	113.0698886348325	-26.27347952666025	180.0377494555534	13.547890129104703	0.07160289212051195
15000	124.07958488455257	-24.30708280810487	160.3737822699994	13.547890129104703	0.07160289212051195
15100	144.75665486649734	-24.141925935497017	158.72221354392067	13.547890129104703	0.07160289212051195
15200	148.1538250595171	-24.07451347653372	158.04808895428786	13.547890129104703	0.07160289212051195
15300	114.39081778757267	-27.6311652396927	193.61460658587782	13.547890129104703	0.07160289212051195
15400	98.7958647283713	-27.332017306417157	190.62312725312262	13.547890129104703	0.07160289212051195
15500	101.40269975431463	-26.51935708751858	182.4965250641365	13.547890129104703	0.07160289212051195
15600	133.61678453705392	-23.00875660544909	147.39052024344144	13.547890129104703	0.07160289212051195
15700	199.25489634540764	-20.815860761877765	125.46156180772806	13.547890129104703	0.07160289212051195
15800	175.34425678698256	-23.278437132715254	150.0873255161031	13.547890129104703	0.07160289212051195
15900	119.3733491200805	-26.626174955790045	183.56470374685122	13.547890129104703	0.07160289212051195
16000	162.94191223391726	-23.801678642337787	155.31974061232833	13.547890129104703	0.07160289212051195
16100	159.29641272234966	-23.12503197403996	148.5532739293499	13.547890129104703	0.07160289212051195
16200	159.39164928506074	-25.113863025259032	168.44158444154053	13.547890129104703	0.07160289212051195
16300	139.45987057457128	-29.574947210850254	213.05242629745268	13.547890129104703	0.07160289212051195
16400	210.27154114661613	-21.28246606926632	130.1276148816131	13.547890129104703	0.07160289212051195
16500	188.04992312106265	-22.998654098074777	147.28949516969763	13.547890129104703	0.07160289212051195
16600	184.93526324003375	-23.35482995682257	150.8512537571752	13.547890129104703	0.07160289212051195
16700	164.92865376149854	-24.623082102888304	163.53377521783247	13.547890129104703	0.07160289212051195
16800	154.10223040666546	-23.96706495356212	156.9736037245705	13.547890129104703	0.07160289212051195
16900	139.39289256447927	-25.548046594142686	172.78342013037656	13.547890129104703	0.07160289212051195
17000	140.2006607202218	-28.7640422122644	204.94337631159345	13.547890129104703	0.07160289212051195
17100	157.95661429077128	-26.924305267825204	186.5460068672016	13.547890129104703	0.07160289212051195
17200	171.42192374505424	-23.856368067319035	155.86663486214005	13.547890129104703	0.07160289212051195
17300	191.11967369143338	-21.82079159692162	135.51087015816546	13.547890129104703	0.07160289212051195
17400	210.89574801692842	-21.791897638292006	135.22193057186922	13.547890129104703	0.07160289212051195
17500	234.6134544648673	-18.248200303117542	99.78495722012485	13.547890129104703	0.07160289212051195
17600	189.3881747989375	-23.60768147018987	153.3797688908482	13.547890129104703	0.07160289212051195
17700	199.97555387138016	-23.609039744993304	153.3933516388824	13.547890129104703	0.07160289212051195
17800	181.47393341848903	-23.95730702649367	156.8760244538863	13.547890129104703	0.07160289212051195
17900	214.55824265908615	-20.30244382770414	120.32739246599077	13.547890129104703	0.07160289212051195
18000	236.62526077243442	-21.17757279757219	129.07868216467116	13.547890129104703	0.07160289212051195
18100	230.09628041195202	-20.97744307195086	127.07738490845793	13.547890129104703	0.07160289212051195
18200	194.73825872414298	-23.495567036538755	152.25862455433665	13.547890129104703	0.07160289212051195
18300	186.5610059950432	-25.755970519192555	174.86265938087465	13.547890129104703	0.07160289212051195
18400	191.70419699367588	-24.827013963986502	165.57309382881414	13.547890129104703	0.07160289212051195
18500	167.75029193080374	-25.228135352042475	169.5843077093737	13.547890129104703	0.07160289212051195
18600	176.989328788582	-26.109820650600103	178.40116069494994	13.547890129104703	0.07160289212051195
18700	181.6843067851532	-24.74416299648079	164.74458415375653	13.547890129104703	0.07160289212051195
18800	258.82935019400105	-18.9943637884863	107.24659207381168	13.547890129104703	0.07160289212051195
18900	164.74502734897519	-26.814342308236686	185.44637727131553	13.547890129104703	0.07160289212051195
19000	161.85673500783352	-27.04390844565717	187.74203864551978	13.547890129104703	0.07160289212051195
19100	205.14282779064152	-23.193406777341757	149.23702196236567	13.547890129104703	0.07160289212051195
19200	202.2908789442865	-22.81837105673717	145.48666475631984	13.547890129104703	0.07160289212051195
19300	205.8957859846794	-24.447046262311726	161.77341681206525	13.547890129104703	0.07160289212051195
19400	247.49909525452568	-21.731075123074447	134.6137054196921	13.547890129104703	0.07160289212051195
19500	191.68895897253282	-26.52689159975182	182.57187018646587	13.547890129104703	0.07160289212051195
19600	189.2159030935434	-26.96369042070404	186.93985839598815	13.547890129104703	0.07160289212051195
19700	210.14973606045342	-24.106561001301447	158.36856420196204	13.547890129104703	0.07160289212051195
19800	275.3166459696444	-20.041133134969193	117.71428553863947	13.547890129104703	0.07160289212051195
19900	245.79073544156452	-21.552098886113853	132.8239430500862	13.547890129104703	0.07160289212051195
20000	217.70019139663324	-24.197689675217138	159.2798509411195	13.547890129104703	0.07160289212051195
20100	248.79177466804816	-24.62543344212201	163.5572886101683	13.547890129104703	0.07160289212051195
20200	213.1642401040496	-23.367813602408088	150.98109021302943	13.547890129104703	0.07160289212051195
20300	231.0478144259769	-25.00832659917624	167.38622018071095	13.547890129104703	0.07160289212051195
20400	228.73305724161764	-24.285799233977265	160.16094652872175	13.547890129104703	0.07160289212051195
20500	217.30236465195915	-26.045075070251574	177.75370489146468	13.547890129104703	0.07160289212051195
20600	230.13929949214403	-24.019244683889656	157.49540102784553	13.547890129104703	0.07160289212051195
20700	255.77090372795087	-20.865013048137484	125.9530846703237	13.547890129104703	0.07160289212051195
20800	238.36861134162822	-24.900773817593763	166.3106923648861	13.547890129104703	0.07160289212051195
20900	266.6582169676368	-20.787960383616387	125.18255802511212	13.547890129104703	0.07160289212051195
21000	257.1813872467985	-24.758804640377566	164.89100059272394	13.547890129104703	0.07160289212051195
21100	279.65541113248474	-21.839246454916367	135.69541873811193	13.547890129104703	0.07160289212051195
21200	234.95869183567	-24.463257690625472	161.9355310952032	13.547890129104703	0.07160289212051195
21300	228.36705790037237	-27.16293947811456	188.932348970094	13.547890129104703	0.07160289212051195
21400	272.36515941096513	-23.531818868301738	152.6211428719657	13.547890129104703	0.07160289212051195
21500	279.3332057016566	-21.029151177123072	127.59446596017922	13.547890129104703	0.07160289212051195
21600	242.26373040561748	-26.122181985127952	178.524774040228	13.547890129104703	0.07160289212051195
21700	248.70299214912023	-25.004983890265837	167.35279309160694	13.547890129104703	0.07160289212051195
21800	272.0814548529722	-22.126774374374943	138.57069793269787	13.547890129104703	0.07160289212051195
21900	263.1677095970648	-22.239245359378074	139.69540778272952	13.547890129104703	0.07160289212051195
22000	253.73008114548907	-26.865628950613235	185.9592436950812	13.547890129104703	0.07160289212051195
22100	193.35186483030134	-27.4561266681559	191.86422087050784	13.547890129104703	0.07160289212051195
22200	259.09682755818494	-24.306452279468783	160.36747698363644	13.547890129104703	0.07160289212051195
22300	252.94531660708054	-25.05877570598539	167.89071124880246	13.547890129104703	0.07160289212051195
22400	242.7076037156293	-25.226174905931764	169.56470324826623	13.547890129104703	0.07160289212051195
22500	241.21808202064648	-25.777692406462084	175.0798782535695	13.547890129104703	0.07160289212051195
22600	235.87849057670172	-24.578261612259386	163.0855703115425	13.547890129104703	0.07160289212051195
22700	204.76995632286355	-31.41562721299487	231.45922631889744	13.547890129104703	0.07160289212051195
22800	208.99441816759455	-26.73257357737235	184.62868996267238	13.547890129104703	0.07160289212051195
22900	242.4180219625932	-25.346061599135556	170.76357018030447	13.547890129104703	0.07160289212051195
23000	221.1540577807879	-27.471073773099178	192.01369191994092	13.547890129104703	0.07160289212051195
23100	250.0096089244626	-25.250811211762798	169.81106630657712	13.547890129104703	0.07160289212051195
23200	249.9817951304413	-24.203802209375283	159.34097628270172	13.547890129104703	0.07160289212051195
23300	253.21044639452123	-24.634851510460088	163.65146929354972	13.547890129104703	0.07160289212051195
23400	273.38213122822356	-23.895194387863082	156.25489806757932	13.547890129104703	0.07160289212051195
23500	285.74813433847163	-23.521555832077215	152.51851250972067	13.547890129104703	0.07160289212051195
23600	220.95512171334542	-27.868207192044256	195.9850261093911	13.547890129104703	0.07160289212051195
23700	252.1584925415147	-27.710343477055083	194.40638895949925	13.547890129104703	0.07160289212051195
23800	285.3509077301733	-21.03397960801654	127.64275026911372	13.547890129104703	0.07160289212051195
23900	237.73128544380472	-26.774807757647924	185.05103176542758	13.547890129104703	0.07160289212051195
24000	273.23414655046884	-25.18809234119611	169.18387760090917	13.547890129104703	0.07160289212051195
24100	257.1373783083622	-25.615416212236717	173.4571163113155	13.547890129104703	0.07160289212051195
24200	217.99061764290644	-27.571792478949327	193.020878978442	13.547890129104703	0.07160289212051195
24300	277.31799339245003	-25.412533397837493	171.42828816732373	13.547890129104703	0.07160289212051195
24400	264.3627263134884	-25.411245404850312	171.41540823745203	13.547890129104703	0.07160289212051195
24500	290.2804710835145	-22.90798422854932	146.38279647444233	13.547890129104703	0.07160289212051195
24600	325.9016363035262	-21.014574501229788	127.4486992012467	13.547890129104703	0.07160289212051195
24700	298.2380371837864	-22.59209590857948	143.22391327474375	13.547890129104703	0.07160289212051195
24800	306.09877866258125	-22.70975392815352	144.4004934704839	13.547890129104703	0.07160289212051195
24900	298.25448275617197	-23.631644551877933	153.6193997077278	13.547890129104703	0.07160289212051195
25000	293.9882623040396	-24.608387050410034	163.3868246930491	13.547890129104703	0.07160289212051195
25100	306.39439838159876	-22.26699614158622	139.9729156048106	13.547890129104703	0.07160289212051195
25200	299.7254420136365	-23.36655121305455	150.9684663194939	13.547890129104703	0.07160289212051195
25300	315.78756096038495	-22.552403009819145	142.8269842871396	13.547890129104703	0.07160289212051195
25400	322.6203372017119	-20.78161915217277	125.1191457106756	13.547890129104703	0.07160289212051195
25500	220.3114625367263	-29.125817285163997	208.56112704058785	13.547890129104703	0.07160289212051195
25600	261.68495524142196	-26.56092418646868	182.91219605363466	13.547890129104703	0.07160289212051195
25700	303.0977091620044	-22.90748714452497	146.37782563419802	13.547890129104703	0.07160289212051195
25800	336.8343559034234	-22.223959974939838	139.5425539383466	13.547890129104703	0.07160289212051195
25900	332.2388601031358	-20.41210570169767	121.42401120592521	13.547890129104703	0.07160289212051195
26000	283.39550570268597	-25.967054993851367	176.97350412746187	13.547890129104703	0.07160289212051195
26100	318.1233457028497	-23.96842952017067	156.9872493906551	13.547890129104703	0.07160289212051195
26200	307.929614396461	-22.816278431037126	145.46573849931968	13.547890129104703	0.07160289212051195
26300	288.62776300039457	-25.033925325569793	167.64220744464652	13.547890129104703	0.07160289212051195
26400	264.03819381223565	-26.505743969696837	182.36039388591675	13.547890129104703	0.07160289212051195
26500	250.05552209966518	-27.638031530638838	193.6832694953372	13.547890129104703	0.07160289212051195
26600	280.04491905869526	-27.304682145995773	190.34977564890667	13.547890129104703	0.07160289212051195
26700	283.0282643100815	-26.487580993802553	182.17876412697476	13.547890129104703	0.07160289212051195
26800	272.34886758821426	-28.191923745238192	199.22219164133097	13.547890129104703	0.07160289212051195
26900	243.88650512185723	-32.70437577020099	244.3467118909592	13.547890129104703	0.07160289212051195
27000	344.62009111712285	-21.411147494841966	131.41442913736915	13.547890129104703	0.07160289212051195
27100	330.4031519976679	-23.483046921270734	152.13342340165644	13.547890129104703	0.07160289212051195
27200	311.82693854372917	-23.105869829075854	148.36165247970757	13.547890129104703	0.07160289212051195
27300	306.5324330114907	-24.34247654509955	160.72771963994464	13.547890129104703	0.07160289212051195
27400	282.69642064725434	-26.55199262048144	182.8228803937631	13.547890129104703	0.07160289212051195
27500	297.6890671834534	-26.138913727435003	178.69209146329865	13.547890129104703	0.07160289212051195
27600	350.39161434388586	-22.421702273558896	141.51997692453767	13.547890129104703	0.07160289212051195
27700	361.58122043917376	-20.751527353523116	124.81822772418057	13.547890129104703	0.07160289212051195
27800	308.72109390610245	-24.537020916090857	162.67316334985753	13.547890129104703	0.07160289212051195
27900	326.86635325965335	-23.10403208041733	148.34327499312258	13.547890129104703	0.07160289212051195
28000	324.6046671034407	-24.033238610721632	157.63534029616562	13.547890129104703	0.07160289212051195
28100	335.5990571106758	-24.21096814942899	159.4126356832393	13.547890129104703	0.07160289212051195
28200	276.0585917482676	-31.05313437356015	227.83429792455053	13.547890129104703	0.07160289212051195
28300	358.48076015921276	-23.63149600953298	153.61791428427878	13.547890129104703	0.07160289212051195
28400	352.58436351238515	-21.517044519378764	132.47339938273663	13.547890129104703	0.07160289212051195
28500	343.2472966955489	-23.197941612793354	149.28237031688263	13.547890129104703	0.07160289212051195
28600	276.57555521317477	-27.777776771257955	195.08072190152913	13.547890129104703	0.07160289212051195
28700	356.27626018240795	-23.706221823021224	154.36517241916184	13.547890129104703	0.07160289212051195
28800	339.5776127129091	-24.083828798898836	158.14124217793847	13.547890129104703	0.07160289212051195
28900	339.47770629903374	-25.071961201103736	168.02256619998715	13.547890129104703	0.07160289212051195
29000	368.48073661193405	-21.095497658849794	128.25793077744774	13.547890129104703	0.07160289212051195
29100	373.6798604801366	-24.66775738622973	163.98052805124715	13.547890129104703	0.07160289212051195
29200	348.71779426315305	-22.991241381423084	147.21536800318006	13.547890129104703	0.07160289212051195
29300	363.4907100650769	-24.003725822164384	157.3402124105932	13.547890129104703	0.07160289212051195
29400	385.1260597446775	-22.545272482951937	142.75567901846875	13.547890129104703	0.07160289212051195
29500	329.1389388199292	-25.810843008391977	175.41138427286967	13.547890129104703	0.07160289212051195
29600	372.685160961683	-22.13427076749553	138.6456618639047	13.547890129104703	0.07160289212051195
29700	375.48040766536576	-21.412487200851785	131.4278261974673	13.547890129104703	0.07160289212051195
29800	382.3051082529217	-23.685559856119376	154.1585527501434	13.547890129104703	0.07160289212051195
29900	393.18455159950173	-21.57714301105439	133.07438429949343	13.547890129104703	0.07160289212051195
30000	368.9605111064572	-24.43440982823676	161.64705247131684	13.547890129104703	0.07160289212051195
30100	322.5649759274551	-26.78461271929902	185.1490813819391	13.547890129104703	0.07160289212051195
30200	366.76004294379646	-22.63506250198634	143.65357920881215	13.547890129104703	0.07160289212051195
30300	347.1764671860932	-26.318888252612982	180.49183671507845	13.547890129104703	0.07160289212051195
30400	374.0555574854224	-23.3310334475568	150.6132886645168	13.547890129104703	0.07160289212051195
30500	361.0597422035352	-23.86754115794547	155.97836576840294	13.547890129104703	0.07160289212051195
30600	313.49254235660675	-27.90582726015521	196.36122679050064	13.547890129104703	0.07160289212051195
30700	353.2464348278162	-27.078062016518597	188.08357435413478	13.547890129104703	0.07160289212051195
30800	337.09997734341266	-29.046539393463615	207.768348123585	13.547890129104703	0.07160289212051195
30900	360.93464023859104	-23.95080577309073	156.81101191985613	13.547890129104703	0.07160289212051195
31000	326.16474233844593	-28.175700103120096	199.0599552201496	13.547890129104703	0.07160289212051195
31100	371.2002648740529	-24.955003586649593	166.8529900554445	13.547890129104703	0.07160289212051195
31200	413.87425994470743	-21.360691110738788	130.9098652963368	13.547890129104703	0.07160289212051195
31300	419.8694086869931	-20.585911132098854	123.16206550993755	13.547890129104703	0.07160289212051195
31400	375.45833814885407	-22.810671638800404	145.409670576953	13.547890129104703	0.07160289212051195
31500	425.3195239848235	-19.70693346972664	114.37228888621476	13.547890129104703	0.07160289212051195
31600	381.3430813018324	-24.1250781784967	158.5537359739153	13.547890129104703	0.07160289212051195
31700	389.0078160898384	-22.42190534130585	141.52200760200714	13.547890129104703	0.07160289212051195
31800	416.4576457362647	-22.6330751242599	143.63370543154767	13.547890129104703	0.07160289212051195
31900	388.2379425063521	-23.0299767686618	147.60272187556677	13.547890129104703	0.07160289212051195
32000	427.3567610007582	-21.553193979881968	132.83489398776797	13.547890129104703	0.07160289212051195
32100	391.7443108229615	-22.767781454467453	144.98076873362268	13.547890129104703	0.07160289212051195
32200	416.00804744032394	-21.29969961140041	130.2999503029519	13.547890129104703	0.07160289212051195
32300	440.48263085661125	-19.65059590165857	113.8089132055334	13.547890129104703	0.07160289212051195
32400	444.24686605638584	-20.867880119612728	125.9817553850753	13.547890129104703	0.07160289212051195
32500	410.6799575193862	-22.018531832468184	137.48827251362954	13.547890129104703	0.07160289212051195
32600	405.78745328518306	-22.667071971874154	143.9736739076893	13.547890129104703	0.07160289212051195
32700	403.2126103474053	-23.29243533859413	150.22730757488858	13.547890129104703	0.07160289212051195
32800	385.1524634705972	-24.749839707472372	164.80135126367063	13.547890129104703	0.07160289212051195
32900	407.6637742139573	-24.24329503279891	159.73590451693616	13.547890129104703	0.07160289212051195
33000	417.88480202470936	-22.991851920458327	147.22147339353	13.547890129104703	0.07160289212051195
33100	406.5692277684971	-24.406506612496056	161.3680203139075	13.547890129104703	0.07160289212051195
33200	407.6961685466271	-24.32873028278837	160.5902570168306	13.547890129104703	0.07160289212051195
33300	397.48289440420604	-24.78149964962854	165.11795068523227	13.547890129104703	0.07160289212051195
33400	485.76149664188847	-20.05058568475071	117.80881103645393	13.547890129104703	0.07160289212051195
33500	437.33250648963667	-21.646285034600695	133.76580453495376	13.547890129104703	0.07160289212051195
33600	403.35758108189685	-23.140464773831027	148.70760192725757	13.547890129104703	0.07160289212051195
33700	418.6103328016766	-23.822719440403503	155.53014859298287	13.547890129104703	0.07160289212051195
33800	445.9816575908936	-21.908285934614057	136.38581353508818	13.547890129104703	0.07160289212051195
33900	357.01139898777257	-33.01047607638695	247.4077149528168	13.547890129104703	0.07160289212051195
34000	382.37406641218075	-25.831759822375837	175.6205524127059	13.547890129104703	0.07160289212051195
34100	383.40772409543473	-24.443004118570357	161.73299537465107	13.547890129104703	0.07160289212051195
34200	390.30837917076366	-23.78358867513917	155.1388409403389	13.547890129104703	0.07160289212051195
34300	435.01007328660774	-23.90658957022589	156.36884989120594	13.547890129104703	0.07160289212051195
34400	390.759278655358	-27.41692214952689	191.4721756842159	13.547890129104703	0.07160289212051195
34500	418.3676869119311	-23.393885115873324	151.24180534768033	13.547890129104703	0.07160289212051195
34600	437.78887231713304	-22.53159692154078	142.61892340435475	13.547890129104703	0.07160289212051195
34700	387.9694971647098	-28.81722872655523	205.47524145449944	13.547890129104703	0.07160289212051195
34800	371.8045991082011	-28.806267920096104	205.36563338990786	13.547890129104703	0.07160289212051195
34900	420.8887509091037	-24.087920797462704	158.18216216357362	13.547890129104703	0.07160289212051195
35000	450.1835793580248	-23.0497605058297	147.80055924724383	13.547890129104703	0.07160289212051195
35100	421.9364974454014	-25.286906832724608	170.17202251619258	13.547890129104703	0.07160289212051195
35200	417.9160011763984	-27.210971372371223	189.4126679126588	13.547890129104703	0.07160289212051195
35300	424.3010374810917	-24.157986636201862	158.88282055096516	13.547890129104703	0.07160289212051195
35400	408.9836111869758	-26.589249698902112	183.1954511779679	13.547890129104703	0.07160289212051195
35500	458.4834513500945	-23.0567151507098	147.8701056960445	13.547890129104703	0.07160289212051195
35600	455.99032382614473	-21.62688290418768	133.57178323082329	13.547890129104703	0.07160289212051195
35700	441.93472667897413	-24.328540638800813	160.58836057695487	13.547890129104703	0.07160289212051195
35800	447.7962068595398	-22.757970470147484	144.88265889042205	13.547890129104703	0.07160289212051195
35900	501.934554292986	-20.15998409241436	118.90279511309079	13.547890129104703	0.07160289212051195
36000	419.77376751217156	-26.54408433939381	182.74379758288552	13.547890129104703	0.07160289212051195
36100	452.4630568336003	-24.496588772207136	162.26884191101877	13.547890129104703	0.07160289212051195
36200	457.7981716945204	-22.932833029165568	146.63128448060303	13.547890129104703	0.07160289212051195
36300	464.8880409601737	-22.31730471604385	140.47600134938557	13.547890129104703	0.07160289212051195
36400	447.3394395629455	-23.270185293183726	150.00480712078422	13.547890129104703	0.07160289212051195
36500	422.58167914803346	-26.728352246713165	184.58647665607828	13.547890129104703	0.07160289212051195
36600	500.5058639658112	-19.990583273328667	117.20878692223306	13.547890129104703	0.07160289212051195
36700	426.967551914227	-27.09426352990507	188.2455894879968	13.547890129104703	0.07160289212051195
36800	502.1143189678963	-21.884472839528822	136.1476825842343	13.547890129104703	0.07160289212051195
36900	489.9641662495455	-22.15998198496332	138.9027740385789	13.547890129104703	0.07160289212051195
37000	484.7382847599332	-22.91560317876234	146.4589859765694	13.547890129104703	0.07160289212051195
37100	457.8174255717146	-24.483493119622796	162.13788538517383	13.547890129104703	0.07160289212051195
37200	504.29085178603344	-21.84721356030824	135.77508979202798	13.547890129104703	0.07160289212051195
37300	467.65458656414	-23.882684539279694	156.12979958174247	13.547890129104703	0.07160289212051195
37400	520.1331121892847	-22.13127963746124	138.61575056355784	13.547890129104703	0.07160289212051195
37500	457.23376471167114	-24.78209175650081	165.12387175395367	13.547890129104703	0.07160289212051195
37600	479.8918951423351	-25.785204126941085	175.1549954583562	13.547890129104703	0.07160289212051195
37700	494.4812559673914	-23.07336532572528	148.03660744619773	13.547890129104703	0.07160289212051195
37800	546.4619081884268	-20.169801568985473	119.00096987879975	13.547890129104703	0.07160289212051195
37900	532.5920773925284	-21.37623323051451	131.06528649409023	13.547890129104703	0.07160289212051195
38000	509.8778965789301	-23.339241279037367	150.69536697931883	13.547890129104703	0.07160289212051195
38100	475.88612199784967	-24.00469859745519	157.34994016349685	13.547890129104703	0.07160289212051195
38200	497.34889097980584	-22.356924945286053	140.87220364180547	13.547890129104703	0.07160289212051195
38300	543.5676790454947	-20.700409335969002	124.3070475486347	13.547890129104703	0.07160289212051195
38400	507.0717977140215	-23.01817380160075	147.48469220495232	13.547890129104703	0.07160289212051195
38500	544.1437015876136	-20.590339155565957	123.20634574460405	13.547890129104703	0.07160289212051195
38600	505.0085948250703	-24.450981976207057	161.81277395101526	13.547890129104703	0.07160289212051195
38700	517.0005007802445	-25.1381107920567	168.68406210951164	13.547890129104703	0.07160289212051195
38800	476.60932412213765	-27.123451911156543	188.53747330051	13.547890129104703	0.07160289212051195
38900	472.33229261080186	-27.678240092640696	194.08535511535175	13.547890129104703	0.07160289212051195
39000	494.1034863751285	-24.44996387748716	161.80259296381675	13.547890129104703	0.07160289212051195
39100	525.4028096381937	-21.544985459415653	132.752808783102	13.547890129104703	0.07160289212051195
39200	526.3213580789397	-21.702933399554098	134.33228818448674	13.547890129104703	0.07160289212051195
39300	546.1486515040623	-20.87902823963309	126.09323658527654	13.547890129104703	0.07160289212051195
39400	512.5438729418593	-23.70606210433066	154.3635752322519	13.547890129104703	0.07160289212051195
39500	558.6770848950273	-21.13635906515999	128.66654484054507	13.547890129104703	0.07160289212051195
39600	495.94562408398826	-24.178037547424868	159.08332966319372	13.547890129104703	0.07160289212051195
39700	572.802467870831	-20.027905038444555	117.5820045733906	13.547890129104703	0.07160289212051195
39800	557.5041822800434	-20.885027552413707	126.15322971308183	13.547890129104703	0.07160289212051195
39900	539.558857855549	-21.983088417476466	137.13383836370926	13.547890129104703	0.07160289212051195
40000	491.548648856224	-25.387908304575273	171.18203723469722	13.547890129104703	0.07160289212051195
40100	520.1733465691514	-23.03641637216749	147.66711791061906	13.547890129104703	0.07160289212051195
40200	508.0240169890272	-26.284675652853434	180.14971071747817	13.547890129104703	0.07160289212051195
40300	520.9263988711133	-24.866377477685717	165.9667289658009	13.547890129104703	0.07160289212051195
40400	559.3192924633021	-22.748111955956652	144.78407374850994	13.547890129104703	0.07160289212051195
40500	506.5481429020505	-26.918990514186017	186.492859330804	13.547890129104703	0.07160289212051195
40600	552.1404818578205	-21.24827280769353	129.78568226587936	13.547890129104703	0.07160289212051195
40700	523.137278572913	-25.72820753098246	174.5850294987687	13.547890129104703	0.07160289212051195
40800	549.8379699910289	-23.93870164587746	156.6899706477186	13.547890129104703	0.07160289212051195
40900	593.6911600515718	-20.693024304162964	124.23319723057382	13.547890129104703	0.07160289212051195
41000	551.8089304170613	-22.490006213283458	142.20301632177885	13.547890129104703	0.07160289212051195
41100	533.6852478002016	-24.501224085607316	162.31519504501756	13.547890129104703	0.07160289212051195
41200	583.2340472318299	-20.30941783473293	120.39713253627396	13.547890129104703	0.07160289212051195
41300	586.3816644933579	-21.46476011916297	131.9505553805742	13.547890129104703	0.07160289212051195
41400	586.0643964502448	-21.486943470822855	132.17238889717282	13.547890129104703	0.07160289212051195
41500	589.9351394685347	-21.18574359347788	129.16039012372283	13.547890129104703	0.07160289212051195
41600	606.7093330880938	-19.966812700174902	116.97108119069279	13.547890129104703	0.07160289212051195
41700	583.9752220650565	-21.46467181603628	131.94967234930655	13.547890129104703	0.07160289212051195
41800	600.0645498008221	-19.653872338306606	113.84167757200996	13.547890129104703	0.07160289212051195
41900	631.145677811609	-19.099665282792383	108.29960701686791	13.547890129104703	0.07160289212051195
42000	548.0703874123461	-22.764320289629694	144.94615708524125	13.547890129104703	0.07160289212051195
42100	593.3659065276553	-25.683707148382517	174.1400256727694	13.547890129104703	0.07160289212051195
42200	567.4703537778637	-23.546334318302062	152.76629737196438	13.547890129104703	0.07160289212051195
42300	596.3687180925014	-21.36883977896419	130.99135197858615	13.547890129104703	0.07160289212051195
42400	520.0073283541586	-26.302027010771504	180.32322429665928	13.547890129104703	0.07160289212051195
42500	625.2904184512132	-19.84657461372546	115.76870032619885	13.547890129104703	0.07160289212051195
42600	592.9391039808016	-20.969454365743577	126.99749784638014	13.547890129104703	0.07160289212051195
42700	568.4240294009668	-23.626141861637468	153.56437280531907	13.547890129104703	0.07160289212051195
42800	583.5048642423111	-25.727574100141343	174.57869519035782	13.547890129104703	0.07160289212051195
42900	628.5837067979776	-20.152125791442902	118.82421210337301	13.547890129104703	0.07160289212051195
43000	609.2781056934864	-21.81977251325424	135.50067932148644	13.547890129104703	0.07160289212051195
43100	588.4280557490302	-23.48945529467921	152.1975071357363	13.547890129104703	0.07160289212051195
43200	642.9396058923775	-19.750690083207935	114.80985502102334	13.547890129104703	0.07160289212051195
43300	601.7365025303446	-24.33425058840509	160.6454600729948	13.547890129104703	0.07160289212051195
43400	628.5974775850092	-21.506176733836167	132.36472152730548	13.547890129104703	0.07160289212051195
43500	639.3668137970641	-21.012000022107042	127.42295441001417	13.547890129104703	0.07160289212051195
43600	614.1672406214926	-22.837598016646886	145.67893435541248	13.547890129104703	0.07160289212051195
43700	632.464866730427	-21.41039209489987	131.40687513794208	13.547890129104703	0.07160289212051195
43800	660.1133108044057	-19.761829485340687	114.92124904235007	13.547890129104703	0.07160289212051195
43900	618.954798958012	-23.19577710738038	149.26072526274706	13.547890129104703	0.07160289212051195
44000	612.4791853170757	-23.315691000172457	150.45986419066773	13.547890129104703	0.07160289212051195
44100	619.7365214667439	-24.272504106517005	160.02799525411314	13.547890129104703	0.07160289212051195
44200	650.1715555282167	-21.134535794413175	128.64831213307485	13.547890129104703	0.07160289212051195
44300	594.6023937408847	-23.02403676264971	147.5433218154402	13.547890129104703	0.07160289212051195
44400	604.658735177328	-24.841718087339963	165.72013506234302	13.547890129104703	0.07160289212051195
44500	623.0286210236764	-22.235799967817783	139.66095386712138	13.547890129104703	0.07160289212051195
44600	609.3385458370494	-22.918864952176943	146.49160371071295	13.547890129104703	0.07160289212051195
44700	586.0306176249057	-25.431200769912003	171.6149618880632	13.547890129104703	0.07160289212051195
44800	622.8991554392027	-24.249365276149472	159.79660695043768	13.547890129104703	0.07160289212051195
44900	594.1661049236739	-24.638012340411578	163.68307759305878	13.547890129104703	0.07160289212051195
45000	622.3648606127007	-23.46306921684554	151.93364635739866	13.547890129104703	0.07160289212051195
45100	658.828080776593	-20.65518329169281	123.85478710587142	13.547890129104703	0.07160289212051195
45200	618.7538731072365	-24.864425008794697	165.9472042768903	13.547890129104703	0.07160289212051195
45300	663.8346767149793	-20.280263662748617	120.10559081642936	13.547890129104703	0.07160289212051195
45400	642.5696299470267	-22.967612087718383	146.97907506612714	13.547890129104703	0.07160289212051195
45500	642.8319836501585	-23.56695675464607	152.97252173540406	13.547890129104703	0.07160289212051195
45600	633.1587043030554	-24.449842641391662	161.80138060286004	13.547890129104703	0.07160289212051195
45700	629.6860995566796	-25.71993481877546	174.50230237669797	13.547890129104703	0.07160289212051195
45800	617.3133331867962	-22.386522454886656	141.16817873780997	13.547890129104703	0.07160289212051195
45900	656.2421983619504	-23.58278136587219	153.1307678476654	13.547890129104703	0.07160289212051195
46000	678.5459841909196	-22.535894864088004	142.6619028298232	13.547890129104703	0.07160289212051195
46100	656.1017798201441	-23.12202521965294	148.5232063854726	13.547890129104703	0.07160289212051195
46200	657.9365911278653	-20.8946626823989	126.24958101293224	13.547890129104703	0.07160289212051195
46300	665.6952461870034	-23.308499576213098	150.3879499510745	13.547890129104703	0.07160289212051195
46400	672.9942290596834	-21.995429780370877	137.2572519926525	13.547890129104703	0.07160289212051195
46500	661.1970893378328	-21.147168464757904	128.77463883652277	13.547890129104703	0.07160289212051195
46600	634.4644994982967	-24.362180227089226	160.92475645983598	13.547890129104703	0.07160289212051195
46700	648.9043327328509	-22.347195005361446	140.77490424255802	13.547890129104703	0.07160289212051195
46800	698.8917430801479	-20.288888758441594	120.19184177335923	13.547890129104703	0.07160289212051195
46900	677.699431524424	-21.094206272369288	128.24501691263652	13.547890129104703	0.07160289212051195
47000	647.9827921702724	-24.54138820956424	162.71683628458604	13.547890129104703	0.07160289212051195
47100	660.2874484556141	-22.575977901649726	143.06273320544057	13.547890129104703	0.07160289212051195
47200	667.6081206881801	-22.880649833523233	146.1094525241753	13.547890129104703	0.07160289212051195
47300	669.775201270729	-22.98411802305906	147.14413441953351	13.547890129104703	0.07160289212051195
47400	686.0480879088918	-22.35114871408627	140.81444132980573	13.547890129104703	0.07160289212051195
47500	703.0453974948573	-20.462509751232577	121.92805170126869	13.547890129104703	0.07160289212051195
47600	645.1606800011813	-25.608876871287727	173.39172290182006	13.547890129104703	0.07160289212051195
47700	658.7465089644302	-23.2231411413673	149.53436560261613	13.547890129104703	0.07160289212051195
47800	617.3627956858068	-28.493104859684202	202.23400278578512	13.547890129104703	0.07160289212051195
47900	627.5599777111144	-28.750267228149987	204.80562647044286	13.547890129104703	0.07160289212051195
48000	631.0801791067332	-31.42537395237805	231.55669371272353	13.547890129104703	0.07160289212051195
48100	620.662607006831	-26.795018688146005	185.25314107040293	13.547890129104703	0.07160289212051195
48200	656.5241647601221	-23.636223581036546	153.66518999930867	13.547890129104703	0.07160289212051195
48300	632.2144522286372	-26.30328175508643	180.33577173980746	13.547890129104703	0.07160289212051195
48400	620.8344391847215	-27.058609020944456	187.88904439838808	13.547890129104703	0.07160289212051195
48500	637.5585439272564	-27.606873617999142	193.37169036893502	13.547890129104703	0.07160289212051195
48600	659.6258796573356	-25.42705320078253	171.5734861967689	13.547890129104703	0.07160289212051195
48700	626.0072338822741	-28.821384871888938	205.51680290783304	13.547890129104703	0.07160289212051195
48800	664.150327101522	-26.534949322894885	182.6524474178928	13.547890129104703	0.07160289212051195
48900	624.4809872123581	-31.26830252230996	229.9859794120429	13.547890129104703	0.07160289212051195
49000	628.5754392109677	-27.957802085841514	196.88097504735887	13.547890129104703	0.07160289212051195
49100	657.0643936378607	-28.983627197655878	207.1392261655024	13.547890129104703	0.07160289212051195
49200	631.9898558710211	-28.843895581226437	205.74191000120817	13.547890129104703	0.07160289212051195
49300	622.850877884659	-29.475225306390662	212.0552072528508	13.547890129104703	0.07160289212051195
49400	681.6759315735296	-21.914100842305675	136.44396261200075	13.547890129104703	0.07160289212051195
49500	615.9326881981447	-31.85368278020853	235.839781991029	13.547890129104703	0.07160289212051195
49600	691.6716127143699	-22.72873063184877	144.59026050743145	13.547890129104703	0.07160289212051195
49700	633.9451925880703	-26.58308853718289	183.13383956077257	13.547890129104703	0.07160289212051195
49800	718.3569396387215	-20.47054704246535	122.00842461359748	13.547890129104703	0.07160289212051195
49900	724.5089215789709	-20.88545513803221	126.15750556926598	13.547890129104703	0.07160289212051195
50000	719.4204680274066	-21.969425671265103	136.99721090159483	13.547890129104703	0.07160289212051195
