iteration	likelihood	prior	σ²	 m 	 α 
100	4090.6823246595254	-8.187759416817734	7.019996227717146	4.777483080872568	1.0025620697684912
200	4052.0387074431155	-8.391353023352796	9.055932293067897	4.777483080872568	1.0025620697684912
300	4081.8900685073345	-8.236064119988932	7.50304325942944	4.777483080872568	1.0025620697684912
400	4143.487788369914	-8.096086397945282	6.103266038992808	4.777483080872568	1.0025620697684912
500	4046.763951511057	-8.437218001928404	9.514582078824183	4.777483080872568	1.0025620697684912
600	4133.6213200738575	-8.118188012681465	6.32428218635487	4.777483080872568	1.0025620697684912
700	4112.548107121751	-8.209550464869222	7.237906708232409	4.777483080872568	1.0025620697684912
800	4103.773018540203	-8.29138728020357	8.0562748615759	4.777483080872568	1.0025620697684912
900	3972.6237125278353	-9.084380351702729	15.986205576567462	4.777483080872568	1.0025620697684912
1000	4094.9754300445666	-8.344670910295289	8.58911116249317	4.777483080872568	1.0025620697684912
1100	4110.4613124830385	-8.22786821777499	7.4210842372902395	4.777483080872568	1.0025620697684912
1200	4191.841778258578	-8.043107310671669	5.573475166257037	4.777483080872568	1.0025620697684912
1300	4191.614640400741	-8.043616179491826	5.578563854458498	4.777483080872568	1.0025620697684912
1400	4185.019364949539	-8.154874094036485	6.691142999904899	4.777483080872568	1.0025620697684912
1500	4133.121675789621	-8.224515430820212	7.387556367742309	4.777483080872568	1.0025620697684912
1600	4117.014643917825	-8.353003547995838	8.672437539498581	4.777483080872568	1.0025620697684912
1700	4057.011100357134	-8.72853313274003	12.4277333869405	4.777483080872568	1.0025620697684912
1800	4080.5869789947037	-8.547968608759833	10.622088147138568	4.777483080872568	1.0025620697684912
1900	4079.6324333671228	-8.613180100659969	11.274203066139863	4.777483080872568	1.0025620697684912
2000	4072.0531799318774	-8.828025216848971	13.42265422802992	4.777483080872568	1.0025620697684912
2100	4122.254904903082	-8.356371543101709	8.706117490557219	4.777483080872568	1.0025620697684912
2200	4156.821739632349	-8.356146919842532	8.70387125796522	4.777483080872568	1.0025620697684912
2300	4131.272051279057	-8.49602294617852	10.102631521325028	4.777483080872568	1.0025620697684912
2400	4141.262584849891	-8.359988141045053	8.74228346999031	4.777483080872568	1.0025620697684912
2500	4122.150098513366	-8.56045857709868	10.746987830526578	4.777483080872568	1.0025620697684912
2600	4175.504368083443	-8.27632305359355	7.905632595475058	4.777483080872568	1.0025620697684912
2700	4211.588292844408	-8.143789485573148	6.580296915271066	4.777483080872568	1.0025620697684912
2800	4233.558975080228	-8.10708207485297	6.213222808069265	4.777483080872568	1.0025620697684912
2900	4229.200687425269	-8.137969269404856	6.522094753588356	4.777483080872568	1.0025620697684912
3000	4295.644895997676	-7.88275818260571	3.969983885597031	4.777483080872568	1.0025620697684912
3100	4239.541975220272	-8.072968211781271	5.872084177352713	4.777483080872568	1.0025620697684912
3200	4243.650550510194	-8.122240366337156	6.364805722911611	4.777483080872568	1.0025620697684912
3300	4198.915542467508	-8.197254942055022	7.114951480090108	4.777483080872568	1.0025620697684912
3400	4275.5233753990315	-8.027868315872409	5.4210852182639115	4.777483080872568	1.0025620697684912
3500	4307.860176785415	-7.946823823650697	4.610640296046856	4.777483080872568	1.0025620697684912
3600	4363.452593766036	-7.801703827361163	3.1594403331515033	4.777483080872568	1.0025620697684912
3700	4278.473568423158	-7.985903443163041	5.001436491170321	4.777483080872568	1.0025620697684912
3800	4347.787187018357	-7.878414421868598	3.926546278225867	4.777483080872568	1.0025620697684912
3900	4387.110480370428	-7.799591606167665	3.138318121216616	4.777483080872568	1.0025620697684912
4000	4470.910151744237	-7.68888879854717	2.031290045011695	4.777483080872568	1.0025620697684912
4100	4490.901321253632	-7.6952359393358485	2.094761452898425	4.777483080872568	1.0025620697684912
4200	4428.160654232838	-7.771257947826321	2.854981537803129	4.777483080872568	1.0025620697684912
4300	4449.279206358669	-7.726035978194969	2.4027618414895864	4.777483080872568	1.0025620697684912
4400	4443.853083237365	-7.77138307736727	2.8562328332126024	4.777483080872568	1.0025620697684912
4500	4458.049904380496	-7.738120921777246	2.5236112773123334	4.777483080872568	1.0025620697684912
4600	4422.705909929033	-7.775785931985305	2.9002613793929126	4.777483080872568	1.0025620697684912
4700	4474.373540589044	-7.760160912840797	2.7440111879478084	4.777483080872568	1.0025620697684912
4800	4375.687985056515	-7.9802178234216035	4.944580293755747	4.777483080872568	1.0025620697684912
4900	4428.491823640969	-7.825761839875019	3.400020458289867	4.777483080872568	1.0025620697684912
5000	4472.08494105446	-7.709370423898187	2.236106298521434	4.777483080872568	1.0025620697684912
5100	4369.917792772551	-7.896981085629273	4.112212915832177	4.777483080872568	1.0025620697684912
5200	4476.066649387208	-7.723369314484267	2.3760952043820183	4.777483080872568	1.0025620697684912
5300	4468.216266469239	-7.750039090528825	2.6427929648274895	4.777483080872568	1.0025620697684912
5400	4367.487535910583	-8.004497922982834	5.1873812893676545	4.777483080872568	1.0025620697684912
5500	4491.261898692559	-7.746793537318721	2.610337432726466	4.777483080872568	1.0025620697684912
5600	4299.470288476811	-8.207026908177792	7.212671141317169	4.777483080872568	1.0025620697684912
5700	4398.7830130504835	-7.932308419317093	4.465486252710119	4.777483080872568	1.0025620697684912
5800	4489.398690557156	-7.768138921800604	2.8237912775452596	4.777483080872568	1.0025620697684912
5900	4381.535772841992	-7.918014290480816	4.322544964347348	4.777483080872568	1.0025620697684912
6000	4283.558878419137	-8.336661232296533	8.509014382504548	4.777483080872568	1.0025620697684912
6100	4220.372368213018	-8.52872876030106	10.42968966254977	4.777483080872568	1.0025620697684912
6200	4355.707853730767	-7.978878559045134	4.931187649990444	4.777483080872568	1.0025620697684912
6300	4370.484119225236	-8.03225977992045	5.464999858743675	4.777483080872568	1.0025620697684912
6400	4417.48992524845	-7.938529494241433	4.52769700195337	4.777483080872568	1.0025620697684912
6500	4410.117967549564	-7.927266362378375	4.415065683322761	4.777483080872568	1.0025620697684912
6600	4566.498302706166	-7.6853111082992065	1.995513142531092	4.777483080872568	1.0025620697684912
6700	4388.577677157626	-8.015019251701009	5.2925945765490825	4.777483080872568	1.0025620697684912
6800	4394.976046052768	-7.999519562227292	5.137597681811755	4.777483080872568	1.0025620697684912
6900	4491.271002857529	-7.8040838254508476	3.1832403140474277	4.777483080872568	1.0025620697684912
7000	4470.3156892143825	-7.820729328174261	3.3496953412816235	4.777483080872568	1.0025620697684912
7100	4609.315969958357	-7.660498947560608	1.7473915351450366	4.777483080872568	1.0025620697684912
7200	4519.400426237673	-7.785843981724878	3.0008418767877543	4.777483080872568	1.0025620697684912
7300	4548.373847559555	-7.701238913619342	2.1547911957324613	4.777483080872568	1.0025620697684912
7400	4553.548828824573	-7.762585898734297	2.7682610468819764	4.777483080872568	1.0025620697684912
7500	4490.685530475216	-7.826110884391618	3.403510903455261	4.777483080872568	1.0025620697684912
7600	4484.490985843936	-7.866938171750731	3.81178377704639	4.777483080872568	1.0025620697684912
7700	4402.743500248806	-7.982008522828733	4.962487287826395	4.777483080872568	1.0025620697684912
7800	4558.583489338435	-7.755997420428458	2.702376263823629	4.777483080872568	1.0025620697684912
7900	4504.871504976492	-7.825833822186005	3.4007402813991234	4.777483080872568	1.0025620697684912
8000	4542.633609036633	-7.7198641574944915	2.341043634483997	4.777483080872568	1.0025620697684912
8100	4506.354375263143	-7.857035621182997	3.712758271369205	4.777483080872568	1.0025620697684912
8200	4492.243575061021	-7.857062215190474	3.713024211444026	4.777483080872568	1.0025620697684912
8300	4352.6800762724415	-8.286754702310546	8.009949082644729	4.777483080872568	1.0025620697684912
8400	4358.590286273615	-8.205846415583853	7.20086621537771	4.777483080872568	1.0025620697684912
8500	4253.188975403885	-8.736137681118404	12.503778870723249	4.777483080872568	1.0025620697684912
8600	4333.427627932835	-8.33916719554851	8.534074015024363	4.777483080872568	1.0025620697684912
8700	4411.116157225237	-8.085275846987685	5.995160529415954	4.777483080872568	1.0025620697684912
8800	4350.097437427306	-8.354279686335337	8.68519892289247	4.777483080872568	1.0025620697684912
8900	4375.865522688191	-8.318653638823756	8.328938447776641	4.777483080872568	1.0025620697684912
9000	4273.472065345042	-8.819353989855943	13.335941958098465	4.777483080872568	1.0025620697684912
9100	4382.351487133895	-8.241537969833447	7.557781757873516	4.777483080872568	1.0025620697684912
9200	4441.872617382445	-8.076563331965737	5.908035379196239	4.777483080872568	1.0025620697684912
9300	4461.002617299487	-8.038344411743227	5.52584617697108	4.777483080872568	1.0025620697684912
9400	4498.5948902521495	-7.9912067159527105	5.054469219066101	4.777483080872568	1.0025620697684912
9500	4459.117322570192	-8.02894977195231	5.431899779062163	4.777483080872568	1.0025620697684912
9600	4461.215634652609	-8.067884853494105	5.821250594480161	4.777483080872568	1.0025620697684912
9700	4504.284956536649	-8.040194311645823	5.544345175997359	4.777483080872568	1.0025620697684912
9800	4444.935798661643	-8.154139512891371	6.683797188453003	4.777483080872568	1.0025620697684912
9900	4542.298300434328	-7.890788815074638	4.050290210285817	4.777483080872568	1.0025620697684912
10000	4576.034968703107	-7.8027934841306195	3.1703369008456193	4.777483080872568	1.0025620697684912
10100	4575.547387672324	-7.872112097702341	3.863523036562801	4.777483080872568	1.0025620697684912
10200	4466.088928776629	-8.070034627147916	5.842748331018401	4.777483080872568	1.0025620697684912
10300	4426.435927584322	-8.344200954799561	8.584411607534873	4.777483080872568	1.0025620697684912
10400	4466.0746086235795	-8.146296972266827	6.605371782207404	4.777483080872568	1.0025620697684912
10500	4502.585010309092	-8.043356277469124	5.575964834230378	4.777483080872568	1.0025620697684912
10600	4388.190547902382	-8.499108334723473	10.133485406774193	4.777483080872568	1.0025620697684912
10700	4422.754463165185	-8.264941393719262	7.791815996732098	4.777483080872568	1.0025620697684912
10800	4371.530019002711	-8.599217397701265	11.134576036552145	4.777483080872568	1.0025620697684912
10900	4322.497833686373	-8.803761954972376	13.180021609263235	4.777483080872568	1.0025620697684912
11000	4391.505410860923	-8.60081954271488	11.150597486688403	4.777483080872568	1.0025620697684912
11100	4517.163298810323	-8.073191715393467	5.874319213474073	4.777483080872568	1.0025620697684912
11200	4560.535448859095	-7.971777412895642	4.860176188495835	4.777483080872568	1.0025620697684912
11300	4485.479230049017	-8.209248159719335	7.234883656732634	4.777483080872568	1.0025620697684912
11400	4606.597075090801	-7.852717986809446	3.669581927633774	4.777483080872568	1.0025620697684912
11500	4730.560413767485	-7.704308139817044	2.1854834577097573	4.777483080872568	1.0025620697684912
11600	4742.92218816069	-7.671290115187376	1.8553032114131447	4.777483080872568	1.0025620697684912
11700	4665.190060289336	-7.823758681579504	3.379988875334432	4.777483080872568	1.0025620697684912
11800	4658.074121839402	-7.815395152240556	3.296353581945007	4.777483080872568	1.0025620697684912
11900	4604.2043199358595	-7.912813399268013	4.270536052219599	4.777483080872568	1.0025620697684912
12000	4640.043886904134	-7.891432993382428	4.056731993363764	4.777483080872568	1.0025620697684912
12100	4562.953989687703	-8.036254837803408	5.504950437573516	4.777483080872568	1.0025620697684912
12200	4517.604128533624	-8.192188448271963	7.0642865422590475	4.777483080872568	1.0025620697684912
12300	4624.639053284667	-7.863441898959628	3.7768210491357226	4.777483080872568	1.0025620697684912
12400	4712.784357595043	-7.741777309457242	2.5601751541118625	4.777483080872568	1.0025620697684912
12500	4658.78886889881	-7.850139901723245	3.6438010767717697	4.777483080872568	1.0025620697684912
12600	4662.543042016964	-7.8221380440956185	3.3637825004953044	4.777483080872568	1.0025620697684912
12700	4575.270735760077	-8.03654947490212	5.50789680856043	4.777483080872568	1.0025620697684912
12800	4552.960010706779	-8.00418946525815	5.184296712120591	4.777483080872568	1.0025620697684912
12900	4599.88148201303	-7.976038998138612	4.902792040925141	4.777483080872568	1.0025620697684912
13000	4675.395182362638	-7.802741689735171	3.1698189568907424	4.777483080872568	1.0025620697684912
13100	4561.969712016746	-8.133681022448439	6.4792122840233874	4.777483080872568	1.0025620697684912
13200	4570.133045833903	-8.15045085311308	6.646910590669795	4.777483080872568	1.0025620697684912
13300	4644.146034719597	-7.892640138890966	4.068803448448763	4.777483080872568	1.0025620697684912
13400	4610.665809648068	-7.978180281760992	4.924204877149151	4.777483080872568	1.0025620697684912
13500	4557.639704355979	-8.222182485439024	7.364226913929263	4.777483080872568	1.0025620697684912
13600	4617.004316573473	-7.985383476022965	4.996236819768671	4.777483080872568	1.0025620697684912
13700	4684.779146222013	-7.8425412606011236	3.567814665550281	4.777483080872568	1.0025620697684912
13800	4837.621929252509	-7.678132172133138	1.9237237808703211	4.777483080872568	1.0025620697684912
13900	4797.799888684634	-7.698703440327593	2.1294364628148603	4.777483080872568	1.0025620697684912
14000	4825.201231122997	-7.661505854613872	1.7574606056776834	4.777483080872568	1.0025620697684912
14100	4860.387819803883	-7.649888958392817	1.6412916434671068	4.777483080872568	1.0025620697684912
14200	4849.10012042087	-7.646752579087134	1.6099278504102865	4.777483080872568	1.0025620697684912
14300	4772.670350780774	-7.784241167887396	2.984813738412918	4.777483080872568	1.0025620697684912
14400	4726.453167208226	-7.8474993881402595	3.617395940941521	4.777483080872568	1.0025620697684912
14500	4751.283763144713	-7.781129031558039	2.9536923751192776	4.777483080872568	1.0025620697684912
14600	4649.601393006163	-8.005286524695437	5.195267306493295	4.777483080872568	1.0025620697684912
14700	4505.441670682652	-8.575645208471222	10.898854144251155	4.777483080872568	1.0025620697684912
14800	4599.814470074663	-8.126559693323166	6.40799899277071	4.777483080872568	1.0025620697684912
14900	4611.257017517217	-8.202183116712735	7.164233226666366	4.777483080872568	1.0025620697684912
15000	4651.914997583942	-8.045897994284951	5.601382002388531	4.777483080872568	1.0025620697684912
15100	4633.674430997129	-8.083250066614827	5.974902725687235	4.777483080872568	1.0025620697684912
15200	4497.804733299194	-8.63933374279299	11.535739487468685	4.777483080872568	1.0025620697684912
15300	4572.417576475934	-8.292155699388983	8.063959053428528	4.777483080872568	1.0025620697684912
15400	4578.475466480606	-8.352461776544036	8.667019824978992	4.777483080872568	1.0025620697684912
15500	4649.308763149195	-8.022866232251108	5.371064382049597	4.777483080872568	1.0025620697684912
15600	4741.044513164927	-7.850745184771465	3.6498539072530987	4.777483080872568	1.0025620697684912
15700	4763.785618125869	-7.816771183287814	3.310113892416607	4.777483080872568	1.0025620697684912
15800	4729.3879201297905	-7.884266880259271	3.9850708621311295	4.777483080872568	1.0025620697684912
15900	4562.188054777382	-8.435764590261636	9.500047962155016	4.777483080872568	1.0025620697684912
16000	4596.468239182293	-8.327322537415334	8.415627433692045	4.777483080872568	1.0025620697684912
16100	4584.387449717123	-8.325558995473518	8.397992014273779	4.777483080872568	1.0025620697684912
16200	4534.71337613458	-8.641588726457668	11.558289324115103	4.777483080872568	1.0025620697684912
16300	4669.480316962939	-8.07420404728784	5.88444253241673	4.777483080872568	1.0025620697684912
16400	4639.230998634233	-8.166082344707563	6.803225506613852	4.777483080872568	1.0025620697684912
16500	4713.177914593143	-8.041895646110179	5.561358520640067	4.777483080872568	1.0025620697684912
16600	4616.071974977754	-8.292165026087696	8.064052320415177	4.777483080872568	1.0025620697684912
16700	4626.063424730661	-8.315528281927604	8.297684878814215	4.777483080872568	1.0025620697684912
16800	4597.112925654889	-8.495144215884132	10.093844218379324	4.777483080872568	1.0025620697684912
16900	4617.715088241371	-8.518610690423818	10.32850896377597	4.777483080872568	1.0025620697684912
17000	4754.834548678828	-7.900021263339268	4.1426146929303345	4.777483080872568	1.0025620697684912
17100	4746.33301010719	-7.994179277472943	5.08419483426706	4.777483080872568	1.0025620697684912
17200	4760.068087622176	-7.919806699145118	4.34046905098883	4.777483080872568	1.0025620697684912
17300	4938.931755008949	-7.648466196101631	1.627064020553947	4.777483080872568	1.0025620697684912
17400	4841.292088248216	-7.806200427815945	3.2044063376970393	4.777483080872568	1.0025620697684912
17500	4881.868803293136	-7.740251121080152	2.5449132703390847	4.777483080872568	1.0025620697684912
17600	4928.671695424671	-7.692816467354437	2.0705667330819537	4.777483080872568	1.0025620697684912
17700	5023.383287965349	-7.620969972102203	1.3521017805595608	4.777483080872568	1.0025620697684912
17800	5024.224857616087	-7.607970629261074	1.222108352148163	4.777483080872568	1.0025620697684912
17900	4929.0489489463225	-7.698697370206523	2.1293757616025295	4.777483080872568	1.0025620697684912
18000	4862.647763798626	-7.770569113011963	2.8480931896569737	4.777483080872568	1.0025620697684912
18100	4769.8399040789545	-7.942852893491956	4.570930994456728	4.777483080872568	1.0025620697684912
18200	4895.356733748278	-7.7305827822895665	2.44822988243282	4.777483080872568	1.0025620697684912
18300	5047.635808843053	-7.61429641743204	1.2853662338576002	4.777483080872568	1.0025620697684912
18400	5050.711008271573	-7.614322261581543	1.2856246753526677	4.777483080872568	1.0025620697684912
18500	5096.020460594009	-7.579969687864679	0.9420989381840539	4.777483080872568	1.0025620697684912
18600	5129.36492099662	-7.5775389717765815	0.9177917773031111	4.777483080872568	1.0025620697684912
18700	5148.647122615978	-7.564305509991975	0.7854571594570925	4.777483080872568	1.0025620697684912
18800	5090.105640542381	-7.591392807306442	1.0563301326018009	4.777483080872568	1.0025620697684912
18900	5024.817917929647	-7.646972292216832	1.6121249817057892	4.777483080872568	1.0025620697684912
19000	5024.517557829725	-7.63464851508281	1.4888872103655992	4.777483080872568	1.0025620697684912
19100	5041.588852001673	-7.625183098804101	1.3942330475786522	4.777483080872568	1.0025620697684912
19200	4986.121279008256	-7.65465369700737	1.6889390296114049	4.777483080872568	1.0025620697684912
19300	5016.97144853594	-7.6350696393301	1.4930984528386202	4.777483080872568	1.0025620697684912
19400	5016.098066473994	-7.646288840573364	1.6052904652711506	4.777483080872568	1.0025620697684912
19500	5001.371503412712	-7.650292612662705	1.6453281861646227	4.777483080872568	1.0025620697684912
19600	5062.6020189632445	-7.6068575831443646	1.2109778909811784	4.777483080872568	1.0025620697684912
19700	5033.716405701026	-7.6215570749058035	1.3579728085955556	4.777483080872568	1.0025620697684912
19800	5111.098377270325	-7.589194975181624	1.0343518113538133	4.777483080872568	1.0025620697684912
19900	5030.951300123023	-7.63711321208211	1.513534180358669	4.777483080872568	1.0025620697684912
20000	5023.697115564956	-7.674349967769111	1.8859017372287261	4.777483080872568	1.0025620697684912
20100	5029.889415409915	-7.648228999157875	1.6246920511164649	4.777483080872568	1.0025620697684912
20200	5040.781534621027	-7.619236707935457	1.3347691388923009	4.777483080872568	1.0025620697684912
20300	5065.092411758836	-7.604136711804904	1.1837691775868155	4.777483080872568	1.0025620697684912
20400	5031.134590823574	-7.641616299156608	1.5585650511039502	4.777483080872568	1.0025620697684912
20500	5019.231756477288	-7.658294555157745	1.725347611115301	4.777483080872568	1.0025620697684912
20600	5028.1856703086705	-7.668700983872774	1.8294118982656464	4.777483080872568	1.0025620697684912
20700	5007.846040253879	-7.67503126888926	1.892714748430451	4.777483080872568	1.0025620697684912
20800	5021.620587074843	-7.670246887798716	1.8448709375249606	4.777483080872568	1.0025620697684912
20900	4995.224904620717	-7.697530732473638	2.1177093842741486	4.777483080872568	1.0025620697684912
21000	4951.74325150076	-7.761862334791012	2.761025407447894	4.777483080872568	1.0025620697684912
21100	4914.477279931199	-7.811135846923871	3.253760528776422	4.777483080872568	1.0025620697684912
21200	4966.477620825398	-7.746420353573443	2.6066055952721547	4.777483080872568	1.0025620697684912
21300	4925.857987026387	-7.83747378817109	3.517139941248584	4.777483080872568	1.0025620697684912
21400	5022.497836767197	-7.6974563813229375	2.116965872767041	4.777483080872568	1.0025620697684912
21500	4965.589435933951	-7.771099981205784	2.85340187159547	4.777483080872568	1.0025620697684912
21600	4969.080642341819	-7.753595388106789	2.6783559406055426	4.777483080872568	1.0025620697684912
21700	4945.680569459113	-7.7734441713289675	2.8768437728274225	4.777483080872568	1.0025620697684912
21800	4918.375678923538	-7.8187596625442195	3.3299986849799823	4.777483080872568	1.0025620697684912
21900	4883.843351342934	-7.858019911055344	3.722601170091159	4.777483080872568	1.0025620697684912
22000	4809.528977969711	-8.102738434092476	6.1697864004626135	4.777483080872568	1.0025620697684912
22100	4921.984693454367	-7.799525620580383	3.13765826534177	4.777483080872568	1.0025620697684912
22200	4798.469502838376	-8.037409427933719	5.5164963388753145	4.777483080872568	1.0025620697684912
22300	4698.724683072501	-8.620059807934211	11.343000138880143	4.777483080872568	1.0025620697684912
22400	4796.197707218656	-8.121768680854155	6.360088868079397	4.777483080872568	1.0025620697684912
22500	4684.585681185606	-8.747966260484402	12.622064664381762	4.777483080872568	1.0025620697684912
22600	4738.948881076371	-8.368712894950944	8.829531009047217	4.777483080872568	1.0025620697684912
22700	4709.886926723756	-8.625607069521273	11.398472754750278	4.777483080872568	1.0025620697684912
22800	4648.340524038779	-9.177706469318442	16.919466752722045	4.777483080872568	1.0025620697684912
22900	4708.826267018401	-8.636624611953199	11.508648179069581	4.777483080872568	1.0025620697684912
23000	4892.027205252222	-7.983714846392397	4.979550523461451	4.777483080872568	1.0025620697684912
23100	4977.374511375345	-7.8086045449036146	3.228447508573598	4.777483080872568	1.0025620697684912
23200	5030.865829796783	-7.714064997047587	2.2830520300133688	4.777483080872568	1.0025620697684912
23300	5121.5380721886495	-7.639807549387436	1.5404775534118862	4.777483080872568	1.0025620697684912
23400	5100.709179511232	-7.635693739041507	1.499339449952507	4.777483080872568	1.0025620697684912
23500	4943.042860534324	-7.899852856215141	4.140930621688872	4.777483080872568	1.0025620697684912
23600	4889.8359263409275	-7.973037137664719	4.872773436184678	4.777483080872568	1.0025620697684912
23700	4933.43560452931	-7.918131531680013	4.323717376337624	4.777483080872568	1.0025620697684912
23800	4840.9351730063245	-8.18567248422528	6.999126901790162	4.777483080872568	1.0025620697684912
23900	4708.572905503391	-8.975556498863618	14.897967048173374	4.777483080872568	1.0025620697684912
24000	4809.979839237257	-8.330615301069432	8.448555070231729	4.777483080872568	1.0025620697684912
24100	4811.346308063227	-8.402704562040379	9.169447679941372	4.777483080872568	1.0025620697684912
24200	4850.428811432152	-8.196604092947942	7.108442989016851	4.777483080872568	1.0025620697684912
24300	4730.790725163414	-8.979605559998422	14.938457659521672	4.777483080872568	1.0025620697684912
24400	4878.592407375128	-8.070366880425821	5.846070863795618	4.777483080872568	1.0025620697684912
24500	4913.129173070292	-8.085851774169441	6.00091980123202	4.777483080872568	1.0025620697684912
24600	4883.909517239516	-8.104900796467772	6.1914100242155	4.777483080872568	1.0025620697684912
24700	4838.8827295763185	-8.35162122132997	8.65861427283761	4.777483080872568	1.0025620697684912
24800	4943.22749366573	-7.936920907770492	4.511611137242892	4.777483080872568	1.0025620697684912
24900	4871.430249905797	-8.214911067894024	7.291512738478257	4.777483080872568	1.0025620697684912
25000	4841.468889392415	-8.41307346212617	9.273136680799588	4.777483080872568	1.0025620697684912
25100	4824.363908127959	-8.345974288658065	8.602144946118582	4.777483080872568	1.0025620697684912
25200	4894.277820663015	-8.100418244337371	6.146584502911569	4.777483080872568	1.0025620697684912
25300	4910.946456739054	-8.132563185138421	6.468033910922225	4.777483080872568	1.0025620697684912
25400	4882.456741680326	-8.368862998371077	8.831032043248646	4.777483080872568	1.0025620697684912
25500	4808.532215666501	-8.526239898823738	10.404801047775216	4.777483080872568	1.0025620697684912
25600	4768.513089450543	-8.841141776014295	13.553819819680683	4.777483080872568	1.0025620697684912
25700	4815.564994409464	-8.630481223084127	11.44721429037906	4.777483080872568	1.0025620697684912
25800	4824.595551677921	-8.671071279410471	11.853114853642609	4.777483080872568	1.0025620697684912
25900	4885.793276426939	-8.389392639287223	9.036328452410196	4.777483080872568	1.0025620697684912
26000	4899.193893149383	-8.247231290518718	7.614714964725182	4.777483080872568	1.0025620697684912
26100	4895.038724207975	-8.25546201496485	7.6970222091865494	4.777483080872568	1.0025620697684912
26200	4884.0355684953765	-8.540950909035631	10.551911149894416	4.777483080872568	1.0025620697684912
26300	4900.908786253638	-8.214521910517778	7.287621164715864	4.777483080872568	1.0025620697684912
26400	4955.618748314774	-8.172709479028718	6.869496849825191	4.777483080872568	1.0025620697684912
26500	4881.465308257722	-8.361979708560575	8.76219914514366	4.777483080872568	1.0025620697684912
26600	4937.034410716469	-8.164113153966206	6.783533599199791	4.777483080872568	1.0025620697684912
26700	5030.8958441700015	-7.956615137544358	4.7085534349813996	4.777483080872568	1.0025620697684912
26800	5035.546783458201	-7.89358351155073	4.078237175045283	4.777483080872568	1.0025620697684912
26900	5117.990553426679	-7.761323026263569	2.755632322173591	4.777483080872568	1.0025620697684912
27000	5052.725266415153	-7.917355388233608	4.315955941873918	4.777483080872568	1.0025620697684912
27100	4947.9437401087125	-8.206583958615315	7.208241645691074	4.777483080872568	1.0025620697684912
27200	5107.455526007157	-7.823355451514635	3.3759565746841607	4.777483080872568	1.0025620697684912
27300	5045.838427406584	-7.936419378238167	4.506595841919428	4.777483080872568	1.0025620697684912
27400	5093.313093837738	-7.8552298874459545	3.694700933997201	4.777483080872568	1.0025620697684912
27500	5221.181426668488	-7.6755131058363535	1.897533117901102	4.777483080872568	1.0025620697684912
27600	5153.646678456157	-7.802689975124615	3.1693018107837254	4.777483080872568	1.0025620697684912
27700	5016.529158739212	-8.02753976510091	5.417799710546764	4.777483080872568	1.0025620697684912
27800	4890.9979167881465	-8.489632273177504	10.038724791312683	4.777483080872568	1.0025620697684912
27900	4946.821943613925	-8.327487909814526	8.417281157682961	4.777483080872568	1.0025620697684912
28000	4944.38082207024	-8.436305895163532	9.50546101117295	4.777483080872568	1.0025620697684912
28100	5122.266053238853	-7.8326434048394376	3.4688361079317955	4.777483080872568	1.0025620697684912
28200	5031.400383581748	-8.048473337041072	5.627135429948421	4.777483080872568	1.0025620697684912
28300	5071.424712824965	-7.943233174979375	4.574733809331487	4.777483080872568	1.0025620697684912
28400	5056.56348710249	-7.9677507927118505	4.819909986656242	4.777483080872568	1.0025620697684912
28500	5156.902277640636	-7.832742650638783	3.4698285659256127	4.777483080872568	1.0025620697684912
28600	5014.498186547755	-8.181295477096903	6.955356830506846	4.777483080872568	1.0025620697684912
28700	5054.914686492611	-8.089844213077773	6.0408441903155365	4.777483080872568	1.0025620697684912
28800	5047.615160736861	-7.9996092698217485	5.138494757755343	4.777483080872568	1.0025620697684912
28900	5033.21238581184	-8.127036668591662	6.412768745454623	4.777483080872568	1.0025620697684912
29000	5064.783704430333	-8.08382041030123	5.980606162550075	4.777483080872568	1.0025620697684912
29100	5094.257173430103	-7.978317594836547	4.925578007903403	4.777483080872568	1.0025620697684912
29200	4950.749145960734	-8.531589126522826	10.45829332476626	4.777483080872568	1.0025620697684912
29300	5091.451422224522	-7.984012504483932	4.982527104377426	4.777483080872568	1.0025620697684912
29400	5071.645291447005	-8.059433956374846	5.736741623286598	4.777483080872568	1.0025620697684912
29500	5154.515799199299	-7.844197244955322	3.584374509091348	4.777483080872568	1.0025620697684912
29600	5048.998010963992	-8.172552769532132	6.867929754859548	4.777483080872568	1.0025620697684912
29700	5007.52578765157	-8.31958607321095	8.338262791647672	4.777483080872568	1.0025620697684912
29800	5012.766061437228	-8.338176193958194	8.524163999120184	4.777483080872568	1.0025620697684912
29900	5034.467366039207	-8.245693495333645	7.599337012874673	4.777483080872568	1.0025620697684912
30000	4961.354657450015	-8.601025801133131	11.15266007086928	4.777483080872568	1.0025620697684912
30100	5006.120131952397	-8.448650973468053	9.628911794218718	4.777483080872568	1.0025620697684912
30200	5065.7587358878745	-8.132488677600087	6.467288835539098	4.777483080872568	1.0025620697684912
30300	5005.52485221843	-8.354561798826873	8.688020047806896	4.777483080872568	1.0025620697684912
30400	5035.913364485472	-8.209900564775198	7.2414077072900405	4.777483080872568	1.0025620697684912
30500	5106.103155272346	-8.01887468955525	5.331148955090588	4.777483080872568	1.0025620697684912
30600	5097.245320606054	-8.031790417937087	5.460306238908901	4.777483080872568	1.0025620697684912
30700	5165.519404221146	-7.88531276519015	3.99552971143962	4.777483080872568	1.0025620697684912
30800	5166.313865044444	-7.9040668900179085	4.183070959717191	4.777483080872568	1.0025620697684912
30900	5032.7358130049615	-8.408351528974116	9.225917349279191	4.777483080872568	1.0025620697684912
31000	5162.433051579092	-7.89800572194694	4.122459279007492	4.777483080872568	1.0025620697684912
31100	5168.382877025967	-7.905180834002371	4.194210399561769	4.777483080872568	1.0025620697684912
31200	5040.347282468647	-8.375583343115414	8.898235490692539	4.777483080872568	1.0025620697684912
31300	5106.687607750398	-8.192754234935423	7.069944408892438	4.777483080872568	1.0025620697684912
31400	5038.217340038671	-8.415835971871623	9.300761778254232	4.777483080872568	1.0025620697684912
31500	5079.808278411116	-8.108990747762382	6.2323095371618	4.777483080872568	1.0025620697684912
31600	5107.538897131699	-8.142275280687741	6.565154866415396	4.777483080872568	1.0025620697684912
31700	5001.42386554144	-8.521544305058086	10.357845110118781	4.777483080872568	1.0025620697684912
31800	5147.082495425607	-8.022940055000342	5.371802609541543	4.777483080872568	1.0025620697684912
31900	5061.419910588327	-8.345432252697812	8.596724586516075	4.777483080872568	1.0025620697684912
32000	5039.832004865637	-8.418459422512244	9.326996284660503	4.777483080872568	1.0025620697684912
32100	5062.610651447225	-8.352903629034286	8.671438349881033	4.777483080872568	1.0025620697684912
32200	5048.646469822167	-8.500042732689424	10.142829386432258	4.777483080872568	1.0025620697684912
32300	5017.165356591624	-8.671384202433774	11.856244083875838	4.777483080872568	1.0025620697684912
32400	4992.950199546498	-8.769327850346142	12.835680562999523	4.777483080872568	1.0025620697684912
32500	4993.097470561358	-8.934474079936026	14.487142858898272	4.777483080872568	1.0025620697684912
32600	5027.008783387731	-8.719729337608753	12.339695435625485	4.777483080872568	1.0025620697684912
32700	5013.368164250593	-8.850509448527127	13.647496544809051	4.777483080872568	1.0025620697684912
32800	5044.718096993321	-8.749746136602086	12.639863425558701	4.777483080872568	1.0025620697684912
32900	4965.54283792378	-9.292914436305269	18.071546422590668	4.777483080872568	1.0025620697684912
33000	4978.334219703015	-9.002618903523599	15.168591094774145	4.777483080872568	1.0025620697684912
33100	5094.221422651943	-8.34071720857963	8.549574145334756	4.777483080872568	1.0025620697684912
33200	5057.647578850219	-8.69261425177967	12.06854457733518	4.777483080872568	1.0025620697684912
33300	5155.547574698241	-8.144139751406442	6.58379957360297	4.777483080872568	1.0025620697684912
33400	5158.435006734949	-8.258975454127835	7.732156600816927	4.777483080872568	1.0025620697684912
33500	5176.52552690648	-8.064320083827198	5.785602897810642	4.777483080872568	1.0025620697684912
33600	5117.283630041148	-8.356631580940194	8.708717868940571	4.777483080872568	1.0025620697684912
33700	5045.262855388222	-8.62590599423678	11.401462001906406	4.777483080872568	1.0025620697684912
33800	5037.686671134594	-8.786662976460352	13.00903182414206	4.777483080872568	1.0025620697684912
33900	5117.342669979841	-8.317919098630203	8.32159304584045	4.777483080872568	1.0025620697684912
34000	5194.475047997062	-8.157071446103666	6.713116520575169	4.777483080872568	1.0025620697684912
34100	5245.4706025582955	-7.918319838999615	4.325600449534604	4.777483080872568	1.0025620697684912
34200	5150.557794732271	-8.341163125439493	8.554033313933333	4.777483080872568	1.0025620697684912
34300	5246.911157892815	-8.043693483108099	5.579336890619508	4.777483080872568	1.0025620697684912
34400	5278.600995800804	-7.956550820250176	4.707910262040294	4.777483080872568	1.0025620697684912
34500	5164.9103088237425	-8.347510300747818	8.617505067016658	4.777483080872568	1.0025620697684912
34600	5206.913064280363	-8.160873871589903	6.751140775437678	4.777483080872568	1.0025620697684912
34700	5300.00980563952	-7.931341501769216	4.455817077230687	4.777483080872568	1.0025620697684912
34800	5181.826459625021	-8.200127348813162	7.143675547670143	4.777483080872568	1.0025620697684912
34900	5152.097223396709	-8.343152067451392	8.57392273405237	4.777483080872568	1.0025620697684912
35000	5180.429425954504	-8.380509194462	8.947494004158346	4.777483080872568	1.0025620697684912
35100	5324.855549580394	-7.88975234053634	4.039925464901832	4.777483080872568	1.0025620697684912
35200	5429.8175461058945	-7.7490169194697165	2.632571254235649	4.777483080872568	1.0025620697684912
35300	5484.5914100556065	-7.674780579853817	1.890207858076676	4.777483080872568	1.0025620697684912
35400	5410.622002208294	-7.759830766960537	2.740709729143952	4.777483080872568	1.0025620697684912
35500	5417.176546533851	-7.753810548152005	2.6805075410586623	4.777483080872568	1.0025620697684912
35600	5379.744135915093	-7.796000371270101	3.102405772239572	4.777483080872568	1.0025620697684912
35700	5406.117445802084	-7.7545427262204685	2.6878293217432665	4.777483080872568	1.0025620697684912
35800	5274.075548033798	-8.045578857530085	5.598190634839391	4.777483080872568	1.0025620697684912
35900	5386.752122400189	-7.834132508468203	3.483727144220623	4.777483080872568	1.0025620697684912
36000	5442.875080936006	-7.749897062695921	2.641372686497792	4.777483080872568	1.0025620697684912
36100	5373.7929816476335	-7.822094598538268	3.363348044921362	4.777483080872568	1.0025620697684912
36200	5368.460410948657	-7.822513945698874	3.3675415165273206	4.777483080872568	1.0025620697684912
36300	5371.992809031345	-7.807791272144344	3.2203147809821426	4.777483080872568	1.0025620697684912
36400	5304.586245828144	-7.910463070992537	4.247032769464103	4.777483080872568	1.0025620697684912
36500	5293.660844823165	-8.079901868092433	5.941420740462996	4.777483080872568	1.0025620697684912
36600	5278.442795872575	-8.062593898638916	5.768341045927735	4.777483080872568	1.0025620697684912
36700	5252.611395066555	-8.213906536903421	7.281467428572643	4.777483080872568	1.0025620697684912
36800	5268.421875631341	-8.097504376855115	6.117445828089489	4.777483080872568	1.0025620697684912
36900	5219.163033582444	-8.337684512025007	8.519247179788591	4.777483080872568	1.0025620697684912
37000	5232.8177435352445	-8.219554274538885	7.337944804927571	4.777483080872568	1.0025620697684912
37100	5203.111140877325	-8.419792619142049	9.340328250959026	4.777483080872568	1.0025620697684912
37200	5245.653650315558	-8.232344868984976	7.465850749388172	4.777483080872568	1.0025620697684912
37300	5363.706471516719	-7.959491811551126	4.737320175049834	4.777483080872568	1.0025620697684912
37400	5358.837250404994	-7.860957976342651	3.7519818229649764	4.777483080872568	1.0025620697684912
37500	5311.496592080563	-8.09396284480418	6.082030507580242	4.777483080872568	1.0025620697684912
37600	5230.902199986184	-8.42202707505877	9.362672810126242	4.777483080872568	1.0025620697684912
37700	5328.460918093059	-8.010677529372106	5.249177353259576	4.777483080872568	1.0025620697684912
37800	5381.657056272945	-7.9164637717638815	4.307039777177417	4.777483080872568	1.0025620697684912
37900	5322.220226419304	-8.150607708799807	6.648479147536641	4.777483080872568	1.0025620697684912
38000	5278.005934100519	-8.304773352354015	8.190135583078856	4.777483080872568	1.0025620697684912
38100	5289.603543425123	-8.173827302776319	6.880675087301924	4.777483080872568	1.0025620697684912
38200	5228.0995632937365	-8.732235513631426	12.464757195852854	4.777483080872568	1.0025620697684912
38300	5289.211993255223	-8.272555681751847	7.867958877057104	4.777483080872568	1.0025620697684912
38400	5420.443375989946	-7.899742051475339	4.139822574292127	4.777483080872568	1.0025620697684912
38500	5259.262964898364	-8.44170468431154	9.559448902654056	4.777483080872568	1.0025620697684912
38600	5223.104512632665	-8.657027774416395	11.71267980370251	4.777483080872568	1.0025620697684912
38700	5206.322213598188	-8.840467797712659	13.54708003666523	4.777483080872568	1.0025620697684912
38800	5512.534066283986	-7.7522212442738505	2.6646145022770114	4.777483080872568	1.0025620697684912
38900	5460.346651581966	-7.80025414176283	3.1449434771668647	4.777483080872568	1.0025620697684912
39000	5309.322715983484	-8.390054565219668	9.042947711735295	4.777483080872568	1.0025620697684912
39100	5319.980299590457	-8.260176132252454	7.7441633820631175	4.777483080872568	1.0025620697684912
39200	5350.16787707994	-8.074550006745179	5.887902126990262	4.777483080872568	1.0025620697684912
39300	5340.802445564022	-8.21440037127551	7.286405772293582	4.777483080872568	1.0025620697684912
39400	5449.421970129627	-7.944227426068192	4.584676320220306	4.777483080872568	1.0025620697684912
39500	5518.6240758262875	-7.794099896446204	3.083401024000452	4.777483080872568	1.0025620697684912
39600	5386.865944096562	-8.08434641071318	5.985866166670341	4.777483080872568	1.0025620697684912
39700	5366.218575455284	-8.119088532278546	6.333287382324047	4.777483080872568	1.0025620697684912
39800	5371.109100153745	-8.08160413080969	5.958443367635307	4.777483080872568	1.0025620697684912
39900	5409.853142081096	-8.042069366768857	5.563095727226843	4.777483080872568	1.0025620697684912
40000	5321.148315430257	-8.393730419590844	9.079706255446741	4.777483080872568	1.0025620697684912
40100	5323.589915945275	-8.396571432165542	9.108116381193568	4.777483080872568	1.0025620697684912
40200	5456.44840265246	-7.923245914610406	4.374861205641983	4.777483080872568	1.0025620697684912
40300	5380.0815863556145	-8.19036794861471	7.0460815456850066	4.777483080872568	1.0025620697684912
40400	5431.510693924508	-8.074936565298412	5.891767712521991	4.777483080872568	1.0025620697684912
40500	5391.485693250368	-8.221600168935352	7.358403748891132	4.777483080872568	1.0025620697684912
40600	5365.519190188439	-8.318521317504636	8.32761523458406	4.777483080872568	1.0025620697684912
40700	5326.590092788537	-8.569242861877353	10.834830678311159	4.777483080872568	1.0025620697684912
40800	5321.339724342224	-8.560850692469582	10.750908984233194	4.777483080872568	1.0025620697684912
40900	5287.0646126525735	-8.715354888516632	12.295950944703549	4.777483080872568	1.0025620697684912
41000	5288.456096894868	-8.635181561614372	11.494217675680712	4.777483080872568	1.0025620697684912
41100	5300.296043496336	-8.70684904629649	12.210892522501991	4.777483080872568	1.0025620697684912
41200	5305.496782950247	-8.83729664916917	13.515368551228871	4.777483080872568	1.0025620697684912
41300	5355.007187948697	-8.569013388667335	10.832535946210665	4.777483080872568	1.0025620697684912
41400	5236.262772090915	-9.604986881312776	21.192270872665198	4.777483080872568	1.0025620697684912
41500	5348.2240498448455	-8.794107768836135	13.083479747898748	4.777483080872568	1.0025620697684912
41600	5349.958053522951	-8.525811752452274	10.400519584060037	4.777483080872568	1.0025620697684912
41700	5363.332433806735	-8.628886317882978	11.43126523836693	4.777483080872568	1.0025620697684912
41800	5434.665559147802	-8.392256099556809	9.06496305510521	4.777483080872568	1.0025620697684912
41900	5414.11069507172	-8.401852801666719	9.16093007620438	4.777483080872568	1.0025620697684912
42000	5405.899341613179	-8.485766105962817	10.000063119165251	4.777483080872568	1.0025620697684912
42100	5417.326651518828	-8.44036077180035	9.546009777540585	4.777483080872568	1.0025620697684912
42200	5524.441077353322	-8.061942305542422	5.761825114961363	4.777483080872568	1.0025620697684912
42300	5560.9861147308175	-7.991059382412431	5.052995883661438	4.777483080872568	1.0025620697684912
42400	5366.160295645634	-8.712386013668882	12.266262196225908	4.777483080872568	1.0025620697684912
42500	5518.784859363204	-8.141248949031455	6.554891549851347	4.777483080872568	1.0025620697684912
42600	5487.312236456015	-8.212085841885482	7.263260478391524	4.777483080872568	1.0025620697684912
42700	5403.720458895272	-8.569151546137066	10.83391752090739	4.777483080872568	1.0025620697684912
42800	5536.34742957862	-8.00876246656399	5.230026725176643	4.777483080872568	1.0025620697684912
42900	5571.671421758857	-8.050157824240856	5.643980301945227	4.777483080872568	1.0025620697684912
43000	5500.442650303616	-8.298920894982405	8.131611009360466	4.777483080872568	1.0025620697684912
43100	5545.903898030839	-8.065205172452037	5.7944537840568415	4.777483080872568	1.0025620697684912
43200	5552.8347648740955	-8.072775398105673	5.870156040593352	4.777483080872568	1.0025620697684912
43300	5498.878165305323	-8.247156293271729	7.613964992253909	4.777483080872568	1.0025620697684912
43400	5624.481820366412	-7.942241756694348	4.564819626480297	4.777483080872568	1.0025620697684912
43500	5517.2638412481	-8.21176027514702	7.2600048110068345	4.777483080872568	1.0025620697684912
43600	5707.388959882216	-7.791996168478826	3.062363744324888	4.777483080872568	1.0025620697684912
43700	5611.50703213369	-7.97852465849072	4.927648644443871	4.777483080872568	1.0025620697684912
43800	5625.305508848754	-7.876256967522488	3.9049717347615993	4.777483080872568	1.0025620697684912
43900	5630.789461246653	-7.906056874864776	4.2029708081844115	4.777483080872568	1.0025620697684912
44000	5585.778126868356	-8.05474394072838	5.689841466820443	4.777483080872568	1.0025620697684912
44100	5505.323021467751	-8.384984190421877	8.99224396375545	4.777483080872568	1.0025620697684912
44200	5582.186907075305	-8.00966261243479	5.239028183884585	4.777483080872568	1.0025620697684912
44300	5556.537645023039	-8.192107621310972	7.063478272646511	4.777483080872568	1.0025620697684912
44400	5588.694919001882	-8.024870793618593	5.391109995722737	4.777483080872568	1.0025620697684912
44500	5683.09358899815	-7.857104587190244	3.7134479314393225	4.777483080872568	1.0025620697684912
44600	5665.676018295733	-7.943300708905028	4.575409148587182	4.777483080872568	1.0025620697684912
44700	5678.480410101268	-7.872712445124392	3.8695265107808194	4.777483080872568	1.0025620697684912
44800	5738.148769237272	-7.739189245623647	2.5342945157734	4.777483080872568	1.0025620697684912
44900	5803.529337211988	-7.689678317287669	2.039185232413634	4.777483080872568	1.0025620697684912
45000	5722.318369390044	-7.819027371695702	3.33267577649393	4.777483080872568	1.0025620697684912
45100	5720.867686068373	-7.81684975082306	3.310899567767579	4.777483080872568	1.0025620697684912
45200	5648.9771213520835	-7.916162978208685	4.304031841623751	4.777483080872568	1.0025620697684912
45300	5620.716641926674	-8.018643879609932	5.328840855636085	4.777483080872568	1.0025620697684912
45400	5707.669832626313	-7.845616637651734	3.59856843605418	4.777483080872568	1.0025620697684912
45500	5732.140918039128	-7.7992984509831285	3.1353865693681287	4.777483080872568	1.0025620697684912
45600	5749.394521818244	-7.783749268823437	2.9798947477712763	4.777483080872568	1.0025620697684912
45700	5773.741737448885	-7.740934352850473	2.551745588041597	4.777483080872568	1.0025620697684912
45800	5819.173963758976	-7.721481873151666	2.357220791053484	4.777483080872568	1.0025620697684912
45900	5838.095600203771	-7.679408157902092	1.936483638557733	4.777483080872568	1.0025620697684912
46000	5777.880088968686	-7.764048422839684	2.7828862879337932	4.777483080872568	1.0025620697684912
46100	5833.894699462282	-7.704309403366855	2.185496093205603	4.777483080872568	1.0025620697684912
46200	5790.269587110165	-7.748929197721421	2.6316940367512807	4.777483080872568	1.0025620697684912
46300	5780.853547885299	-7.76490786039211	2.791480663458163	4.777483080872568	1.0025620697684912
46400	5717.897441044232	-7.8358576148496715	3.500978208033697	4.777483080872568	1.0025620697684912
46500	5675.5526964885275	-7.97645156410421	4.906917700579027	4.777483080872568	1.0025620697684912
46600	5810.555634036908	-7.69383257678527	2.0807278273895635	4.777483080872568	1.0025620697684912
46700	5708.343597872375	-7.959834805764265	4.740750117179539	4.777483080872568	1.0025620697684912
46800	5803.987409827101	-7.732734366377656	2.469745723313487	4.777483080872568	1.0025620697684912
46900	5732.852686785304	-7.870721926127481	3.8496213208116394	4.777483080872568	1.0025620697684912
47000	5668.286764432108	-7.956212091245555	4.704522971992315	4.777483080872568	1.0025620697684912
47100	5730.78292252703	-7.905732509462162	4.199727154158428	4.777483080872568	1.0025620697684912
47200	5566.585631846924	-8.445560289870095	9.598004958237786	4.777483080872568	1.0025620697684912
47300	5670.693694218976	-8.081723224866735	5.959634308204185	4.777483080872568	1.0025620697684912
47400	5604.830092842553	-8.314461130830855	8.287013367845308	4.777483080872568	1.0025620697684912
47500	5660.693890393906	-8.106653248366802	6.208934543204792	4.777483080872568	1.0025620697684912
47600	5799.759534217621	-7.794034343516703	3.082745494703884	4.777483080872568	1.0025620697684912
47700	5690.343846175287	-8.047665691461443	5.619058974151213	4.777483080872568	1.0025620697684912
47800	5637.850389367001	-8.218540169500496	7.3278037545416685	4.777483080872568	1.0025620697684912
47900	5688.350978776909	-8.097431384875378	6.116715908290527	4.777483080872568	1.0025620697684912
48000	5672.481450864649	-8.095935204751484	6.101754107051571	4.777483080872568	1.0025620697684912
48100	5569.019262645851	-8.550868688931649	10.651088948853218	4.777483080872568	1.0025620697684912
48200	5597.821058225535	-8.382016675390501	8.962568813442104	4.777483080872568	1.0025620697684912
48300	5613.563536498309	-8.377436963308787	8.916771692625005	4.777483080872568	1.0025620697684912
48400	5729.773306519169	-7.940782639776317	4.55022845730031	4.777483080872568	1.0025620697684912
48500	5642.952303964753	-8.231605792245311	7.458459981990384	4.777483080872568	1.0025620697684912
48600	5654.781875667471	-8.2056107975698	7.198510035235165	4.777483080872568	1.0025620697684912
48700	5702.143000973482	-8.129209277405977	6.434494833596996	4.777483080872568	1.0025620697684912
48800	5761.607305959219	-7.903873877705378	4.18114083659091	4.777483080872568	1.0025620697684912
48900	5738.3320884771	-7.990890598212108	5.051308041658095	4.777483080872568	1.0025620697684912
49000	5564.878905256099	-8.79469163587441	13.089318418281128	4.777483080872568	1.0025620697684912
49100	5722.403807761661	-8.100823987114449	6.150641930681583	4.777483080872568	1.0025620697684912
49200	5673.58510014892	-8.1922458381808	7.064860441345063	4.777483080872568	1.0025620697684912
49300	5685.5757085278865	-8.19633105363258	7.105712595862936	4.777483080872568	1.0025620697684912
49400	5712.574272493218	-8.156843064260613	6.710832702143329	4.777483080872568	1.0025620697684912
49500	5714.900188862811	-8.099975630292219	6.142158362459419	4.777483080872568	1.0025620697684912
49600	5727.182793599141	-8.200125484805863	7.1436569075960294	4.777483080872568	1.0025620697684912
49700	5716.038606526249	-8.145894240544765	6.601344464985194	4.777483080872568	1.0025620697684912
49800	5675.071321587988	-8.474712672435032	9.889528783887888	4.777483080872568	1.0025620697684912
49900	5772.14231190307	-8.06218768667762	5.764278926313664	4.777483080872568	1.0025620697684912
50000	5856.777575478111	-7.861390074615372	3.7563028056911314	4.777483080872568	1.0025620697684912
