iteration	likelihood	prior	σ²	 m 	 α 
100	6699.306889633216	-8.756189958434692	12.698300294855086	5.609578322662697	0.17646817700605785
200	6699.5546080020995	-8.787639360551777	13.012794316025714	5.609578322662697	0.17646817700605785
300	6699.09055806104	-8.736899448541873	12.505395195926525	5.609578322662697	0.17646817700605785
400	6698.875338435492	-8.975650416866706	14.89290487917484	5.609578322662697	0.17646817700605785
500	6698.928356661483	-8.97099397747452	14.846340485253121	5.609578322662697	0.17646817700605785
600	6699.151969209168	-8.741934622789017	12.555746938398052	5.609578322662697	0.17646817700605785
700	6699.703558195908	-8.832727089535458	13.463671605862631	5.609578322662697	0.17646817700605785
800	6699.696621453026	-8.826613467605751	13.402535386565539	5.609578322662697	0.17646817700605785
900	6699.685089050537	-8.820233138934883	13.338732099856692	5.609578322662697	0.17646817700605785
1000	6699.4817660935	-8.776583647727772	12.902237187785554	5.609578322662697	0.17646817700605785
1100	6699.70651502609	-8.842258023765805	13.558980948165896	5.609578322662697	0.17646817700605785
1200	6699.614255279598	-8.883657693429	13.97297764479781	5.609578322662697	0.17646817700605785
1300	6698.943695552522	-8.725887612136658	12.395276831874419	5.609578322662697	0.17646817700605785
1400	6699.68772548908	-8.859804223168549	13.734442942193256	5.609578322662697	0.17646817700605785
1500	6699.331076485884	-8.75867324426101	12.723133153117777	5.609578322662697	0.17646817700605785
1600	6699.5508225341655	-8.896907876724118	14.105479477748778	5.609578322662697	0.17646817700605785
1700	6699.566294821378	-8.78965766761867	13.032977386694247	5.609578322662697	0.17646817700605785
1800	6699.554301592286	-8.89625719569877	14.098972667495312	5.609578322662697	0.17646817700605785
1900	6699.641771840973	-8.805638100507169	13.192781715579377	5.609578322662697	0.17646817700605785
2000	6698.707091857891	-8.989633625637966	15.032736966887395	5.609578322662697	0.17646817700605785
2100	6698.590656412727	-8.998722274516009	15.123623455667618	5.609578322662697	0.17646817700605785
2200	6696.596848830044	-9.118595790686344	16.322358617371215	5.609578322662697	0.17646817700605785
2300	6699.675554252253	-8.86531225680399	13.789523278547724	5.609578322662697	0.17646817700605785
2400	6698.352598487218	-8.690702962490532	12.043430335413163	5.609578322662697	0.17646817700605785
2500	6699.5172599115995	-8.781687033202733	12.953271042535365	5.609578322662697	0.17646817700605785
2600	6699.556235859416	-8.787915476177924	13.015555472287271	5.609578322662697	0.17646817700605785
2700	6699.346858787067	-8.927462482672672	14.411025537234854	5.609578322662697	0.17646817700605785
2800	6697.163773345594	-8.640868413675692	11.545084847265025	5.609578322662697	0.17646817700605785
2900	6698.096260527617	-9.033503696283994	15.47143767334811	5.609578322662697	0.17646817700605785
3000	6699.689406286601	-8.85891914961046	13.725592206612433	5.609578322662697	0.17646817700605785
3100	6699.391046623638	-8.921728671091202	14.353687421419886	5.609578322662697	0.17646817700605785
3200	6699.056527247582	-8.734228139037135	12.478682100879116	5.609578322662697	0.17646817700605785
3300	6698.951831249442	-8.96888806576105	14.82528136811785	5.609578322662697	0.17646817700605785
3400	6699.290946173687	-8.754597349786161	12.682374208369048	5.609578322662697	0.17646817700605785
3500	6699.613503466138	-8.883836702563258	13.974767736139928	5.609578322662697	0.17646817700605785
3600	6699.494584909504	-8.77837379073426	12.920138617850021	5.609578322662697	0.17646817700605785
3700	6699.68362018106	-8.819563084757569	13.332031558082889	5.609578322662697	0.17646817700605785
3800	6699.0990345935	-8.954960320208308	14.68600391259019	5.609578322662697	0.17646817700605785
3900	6698.4252091270155	-9.010970392287815	15.246104633385132	5.609578322662697	0.17646817700605785
4000	6699.699066194746	-8.828403712404889	13.420437834555807	5.609578322662697	0.17646817700605785
4100	6699.032609723471	-8.961411142118106	14.750512131687987	5.609578322662697	0.17646817700605785
4200	6698.788196837861	-8.983031660770699	14.966717318213828	5.609578322662697	0.17646817700605785
4300	6697.1478870707515	-9.089726637294456	16.03366708345131	5.609578322662697	0.17646817700605785
4400	6698.729574179842	-8.711780617209017	12.254206882596968	5.609578322662697	0.17646817700605785
4500	6698.728504341265	-8.987913794961486	15.015538660121804	5.609578322662697	0.17646817700605785
4600	6699.2366705586965	-8.940496014572771	14.541360856234567	5.609578322662697	0.17646817700605785
4700	6699.52335082867	-8.901822646936546	14.154627179872385	5.609578322662697	0.17646817700605785
4800	6698.314980343482	-9.018763230866224	15.324033019169276	5.609578322662697	0.17646817700605785
4900	6698.955420075212	-8.968563594036917	14.822036650876269	5.609578322662697	0.17646817700605785
5000	6698.65047657485	-8.707017228469875	12.206572995205681	5.609578322662697	0.17646817700605785
5100	6699.68479962537	-8.861257608305054	13.748976793557569	5.609578322662697	0.17646817700605785
5200	6698.584070519519	-8.703172457339932	12.168125283906377	5.609578322662697	0.17646817700605785
5300	6699.214223493398	-8.942973687782123	14.56613758832842	5.609578322662697	0.17646817700605785
5400	6698.970745219821	-8.96717029490345	14.808103659541738	5.609578322662697	0.17646817700605785
5500	6699.55252324511	-8.787288008514121	13.009280795648555	5.609578322662697	0.17646817700605785
5600	6699.692392827679	-8.82397733412106	13.376174051717912	5.609578322662697	0.17646817700605785
5700	6699.52142474975	-8.902153747312811	14.157938183635352	5.609578322662697	0.17646817700605785
5800	6699.6688437905	-8.867893788192537	13.815338592432687	5.609578322662697	0.17646817700605785
5900	6699.681405662519	-8.862828787679874	13.764688587306043	5.609578322662697	0.17646817700605785
6000	6699.503686655774	-8.779680004142788	12.933200751935086	5.609578322662697	0.17646817700605785
6100	6699.662372035559	-8.870179411085651	13.838194821363567	5.609578322662697	0.17646817700605785
6200	6698.267598058481	-9.022033488087152	15.356735591378689	5.609578322662697	0.17646817700605785
6300	6699.620761637054	-8.882078364157888	13.957184352086035	5.609578322662697	0.17646817700605785
6400	6699.270953008217	-8.93660617456457	14.502462456152859	5.609578322662697	0.17646817700605785
6500	6699.124435284756	-8.739640961386904	12.532810324376236	5.609578322662697	0.17646817700605785
6600	6699.503897800114	-8.905095461255721	14.18735532306439	5.609578322662697	0.17646817700605785
6700	6698.904793534163	-8.7231731255576	12.36813196608309	5.609578322662697	0.17646817700605785
6800	6699.700093862431	-8.851822597485027	13.654626685357195	5.609578322662697	0.17646817700605785
6900	6699.589733769768	-8.889178410101863	14.028184811525493	5.609578322662697	0.17646817700605785
7000	6699.688565996218	-8.859366669239526	13.730067402902074	5.609578322662697	0.17646817700605785
7100	6697.760515605341	-9.05462339451011	15.682634655607915	5.609578322662697	0.17646817700605785
7200	6699.686029137066	-8.860659242011693	13.74299313062388	5.609578322662697	0.17646817700605785
7300	6699.668903038715	-8.813787864153516	13.27427935204216	5.609578322662697	0.17646817700605785
7400	6699.650998108336	-8.808167370701872	13.218074417525628	5.609578322662697	0.17646817700605785
7500	6697.155891666197	-8.64059093240571	11.542310034564002	5.609578322662697	0.17646817700605785
7600	6699.688979786827	-8.82212966289611	13.357697339467764	5.609578322662697	0.17646817700605785
7700	6699.383152155915	-8.92277891842482	14.364189894754755	5.609578322662697	0.17646817700605785
7800	6698.382321556449	-9.014034500892683	15.276745719433379	5.609578322662697	0.17646817700605785
7900	6699.70640273344	-8.838156465696851	13.517965367474956	5.609578322662697	0.17646817700605785
8000	6699.417855347602	-8.768379494862536	12.820195659132029	5.609578322662697	0.17646817700605785
8100	6699.229749673011	-8.74877414438227	12.62414215432927	5.609578322662697	0.17646817700605785
8200	6699.624432955635	-8.801345724270295	13.149857953209551	5.609578322662697	0.17646817700605785
8300	6699.681794260116	-8.818759838447345	13.32399909497978	5.609578322662697	0.17646817700605785
8400	6698.853212535968	-8.977555193683097	14.911952647337374	5.609578322662697	0.17646817700605785
8500	6699.529653365038	-8.783587238872132	12.972273099227852	5.609578322662697	0.17646817700605785
8600	6698.702810219942	-8.71014516893592	12.23785239986568	5.609578322662697	0.17646817700605785
8700	6699.574930349555	-8.7912064152831	13.04846486333767	5.609578322662697	0.17646817700605785
8800	6699.626852698538	-8.880546954444677	13.94187025495342	5.609578322662697	0.17646817700605785
8900	6699.371660162519	-8.924286907693048	14.379269787436881	5.609578322662697	0.17646817700605785
9000	6696.450188559727	-9.125945778188301	16.39585849238945	5.609578322662697	0.17646817700605785
9100	6698.6979111430155	-8.709848488458794	12.234885595094296	5.609578322662697	0.17646817700605785
9200	6699.168911634276	-8.947824894682888	14.614649657335399	5.609578322662697	0.17646817700605785
9300	6699.696963531129	-8.826849530369866	13.404896014205045	5.609578322662697	0.17646817700605785
9400	6699.330500518464	-8.929502297083744	14.431423681343817	5.609578322662697	0.17646817700605785
9500	6699.675966714301	-8.865145112017757	13.787851830683998	5.609578322662697	0.17646817700605785
9600	6698.284185543156	-8.687256328527875	12.00896399578512	5.609578322662697	0.17646817700605785
9700	6699.134968620327	-8.951339634372449	14.649797054231053	5.609578322662697	0.17646817700605785
9800	6699.687284676058	-8.860029898677759	13.736699697284234	5.609578322662697	0.17646817700605785
9900	6698.798508532009	-8.982174563577324	14.958146346280042	5.609578322662697	0.17646817700605785
10000	6698.96563692154	-8.967636124718949	14.812761957696367	5.609578322662697	0.17646817700605785
10100	6699.684223197712	-8.861532458974537	13.751725300252241	5.609578322662697	0.17646817700605785
10200	6699.666289403272	-8.812892668703238	13.265327397539087	5.609578322662697	0.17646817700605785
10300	6698.922305205632	-8.971532324088239	14.851723951389221	5.609578322662697	0.17646817700605785
10400	6697.137178565789	-9.09030899431928	16.03949065369951	5.609578322662697	0.17646817700605785
10500	6696.7077220137935	-8.6255970797601	11.392371508107642	5.609578322662697	0.17646817700605785
10600	6699.471895367275	-8.775241897293016	12.88881968343671	5.609578322662697	0.17646817700605785
10700	6699.698962638412	-8.82832242171147	13.419624927621452	5.609578322662697	0.17646817700605785
10800	6699.7017803818635	-8.830779084488777	13.444191555394521	5.609578322662697	0.17646817700605785
10900	6699.570954161615	-8.893040310188935	14.066803812396234	5.609578322662697	0.17646817700605785
11000	6697.63804365371	-9.061955119253284	15.755951903039648	5.609578322662697	0.17646817700605785
11100	6698.328696906777	-8.6894876052109	12.03127676261588	5.609578322662697	0.17646817700605785
11200	6699.553302034089	-8.787418966341953	13.010590373926624	5.609578322662697	0.17646817700605785
11300	6699.702119522948	-8.849907945511436	13.635480165621454	5.609578322662697	0.17646817700605785
11400	6698.305316724931	-9.01943391171826	15.330739827689701	5.609578322662697	0.17646817700605785
11500	6699.503817189189	-8.905108709040615	14.187487800913257	5.609578322662697	0.17646817700605785
11600	6699.640578700626	-8.876874792336295	13.905148633870345	5.609578322662697	0.17646817700605785
11700	6699.144940418532	-8.741343254113387	12.549833251641324	5.609578322662697	0.17646817700605785
11800	6699.699539415644	-8.852293520274706	13.659335913254603	5.609578322662697	0.17646817700605785
11900	6699.699476131511	-8.828731133131068	13.423712041818256	5.609578322662697	0.17646817700605785
12000	6699.012237156698	-8.963332495718431	14.769725667691977	5.609578322662697	0.17646817700605785
12100	6698.474227634777	-8.697087799290045	12.10727870340817	5.609578322662697	0.17646817700605785
12200	6699.366940545155	-8.762520385705331	12.761604567560928	5.609578322662697	0.17646817700605785
12300	6699.601945870965	-8.79642985796157	13.100699290123258	5.609578322662697	0.17646817700605785
12400	6699.079756819103	-8.956863393630352	14.705034646811097	5.609578322662697	0.17646817700605785
12500	6692.778339753719	-9.28370796969069	17.973480407414144	5.609578322662697	0.17646817700605785
12600	6699.663763681644	-8.869702392326333	13.83342463377073	5.609578322662697	0.17646817700605785
12700	6699.45250535671	-8.91309558459829	14.267356556490247	5.609578322662697	0.17646817700605785
12800	6699.593470681221	-8.794722314149457	13.083623852002052	5.609578322662697	0.17646817700605785
12900	6699.685301750244	-8.861015281896798	13.746553529475387	5.609578322662697	0.17646817700605785
13000	6699.564137401616	-8.789278614234998	13.029186852857002	5.609578322662697	0.17646817700605785
13100	6699.621243573441	-8.881959135426156	13.955992064768658	5.609578322662697	0.17646817700605785
13200	6698.779150389968	-8.983780171261396	14.974202423121028	5.609578322662697	0.17646817700605785
13300	6699.370012897763	-8.762859949177944	12.765000202286357	5.609578322662697	0.17646817700605785
13400	6699.5274125956485	-8.901119005694344	14.147590767450563	5.609578322662697	0.17646817700605785
13500	6699.430228755568	-8.769885616701325	12.835256877520138	5.609578322662697	0.17646817700605785
13600	6699.582620000427	-8.79263099635244	13.062710674031395	5.609578322662697	0.17646817700605785
13700	6698.802396745206	-8.716363066940183	12.30003137990887	5.609578322662697	0.17646817700605785
13800	6699.206161989233	-8.746639301253023	12.602793723037156	5.609578322662697	0.17646817700605785
13900	6699.311867487668	-8.93177697084754	14.454170418982343	5.609578322662697	0.17646817700605785
14000	6698.7037233359215	-8.710200556465654	12.23840627516339	5.609578322662697	0.17646817700605785
14100	6699.7030715092715	-8.848860962390583	13.625010334412718	5.609578322662697	0.17646817700605785
14200	6698.961392992944	-8.727148080149693	12.407881512003618	5.609578322662697	0.17646817700605785
14300	6699.5871581914835	-8.793493531751295	13.071336028019624	5.609578322662697	0.17646817700605785
14400	6699.058885589043	-8.734410728706475	12.480507997571486	5.609578322662697	0.17646817700605785
14500	6699.672776118917	-8.815175058132095	13.28815129182762	5.609578322662697	0.17646817700605785
14600	6699.680645666478	-8.818269912418387	13.319099834690627	5.609578322662697	0.17646817700605785
14700	6699.692482386915	-8.82402868737241	13.376687584230929	5.609578322662697	0.17646817700605785
14800	6697.611343282359	-8.657563143174986	11.712032142256572	5.609578322662697	0.17646817700605785
14900	6699.603607866244	-8.796773076079761	13.104131471304342	5.609578322662697	0.17646817700605785
15000	6699.639410420227	-8.87720084806586	13.908409191164985	5.609578322662697	0.17646817700605785
15100	6699.701189052261	-8.830213813892408	13.438538849430222	5.609578322662697	0.17646817700605785
15200	6699.684113102325	-8.819785446179488	13.334255172301244	5.609578322662697	0.17646817700605785
15300	6697.550217968002	-8.655164772984362	11.68804844035007	5.609578322662697	0.17646817700605785
15400	6699.559980786871	-8.788556716395108	13.021967874457559	5.609578322662697	0.17646817700605785
15500	6699.682502643788	-8.862332925512158	13.759729965628107	5.609578322662697	0.17646817700605785
15600	6699.59537046795	-8.887962520664479	14.01602591715141	5.609578322662697	0.17646817700605785
15700	6699.58176948629	-8.89084976428498	14.044898353356373	5.609578322662697	0.17646817700605785
15800	6698.731567695075	-8.711903442821393	12.255435138720308	5.609578322662697	0.17646817700605785
15900	6698.993346509798	-8.729466889927	12.43106960977633	5.609578322662697	0.17646817700605785
16000	6699.574748145008	-8.79117319636853	13.048132674191612	5.609578322662697	0.17646817700605785
16100	6697.829775727524	-8.66649092390508	11.80130994955718	5.609578322662697	0.17646817700605785
16200	6699.702637101825	-8.83166316524975	13.453032363003915	5.609578322662697	0.17646817700605785
16300	6699.5324217010175	-8.900240835392937	14.138809064435852	5.609578322662697	0.17646817700605785
16400	6699.706679939166	-8.840477257341819	13.541173283924653	5.609578322662697	0.17646817700605785
16500	6699.673404184168	-8.815407528417506	13.290475994681795	5.609578322662697	0.17646817700605785
16600	6699.706377787027	-8.842890990976507	13.56531062027165	5.609578322662697	0.17646817700605785
16700	6698.085798732619	-9.034187369792905	15.47827440843578	5.609578322662697	0.17646817700605785
16800	6699.705138518127	-8.845946369318888	13.595864403695655	5.609578322662697	0.17646817700605785
16900	6697.755012093501	-8.663369075694822	11.770091467454936	5.609578322662697	0.17646817700605785
17000	6699.7066543153	-8.839766004146165	13.534060751968228	5.609578322662697	0.17646817700605785
17100	6699.498148672609	-8.906034183261394	14.196742543120376	5.609578322662697	0.17646817700605785
17200	6699.513579448939	-8.90348596363349	14.171260346841498	5.609578322662697	0.17646817700605785
17300	6699.232547603012	-8.940955041666024	14.54595112716697	5.609578322662697	0.17646817700605785
17400	6699.626088442298	-8.88074211032037	13.943821813710429	5.609578322662697	0.17646817700605785
17500	6699.361178660145	-8.761888005262303	12.755280763129779	5.609578322662697	0.17646817700605785
17600	6699.672678908566	-8.866448645183063	13.800887162337379	5.609578322662697	0.17646817700605785
17700	6699.686241727132	-8.860554027397074	13.741940984477468	5.609578322662697	0.17646817700605785
17800	6699.400445168702	-8.920462409722429	14.341024807730875	5.609578322662697	0.17646817700605785
17900	6699.0045730134	-8.73029527011528	12.439353411659328	5.609578322662697	0.17646817700605785
18000	6698.492798283616	-8.698094041952395	12.11734113003024	5.609578322662697	0.17646817700605785
18100	6699.682216015723	-8.818942627354977	13.32582698405601	5.609578322662697	0.17646817700605785
18200	6699.5904456913695	-8.79412911860674	13.077691896573663	5.609578322662697	0.17646817700605785
18300	6699.573283208022	-8.790906984084058	13.045470551346822	5.609578322662697	0.17646817700605785
18400	6696.536255153391	-9.121647752403215	16.352878234538544	5.609578322662697	0.17646817700605785
18500	6698.346041654604	-8.690368333578238	12.040084046288639	5.609578322662697	0.17646817700605785
18600	6699.704829910612	-8.846471131342783	13.601112023934324	5.609578322662697	0.17646817700605785
18700	6699.220783725568	-8.747956007452844	12.615960785034895	5.609578322662697	0.17646817700605785
18800	6699.294490124979	-8.933854609187241	14.474946802378714	5.609578322662697	0.17646817700605785
18900	6699.150281758124	-8.741792274543842	12.554323455944514	5.609578322662697	0.17646817700605785
19000	6698.767827093661	-8.714162728702648	12.278027997532439	5.609578322662697	0.17646817700605785
19100	6698.505399898826	-8.698781888680859	12.1242195973147	5.609578322662697	0.17646817700605785
19200	6699.702409331679	-8.831419572201241	13.450596432518546	5.609578322662697	0.17646817700605785
19300	6699.706660342295	-8.841086036910147	13.547261079607466	5.609578322662697	0.17646817700605785
19400	6699.529314150153	-8.783534309408784	12.971743804593709	5.609578322662697	0.17646817700605785
19500	6699.622838287313	-8.881562292079341	13.952023631299419	5.609578322662697	0.17646817700605785
19600	6698.496245329673	-8.698281787498678	12.119218585492847	5.609578322662697	0.17646817700605785
19700	6699.66342252075	-8.869820019816101	13.834600908667088	5.609578322662697	0.17646817700605785
19800	6699.673017477495	-8.815264130663437	13.289042017140476	5.609578322662697	0.17646817700605785
19900	6699.494855745122	-8.906566398703987	14.202064697545971	5.609578322662697	0.17646817700605785
20000	6699.672607501866	-8.815113023340793	13.287530943913886	5.609578322662697	0.17646817700605785
20100	6699.527777505211	-8.901055424973027	14.14695496023644	5.609578322662697	0.17646817700605785
20200	6699.495407989386	-8.778490673482759	12.921307445333793	5.609578322662697	0.17646817700605785
20300	6699.696435519173	-8.826486863327759	13.401269343783778	5.609578322662697	0.17646817700605785
20400	6698.862390418748	-8.976767727876823	14.904077989274288	5.609578322662697	0.17646817700605785
20500	6699.401483469658	-8.766438906268167	12.800789773187963	5.609578322662697	0.17646817700605785
20600	6699.195112880854	-8.945043214895641	14.586832859462577	5.609578322662697	0.17646817700605785
20700	6697.94162621319	-8.671301495191035	11.849415662416465	5.609578322662697	0.17646817700605785
20800	6699.393706262875	-8.921372124147965	14.35012195198565	5.609578322662697	0.17646817700605785
20900	6699.660684612441	-8.811068362351591	13.247084334021984	5.609578322662697	0.17646817700605785
21000	6698.944828624827	-8.969519241605079	14.831593126556962	5.609578322662697	0.17646817700605785
21100	6695.143981898711	-8.582113670813449	10.957537418640767	5.609578322662697	0.17646817700605785
21200	6699.618775696286	-8.882566324830098	13.962063958807336	5.609578322662697	0.17646817700605785
21300	6699.703373952334	-8.832502759234188	13.46142830284834	5.609578322662697	0.17646817700605785
21400	6699.144598665118	-8.950352183368299	14.639922544189407	5.609578322662697	0.17646817700605785
21500	6697.295187248266	-9.081618046733706	15.95258117784356	5.609578322662697	0.17646817700605785
21600	6699.409421570377	-8.91923616942956	14.328762404802	5.609578322662697	0.17646817700605785
21700	6699.568427608169	-8.79003541333984	13.036754843904626	5.609578322662697	0.17646817700605785
21800	6699.569784233496	-8.893272217748343	14.069122887989677	5.609578322662697	0.17646817700605785
21900	6697.91743355669	-8.67024611540126	11.838861864518979	5.609578322662697	0.17646817700605785
22000	6699.690950807407	-8.858067734760828	13.717078058114552	5.609578322662697	0.17646817700605785
22100	6698.634518486353	-8.995348395192355	15.089884662429846	5.609578322662697	0.17646817700605785
22200	6698.127792085487	-8.67972243544712	11.933625064977399	5.609578322662697	0.17646817700605785
22300	6699.632839271296	-8.878986059380724	13.926261304313467	5.609578322662697	0.17646817700605785
22400	6698.222563849588	-8.684233065540038	11.97873136590673	5.609578322662697	0.17646817700605785
22500	6699.605597138566	-8.885678943284464	13.993190143350752	5.609578322662697	0.17646817700605785
22600	6699.691748966817	-8.857611626905218	13.712516979558327	5.609578322662697	0.17646817700605785
22700	6699.356006011319	-8.761325124619434	12.7496519567006	5.609578322662697	0.17646817700605785
22800	6698.239072664525	-9.023980731998117	15.376208030487494	5.609578322662697	0.17646817700605785
22900	6699.596417314767	-8.795308166026722	13.08948237077357	5.609578322662697	0.17646817700605785
23000	6699.697461389589	-8.827200751968938	13.408408230195937	5.609578322662697	0.17646817700605785
23100	6699.219809700626	-8.942361939561279	14.5600201061193	5.609578322662697	0.17646817700605785
23200	6699.4579807615455	-8.91228163511493	14.259217061655724	5.609578322662697	0.17646817700605785
23300	6699.6307919383435	-8.879526488787102	13.931665598377357	5.609578322662697	0.17646817700605785
23400	6699.706412925895	-8.84274570405843	13.563857751090731	5.609578322662697	0.17646817700605785
23500	6699.402275038381	-8.766531427567536	12.801714986181906	5.609578322662697	0.17646817700605785
23600	6699.661018159995	-8.870636551302018	13.842766223526612	5.609578322662697	0.17646817700605785
23700	6699.561543305018	-8.894879845959055	14.085199170096976	5.609578322662697	0.17646817700605785
23800	6699.622231309637	-8.881713761452332	13.953538325029955	5.609578322662697	0.17646817700605785
23900	6696.866429218157	-9.104738169526868	16.183782405775233	5.609578322662697	0.17646817700605785
24000	6699.046501487933	-8.960086239079287	14.73726310129949	5.609578322662697	0.17646817700605785
24100	6699.601080101754	-8.796252194039226	13.098922650898878	5.609578322662697	0.17646817700605785
24200	6699.398107062774	-8.76604570068863	12.79685771739266	5.609578322662697	0.17646817700605785
24300	6699.706609392704	-8.839302203531357	13.529422745819923	5.609578322662697	0.17646817700605785
24400	6699.6981856117	-8.827729292151949	13.413693632025977	5.609578322662697	0.17646817700605785
24500	6698.749938658302	-8.71304207208787	12.266821431385127	5.609578322662697	0.17646817700605785
24600	6697.4053442755	-8.649637901764246	11.63277972814882	5.609578322662697	0.17646817700605785
24700	6699.454837317575	-8.772992203826439	12.866322748770695	5.609578322662697	0.17646817700605785
24800	6699.205955102791	-8.943873449843986	14.575135208946275	5.609578322662697	0.17646817700605785
24900	6699.254196017237	-8.938524173994372	14.521642450450079	5.609578322662697	0.17646817700605785
25000	6699.704741910989	-8.84661262647223	13.602526975228782	5.609578322662697	0.17646817700605785
25100	6699.705643750806	-8.844957874215744	13.58597945266383	5.609578322662697	0.17646817700605785
25200	6699.198537143737	-8.944674988362983	14.583150594136054	5.609578322662697	0.17646817700605785
25300	6699.613150045696	-8.79880203061527	13.124421016659138	5.609578322662697	0.17646817700605785
25400	6698.826424079859	-8.979832852003216	14.934729230538597	5.609578322662697	0.17646817700605785
25500	6698.890264783993	-8.722178285848106	12.358183568987485	5.609578322662697	0.17646817700605785
25600	6699.67812603217	-8.864251608131378	13.778916791820041	5.609578322662697	0.17646817700605785
25700	6698.440624895851	-8.695288926518883	12.089289975695046	5.609578322662697	0.17646817700605785
25800	6699.690443134344	-8.822897429307753	13.36537500358375	5.609578322662697	0.17646817700605785
25900	6699.443242438348	-8.914454233166108	14.280943042167248	5.609578322662697	0.17646817700605785
26000	6699.05165435786	-8.959591659104829	14.732317301554312	5.609578322662697	0.17646817700605785
26100	6698.515205486793	-9.00439687927724	15.180369503278387	5.609578322662697	0.17646817700605785
26200	6699.351107238267	-8.760796164689369	12.744362357399556	5.609578322662697	0.17646817700605785
26300	6698.679372601594	-8.708733155129579	12.223732261801787	5.609578322662697	0.17646817700605785
26400	6699.590318623652	-8.794104378585468	13.077444496360815	5.609578322662697	0.17646817700605785
26500	6699.284383643306	-8.935044613813243	14.48684684863845	5.609578322662697	0.17646817700605785
26600	6699.706342280274	-8.837916934782058	13.515570058326567	5.609578322662697	0.17646817700605785
26700	6698.018837637463	-9.03852125610462	15.521613271552194	5.609578322662697	0.17646817700605785
26800	6699.565256936552	-8.894160901251915	14.078009723025403	5.609578322662697	0.17646817700605785
26900	6699.700949883328	-8.851055182745615	13.646952537962054	5.609578322662697	0.17646817700605785
27000	6699.662230987103	-8.870227350022843	13.838674210734348	5.609578322662697	0.17646817700605785
27100	6699.168203377398	-8.94789923222806	14.61539303278659	5.609578322662697	0.17646817700605785
27200	6699.628934238547	-8.880010823698347	13.936508947489433	5.609578322662697	0.17646817700605785
27300	6697.183053601634	-8.641549388887242	11.551894599378317	5.609578322662697	0.17646817700605785
27400	6699.687669308868	-8.82146910727217	13.351091783227535	5.609578322662697	0.17646817700605785
27500	6698.98377858485	-8.965975285235992	14.796153562865655	5.609578322662697	0.17646817700605785
27600	6699.627593898864	-8.880356826571928	13.939968976225094	5.609578322662697	0.17646817700605785
27700	6699.705329228546	-8.835370176200133	13.490102472507159	5.609578322662697	0.17646817700605785
27800	6699.257715718044	-8.938124018011289	14.517640890618573	5.609578322662697	0.17646817700605785
27900	6699.579768626464	-8.792097493231712	13.05737564282269	5.609578322662697	0.17646817700605785
28000	6699.699848018805	-8.829036417422758	13.426764884733275	5.609578322662697	0.17646817700605785
28100	6695.366285105368	-9.176970357376558	16.90610428427118	5.609578322662697	0.17646817700605785
28200	6699.68447898454	-8.861410927052587	13.750509981031449	5.609578322662697	0.17646817700605785
28300	6699.051307855779	-8.959624970823725	14.73265041874269	5.609578322662697	0.17646817700605785
28400	6699.670221532146	-8.814251536948186	13.278916079987182	5.609578322662697	0.17646817700605785
28500	6697.909905445726	-9.045424884316777	15.590649553673018	5.609578322662697	0.17646817700605785
28600	6699.670170983761	-8.867402114573895	13.810421856244119	5.609578322662697	0.17646817700605785
28700	6699.672680326878	-8.815139796566438	13.287798676169572	5.609578322662697	0.17646817700605785
28800	6699.09347727778	-8.737132356971166	12.507724280216738	5.609578322662697	0.17646817700605785
28900	6699.694206488231	-8.856126228564516	13.697662996150378	5.609578322662697	0.17646817700605785
29000	6699.672851348791	-8.815202786503715	13.288428575542445	5.609578322662697	0.17646817700605785
29100	6698.33694264482	-9.017231736086451	15.308718071369901	5.609578322662697	0.17646817700605785
29200	6699.484716954339	-8.77699082608283	12.906308971333756	5.609578322662697	0.17646817700605785
29300	6699.615946843103	-8.799416965923236	13.130570369737756	5.609578322662697	0.17646817700605785
29400	6699.617816479802	-8.882800117432863	13.964401884833947	5.609578322662697	0.17646817700605785
29500	6699.61325298488	-8.798824492916347	13.124645639668692	5.609578322662697	0.17646817700605785
29600	6699.685934337345	-8.860705988833713	13.7434605988424	5.609578322662697	0.17646817700605785
29700	6699.510740045039	-8.903961839268687	14.17601910319203	5.609578322662697	0.17646817700605785
29800	6699.681551298227	-8.818655256575592	13.322953276261051	5.609578322662697	0.17646817700605785
29900	6699.693329908979	-8.856671315681277	13.70311386731788	5.609578322662697	0.17646817700605785
30000	6699.5592060869685	-8.895327860735211	14.089679317857147	5.609578322662697	0.17646817700605785
30100	6699.6729472743955	-8.815238188798961	13.288782598494652	5.609578322662697	0.17646817700605785
30200	6699.617399309111	-8.799740216133529	13.133802871840592	5.609578322662697	0.17646817700605785
30300	6699.706197856516	-8.837420166652786	13.510602377032988	5.609578322662697	0.17646817700605785
30400	6699.101295872986	-8.73775919337193	12.513992644224592	5.609578322662697	0.17646817700605785
30500	6699.696793515379	-8.826731687777757	13.403717588282737	5.609578322662697	0.17646817700605785
30600	6698.482008496128	-9.006845234323627	15.204853053741317	5.609578322662697	0.17646817700605785
30700	6699.05543594174	-8.734143771124982	12.477838421754667	5.609578322662697	0.17646817700605785
30800	6696.052895947821	-8.605984669246793	11.196247402972794	5.609578322662697	0.17646817700605785
30900	6699.442627083283	-8.914543698699475	14.281837697499784	5.609578322662697	0.17646817700605785
31000	6699.703041250268	-8.848896216158591	13.625362872091083	5.609578322662697	0.17646817700605785
31100	6699.103603892604	-8.73794508664944	12.51585157699939	5.609578322662697	0.17646817700605785
31200	6699.340880969175	-8.759704497044988	12.73344568095506	5.609578322662697	0.17646817700605785
31300	6697.739896067029	-9.055870392356073	15.695104634065961	5.609578322662697	0.17646817700605785
31400	6698.113059288262	-9.032402085558823	15.460421566093329	5.609578322662697	0.17646817700605785
31500	6698.081832955077	-9.034446059009179	15.480861300596958	5.609578322662697	0.17646817700605785
31600	6699.491485389824	-8.777935786668722	12.915758577192578	5.609578322662697	0.17646817700605785
31700	6699.636393603488	-8.87803040584364	13.91670476894184	5.609578322662697	0.17646817700605785
31800	6699.618058995716	-8.799887934541765	13.13528005592305	5.609578322662697	0.17646817700605785
31900	6697.895101641797	-9.04634982339627	15.599898944468109	5.609578322662697	0.17646817700605785
32000	6698.110127797606	-9.032594665308809	15.462347363593587	5.609578322662697	0.17646817700605785
32100	6699.651107526991	-8.808198617213849	13.218386882644108	5.609578322662697	0.17646817700605785
32200	6699.699975102423	-8.82914265993155	13.427827309821154	5.609578322662697	0.17646817700605785
32300	6699.5941864821425	-8.794863890169843	13.085039612204168	5.609578322662697	0.17646817700605785
32400	6696.200603310092	-9.138179329370205	16.518194004207814	5.609578322662697	0.17646817700605785
32500	6699.655503580144	-8.87243394365222	13.86074014702784	5.609578322662697	0.17646817700605785
32600	6699.693016400533	-8.824338367970864	13.379784390214333	5.609578322662697	0.17646817700605785
32700	6699.622345639612	-8.800862065840356	13.145021368909466	5.609578322662697	0.17646817700605785
32800	6699.594371444242	-8.794900549747668	13.085406207982665	5.609578322662697	0.17646817700605785
32900	6699.673194408373	-8.866248460856456	13.798885319070484	5.609578322662697	0.17646817700605785
33000	6699.671851642172	-8.81483685468598	13.28476925736551	5.609578322662697	0.17646817700605785
33100	6698.716878022149	-8.711001680712963	12.246417517635262	5.609578322662697	0.17646817700605785
33200	6699.665147926245	-8.812511056561405	13.26151127611961	5.609578322662697	0.17646817700605785
33300	6699.617263411338	-8.88293436868714	13.965744397377122	5.609578322662697	0.17646817700605785
33400	6699.077573886631	-8.735870829608189	12.495109006587704	5.609578322662697	0.17646817700605785
33500	6698.799873673999	-8.716200887501259	12.298409585518263	5.609578322662697	0.17646817700605785
33600	6699.53366111696	-8.900021719650034	14.13661790700587	5.609578322662697	0.17646817700605785
33700	6699.183236266394	-8.946311850379791	14.599519214303296	5.609578322662697	0.17646817700605785
33800	6699.666368074901	-8.868789025693989	13.824290967445423	5.609578322662697	0.17646817700605785
33900	6697.122654987329	-9.09109733544018	16.04737406490736	5.609578322662697	0.17646817700605785
34000	6699.339920495529	-8.928332738664029	14.419728097145816	5.609578322662697	0.17646817700605785
34100	6698.915507150374	-8.723913208671721	12.375532797222483	5.609578322662697	0.17646817700605785
34200	6699.022955575558	-8.96232478551022	14.75964856560758	5.609578322662697	0.17646817700605785
34300	6695.6161440800215	-8.594096664232408	11.07736735282942	5.609578322662697	0.17646817700605785
34400	6699.623097373987	-8.801035528141984	13.146755991925291	5.609578322662697	0.17646817700605785
34500	6698.739545532174	-8.712396404794678	12.260364758452159	5.609578322662697	0.17646817700605785
34600	6699.39664765921	-8.920976174637323	14.34616245687849	5.609578322662697	0.17646817700605785
34700	6698.153361162967	-8.68092350488647	11.945635759369942	5.609578322662697	0.17646817700605785
34800	6696.668419618336	-8.624349348805817	11.379894198563424	5.609578322662697	0.17646817700605785
34900	6699.22344506113	-8.7481979851526	12.618380562031117	5.609578322662697	0.17646817700605785
35000	6699.68146884908	-8.862800515055271	13.76440586105782	5.609578322662697	0.17646817700605785
35100	6699.557623423796	-8.788152077411441	13.0179214846196	5.609578322662697	0.17646817700605785
35200	6699.70523162437	-8.83518960198982	13.488296730403349	5.609578322662697	0.17646817700605785
35300	6699.366133805692	-8.762431497750041	12.760715688005575	5.609578322662697	0.17646817700605785
35400	6699.472141769215	-8.775275021706818	12.889150927573462	5.609578322662697	0.17646817700605785
35500	6699.149825073542	-8.741753790858699	12.553938619092383	5.609578322662697	0.17646817700605785
35600	6699.687749133791	-8.859792045766085	13.734321168166169	5.609578322662697	0.17646817700605785
35700	6699.578719090372	-8.891476420534941	14.051164915854644	5.609578322662697	0.17646817700605785
35800	6699.261760724518	-8.937662379918583	14.513024509690908	5.609578322662697	0.17646817700605785
35900	6699.705885941033	-8.836557636706466	13.501977077569894	5.609578322662697	0.17646817700605785
36000	6699.050225725561	-8.73374204940163	12.473821204521302	5.609578322662697	0.17646817700605785
36100	6699.554363751727	-8.896245506602437	14.098855776529248	5.609578322662697	0.17646817700605785
36200	6697.143212981586	-9.089980941841398	16.036210128918867	5.609578322662697	0.17646817700605785
36300	6697.887185768383	-8.668938325004182	11.825783960546818	5.609578322662697	0.17646817700605785
36400	6696.359050283567	-9.13045157614672	16.440916471972237	5.609578322662697	0.17646817700605785
36500	6699.64787450542	-8.874772314954877	13.884123860053739	5.609578322662697	0.17646817700605785
36600	6697.930802921153	-8.670828295957104	11.844683670076071	5.609578322662697	0.17646817700605785
36700	6699.668482354289	-8.813641675825542	13.27281746876043	5.609578322662697	0.17646817700605785
36800	6698.15525705526	-8.681013018721247	11.94653089771754	5.609578322662697	0.17646817700605785
36900	6699.679818025839	-8.817923700951058	13.31563772001585	5.609578322662697	0.17646817700605785
37000	6698.953537711858	-8.968733866278518	14.823739373290378	5.609578322662697	0.17646817700605785
37100	6699.444014726391	-8.771606835608436	12.852469066589657	5.609578322662697	0.17646817700605785
37200	6696.569374757473	-8.621248287275732	11.348883583262618	5.609578322662697	0.17646817700605785
37300	6699.559994571007	-8.8951770967221	14.088171677726326	5.609578322662697	0.17646817700605785
37400	6699.64891351363	-8.807578021016303	13.212180920668338	5.609578322662697	0.17646817700605785
37500	6699.449445710708	-8.772298147721841	12.85938218772385	5.609578322662697	0.17646817700605785
37600	6699.701400495162	-8.850628331201278	13.642684022518218	5.609578322662697	0.17646817700605785
37700	6698.848378344137	-8.719364502487185	12.330045735377201	5.609578322662697	0.17646817700605785
37800	6699.18081138196	-8.94656927507326	14.602093461238086	5.609578322662697	0.17646817700605785
37900	6699.467480642676	-8.910849371029348	14.244894420798872	5.609578322662697	0.17646817700605785
38000	6699.57583033736	-8.79137085268577	13.05010923736274	5.609578322662697	0.17646817700605785
38100	6699.667665694096	-8.868323240529284	13.819633115797766	5.609578322662697	0.17646817700605785
38200	6699.704709510655	-8.83431359529046	13.479536663409462	5.609578322662697	0.17646817700605785
38300	6697.051290784147	-9.0949465448258	16.085866158762826	5.609578322662697	0.17646817700605785
38400	6699.698285907714	-8.827804261305513	13.414443323559931	5.609578322662697	0.17646817700605785
38500	6699.039911042108	-8.732951939458589	12.465920105090532	5.609578322662697	0.17646817700605785
38600	6696.950394175135	-8.633532078656614	11.471721497070925	5.609578322662697	0.17646817700605785
38700	6698.5084976963035	-9.004893893818055	15.185339648685146	5.609578322662697	0.17646817700605785
38800	6699.691996781892	-8.857467586741489	13.711076577919515	5.609578322662697	0.17646817700605785
38900	6699.645961018305	-8.806761787738271	13.204018587887077	5.609578322662697	0.17646817700605785
39000	6698.209295404412	-9.025996792341548	15.396368633919732	5.609578322662697	0.17646817700605785
39100	6698.991849264087	-8.965230538701885	14.788706097523148	5.609578322662697	0.17646817700605785
39200	6699.5074003033105	-8.780221871658354	12.93861942708768	5.609578322662697	0.17646817700605785
39300	6699.501197319878	-8.90553792965403	14.191780007044608	5.609578322662697	0.17646817700605785
39400	6699.637167216245	-8.804445448911544	13.180855199620039	5.609578322662697	0.17646817700605785
39500	6699.405598054681	-8.766921250248227	12.805613212987026	5.609578322662697	0.17646817700605785
39600	6699.507311654265	-8.904532135476899	14.181722065273672	5.609578322662697	0.17646817700605785
39700	6699.635513220426	-8.804027078146218	13.17667149196672	5.609578322662697	0.17646817700605785
39800	6698.792462101262	-8.715725947276953	12.293660183274104	5.609578322662697	0.17646817700605785
39900	6698.960268056579	-8.72706746485936	12.40707535909826	5.609578322662697	0.17646817700605785
40000	6699.263954784703	-8.937411185876348	14.510512569268142	5.609578322662697	0.17646817700605785
40100	6694.940273548738	-8.577187352644557	10.908274236950167	5.609578322662697	0.17646817700605785
40200	6698.994017269986	-8.729516179350366	12.431562504008449	5.609578322662697	0.17646817700605785
40300	6699.488510644691	-8.777518556287248	12.911586273377102	5.609578322662697	0.17646817700605785
40400	6699.370251995716	-8.924470041235454	14.381101122859034	5.609578322662697	0.17646817700605785
40500	6699.621511253023	-8.881892773342697	13.955328443931476	5.609578322662697	0.17646817700605785
40600	6698.947463305439	-8.726154585307544	12.397946563579795	5.609578322662697	0.17646817700605785
40700	6698.512570984525	-8.699175161435328	12.128152324857597	5.609578322662697	0.17646817700605785
40800	6699.645959781777	-8.806761450252345	13.204015213027725	5.609578322662697	0.17646817700605785
40900	6699.689911625162	-8.858644857870221	13.722849289206774	5.609578322662697	0.17646817700605785
41000	6699.568616147758	-8.790068953104546	13.03709024155014	5.609578322662697	0.17646817700605785
41100	6699.56011804929	-8.895153452030907	14.087935230813555	5.609578322662697	0.17646817700605785
41200	6699.401633686972	-8.920301011893187	14.33941082943606	5.609578322662697	0.17646817700605785
41300	6699.521519079816	-8.782332434432831	12.95972505483253	5.609578322662697	0.17646817700605785
41400	6699.702109520339	-8.849918338072612	13.635584091230525	5.609578322662697	0.17646817700605785
41500	6699.59163034356	-8.794360453903149	13.080005249535839	5.609578322662697	0.17646817700605785
41600	6699.536506397958	-8.89951588829925	14.131559593496993	5.609578322662697	0.17646817700605785
41700	6698.9083019685595	-8.723414871189767	12.370549422402224	5.609578322662697	0.17646817700605785
41800	6699.703955837087	-8.847756674274526	13.613967453249751	5.609578322662697	0.17646817700605785
41900	6699.350242702977	-8.927035256933715	14.406753279841727	5.609578322662697	0.17646817700605785
42000	6698.967376143677	-8.72757798970035	12.412180607508256	5.609578322662697	0.17646817700605785
42100	6699.441857368554	-8.77133434678881	12.849744178393003	5.609578322662697	0.17646817700605785
42200	6699.649094316811	-8.807628697631987	13.21268768682492	5.609578322662697	0.17646817700605785
42300	6699.293723801613	-8.933945303007665	14.475853740581824	5.609578322662697	0.17646817700605785
42400	6698.6444052299885	-8.994579826205195	15.082198972557231	5.609578322662697	0.17646817700605785
42500	6699.677415773393	-8.816948606159094	13.305886772096322	5.609578322662697	0.17646817700605785
42600	6699.694607616176	-8.855870511573427	13.695105826239535	5.609578322662697	0.17646817700605785
42700	6698.977933402124	-8.966512383680053	14.801524547305705	5.609578322662697	0.17646817700605785
42800	6698.370545906702	-9.01486851125686	15.285085823073919	5.609578322662697	0.17646817700605785
42900	6699.1974309162315	-8.944794067781169	14.584341388316979	5.609578322662697	0.17646817700605785
43000	6699.598239581861	-8.79567457249638	13.093146435468912	5.609578322662697	0.17646817700605785
43100	6699.248366379158	-8.93918385910726	14.528239301577452	5.609578322662697	0.17646817700605785
43200	6699.19056980448	-8.745258202628271	12.588982736787523	5.609578322662697	0.17646817700605785
43300	6699.494313873689	-8.778335354648993	12.919754256994885	5.609578322662697	0.17646817700605785
43400	6699.477414846091	-8.775988386879789	12.896284579302765	5.609578322662697	0.17646817700605785
43500	6699.390511682387	-8.92180021692321	14.354402879736902	5.609578322662697	0.17646817700605785
43600	6698.037338735928	-8.675562284870699	11.892023559211928	5.609578322662697	0.17646817700605785
43700	6699.038157236526	-8.960883520826636	14.745235918771352	5.609578322662697	0.17646817700605785
43800	6699.566513866203	-8.893915542625827	14.075556136763284	5.609578322662697	0.17646817700605785
43900	6699.706648569876	-8.839691107025597	13.53331178076096	5.609578322662697	0.17646817700605785
44000	6699.5565674703075	-8.787971916232552	13.01611987283052	5.609578322662697	0.17646817700605785
44100	6699.6086802362615	-8.884969054310528	13.986091253610184	5.609578322662697	0.17646817700605785
44200	6698.870189539239	-8.976095627168341	14.89735698218858	5.609578322662697	0.17646817700605785
44300	6699.4363928090725	-8.915444692716056	14.29084763766569	5.609578322662697	0.17646817700605785
44400	6698.973435450715	-8.966924399098353	14.805644701488621	5.609578322662697	0.17646817700605785
44500	6699.695186636544	-8.825665087054546	13.393051581050585	5.609578322662697	0.17646817700605785
44600	6699.140885421571	-8.741003936615876	12.546440076663982	5.609578322662697	0.17646817700605785
44700	6699.70635661985	-8.842974458468678	13.566145295192085	5.609578322662697	0.17646817700605785
44800	6699.568314578207	-8.790015317727828	13.036553887783667	5.609578322662697	0.17646817700605785
44900	6699.283795132723	-8.935113507672355	14.48753578722882	5.609578322662697	0.17646817700605785
45000	6699.22359207911	-8.941945930012995	14.555860010635255	5.609578322662697	0.17646817700605785
45100	6699.706301354106	-8.843180339409681	13.568204104601953	5.609578322662697	0.17646817700605785
45200	6698.9945007613505	-8.964985056261236	14.786251273117378	5.609578322662697	0.17646817700605785
45300	6699.411687702458	-8.918923906305732	14.32563977356224	5.609578322662697	0.17646817700605785
45400	6699.105731431976	-8.738116791782634	12.517568628330958	5.609578322662697	0.17646817700605785
45500	6698.935233342669	-8.970379987429144	14.840200584795914	5.609578322662697	0.17646817700605785
45600	6699.54886279668	-8.897271380744291	14.109114517947491	5.609578322662697	0.17646817700605785
45700	6699.697555604306	-8.853845544659173	13.674856157096238	5.609578322662697	0.17646817700605785
45800	6699.6649609848155	-8.869285941310343	13.829260123607916	5.609578322662697	0.17646817700605785
45900	6699.477795503848	-8.776040220426479	12.896802914769319	5.609578322662697	0.17646817700605785
46000	6699.67756071023	-8.864488631459698	13.781287025101705	5.609578322662697	0.17646817700605785
46100	6699.692358396062	-8.823957634697148	13.3759770574764	5.609578322662697	0.17646817700605785
46200	6699.682333223905	-8.862410215521546	13.760502865720403	5.609578322662697	0.17646817700605785
46300	6699.4297307640045	-8.76982431056788	12.834643816183771	5.609578322662697	0.17646817700605785
46400	6699.257748695195	-8.938120262102789	14.51760333153284	5.609578322662697	0.17646817700605785
46500	6699.706486914741	-8.83853907992391	13.521791509743975	5.609578322662697	0.17646817700605785
46600	6699.62685324622	-8.801914591053494	13.155546621039681	5.609578322662697	0.17646817700605785
46700	6699.495250570021	-8.77846830023819	12.921083712886668	5.609578322662697	0.17646817700605785
46800	6699.3535747820915	-8.76106210996224	12.747021810126865	5.609578322662697	0.17646817700605785
46900	6699.645945057298	-8.875340037441877	13.889801084923096	5.609578322662697	0.17646817700605785
47000	6699.588214069134	-8.889501415743638	14.031414867940777	5.609578322662697	0.17646817700605785
47100	6699.535742579576	-8.784546643679752	12.981867147301763	5.609578322662697	0.17646817700605785
47200	6699.502543545236	-8.905317696135151	14.189577671855737	5.609578322662697	0.17646817700605785
47300	6699.597859318613	-8.887416323229322	14.010563942797447	5.609578322662697	0.17646817700605785
47400	6698.538467257025	-8.70060671695631	12.142467880067292	5.609578322662697	0.17646817700605785
47500	6697.296442156889	-9.081548155131443	15.951882261818803	5.609578322662697	0.17646817700605785
47600	6698.398681466778	-9.012870641827199	15.265107128776199	5.609578322662697	0.17646817700605785
47700	6698.941243314234	-8.72571424814388	12.39354319194308	5.609578322662697	0.17646817700605785
47800	6699.703891781263	-8.833150937013146	13.467910080635658	5.609578322662697	0.17646817700605785
47900	6699.704598952051	-8.846835848406327	13.604759194567334	5.609578322662697	0.17646817700605785
48000	6699.38351372436	-8.922731076502444	14.363711475528344	5.609578322662697	0.17646817700605785
48100	6699.602052525409	-8.886482425656963	14.001224967073627	5.609578322662697	0.17646817700605785
48200	6698.214185409151	-8.683827667348492	11.974677383988796	5.609578322662697	0.17646817700605785
48300	6697.222330190142	-8.642946410823956	11.565864818743362	5.609578322662697	0.17646817700605785
48400	6699.068654756524	-8.957947572024768	14.715876430751232	5.609578322662697	0.17646817700605785
48500	6699.333440011084	-8.758920498904448	12.725605699548083	5.609578322662697	0.17646817700605785
48600	6699.606676464315	-8.797414444496548	13.110545155469284	5.609578322662697	0.17646817700605785
48700	6699.6395867007195	-8.877151825744876	13.907918967952511	5.609578322662697	0.17646817700605785
48800	6699.400612983866	-8.9204396383748	14.340797094251572	5.609578322662697	0.17646817700605785
48900	6699.51936296972	-8.902506386723008	14.161464577733797	5.609578322662697	0.17646817700605785
49000	6699.560646810382	-8.788671657329038	13.023117283794077	5.609578322662697	0.17646817700605785
49100	6698.758244868941	-8.985497945037656	14.991380160880405	5.609578322662697	0.17646817700605785
49200	6699.575976223134	-8.791397563391008	13.050376344414056	5.609578322662697	0.17646817700605785
49300	6698.868540537387	-8.97623795906569	14.89878030116097	5.609578322662697	0.17646817700605785
49400	6699.034972272046	-8.732576026483313	12.462160975337248	5.609578322662697	0.17646817700605785
49500	6698.239237413089	-9.023969530918095	15.376096019685136	5.609578322662697	0.17646817700605785
49600	6698.931354960064	-8.970726565363966	14.843666364144092	5.609578322662697	0.17646817700605785
49700	6699.507999048542	-8.904418161758862	14.180582328092765	5.609578322662697	0.17646817700605785
49800	6698.770085985914	-8.714305096068115	12.279451671185175	5.609578322662697	0.17646817700605785
49900	6699.510967867856	-8.903923776764003	14.175638478143977	5.609578322662697	0.17646817700605785
50000	6699.393110583231	-8.765468045839123	12.791081168895222	5.609578322662697	0.17646817700605785
