iteration	likelihood	prior	σ²	 m 	 α 
100	-95.04837243223653	-20.631042008625194	122.57067799638287	10.422406035718463	4.239783264329178
200	-112.75185798635037	-20.631042008625194	122.57067799638287	10.422406035718463	4.239783264329178
300	-97.75716940304481	-20.631042008625194	122.57067799638287	10.422406035718463	4.239783264329178
400	-120.63440982220179	-20.631042008625194	122.57067799638287	10.422406035718463	4.239783264329178
500	-84.67212805397688	-20.631042008625194	122.57067799638287	10.422406035718463	4.239783264329178
600	-103.01185192648387	-20.631042008625194	122.57067799638287	10.422406035718463	4.239783264329178
700	-87.35464496313286	-20.631042008625194	122.57067799638287	10.422406035718463	4.239783264329178
800	-128.62899311898448	-20.631042008625194	122.57067799638287	10.422406035718463	4.239783264329178
900	-86.62937300463243	-20.631042008625194	122.57067799638287	10.422406035718463	4.239783264329178
1000	-100.76018373345711	-20.631042008625194	122.57067799638287	10.422406035718463	4.239783264329178
1100	-88.04452980249438	-20.631042008625194	122.57067799638287	10.422406035718463	4.239783264329178
1200	-66.0997628075051	-20.631042008625194	122.57067799638287	10.422406035718463	4.239783264329178
1300	-91.78965595428976	-20.631042008625194	122.57067799638287	10.422406035718463	4.239783264329178
1400	-70.8875004320046	-20.631042008625194	122.57067799638287	10.422406035718463	4.239783264329178
1500	-91.55974706351884	-20.631042008625194	122.57067799638287	10.422406035718463	4.239783264329178
1600	-90.74525032913733	-20.631042008625194	122.57067799638287	10.422406035718463	4.239783264329178
1700	-104.35510550302999	-20.631042008625194	122.57067799638287	10.422406035718463	4.239783264329178
1800	-139.41319064665495	-20.631042008625194	122.57067799638287	10.422406035718463	4.239783264329178
1900	-95.56478752134298	-20.631042008625194	122.57067799638287	10.422406035718463	4.239783264329178
2000	-109.06112191238164	-20.631042008625194	122.57067799638287	10.422406035718463	4.239783264329178
2100	-75.07756586987733	-20.631042008625194	122.57067799638287	10.422406035718463	4.239783264329178
2200	-111.19658380507542	-20.631042008625194	122.57067799638287	10.422406035718463	4.239783264329178
2300	-83.3275698059068	-20.631042008625194	122.57067799638287	10.422406035718463	4.239783264329178
2400	-81.82225827819173	-20.631042008625194	122.57067799638287	10.422406035718463	4.239783264329178
2500	-108.79728328352225	-20.631042008625194	122.57067799638287	10.422406035718463	4.239783264329178
2600	-89.5153548861906	-20.631042008625194	122.57067799638287	10.422406035718463	4.239783264329178
2700	-91.33683532722338	-20.631042008625194	122.57067799638287	10.422406035718463	4.239783264329178
2800	-95.27188612790592	-20.631042008625194	122.57067799638287	10.422406035718463	4.239783264329178
2900	-106.39608109787024	-20.631042008625194	122.57067799638287	10.422406035718463	4.239783264329178
3000	-72.39539675490711	-20.631042008625194	122.57067799638287	10.422406035718463	4.239783264329178
3100	-84.85629772364503	-20.631042008625194	122.57067799638287	10.422406035718463	4.239783264329178
3200	-81.23531885118312	-20.631042008625194	122.57067799638287	10.422406035718463	4.239783264329178
3300	-103.40273200931865	-20.631042008625194	122.57067799638287	10.422406035718463	4.239783264329178
3400	-86.48192094546242	-20.631042008625194	122.57067799638287	10.422406035718463	4.239783264329178
3500	-84.59709532943265	-20.631042008625194	122.57067799638287	10.422406035718463	4.239783264329178
3600	-79.9772240361116	-20.631042008625194	122.57067799638287	10.422406035718463	4.239783264329178
3700	-80.75028516472548	-20.631042008625194	122.57067799638287	10.422406035718463	4.239783264329178
3800	-97.02263970876238	-20.631042008625194	122.57067799638287	10.422406035718463	4.239783264329178
3900	-77.88860185105855	-20.631042008625194	122.57067799638287	10.422406035718463	4.239783264329178
4000	-107.03701804624288	-20.631042008625194	122.57067799638287	10.422406035718463	4.239783264329178
4100	-85.80541068737527	-20.631042008625194	122.57067799638287	10.422406035718463	4.239783264329178
4200	-98.80357839195963	-20.631042008625194	122.57067799638287	10.422406035718463	4.239783264329178
4300	-82.60630278486823	-20.631042008625194	122.57067799638287	10.422406035718463	4.239783264329178
4400	-70.19442186423346	-20.631042008625194	122.57067799638287	10.422406035718463	4.239783264329178
4500	-106.32971615728339	-20.631042008625194	122.57067799638287	10.422406035718463	4.239783264329178
4600	-90.66512246037001	-20.631042008625194	122.57067799638287	10.422406035718463	4.239783264329178
4700	-108.28960310927532	-20.631042008625194	122.57067799638287	10.422406035718463	4.239783264329178
4800	-111.93694660461703	-20.631042008625194	122.57067799638287	10.422406035718463	4.239783264329178
4900	-80.28214647172588	-20.631042008625194	122.57067799638287	10.422406035718463	4.239783264329178
5000	-76.34398935945764	-20.631042008625194	122.57067799638287	10.422406035718463	4.239783264329178
5100	-96.14790346067251	-20.631042008625194	122.57067799638287	10.422406035718463	4.239783264329178
5200	-114.89225274189724	-20.631042008625194	122.57067799638287	10.422406035718463	4.239783264329178
5300	-110.87609445076701	-20.631042008625194	122.57067799638287	10.422406035718463	4.239783264329178
5400	-107.25899513971831	-20.631042008625194	122.57067799638287	10.422406035718463	4.239783264329178
5500	-91.06210355588668	-20.631042008625194	122.57067799638287	10.422406035718463	4.239783264329178
5600	-83.73984816516455	-20.631042008625194	122.57067799638287	10.422406035718463	4.239783264329178
5700	-102.5758589879326	-20.631042008625194	122.57067799638287	10.422406035718463	4.239783264329178
5800	-87.83649472643866	-20.631042008625194	122.57067799638287	10.422406035718463	4.239783264329178
5900	-97.02355745623935	-20.631042008625194	122.57067799638287	10.422406035718463	4.239783264329178
6000	-91.67478935139778	-20.631042008625194	122.57067799638287	10.422406035718463	4.239783264329178
6100	-105.41200024589395	-20.631042008625194	122.57067799638287	10.422406035718463	4.239783264329178
6200	-78.30324168561576	-20.631042008625194	122.57067799638287	10.422406035718463	4.239783264329178
6300	-91.21895788493558	-20.631042008625194	122.57067799638287	10.422406035718463	4.239783264329178
6400	-126.82538644306615	-20.631042008625194	122.57067799638287	10.422406035718463	4.239783264329178
6500	-96.98215473829548	-20.631042008625194	122.57067799638287	10.422406035718463	4.239783264329178
6600	-87.63004942679142	-20.631042008625194	122.57067799638287	10.422406035718463	4.239783264329178
6700	-116.96433026355619	-20.631042008625194	122.57067799638287	10.422406035718463	4.239783264329178
6800	-88.35758754479157	-20.631042008625194	122.57067799638287	10.422406035718463	4.239783264329178
6900	-83.90571347477409	-20.631042008625194	122.57067799638287	10.422406035718463	4.239783264329178
7000	-82.78224045302036	-20.631042008625194	122.57067799638287	10.422406035718463	4.239783264329178
7100	-83.80561639691344	-20.631042008625194	122.57067799638287	10.422406035718463	4.239783264329178
7200	-86.29263738354152	-20.631042008625194	122.57067799638287	10.422406035718463	4.239783264329178
7300	-109.29181363170147	-20.631042008625194	122.57067799638287	10.422406035718463	4.239783264329178
7400	-101.89590361347865	-20.631042008625194	122.57067799638287	10.422406035718463	4.239783264329178
7500	-97.55265410743125	-20.631042008625194	122.57067799638287	10.422406035718463	4.239783264329178
7600	-112.46813809432943	-20.631042008625194	122.57067799638287	10.422406035718463	4.239783264329178
7700	-70.89659670323161	-20.631042008625194	122.57067799638287	10.422406035718463	4.239783264329178
7800	-72.53441352228803	-20.631042008625194	122.57067799638287	10.422406035718463	4.239783264329178
7900	-84.21717392023866	-20.631042008625194	122.57067799638287	10.422406035718463	4.239783264329178
8000	-90.68618845080509	-20.631042008625194	122.57067799638287	10.422406035718463	4.239783264329178
8100	-104.90635066290538	-20.631042008625194	122.57067799638287	10.422406035718463	4.239783264329178
8200	-90.58902439679537	-20.631042008625194	122.57067799638287	10.422406035718463	4.239783264329178
8300	-97.889631095557	-20.631042008625194	122.57067799638287	10.422406035718463	4.239783264329178
8400	-82.630723516226	-20.631042008625194	122.57067799638287	10.422406035718463	4.239783264329178
8500	-110.71761897710442	-20.631042008625194	122.57067799638287	10.422406035718463	4.239783264329178
8600	-100.42584528327018	-20.631042008625194	122.57067799638287	10.422406035718463	4.239783264329178
8700	-104.93944827978301	-20.631042008625194	122.57067799638287	10.422406035718463	4.239783264329178
8800	-82.4317187758488	-20.631042008625194	122.57067799638287	10.422406035718463	4.239783264329178
8900	-106.6465345200575	-20.631042008625194	122.57067799638287	10.422406035718463	4.239783264329178
9000	-110.399006643146	-20.631042008625194	122.57067799638287	10.422406035718463	4.239783264329178
9100	-87.07830505163494	-20.631042008625194	122.57067799638287	10.422406035718463	4.239783264329178
9200	-92.29917096691084	-20.631042008625194	122.57067799638287	10.422406035718463	4.239783264329178
9300	-96.62197187960376	-20.631042008625194	122.57067799638287	10.422406035718463	4.239783264329178
9400	-89.5878843523584	-20.631042008625194	122.57067799638287	10.422406035718463	4.239783264329178
9500	-99.33210072158346	-20.631042008625194	122.57067799638287	10.422406035718463	4.239783264329178
9600	-125.2511483573858	-20.631042008625194	122.57067799638287	10.422406035718463	4.239783264329178
9700	-100.53952786091276	-20.631042008625194	122.57067799638287	10.422406035718463	4.239783264329178
9800	-109.33557886526715	-20.631042008625194	122.57067799638287	10.422406035718463	4.239783264329178
9900	-87.32048125438254	-20.631042008625194	122.57067799638287	10.422406035718463	4.239783264329178
10000	-103.0057843067349	-20.631042008625194	122.57067799638287	10.422406035718463	4.239783264329178
10100	-94.50785141184174	-20.631042008625194	122.57067799638287	10.422406035718463	4.239783264329178
10200	-111.9969332620802	-20.631042008625194	122.57067799638287	10.422406035718463	4.239783264329178
10300	-100.8264813978245	-20.631042008625194	122.57067799638287	10.422406035718463	4.239783264329178
10400	-115.29957733695538	-20.631042008625194	122.57067799638287	10.422406035718463	4.239783264329178
10500	-106.5175694792787	-20.631042008625194	122.57067799638287	10.422406035718463	4.239783264329178
10600	-107.46606043736453	-20.631042008625194	122.57067799638287	10.422406035718463	4.239783264329178
10700	-95.84029041426142	-20.631042008625194	122.57067799638287	10.422406035718463	4.239783264329178
10800	-99.07745033346644	-20.631042008625194	122.57067799638287	10.422406035718463	4.239783264329178
10900	-75.40988241204519	-20.631042008625194	122.57067799638287	10.422406035718463	4.239783264329178
11000	-104.80752294866001	-20.631042008625194	122.57067799638287	10.422406035718463	4.239783264329178
11100	-82.23601694459819	-20.631042008625194	122.57067799638287	10.422406035718463	4.239783264329178
11200	-102.28688478219813	-20.631042008625194	122.57067799638287	10.422406035718463	4.239783264329178
11300	-90.59895006614684	-20.631042008625194	122.57067799638287	10.422406035718463	4.239783264329178
11400	-109.72667912870827	-20.631042008625194	122.57067799638287	10.422406035718463	4.239783264329178
11500	-92.38771363348476	-20.631042008625194	122.57067799638287	10.422406035718463	4.239783264329178
11600	-109.73707953650525	-20.631042008625194	122.57067799638287	10.422406035718463	4.239783264329178
11700	-90.86410873949792	-20.631042008625194	122.57067799638287	10.422406035718463	4.239783264329178
11800	-109.12948288302445	-20.631042008625194	122.57067799638287	10.422406035718463	4.239783264329178
11900	-81.96241966026255	-20.631042008625194	122.57067799638287	10.422406035718463	4.239783264329178
12000	-119.47312346600376	-20.631042008625194	122.57067799638287	10.422406035718463	4.239783264329178
12100	-97.90758115011904	-20.631042008625194	122.57067799638287	10.422406035718463	4.239783264329178
12200	-90.93874266925694	-20.631042008625194	122.57067799638287	10.422406035718463	4.239783264329178
12300	-110.04203155217978	-20.631042008625194	122.57067799638287	10.422406035718463	4.239783264329178
12400	-106.03288606616742	-20.631042008625194	122.57067799638287	10.422406035718463	4.239783264329178
12500	-78.39083356001636	-20.631042008625194	122.57067799638287	10.422406035718463	4.239783264329178
12600	-108.26132592015034	-20.631042008625194	122.57067799638287	10.422406035718463	4.239783264329178
12700	-121.13288290120875	-20.631042008625194	122.57067799638287	10.422406035718463	4.239783264329178
12800	-105.35035908525174	-20.631042008625194	122.57067799638287	10.422406035718463	4.239783264329178
12900	-88.7834973485395	-20.631042008625194	122.57067799638287	10.422406035718463	4.239783264329178
13000	-101.27908511468873	-20.631042008625194	122.57067799638287	10.422406035718463	4.239783264329178
13100	-93.73376681769786	-20.631042008625194	122.57067799638287	10.422406035718463	4.239783264329178
13200	-90.45106827249069	-20.631042008625194	122.57067799638287	10.422406035718463	4.239783264329178
13300	-95.16696241912585	-20.631042008625194	122.57067799638287	10.422406035718463	4.239783264329178
13400	-75.5140063185055	-20.631042008625194	122.57067799638287	10.422406035718463	4.239783264329178
13500	-68.90229697968492	-20.631042008625194	122.57067799638287	10.422406035718463	4.239783264329178
13600	-88.45131148068678	-20.631042008625194	122.57067799638287	10.422406035718463	4.239783264329178
13700	-103.18867852888556	-20.631042008625194	122.57067799638287	10.422406035718463	4.239783264329178
13800	-76.89810899516263	-20.631042008625194	122.57067799638287	10.422406035718463	4.239783264329178
13900	-102.86026828979327	-20.631042008625194	122.57067799638287	10.422406035718463	4.239783264329178
14000	-87.55241792404074	-20.631042008625194	122.57067799638287	10.422406035718463	4.239783264329178
14100	-87.58789944052664	-20.631042008625194	122.57067799638287	10.422406035718463	4.239783264329178
14200	-113.30387329033789	-20.631042008625194	122.57067799638287	10.422406035718463	4.239783264329178
14300	-115.45723566326201	-20.631042008625194	122.57067799638287	10.422406035718463	4.239783264329178
14400	-124.53752317720107	-20.631042008625194	122.57067799638287	10.422406035718463	4.239783264329178
14500	-96.44339964166633	-20.631042008625194	122.57067799638287	10.422406035718463	4.239783264329178
14600	-102.83695183593159	-20.631042008625194	122.57067799638287	10.422406035718463	4.239783264329178
14700	-92.77706367993422	-20.631042008625194	122.57067799638287	10.422406035718463	4.239783264329178
14800	-86.9387324877087	-20.631042008625194	122.57067799638287	10.422406035718463	4.239783264329178
14900	-108.90629408999112	-20.631042008625194	122.57067799638287	10.422406035718463	4.239783264329178
15000	-94.79385478355778	-20.631042008625194	122.57067799638287	10.422406035718463	4.239783264329178
15100	-105.94564320023355	-20.631042008625194	122.57067799638287	10.422406035718463	4.239783264329178
15200	-92.38909394115072	-20.631042008625194	122.57067799638287	10.422406035718463	4.239783264329178
15300	-112.44826882529107	-20.631042008625194	122.57067799638287	10.422406035718463	4.239783264329178
15400	-77.62703915929866	-20.631042008625194	122.57067799638287	10.422406035718463	4.239783264329178
15500	-104.41491120456176	-20.631042008625194	122.57067799638287	10.422406035718463	4.239783264329178
15600	-119.1281490253128	-20.631042008625194	122.57067799638287	10.422406035718463	4.239783264329178
15700	-100.7978525634662	-20.631042008625194	122.57067799638287	10.422406035718463	4.239783264329178
15800	-77.01953811333134	-20.631042008625194	122.57067799638287	10.422406035718463	4.239783264329178
15900	-90.27406069411153	-20.631042008625194	122.57067799638287	10.422406035718463	4.239783264329178
16000	-113.82282956693176	-20.631042008625194	122.57067799638287	10.422406035718463	4.239783264329178
16100	-111.86141032790934	-20.631042008625194	122.57067799638287	10.422406035718463	4.239783264329178
16200	-68.4898900202679	-20.631042008625194	122.57067799638287	10.422406035718463	4.239783264329178
16300	-81.29084501277431	-20.631042008625194	122.57067799638287	10.422406035718463	4.239783264329178
16400	-82.38891438864539	-20.631042008625194	122.57067799638287	10.422406035718463	4.239783264329178
16500	-88.73140266497789	-20.631042008625194	122.57067799638287	10.422406035718463	4.239783264329178
16600	-112.99178702706838	-20.631042008625194	122.57067799638287	10.422406035718463	4.239783264329178
16700	-115.75617036251548	-20.631042008625194	122.57067799638287	10.422406035718463	4.239783264329178
16800	-116.86863854031051	-20.631042008625194	122.57067799638287	10.422406035718463	4.239783264329178
16900	-108.44751671153452	-20.631042008625194	122.57067799638287	10.422406035718463	4.239783264329178
17000	-129.4487934139099	-20.631042008625194	122.57067799638287	10.422406035718463	4.239783264329178
17100	-98.717002823712	-20.631042008625194	122.57067799638287	10.422406035718463	4.239783264329178
17200	-102.28448457007643	-20.631042008625194	122.57067799638287	10.422406035718463	4.239783264329178
17300	-94.26174585075707	-20.631042008625194	122.57067799638287	10.422406035718463	4.239783264329178
17400	-83.98007468858533	-20.631042008625194	122.57067799638287	10.422406035718463	4.239783264329178
17500	-93.65942741247277	-20.631042008625194	122.57067799638287	10.422406035718463	4.239783264329178
17600	-122.13011138080185	-20.631042008625194	122.57067799638287	10.422406035718463	4.239783264329178
17700	-96.74890657885304	-20.631042008625194	122.57067799638287	10.422406035718463	4.239783264329178
17800	-83.23910148465289	-20.631042008625194	122.57067799638287	10.422406035718463	4.239783264329178
17900	-87.85029075063454	-20.631042008625194	122.57067799638287	10.422406035718463	4.239783264329178
18000	-114.89449878935902	-20.631042008625194	122.57067799638287	10.422406035718463	4.239783264329178
18100	-75.54842223503715	-20.631042008625194	122.57067799638287	10.422406035718463	4.239783264329178
18200	-112.98127130671196	-20.631042008625194	122.57067799638287	10.422406035718463	4.239783264329178
18300	-125.0047068525951	-20.631042008625194	122.57067799638287	10.422406035718463	4.239783264329178
18400	-108.52962050438292	-20.631042008625194	122.57067799638287	10.422406035718463	4.239783264329178
18500	-92.60037724224763	-20.631042008625194	122.57067799638287	10.422406035718463	4.239783264329178
18600	-105.48482546097982	-20.631042008625194	122.57067799638287	10.422406035718463	4.239783264329178
18700	-92.48336058867895	-20.631042008625194	122.57067799638287	10.422406035718463	4.239783264329178
18800	-108.65773748684234	-20.631042008625194	122.57067799638287	10.422406035718463	4.239783264329178
18900	-105.73331258633976	-20.631042008625194	122.57067799638287	10.422406035718463	4.239783264329178
19000	-69.9946557765894	-20.631042008625194	122.57067799638287	10.422406035718463	4.239783264329178
19100	-74.30231421568558	-20.631042008625194	122.57067799638287	10.422406035718463	4.239783264329178
19200	-101.27182540026169	-20.631042008625194	122.57067799638287	10.422406035718463	4.239783264329178
19300	-85.58334056195162	-20.631042008625194	122.57067799638287	10.422406035718463	4.239783264329178
19400	-87.20586288815677	-20.631042008625194	122.57067799638287	10.422406035718463	4.239783264329178
19500	-103.850213376827	-20.631042008625194	122.57067799638287	10.422406035718463	4.239783264329178
19600	-96.28955217520154	-20.631042008625194	122.57067799638287	10.422406035718463	4.239783264329178
19700	-103.01769694895528	-20.631042008625194	122.57067799638287	10.422406035718463	4.239783264329178
19800	-114.48850538845646	-20.631042008625194	122.57067799638287	10.422406035718463	4.239783264329178
19900	-88.20954803236096	-20.631042008625194	122.57067799638287	10.422406035718463	4.239783264329178
20000	-132.373217803442	-20.631042008625194	122.57067799638287	10.422406035718463	4.239783264329178
20100	-96.06095766256648	-20.631042008625194	122.57067799638287	10.422406035718463	4.239783264329178
20200	-92.13626094688877	-20.631042008625194	122.57067799638287	10.422406035718463	4.239783264329178
20300	-86.07410140251046	-20.631042008625194	122.57067799638287	10.422406035718463	4.239783264329178
20400	-80.99950171082592	-20.631042008625194	122.57067799638287	10.422406035718463	4.239783264329178
20500	-88.82023871568673	-20.631042008625194	122.57067799638287	10.422406035718463	4.239783264329178
20600	-106.7322413723758	-20.631042008625194	122.57067799638287	10.422406035718463	4.239783264329178
20700	-87.45553115443674	-20.631042008625194	122.57067799638287	10.422406035718463	4.239783264329178
20800	-73.79559912419197	-20.631042008625194	122.57067799638287	10.422406035718463	4.239783264329178
20900	-76.09629039768129	-20.631042008625194	122.57067799638287	10.422406035718463	4.239783264329178
21000	-102.2565935375676	-20.631042008625194	122.57067799638287	10.422406035718463	4.239783264329178
21100	-102.14423401638915	-20.631042008625194	122.57067799638287	10.422406035718463	4.239783264329178
21200	-81.01367895988123	-20.631042008625194	122.57067799638287	10.422406035718463	4.239783264329178
21300	-119.10060235634131	-20.631042008625194	122.57067799638287	10.422406035718463	4.239783264329178
21400	-85.14707687196201	-20.631042008625194	122.57067799638287	10.422406035718463	4.239783264329178
21500	-96.63202896160641	-20.631042008625194	122.57067799638287	10.422406035718463	4.239783264329178
21600	-137.41020117453752	-20.631042008625194	122.57067799638287	10.422406035718463	4.239783264329178
21700	-111.76325146173639	-20.631042008625194	122.57067799638287	10.422406035718463	4.239783264329178
21800	-111.09532541539133	-20.631042008625194	122.57067799638287	10.422406035718463	4.239783264329178
21900	-96.06890311439685	-20.631042008625194	122.57067799638287	10.422406035718463	4.239783264329178
22000	-94.23235188310666	-20.631042008625194	122.57067799638287	10.422406035718463	4.239783264329178
22100	-104.86007935959863	-20.631042008625194	122.57067799638287	10.422406035718463	4.239783264329178
22200	-98.42034325717123	-20.631042008625194	122.57067799638287	10.422406035718463	4.239783264329178
22300	-97.08029972209285	-20.631042008625194	122.57067799638287	10.422406035718463	4.239783264329178
22400	-90.16092861890715	-20.631042008625194	122.57067799638287	10.422406035718463	4.239783264329178
22500	-84.35384760989844	-20.631042008625194	122.57067799638287	10.422406035718463	4.239783264329178
22600	-114.16142400290813	-20.631042008625194	122.57067799638287	10.422406035718463	4.239783264329178
22700	-89.68859749670114	-20.631042008625194	122.57067799638287	10.422406035718463	4.239783264329178
22800	-87.62374012652595	-20.631042008625194	122.57067799638287	10.422406035718463	4.239783264329178
22900	-85.38176911570818	-20.631042008625194	122.57067799638287	10.422406035718463	4.239783264329178
23000	-107.57160711354436	-20.631042008625194	122.57067799638287	10.422406035718463	4.239783264329178
23100	-95.89318520677134	-20.631042008625194	122.57067799638287	10.422406035718463	4.239783264329178
23200	-92.26949986774049	-20.631042008625194	122.57067799638287	10.422406035718463	4.239783264329178
23300	-67.42741275430421	-20.631042008625194	122.57067799638287	10.422406035718463	4.239783264329178
23400	-95.2985761849521	-20.631042008625194	122.57067799638287	10.422406035718463	4.239783264329178
23500	-96.17896829717002	-20.631042008625194	122.57067799638287	10.422406035718463	4.239783264329178
23600	-75.95884230774266	-20.631042008625194	122.57067799638287	10.422406035718463	4.239783264329178
23700	-116.33353906797946	-20.631042008625194	122.57067799638287	10.422406035718463	4.239783264329178
23800	-98.5037918745676	-20.631042008625194	122.57067799638287	10.422406035718463	4.239783264329178
23900	-91.84515987254358	-20.631042008625194	122.57067799638287	10.422406035718463	4.239783264329178
24000	-97.2596285663003	-20.631042008625194	122.57067799638287	10.422406035718463	4.239783264329178
24100	-78.40385904156905	-20.631042008625194	122.57067799638287	10.422406035718463	4.239783264329178
24200	-93.00679958157885	-20.631042008625194	122.57067799638287	10.422406035718463	4.239783264329178
24300	-119.56132026521924	-20.631042008625194	122.57067799638287	10.422406035718463	4.239783264329178
24400	-88.0387837976764	-20.631042008625194	122.57067799638287	10.422406035718463	4.239783264329178
24500	-73.67876185374281	-20.631042008625194	122.57067799638287	10.422406035718463	4.239783264329178
24600	-107.87809327041423	-20.631042008625194	122.57067799638287	10.422406035718463	4.239783264329178
24700	-93.24478254150148	-20.631042008625194	122.57067799638287	10.422406035718463	4.239783264329178
24800	-118.9632101662517	-20.631042008625194	122.57067799638287	10.422406035718463	4.239783264329178
24900	-125.25532123210061	-20.631042008625194	122.57067799638287	10.422406035718463	4.239783264329178
25000	-99.52804526658801	-20.631042008625194	122.57067799638287	10.422406035718463	4.239783264329178
25100	-88.29471863690681	-20.631042008625194	122.57067799638287	10.422406035718463	4.239783264329178
25200	-96.13447694720578	-20.631042008625194	122.57067799638287	10.422406035718463	4.239783264329178
25300	-91.06891294880789	-20.631042008625194	122.57067799638287	10.422406035718463	4.239783264329178
25400	-86.82566044419256	-20.631042008625194	122.57067799638287	10.422406035718463	4.239783264329178
25500	-103.48550229618212	-20.631042008625194	122.57067799638287	10.422406035718463	4.239783264329178
25600	-80.4406166783968	-20.631042008625194	122.57067799638287	10.422406035718463	4.239783264329178
25700	-87.57922604993907	-20.631042008625194	122.57067799638287	10.422406035718463	4.239783264329178
25800	-91.44994767086861	-20.631042008625194	122.57067799638287	10.422406035718463	4.239783264329178
25900	-93.23741651274497	-20.631042008625194	122.57067799638287	10.422406035718463	4.239783264329178
26000	-99.48991551667285	-20.631042008625194	122.57067799638287	10.422406035718463	4.239783264329178
26100	-91.10978691456118	-20.631042008625194	122.57067799638287	10.422406035718463	4.239783264329178
26200	-85.19162817510053	-20.631042008625194	122.57067799638287	10.422406035718463	4.239783264329178
26300	-82.74786416604827	-20.631042008625194	122.57067799638287	10.422406035718463	4.239783264329178
26400	-81.20365756320707	-20.631042008625194	122.57067799638287	10.422406035718463	4.239783264329178
26500	-114.94053812512328	-20.631042008625194	122.57067799638287	10.422406035718463	4.239783264329178
26600	-86.75807810484805	-20.631042008625194	122.57067799638287	10.422406035718463	4.239783264329178
26700	-87.31103900385132	-20.631042008625194	122.57067799638287	10.422406035718463	4.239783264329178
26800	-90.92619315114351	-20.631042008625194	122.57067799638287	10.422406035718463	4.239783264329178
26900	-82.47057252633556	-20.631042008625194	122.57067799638287	10.422406035718463	4.239783264329178
27000	-95.22335517153225	-20.631042008625194	122.57067799638287	10.422406035718463	4.239783264329178
27100	-82.1962978029459	-20.631042008625194	122.57067799638287	10.422406035718463	4.239783264329178
27200	-105.40269689961593	-20.631042008625194	122.57067799638287	10.422406035718463	4.239783264329178
27300	-90.80675182996227	-20.631042008625194	122.57067799638287	10.422406035718463	4.239783264329178
27400	-97.17606077705015	-20.631042008625194	122.57067799638287	10.422406035718463	4.239783264329178
27500	-87.10058251583749	-20.631042008625194	122.57067799638287	10.422406035718463	4.239783264329178
27600	-95.42139275407337	-20.631042008625194	122.57067799638287	10.422406035718463	4.239783264329178
27700	-99.07662096615259	-20.631042008625194	122.57067799638287	10.422406035718463	4.239783264329178
27800	-91.04370191026118	-20.631042008625194	122.57067799638287	10.422406035718463	4.239783264329178
27900	-102.47124202394347	-20.631042008625194	122.57067799638287	10.422406035718463	4.239783264329178
28000	-112.46911821307715	-20.631042008625194	122.57067799638287	10.422406035718463	4.239783264329178
28100	-88.08487940219175	-20.631042008625194	122.57067799638287	10.422406035718463	4.239783264329178
28200	-100.98427793152425	-20.631042008625194	122.57067799638287	10.422406035718463	4.239783264329178
28300	-112.03943832684526	-20.631042008625194	122.57067799638287	10.422406035718463	4.239783264329178
28400	-106.31949661663305	-20.631042008625194	122.57067799638287	10.422406035718463	4.239783264329178
28500	-112.38656516502513	-20.631042008625194	122.57067799638287	10.422406035718463	4.239783264329178
28600	-118.61901968915346	-20.631042008625194	122.57067799638287	10.422406035718463	4.239783264329178
28700	-75.86843155192491	-20.631042008625194	122.57067799638287	10.422406035718463	4.239783264329178
28800	-109.18321835233752	-20.631042008625194	122.57067799638287	10.422406035718463	4.239783264329178
28900	-93.11267244179906	-20.631042008625194	122.57067799638287	10.422406035718463	4.239783264329178
29000	-102.84419546429453	-20.631042008625194	122.57067799638287	10.422406035718463	4.239783264329178
29100	-88.3953260085274	-20.631042008625194	122.57067799638287	10.422406035718463	4.239783264329178
29200	-109.05011424140676	-20.631042008625194	122.57067799638287	10.422406035718463	4.239783264329178
29300	-96.18334103548986	-20.631042008625194	122.57067799638287	10.422406035718463	4.239783264329178
29400	-91.32133266464925	-20.631042008625194	122.57067799638287	10.422406035718463	4.239783264329178
29500	-98.87127559937835	-20.631042008625194	122.57067799638287	10.422406035718463	4.239783264329178
29600	-111.72126142393608	-20.631042008625194	122.57067799638287	10.422406035718463	4.239783264329178
29700	-67.68607912694719	-20.631042008625194	122.57067799638287	10.422406035718463	4.239783264329178
29800	-104.73393162399125	-20.631042008625194	122.57067799638287	10.422406035718463	4.239783264329178
29900	-95.53191463877923	-20.631042008625194	122.57067799638287	10.422406035718463	4.239783264329178
30000	-91.75443391469675	-20.631042008625194	122.57067799638287	10.422406035718463	4.239783264329178
30100	-100.0554038208985	-20.631042008625194	122.57067799638287	10.422406035718463	4.239783264329178
30200	-99.32871187472944	-20.631042008625194	122.57067799638287	10.422406035718463	4.239783264329178
30300	-88.60056167668442	-20.631042008625194	122.57067799638287	10.422406035718463	4.239783264329178
30400	-93.35463716146315	-20.631042008625194	122.57067799638287	10.422406035718463	4.239783264329178
30500	-112.02162202394796	-20.631042008625194	122.57067799638287	10.422406035718463	4.239783264329178
30600	-95.99069103847059	-20.631042008625194	122.57067799638287	10.422406035718463	4.239783264329178
30700	-99.0294917206773	-20.631042008625194	122.57067799638287	10.422406035718463	4.239783264329178
30800	-76.20963205431114	-20.631042008625194	122.57067799638287	10.422406035718463	4.239783264329178
30900	-98.697392028466	-20.631042008625194	122.57067799638287	10.422406035718463	4.239783264329178
31000	-64.50794063419642	-20.631042008625194	122.57067799638287	10.422406035718463	4.239783264329178
31100	-105.11556852227265	-20.631042008625194	122.57067799638287	10.422406035718463	4.239783264329178
31200	-106.29103633206091	-20.631042008625194	122.57067799638287	10.422406035718463	4.239783264329178
31300	-86.40904684362339	-20.631042008625194	122.57067799638287	10.422406035718463	4.239783264329178
31400	-101.41744384394941	-20.631042008625194	122.57067799638287	10.422406035718463	4.239783264329178
31500	-91.85034722847377	-20.631042008625194	122.57067799638287	10.422406035718463	4.239783264329178
31600	-72.0063035910781	-20.631042008625194	122.57067799638287	10.422406035718463	4.239783264329178
31700	-111.84404628600589	-20.631042008625194	122.57067799638287	10.422406035718463	4.239783264329178
31800	-93.35341131808893	-20.631042008625194	122.57067799638287	10.422406035718463	4.239783264329178
31900	-106.77743131813807	-20.631042008625194	122.57067799638287	10.422406035718463	4.239783264329178
32000	-99.90242718624741	-20.631042008625194	122.57067799638287	10.422406035718463	4.239783264329178
32100	-103.47174213789057	-20.631042008625194	122.57067799638287	10.422406035718463	4.239783264329178
32200	-76.02343383057428	-20.631042008625194	122.57067799638287	10.422406035718463	4.239783264329178
32300	-87.44943126210934	-20.631042008625194	122.57067799638287	10.422406035718463	4.239783264329178
32400	-96.96502640991426	-20.631042008625194	122.57067799638287	10.422406035718463	4.239783264329178
32500	-94.77179209841749	-20.631042008625194	122.57067799638287	10.422406035718463	4.239783264329178
32600	-89.46947804636214	-20.631042008625194	122.57067799638287	10.422406035718463	4.239783264329178
32700	-87.58375919566942	-20.631042008625194	122.57067799638287	10.422406035718463	4.239783264329178
32800	-82.95740869780738	-20.631042008625194	122.57067799638287	10.422406035718463	4.239783264329178
32900	-67.83975377494157	-20.631042008625194	122.57067799638287	10.422406035718463	4.239783264329178
33000	-117.55876803373387	-20.631042008625194	122.57067799638287	10.422406035718463	4.239783264329178
33100	-103.65830033660201	-20.631042008625194	122.57067799638287	10.422406035718463	4.239783264329178
33200	-88.5775525666363	-20.631042008625194	122.57067799638287	10.422406035718463	4.239783264329178
33300	-97.47187025228303	-20.631042008625194	122.57067799638287	10.422406035718463	4.239783264329178
33400	-93.25963048207446	-20.631042008625194	122.57067799638287	10.422406035718463	4.239783264329178
33500	-122.373223828947	-20.631042008625194	122.57067799638287	10.422406035718463	4.239783264329178
33600	-69.62595880985776	-20.631042008625194	122.57067799638287	10.422406035718463	4.239783264329178
33700	-69.17085472380248	-20.631042008625194	122.57067799638287	10.422406035718463	4.239783264329178
33800	-91.86508928606806	-20.631042008625194	122.57067799638287	10.422406035718463	4.239783264329178
33900	-107.25786287391223	-20.631042008625194	122.57067799638287	10.422406035718463	4.239783264329178
34000	-114.63237184939848	-20.631042008625194	122.57067799638287	10.422406035718463	4.239783264329178
34100	-95.96951847214542	-20.631042008625194	122.57067799638287	10.422406035718463	4.239783264329178
34200	-128.44938038085726	-20.631042008625194	122.57067799638287	10.422406035718463	4.239783264329178
34300	-99.32483644708165	-20.631042008625194	122.57067799638287	10.422406035718463	4.239783264329178
34400	-73.8995060522679	-20.631042008625194	122.57067799638287	10.422406035718463	4.239783264329178
34500	-92.55872636568104	-20.631042008625194	122.57067799638287	10.422406035718463	4.239783264329178
34600	-87.8854738065426	-20.631042008625194	122.57067799638287	10.422406035718463	4.239783264329178
34700	-96.70239736142263	-20.631042008625194	122.57067799638287	10.422406035718463	4.239783264329178
34800	-87.13061913332817	-20.631042008625194	122.57067799638287	10.422406035718463	4.239783264329178
34900	-85.89836273863766	-20.631042008625194	122.57067799638287	10.422406035718463	4.239783264329178
35000	-81.21260921655781	-20.631042008625194	122.57067799638287	10.422406035718463	4.239783264329178
35100	-83.07430496092745	-20.631042008625194	122.57067799638287	10.422406035718463	4.239783264329178
35200	-70.29434438188127	-20.631042008625194	122.57067799638287	10.422406035718463	4.239783264329178
35300	-81.97574400080855	-20.631042008625194	122.57067799638287	10.422406035718463	4.239783264329178
35400	-97.04780113549664	-20.631042008625194	122.57067799638287	10.422406035718463	4.239783264329178
35500	-82.99077457748052	-20.631042008625194	122.57067799638287	10.422406035718463	4.239783264329178
35600	-100.22605099532984	-20.631042008625194	122.57067799638287	10.422406035718463	4.239783264329178
35700	-100.44387810097282	-20.631042008625194	122.57067799638287	10.422406035718463	4.239783264329178
35800	-87.79434766418653	-20.631042008625194	122.57067799638287	10.422406035718463	4.239783264329178
35900	-107.33661810427164	-20.631042008625194	122.57067799638287	10.422406035718463	4.239783264329178
36000	-108.86286064500632	-20.631042008625194	122.57067799638287	10.422406035718463	4.239783264329178
36100	-78.74981232069099	-20.631042008625194	122.57067799638287	10.422406035718463	4.239783264329178
36200	-83.66882886184534	-20.631042008625194	122.57067799638287	10.422406035718463	4.239783264329178
36300	-85.04740139539089	-20.631042008625194	122.57067799638287	10.422406035718463	4.239783264329178
36400	-83.45551244351503	-20.631042008625194	122.57067799638287	10.422406035718463	4.239783264329178
36500	-93.87919159472864	-20.631042008625194	122.57067799638287	10.422406035718463	4.239783264329178
36600	-76.59076484606342	-20.631042008625194	122.57067799638287	10.422406035718463	4.239783264329178
36700	-93.27978009386442	-20.631042008625194	122.57067799638287	10.422406035718463	4.239783264329178
36800	-101.52784827244773	-20.631042008625194	122.57067799638287	10.422406035718463	4.239783264329178
36900	-114.6790119214467	-20.631042008625194	122.57067799638287	10.422406035718463	4.239783264329178
37000	-87.67974817670225	-20.631042008625194	122.57067799638287	10.422406035718463	4.239783264329178
37100	-94.22680903301526	-20.631042008625194	122.57067799638287	10.422406035718463	4.239783264329178
37200	-71.17513622627189	-20.631042008625194	122.57067799638287	10.422406035718463	4.239783264329178
37300	-109.16276978710465	-20.631042008625194	122.57067799638287	10.422406035718463	4.239783264329178
37400	-98.45304769528464	-20.631042008625194	122.57067799638287	10.422406035718463	4.239783264329178
37500	-92.09876690736228	-20.631042008625194	122.57067799638287	10.422406035718463	4.239783264329178
37600	-112.35873969091091	-20.631042008625194	122.57067799638287	10.422406035718463	4.239783264329178
37700	-92.11822331451326	-20.631042008625194	122.57067799638287	10.422406035718463	4.239783264329178
37800	-95.30730098836358	-20.631042008625194	122.57067799638287	10.422406035718463	4.239783264329178
37900	-96.44873696584527	-20.631042008625194	122.57067799638287	10.422406035718463	4.239783264329178
38000	-69.02421861475437	-20.631042008625194	122.57067799638287	10.422406035718463	4.239783264329178
38100	-97.12230578217077	-20.631042008625194	122.57067799638287	10.422406035718463	4.239783264329178
38200	-86.99209769206696	-20.631042008625194	122.57067799638287	10.422406035718463	4.239783264329178
38300	-73.3351736174305	-20.631042008625194	122.57067799638287	10.422406035718463	4.239783264329178
38400	-111.88964218434847	-20.631042008625194	122.57067799638287	10.422406035718463	4.239783264329178
38500	-86.30097750263323	-20.631042008625194	122.57067799638287	10.422406035718463	4.239783264329178
38600	-111.03878725547456	-20.631042008625194	122.57067799638287	10.422406035718463	4.239783264329178
38700	-91.89799440448094	-20.631042008625194	122.57067799638287	10.422406035718463	4.239783264329178
38800	-114.16977669607108	-20.631042008625194	122.57067799638287	10.422406035718463	4.239783264329178
38900	-118.69342522122163	-20.631042008625194	122.57067799638287	10.422406035718463	4.239783264329178
39000	-85.25410786984514	-20.631042008625194	122.57067799638287	10.422406035718463	4.239783264329178
39100	-99.18116774457194	-20.631042008625194	122.57067799638287	10.422406035718463	4.239783264329178
39200	-85.90643335486911	-20.631042008625194	122.57067799638287	10.422406035718463	4.239783264329178
39300	-82.57484936753936	-20.631042008625194	122.57067799638287	10.422406035718463	4.239783264329178
39400	-80.31684829880984	-20.631042008625194	122.57067799638287	10.422406035718463	4.239783264329178
39500	-106.953621026615	-20.631042008625194	122.57067799638287	10.422406035718463	4.239783264329178
39600	-105.06394511594485	-20.631042008625194	122.57067799638287	10.422406035718463	4.239783264329178
39700	-76.41267277013272	-20.631042008625194	122.57067799638287	10.422406035718463	4.239783264329178
39800	-78.72724575635635	-20.631042008625194	122.57067799638287	10.422406035718463	4.239783264329178
39900	-99.69546704211184	-20.631042008625194	122.57067799638287	10.422406035718463	4.239783264329178
40000	-93.38481945103342	-20.631042008625194	122.57067799638287	10.422406035718463	4.239783264329178
40100	-77.99185399481013	-20.631042008625194	122.57067799638287	10.422406035718463	4.239783264329178
40200	-83.57751085395762	-20.631042008625194	122.57067799638287	10.422406035718463	4.239783264329178
40300	-101.2120974394579	-20.631042008625194	122.57067799638287	10.422406035718463	4.239783264329178
40400	-78.75332582166274	-20.631042008625194	122.57067799638287	10.422406035718463	4.239783264329178
40500	-98.48101142297106	-20.631042008625194	122.57067799638287	10.422406035718463	4.239783264329178
40600	-110.59909616205785	-20.631042008625194	122.57067799638287	10.422406035718463	4.239783264329178
40700	-93.09075707969997	-20.631042008625194	122.57067799638287	10.422406035718463	4.239783264329178
40800	-96.89399276374529	-20.631042008625194	122.57067799638287	10.422406035718463	4.239783264329178
40900	-88.90032640663584	-20.631042008625194	122.57067799638287	10.422406035718463	4.239783264329178
41000	-89.50007688797561	-20.631042008625194	122.57067799638287	10.422406035718463	4.239783264329178
41100	-81.08007887972623	-20.631042008625194	122.57067799638287	10.422406035718463	4.239783264329178
41200	-110.92608772133615	-20.631042008625194	122.57067799638287	10.422406035718463	4.239783264329178
41300	-68.07579152667454	-20.631042008625194	122.57067799638287	10.422406035718463	4.239783264329178
41400	-85.19327174856944	-20.631042008625194	122.57067799638287	10.422406035718463	4.239783264329178
41500	-108.38066936927426	-20.631042008625194	122.57067799638287	10.422406035718463	4.239783264329178
41600	-87.37083911516477	-20.631042008625194	122.57067799638287	10.422406035718463	4.239783264329178
41700	-96.86860060336004	-20.631042008625194	122.57067799638287	10.422406035718463	4.239783264329178
41800	-88.08688114350839	-20.631042008625194	122.57067799638287	10.422406035718463	4.239783264329178
41900	-97.05399796712571	-20.631042008625194	122.57067799638287	10.422406035718463	4.239783264329178
42000	-96.36043473315188	-20.631042008625194	122.57067799638287	10.422406035718463	4.239783264329178
42100	-105.53870942711173	-20.631042008625194	122.57067799638287	10.422406035718463	4.239783264329178
42200	-102.0599291221081	-20.631042008625194	122.57067799638287	10.422406035718463	4.239783264329178
42300	-83.83417141472064	-20.631042008625194	122.57067799638287	10.422406035718463	4.239783264329178
42400	-86.21313334833177	-20.631042008625194	122.57067799638287	10.422406035718463	4.239783264329178
42500	-84.81351963261977	-20.631042008625194	122.57067799638287	10.422406035718463	4.239783264329178
42600	-84.19204750966021	-20.631042008625194	122.57067799638287	10.422406035718463	4.239783264329178
42700	-82.77654082168426	-20.631042008625194	122.57067799638287	10.422406035718463	4.239783264329178
42800	-103.81318629666468	-20.631042008625194	122.57067799638287	10.422406035718463	4.239783264329178
42900	-89.14936114935978	-20.631042008625194	122.57067799638287	10.422406035718463	4.239783264329178
43000	-101.53654215408208	-20.631042008625194	122.57067799638287	10.422406035718463	4.239783264329178
43100	-92.6726056306572	-20.631042008625194	122.57067799638287	10.422406035718463	4.239783264329178
43200	-93.35469199963119	-20.631042008625194	122.57067799638287	10.422406035718463	4.239783264329178
43300	-115.83197783706527	-20.631042008625194	122.57067799638287	10.422406035718463	4.239783264329178
43400	-88.9909967924695	-20.631042008625194	122.57067799638287	10.422406035718463	4.239783264329178
43500	-112.90438415027711	-20.631042008625194	122.57067799638287	10.422406035718463	4.239783264329178
43600	-114.42372870952944	-20.631042008625194	122.57067799638287	10.422406035718463	4.239783264329178
43700	-63.09516504539408	-20.631042008625194	122.57067799638287	10.422406035718463	4.239783264329178
43800	-96.21802096210318	-20.631042008625194	122.57067799638287	10.422406035718463	4.239783264329178
43900	-77.57119595303489	-20.631042008625194	122.57067799638287	10.422406035718463	4.239783264329178
44000	-92.9660661084984	-20.631042008625194	122.57067799638287	10.422406035718463	4.239783264329178
44100	-78.38003155535804	-20.631042008625194	122.57067799638287	10.422406035718463	4.239783264329178
44200	-82.69682282230649	-20.631042008625194	122.57067799638287	10.422406035718463	4.239783264329178
44300	-98.8434626204186	-20.631042008625194	122.57067799638287	10.422406035718463	4.239783264329178
44400	-92.38852175580587	-20.631042008625194	122.57067799638287	10.422406035718463	4.239783264329178
44500	-98.72074923279973	-20.631042008625194	122.57067799638287	10.422406035718463	4.239783264329178
44600	-82.27551441022273	-20.631042008625194	122.57067799638287	10.422406035718463	4.239783264329178
44700	-77.50879691532815	-20.631042008625194	122.57067799638287	10.422406035718463	4.239783264329178
44800	-77.16348064957114	-20.631042008625194	122.57067799638287	10.422406035718463	4.239783264329178
44900	-97.25001245272658	-20.631042008625194	122.57067799638287	10.422406035718463	4.239783264329178
45000	-91.64530831343977	-20.631042008625194	122.57067799638287	10.422406035718463	4.239783264329178
45100	-96.68395363620864	-20.631042008625194	122.57067799638287	10.422406035718463	4.239783264329178
45200	-89.17955972718441	-20.631042008625194	122.57067799638287	10.422406035718463	4.239783264329178
45300	-76.24191907356337	-20.631042008625194	122.57067799638287	10.422406035718463	4.239783264329178
45400	-87.80320029089917	-20.631042008625194	122.57067799638287	10.422406035718463	4.239783264329178
45500	-73.99251112932065	-20.631042008625194	122.57067799638287	10.422406035718463	4.239783264329178
45600	-116.24161855584583	-20.631042008625194	122.57067799638287	10.422406035718463	4.239783264329178
45700	-139.14785984806335	-20.631042008625194	122.57067799638287	10.422406035718463	4.239783264329178
45800	-74.34699072880545	-20.631042008625194	122.57067799638287	10.422406035718463	4.239783264329178
45900	-74.39793288039787	-20.631042008625194	122.57067799638287	10.422406035718463	4.239783264329178
46000	-116.10688198037096	-20.631042008625194	122.57067799638287	10.422406035718463	4.239783264329178
46100	-98.2668909994819	-20.631042008625194	122.57067799638287	10.422406035718463	4.239783264329178
46200	-105.48036458641488	-20.631042008625194	122.57067799638287	10.422406035718463	4.239783264329178
46300	-104.3802304847707	-20.631042008625194	122.57067799638287	10.422406035718463	4.239783264329178
46400	-101.793314491615	-20.631042008625194	122.57067799638287	10.422406035718463	4.239783264329178
46500	-86.59948202966605	-20.631042008625194	122.57067799638287	10.422406035718463	4.239783264329178
46600	-85.97968757519102	-20.631042008625194	122.57067799638287	10.422406035718463	4.239783264329178
46700	-95.68689034524948	-20.631042008625194	122.57067799638287	10.422406035718463	4.239783264329178
46800	-88.47091333461809	-20.631042008625194	122.57067799638287	10.422406035718463	4.239783264329178
46900	-91.13010339077589	-20.631042008625194	122.57067799638287	10.422406035718463	4.239783264329178
47000	-93.10431516472896	-20.631042008625194	122.57067799638287	10.422406035718463	4.239783264329178
47100	-100.67517768835187	-20.631042008625194	122.57067799638287	10.422406035718463	4.239783264329178
47200	-90.84820650222369	-20.631042008625194	122.57067799638287	10.422406035718463	4.239783264329178
47300	-101.99236440444975	-20.631042008625194	122.57067799638287	10.422406035718463	4.239783264329178
47400	-115.01979563314802	-20.631042008625194	122.57067799638287	10.422406035718463	4.239783264329178
47500	-79.319951774219	-20.631042008625194	122.57067799638287	10.422406035718463	4.239783264329178
47600	-111.53397539712758	-20.631042008625194	122.57067799638287	10.422406035718463	4.239783264329178
47700	-98.89014326220934	-20.631042008625194	122.57067799638287	10.422406035718463	4.239783264329178
47800	-98.14482858227647	-20.631042008625194	122.57067799638287	10.422406035718463	4.239783264329178
47900	-100.7261254201503	-20.631042008625194	122.57067799638287	10.422406035718463	4.239783264329178
48000	-84.0600481174381	-20.631042008625194	122.57067799638287	10.422406035718463	4.239783264329178
48100	-90.49440957301323	-20.631042008625194	122.57067799638287	10.422406035718463	4.239783264329178
48200	-79.77262476580019	-20.631042008625194	122.57067799638287	10.422406035718463	4.239783264329178
48300	-94.0764690775478	-20.631042008625194	122.57067799638287	10.422406035718463	4.239783264329178
48400	-75.37450752332754	-20.631042008625194	122.57067799638287	10.422406035718463	4.239783264329178
48500	-84.14614395739417	-20.631042008625194	122.57067799638287	10.422406035718463	4.239783264329178
48600	-96.08292805870269	-20.631042008625194	122.57067799638287	10.422406035718463	4.239783264329178
48700	-65.80294962084345	-20.631042008625194	122.57067799638287	10.422406035718463	4.239783264329178
48800	-89.49483530464953	-20.631042008625194	122.57067799638287	10.422406035718463	4.239783264329178
48900	-89.24817357739565	-20.631042008625194	122.57067799638287	10.422406035718463	4.239783264329178
49000	-91.8534339055513	-20.631042008625194	122.57067799638287	10.422406035718463	4.239783264329178
49100	-100.1865692264423	-20.631042008625194	122.57067799638287	10.422406035718463	4.239783264329178
49200	-90.43666462678826	-20.631042008625194	122.57067799638287	10.422406035718463	4.239783264329178
49300	-75.20679471514364	-20.631042008625194	122.57067799638287	10.422406035718463	4.239783264329178
49400	-77.22159256066556	-20.631042008625194	122.57067799638287	10.422406035718463	4.239783264329178
49500	-90.3178416265179	-20.631042008625194	122.57067799638287	10.422406035718463	4.239783264329178
49600	-78.92168021525075	-20.631042008625194	122.57067799638287	10.422406035718463	4.239783264329178
49700	-109.86561086643437	-20.631042008625194	122.57067799638287	10.422406035718463	4.239783264329178
49800	-95.20725398883896	-20.631042008625194	122.57067799638287	10.422406035718463	4.239783264329178
49900	-111.79063360523811	-20.631042008625194	122.57067799638287	10.422406035718463	4.239783264329178
50000	-71.56453551757012	-20.631042008625194	122.57067799638287	10.422406035718463	4.239783264329178
